-- Found ament_cmake: 1.3.5 (/opt/ros/humble/share/ament_cmake/cmake)
-- Found rclcpp: 16.0.4 (/opt/ros/humble/share/rclcpp/cmake)
-- Found rosidl_generator_c: 3.1.4 (/opt/ros/humble/share/rosidl_generator_c/cmake)
-- Found rosidl_adapter: 3.1.4 (/opt/ros/humble/share/rosidl_adapter/cmake)
-- Found rosidl_generator_cpp: 3.1.4 (/opt/ros/humble/share/rosidl_generator_cpp/cmake)
-- Using all available rosidl_typesupport_c: rosidl_typesupport_fastrtps_c;rosidl_typesupport_introspection_c
-- Using all available rosidl_typesupport_cpp: rosidl_typesupport_fastrtps_cpp;rosidl_typesupport_introspection_cpp
-- Found rmw_implementation_cmake: 6.1.1 (/opt/ros/humble/share/rmw_implementation_cmake/cmake)
-- Found rmw_fastrtps_cpp: 6.2.2 (/opt/ros/humble/share/rmw_fastrtps_cpp/cmake)
-- Using RMW implementation 'rmw_fastrtps_cpp' as default
-- Found fake_ar_publisher: 0.0.0 (/home/stan/workspace/ws_ur_hv/install/fake_ar_publisher/share/fake_ar_publisher/cmake)
-- Found tf2: 0.25.2 (/opt/ros/humble/share/tf2/cmake)
-- Found tf2_ros: 0.25.2 (/opt/ros/humble/share/tf2_ros/cmake)
-- Found tf2_geometry_msgs: 0.25.2 (/opt/ros/humble/share/tf2_geometry_msgs/cmake)
-- Found eigen3_cmake_module: 0.1.1 (/opt/ros/humble/share/eigen3_cmake_module/cmake)
-- Ensuring Eigen3 include directory is part of orocos-kdl CMake target
-- Found moveit_msgs: 2.2.1 (/opt/ros/humble/share/moveit_msgs/cmake)
-- Found moveit_ros_planning_interface: 2.5.4 (/opt/ros/humble/share/moveit_ros_planning_interface/cmake)
-- Found Boost: /usr/lib/x86_64-linux-gnu/cmake/Boost-1.74.0/BoostConfig.cmake (found version "1.74.0") found components: date_time filesystem program_options system thread 
-- Found Boost: /usr/lib/x86_64-linux-gnu/cmake/Boost-1.74.0/BoostConfig.cmake (found version "1.74.0") found components: chrono date_time filesystem iostreams program_options regex serialization system thread 
-- Found Boost: /usr/lib/x86_64-linux-gnu/cmake/Boost-1.74.0/BoostConfig.cmake (found version "1.74.0") found components: filesystem 
-- library: /usr/lib/x86_64-linux-gnu/libcurl.so
-- Found Boost: /usr/lib/x86_64-linux-gnu/cmake/Boost-1.74.0/BoostConfig.cmake (found version "1.74.0") found components: system filesystem date_time program_options thread chrono 
-- Found Boost: /usr/lib/x86_64-linux-gnu/cmake/Boost-1.74.0/BoostConfig.cmake (found version "1.74.0") found components: thread system filesystem regex date_time program_options 
-- Found Boost: /usr/lib/x86_64-linux-gnu/cmake/Boost-1.74.0/BoostConfig.cmake (found version "1.74.0") found components: system filesystem date_time program_options thread 
-- Found rosidl_default_generators: 1.2.0 (/opt/ros/humble/share/rosidl_default_generators/cmake)
-- Found ament_cmake_ros: 0.10.0 (/opt/ros/humble/share/ament_cmake_ros/cmake)
-- Using all available rosidl_typesupport_c: rosidl_typesupport_fastrtps_c;rosidl_typesupport_introspection_c
-- Using all available rosidl_typesupport_cpp: rosidl_typesupport_fastrtps_cpp;rosidl_typesupport_introspection_cpp
-- Found python_cmake_module: 0.10.0 (/opt/ros/humble/share/python_cmake_module/cmake)
-- Using PYTHON_EXECUTABLE: /usr/bin/python3
-- Using PYTHON_INCLUDE_DIRS: /usr/include/python3.10
-- Using PYTHON_LIBRARIES: /usr/lib/x86_64-linux-gnu/libpython3.10.so
-- Found ament_lint_auto: 0.12.6 (/opt/ros/humble/share/ament_lint_auto/cmake)
-- Added test 'cppcheck' to perform static code analysis on C / C++ code
-- Configured cppcheck include dirs: 
-- Configured cppcheck exclude dirs and/or files: 
-- Added test 'lint_cmake' to check CMake code style
-- Added test 'uncrustify' to check C / C++ code style
-- Configured uncrustify additional arguments: 
-- Added test 'xmllint' to check XML markup files
-- Configuring done (5.2s)
-- Generating done (0.1s)
-- Build files have been written to: /home/stan/workspace/ws_ur_hv/build/workcell_core
[  2%] Built target workcell_core__cpp
[  5%] [32mBuilding C object CMakeFiles/workcell_core__rosidl_generator_c.dir/rosidl_generator_c/workcell_core/srv/detail/localize_part__functions.c.o[0m
[  5%] Built target ament_cmake_python_copy_workcell_core
[  8%] [32mBuilding CXX object CMakeFiles/workcell_core__rosidl_typesupport_cpp.dir/rosidl_typesupport_cpp/workcell_core/srv/localize_part__type_support.cpp.o[0m
[ 11%] [32mBuilding CXX object CMakeFiles/workcell_core__rosidl_typesupport_introspection_cpp.dir/rosidl_typesupport_introspection_cpp/workcell_core/srv/detail/localize_part__type_support.cpp.o[0m
[ 14%] [32mBuilding CXX object CMakeFiles/workcell_core__rosidl_typesupport_fastrtps_cpp.dir/rosidl_typesupport_fastrtps_cpp/workcell_core/srv/detail/dds_fastrtps/localize_part__type_support.cpp.o[0m
[ 17%] [32m[1mLinking C shared library libworkcell_core__rosidl_generator_c.so[0m
[ 20%] Built target workcell_core__rosidl_generator_c
[ 22%] [32mBuilding CXX object CMakeFiles/workcell_core__rosidl_typesupport_c.dir/rosidl_typesupport_c/workcell_core/srv/localize_part__type_support.cpp.o[0m
[ 25%] [32mBuilding C object CMakeFiles/workcell_core__rosidl_typesupport_introspection_c.dir/rosidl_typesupport_introspection_c/workcell_core/srv/detail/localize_part__type_support.c.o[0m
[ 28%] [32mBuilding CXX object CMakeFiles/workcell_core__rosidl_typesupport_fastrtps_c.dir/rosidl_typesupport_fastrtps_c/workcell_core/srv/detail/localize_part__type_support_c.cpp.o[0m
[ 31%] [32m[1mLinking CXX shared library libworkcell_core__rosidl_typesupport_c.so[0m
[ 34%] [32m[1mLinking C shared library libworkcell_core__rosidl_typesupport_introspection_c.so[0m
[ 37%] Built target workcell_core__rosidl_typesupport_c
[ 40%] Built target workcell_core__rosidl_typesupport_introspection_c
[ 42%] [32m[1mLinking CXX shared library libworkcell_core__rosidl_typesupport_cpp.so[0m
[ 45%] Built target workcell_core__rosidl_typesupport_cpp
[ 48%] [32mBuilding CXX object CMakeFiles/vision_node.dir/src/vision_node.cpp.o[0m
running egg_info
writing workcell_core.egg-info/PKG-INFO
writing dependency_links to workcell_core.egg-info/dependency_links.txt
writing top-level names to workcell_core.egg-info/top_level.txt
reading manifest file 'workcell_core.egg-info/SOURCES.txt'
writing manifest file 'workcell_core.egg-info/SOURCES.txt'
[ 48%] Built target ament_cmake_python_build_workcell_core_egg
[ 51%] [32m[1mLinking CXX shared library libworkcell_core__rosidl_typesupport_introspection_cpp.so[0m
[ 54%] [32mBuilding CXX object CMakeFiles/workcell_node.dir/src/workcell_node.cpp.o[0m
[ 57%] Built target workcell_core__rosidl_typesupport_introspection_cpp
[ 60%] [32m[1mLinking CXX shared library libworkcell_core__rosidl_typesupport_fastrtps_cpp.so[0m
[ 62%] Built target workcell_core__rosidl_typesupport_fastrtps_cpp
[ 65%] [32m[1mLinking CXX shared library libworkcell_core__rosidl_typesupport_fastrtps_c.so[0m
[ 68%] Built target workcell_core__rosidl_typesupport_fastrtps_c
[ 68%] Built target workcell_core
[ 71%] Built target workcell_core__py
[ 74%] [32mBuilding C object CMakeFiles/workcell_core__rosidl_generator_py.dir/rosidl_generator_py/workcell_core/srv/_localize_part_s.c.o[0m
[ 77%] [32m[1mLinking C shared library rosidl_generator_py/workcell_core/libworkcell_core__rosidl_generator_py.so[0m
[ 77%] Built target workcell_core__rosidl_generator_py
[ 80%] [32mBuilding C object CMakeFiles/workcell_core__rosidl_typesupport_fastrtps_c__pyext.dir/rosidl_generator_py/workcell_core/_workcell_core_s.ep.rosidl_typesupport_fastrtps_c.c.o[0m
[ 85%] [32mBuilding C object CMakeFiles/workcell_core__rosidl_typesupport_introspection_c__pyext.dir/rosidl_generator_py/workcell_core/_workcell_core_s.ep.rosidl_typesupport_introspection_c.c.o[0m
[ 85%] [32mBuilding C object CMakeFiles/workcell_core__rosidl_typesupport_c__pyext.dir/rosidl_generator_py/workcell_core/_workcell_core_s.ep.rosidl_typesupport_c.c.o[0m
[ 88%] [32m[1mLinking C shared library rosidl_generator_py/workcell_core/workcell_core_s__rosidl_typesupport_c.cpython-310-x86_64-linux-gnu.so[0m
[ 91%] [32m[1mLinking C shared library rosidl_generator_py/workcell_core/workcell_core_s__rosidl_typesupport_fastrtps_c.cpython-310-x86_64-linux-gnu.so[0m
[ 94%] [32m[1mLinking C shared library rosidl_generator_py/workcell_core/workcell_core_s__rosidl_typesupport_introspection_c.cpython-310-x86_64-linux-gnu.so[0m
[ 94%] Built target workcell_core__rosidl_typesupport_c__pyext
[ 94%] Built target workcell_core__rosidl_typesupport_fastrtps_c__pyext
[ 94%] Built target workcell_core__rosidl_typesupport_introspection_c__pyext
[ 97%] [32m[1mLinking CXX executable vision_node[0m
[ 97%] Built target vision_node
[100%] [32m[1mLinking CXX executable workcell_node[0m
[100%] Built target workcell_node
-- Install configuration: "Release"
-- Up-to-date: /home/stan/workspace/ws_ur_hv/install/workcell_core/share/ament_index/resource_index/rosidl_interfaces/workcell_core
-- Up-to-date: /home/stan/workspace/ws_ur_hv/install/workcell_core/include/workcell_core/workcell_core
-- Up-to-date: /home/stan/workspace/ws_ur_hv/install/workcell_core/include/workcell_core/workcell_core/srv
-- Up-to-date: /home/stan/workspace/ws_ur_hv/install/workcell_core/include/workcell_core/workcell_core/srv/detail
-- Up-to-date: /home/stan/workspace/ws_ur_hv/install/workcell_core/include/workcell_core/workcell_core/srv/detail/localize_part__functions.c
-- Up-to-date: /home/stan/workspace/ws_ur_hv/install/workcell_core/include/workcell_core/workcell_core/srv/detail/localize_part__functions.h
-- Up-to-date: /home/stan/workspace/ws_ur_hv/install/workcell_core/include/workcell_core/workcell_core/srv/detail/localize_part__struct.h
-- Up-to-date: /home/stan/workspace/ws_ur_hv/install/workcell_core/include/workcell_core/workcell_core/srv/detail/localize_part__type_support.h
-- Up-to-date: /home/stan/workspace/ws_ur_hv/install/workcell_core/include/workcell_core/workcell_core/srv/localize_part.h
-- Up-to-date: /home/stan/workspace/ws_ur_hv/install/workcell_core/include/workcell_core/workcell_core/msg
-- Up-to-date: /home/stan/workspace/ws_ur_hv/install/workcell_core/include/workcell_core/workcell_core/msg/rosidl_generator_c__visibility_control.h
-- Up-to-date: /home/stan/workspace/ws_ur_hv/install/workcell_core/share/workcell_core/environment/library_path.sh
-- Installing: /home/stan/workspace/ws_ur_hv/install/workcell_core/share/workcell_core/environment/library_path.dsv
-- Installing: /home/stan/workspace/ws_ur_hv/install/workcell_core/lib/libworkcell_core__rosidl_generator_c.so
-- Set runtime path of "/home/stan/workspace/ws_ur_hv/install/workcell_core/lib/libworkcell_core__rosidl_generator_c.so" to ""
-- Up-to-date: /home/stan/workspace/ws_ur_hv/install/workcell_core/include/workcell_core/workcell_core
-- Up-to-date: /home/stan/workspace/ws_ur_hv/install/workcell_core/include/workcell_core/workcell_core/srv
-- Up-to-date: /home/stan/workspace/ws_ur_hv/install/workcell_core/include/workcell_core/workcell_core/srv/detail
-- Up-to-date: /home/stan/workspace/ws_ur_hv/install/workcell_core/include/workcell_core/workcell_core/srv/detail/localize_part__rosidl_typesupport_fastrtps_c.h
-- Up-to-date: /home/stan/workspace/ws_ur_hv/install/workcell_core/include/workcell_core/workcell_core/msg
-- Up-to-date: /home/stan/workspace/ws_ur_hv/install/workcell_core/include/workcell_core/workcell_core/msg/rosidl_typesupport_fastrtps_c__visibility_control.h
-- Installing: /home/stan/workspace/ws_ur_hv/install/workcell_core/lib/libworkcell_core__rosidl_typesupport_fastrtps_c.so
-- Set runtime path of "/home/stan/workspace/ws_ur_hv/install/workcell_core/lib/libworkcell_core__rosidl_typesupport_fastrtps_c.so" to ""
-- Up-to-date: /home/stan/workspace/ws_ur_hv/install/workcell_core/include/workcell_core/workcell_core
-- Up-to-date: /home/stan/workspace/ws_ur_hv/install/workcell_core/include/workcell_core/workcell_core/srv
-- Up-to-date: /home/stan/workspace/ws_ur_hv/install/workcell_core/include/workcell_core/workcell_core/srv/localize_part.hpp
-- Up-to-date: /home/stan/workspace/ws_ur_hv/install/workcell_core/include/workcell_core/workcell_core/srv/detail
-- Up-to-date: /home/stan/workspace/ws_ur_hv/install/workcell_core/include/workcell_core/workcell_core/srv/detail/localize_part__builder.hpp
-- Up-to-date: /home/stan/workspace/ws_ur_hv/install/workcell_core/include/workcell_core/workcell_core/srv/detail/localize_part__traits.hpp
-- Up-to-date: /home/stan/workspace/ws_ur_hv/install/workcell_core/include/workcell_core/workcell_core/srv/detail/localize_part__struct.hpp
-- Up-to-date: /home/stan/workspace/ws_ur_hv/install/workcell_core/include/workcell_core/workcell_core
-- Up-to-date: /home/stan/workspace/ws_ur_hv/install/workcell_core/include/workcell_core/workcell_core/srv
-- Up-to-date: /home/stan/workspace/ws_ur_hv/install/workcell_core/include/workcell_core/workcell_core/srv/detail
-- Up-to-date: /home/stan/workspace/ws_ur_hv/install/workcell_core/include/workcell_core/workcell_core/srv/detail/dds_fastrtps
-- Up-to-date: /home/stan/workspace/ws_ur_hv/install/workcell_core/include/workcell_core/workcell_core/srv/detail/localize_part__rosidl_typesupport_fastrtps_cpp.hpp
-- Up-to-date: /home/stan/workspace/ws_ur_hv/install/workcell_core/include/workcell_core/workcell_core/msg
-- Up-to-date: /home/stan/workspace/ws_ur_hv/install/workcell_core/include/workcell_core/workcell_core/msg/rosidl_typesupport_fastrtps_cpp__visibility_control.h
-- Installing: /home/stan/workspace/ws_ur_hv/install/workcell_core/lib/libworkcell_core__rosidl_typesupport_fastrtps_cpp.so
-- Set runtime path of "/home/stan/workspace/ws_ur_hv/install/workcell_core/lib/libworkcell_core__rosidl_typesupport_fastrtps_cpp.so" to ""
-- Up-to-date: /home/stan/workspace/ws_ur_hv/install/workcell_core/include/workcell_core/workcell_core
-- Up-to-date: /home/stan/workspace/ws_ur_hv/install/workcell_core/include/workcell_core/workcell_core/srv
-- Up-to-date: /home/stan/workspace/ws_ur_hv/install/workcell_core/include/workcell_core/workcell_core/srv/detail
-- Up-to-date: /home/stan/workspace/ws_ur_hv/install/workcell_core/include/workcell_core/workcell_core/srv/detail/localize_part__type_support.c
-- Up-to-date: /home/stan/workspace/ws_ur_hv/install/workcell_core/include/workcell_core/workcell_core/srv/detail/localize_part__rosidl_typesupport_introspection_c.h
-- Up-to-date: /home/stan/workspace/ws_ur_hv/install/workcell_core/include/workcell_core/workcell_core/msg
-- Up-to-date: /home/stan/workspace/ws_ur_hv/install/workcell_core/include/workcell_core/workcell_core/msg/rosidl_typesupport_introspection_c__visibility_control.h
-- Installing: /home/stan/workspace/ws_ur_hv/install/workcell_core/lib/libworkcell_core__rosidl_typesupport_introspection_c.so
-- Set runtime path of "/home/stan/workspace/ws_ur_hv/install/workcell_core/lib/libworkcell_core__rosidl_typesupport_introspection_c.so" to ""
-- Installing: /home/stan/workspace/ws_ur_hv/install/workcell_core/lib/libworkcell_core__rosidl_typesupport_c.so
-- Set runtime path of "/home/stan/workspace/ws_ur_hv/install/workcell_core/lib/libworkcell_core__rosidl_typesupport_c.so" to ""
-- Up-to-date: /home/stan/workspace/ws_ur_hv/install/workcell_core/include/workcell_core/workcell_core
-- Up-to-date: /home/stan/workspace/ws_ur_hv/install/workcell_core/include/workcell_core/workcell_core/srv
-- Up-to-date: /home/stan/workspace/ws_ur_hv/install/workcell_core/include/workcell_core/workcell_core/srv/detail
-- Up-to-date: /home/stan/workspace/ws_ur_hv/install/workcell_core/include/workcell_core/workcell_core/srv/detail/localize_part__rosidl_typesupport_introspection_cpp.hpp
-- Up-to-date: /home/stan/workspace/ws_ur_hv/install/workcell_core/include/workcell_core/workcell_core/srv/detail/localize_part__type_support.cpp
-- Installing: /home/stan/workspace/ws_ur_hv/install/workcell_core/lib/libworkcell_core__rosidl_typesupport_introspection_cpp.so
-- Set runtime path of "/home/stan/workspace/ws_ur_hv/install/workcell_core/lib/libworkcell_core__rosidl_typesupport_introspection_cpp.so" to ""
-- Installing: /home/stan/workspace/ws_ur_hv/install/workcell_core/lib/libworkcell_core__rosidl_typesupport_cpp.so
-- Set runtime path of "/home/stan/workspace/ws_ur_hv/install/workcell_core/lib/libworkcell_core__rosidl_typesupport_cpp.so" to ""
-- Up-to-date: /home/stan/workspace/ws_ur_hv/install/workcell_core/share/workcell_core/environment/pythonpath.sh
-- Installing: /home/stan/workspace/ws_ur_hv/install/workcell_core/share/workcell_core/environment/pythonpath.dsv
-- Up-to-date: /home/stan/workspace/ws_ur_hv/install/workcell_core/local/lib/python3.10/dist-packages/workcell_core-0.0.0-py3.10.egg-info
-- Installing: /home/stan/workspace/ws_ur_hv/install/workcell_core/local/lib/python3.10/dist-packages/workcell_core-0.0.0-py3.10.egg-info/PKG-INFO
-- Installing: /home/stan/workspace/ws_ur_hv/install/workcell_core/local/lib/python3.10/dist-packages/workcell_core-0.0.0-py3.10.egg-info/top_level.txt
-- Installing: /home/stan/workspace/ws_ur_hv/install/workcell_core/local/lib/python3.10/dist-packages/workcell_core-0.0.0-py3.10.egg-info/dependency_links.txt
-- Installing: /home/stan/workspace/ws_ur_hv/install/workcell_core/local/lib/python3.10/dist-packages/workcell_core-0.0.0-py3.10.egg-info/SOURCES.txt
-- Up-to-date: /home/stan/workspace/ws_ur_hv/install/workcell_core/local/lib/python3.10/dist-packages/workcell_core
-- Up-to-date: /home/stan/workspace/ws_ur_hv/install/workcell_core/local/lib/python3.10/dist-packages/workcell_core/_workcell_core_s.ep.rosidl_typesupport_c.c
-- Up-to-date: /home/stan/workspace/ws_ur_hv/install/workcell_core/local/lib/python3.10/dist-packages/workcell_core/_workcell_core_s.ep.rosidl_typesupport_fastrtps_c.c
-- Installing: /home/stan/workspace/ws_ur_hv/install/workcell_core/local/lib/python3.10/dist-packages/workcell_core/__init__.py
-- Installing: /home/stan/workspace/ws_ur_hv/install/workcell_core/local/lib/python3.10/dist-packages/workcell_core/workcell_core_s__rosidl_typesupport_fastrtps_c.cpython-310-x86_64-linux-gnu.so
-- Up-to-date: /home/stan/workspace/ws_ur_hv/install/workcell_core/local/lib/python3.10/dist-packages/workcell_core/srv
-- Up-to-date: /home/stan/workspace/ws_ur_hv/install/workcell_core/local/lib/python3.10/dist-packages/workcell_core/srv/__init__.py
-- Up-to-date: /home/stan/workspace/ws_ur_hv/install/workcell_core/local/lib/python3.10/dist-packages/workcell_core/srv/_localize_part_s.c
-- Up-to-date: /home/stan/workspace/ws_ur_hv/install/workcell_core/local/lib/python3.10/dist-packages/workcell_core/srv/_localize_part.py
-- Installing: /home/stan/workspace/ws_ur_hv/install/workcell_core/local/lib/python3.10/dist-packages/workcell_core/libworkcell_core__rosidl_generator_py.so
-- Up-to-date: /home/stan/workspace/ws_ur_hv/install/workcell_core/local/lib/python3.10/dist-packages/workcell_core/_workcell_core_s.ep.rosidl_typesupport_introspection_c.c
-- Installing: /home/stan/workspace/ws_ur_hv/install/workcell_core/local/lib/python3.10/dist-packages/workcell_core/workcell_core_s__rosidl_typesupport_c.cpython-310-x86_64-linux-gnu.so
-- Installing: /home/stan/workspace/ws_ur_hv/install/workcell_core/local/lib/python3.10/dist-packages/workcell_core/workcell_core_s__rosidl_typesupport_introspection_c.cpython-310-x86_64-linux-gnu.so
Listing '/home/stan/workspace/ws_ur_hv/install/workcell_core/local/lib/python3.10/dist-packages/workcell_core'...
Compiling '/home/stan/workspace/ws_ur_hv/install/workcell_core/local/lib/python3.10/dist-packages/workcell_core/__init__.py'...
Listing '/home/stan/workspace/ws_ur_hv/install/workcell_core/local/lib/python3.10/dist-packages/workcell_core/srv'...
-- Installing: /home/stan/workspace/ws_ur_hv/install/workcell_core/local/lib/python3.10/dist-packages/workcell_core/workcell_core_s__rosidl_typesupport_fastrtps_c.cpython-310-x86_64-linux-gnu.so
-- Set runtime path of "/home/stan/workspace/ws_ur_hv/install/workcell_core/local/lib/python3.10/dist-packages/workcell_core/workcell_core_s__rosidl_typesupport_fastrtps_c.cpython-310-x86_64-linux-gnu.so" to ""
-- Installing: /home/stan/workspace/ws_ur_hv/install/workcell_core/local/lib/python3.10/dist-packages/workcell_core/workcell_core_s__rosidl_typesupport_introspection_c.cpython-310-x86_64-linux-gnu.so
-- Set runtime path of "/home/stan/workspace/ws_ur_hv/install/workcell_core/local/lib/python3.10/dist-packages/workcell_core/workcell_core_s__rosidl_typesupport_introspection_c.cpython-310-x86_64-linux-gnu.so" to ""
-- Installing: /home/stan/workspace/ws_ur_hv/install/workcell_core/local/lib/python3.10/dist-packages/workcell_core/workcell_core_s__rosidl_typesupport_c.cpython-310-x86_64-linux-gnu.so
-- Set runtime path of "/home/stan/workspace/ws_ur_hv/install/workcell_core/local/lib/python3.10/dist-packages/workcell_core/workcell_core_s__rosidl_typesupport_c.cpython-310-x86_64-linux-gnu.so" to ""
-- Installing: /home/stan/workspace/ws_ur_hv/install/workcell_core/lib/libworkcell_core__rosidl_generator_py.so
-- Set runtime path of "/home/stan/workspace/ws_ur_hv/install/workcell_core/lib/libworkcell_core__rosidl_generator_py.so" to ""
-- Up-to-date: /home/stan/workspace/ws_ur_hv/install/workcell_core/share/workcell_core/srv/LocalizePart.idl
-- Up-to-date: /home/stan/workspace/ws_ur_hv/install/workcell_core/share/workcell_core/srv/LocalizePart.srv
-- Up-to-date: /home/stan/workspace/ws_ur_hv/install/workcell_core/share/workcell_core/srv/LocalizePart_Request.msg
-- Up-to-date: /home/stan/workspace/ws_ur_hv/install/workcell_core/share/workcell_core/srv/LocalizePart_Response.msg
-- Installing: /home/stan/workspace/ws_ur_hv/install/workcell_core/lib/workcell_core/vision_node
-- Set runtime path of "/home/stan/workspace/ws_ur_hv/install/workcell_core/lib/workcell_core/vision_node" to ""
-- Up-to-date: /home/stan/workspace/ws_ur_hv/install/workcell_core/share/ament_index/resource_index/package_run_dependencies/workcell_core
-- Up-to-date: /home/stan/workspace/ws_ur_hv/install/workcell_core/share/ament_index/resource_index/parent_prefix_path/workcell_core
-- Up-to-date: /home/stan/workspace/ws_ur_hv/install/workcell_core/share/workcell_core/environment/ament_prefix_path.sh
-- Installing: /home/stan/workspace/ws_ur_hv/install/workcell_core/share/workcell_core/environment/ament_prefix_path.dsv
-- Up-to-date: /home/stan/workspace/ws_ur_hv/install/workcell_core/share/workcell_core/environment/path.sh
-- Installing: /home/stan/workspace/ws_ur_hv/install/workcell_core/share/workcell_core/environment/path.dsv
-- Up-to-date: /home/stan/workspace/ws_ur_hv/install/workcell_core/share/workcell_core/local_setup.bash
-- Up-to-date: /home/stan/workspace/ws_ur_hv/install/workcell_core/share/workcell_core/local_setup.sh
-- Up-to-date: /home/stan/workspace/ws_ur_hv/install/workcell_core/share/workcell_core/local_setup.zsh
-- Installing: /home/stan/workspace/ws_ur_hv/install/workcell_core/share/workcell_core/local_setup.dsv
-- Installing: /home/stan/workspace/ws_ur_hv/install/workcell_core/share/workcell_core/package.dsv
-- Up-to-date: /home/stan/workspace/ws_ur_hv/install/workcell_core/share/ament_index/resource_index/packages/workcell_core
-- Up-to-date: /home/stan/workspace/ws_ur_hv/install/workcell_core/share/workcell_core/cmake/export_workcell_core__rosidl_generator_cExport.cmake
-- Installing: /home/stan/workspace/ws_ur_hv/install/workcell_core/share/workcell_core/cmake/export_workcell_core__rosidl_generator_cExport-release.cmake
-- Up-to-date: /home/stan/workspace/ws_ur_hv/install/workcell_core/share/workcell_core/cmake/export_workcell_core__rosidl_typesupport_fastrtps_cExport.cmake
-- Installing: /home/stan/workspace/ws_ur_hv/install/workcell_core/share/workcell_core/cmake/export_workcell_core__rosidl_typesupport_fastrtps_cExport-release.cmake
-- Up-to-date: /home/stan/workspace/ws_ur_hv/install/workcell_core/share/workcell_core/cmake/export_workcell_core__rosidl_generator_cppExport.cmake
-- Up-to-date: /home/stan/workspace/ws_ur_hv/install/workcell_core/share/workcell_core/cmake/export_workcell_core__rosidl_typesupport_fastrtps_cppExport.cmake
-- Installing: /home/stan/workspace/ws_ur_hv/install/workcell_core/share/workcell_core/cmake/export_workcell_core__rosidl_typesupport_fastrtps_cppExport-release.cmake
-- Up-to-date: /home/stan/workspace/ws_ur_hv/install/workcell_core/share/workcell_core/cmake/workcell_core__rosidl_typesupport_introspection_cExport.cmake
-- Installing: /home/stan/workspace/ws_ur_hv/install/workcell_core/share/workcell_core/cmake/workcell_core__rosidl_typesupport_introspection_cExport-release.cmake
-- Up-to-date: /home/stan/workspace/ws_ur_hv/install/workcell_core/share/workcell_core/cmake/workcell_core__rosidl_typesupport_cExport.cmake
-- Installing: /home/stan/workspace/ws_ur_hv/install/workcell_core/share/workcell_core/cmake/workcell_core__rosidl_typesupport_cExport-release.cmake
-- Up-to-date: /home/stan/workspace/ws_ur_hv/install/workcell_core/share/workcell_core/cmake/workcell_core__rosidl_typesupport_introspection_cppExport.cmake
-- Installing: /home/stan/workspace/ws_ur_hv/install/workcell_core/share/workcell_core/cmake/workcell_core__rosidl_typesupport_introspection_cppExport-release.cmake
-- Up-to-date: /home/stan/workspace/ws_ur_hv/install/workcell_core/share/workcell_core/cmake/workcell_core__rosidl_typesupport_cppExport.cmake
-- Installing: /home/stan/workspace/ws_ur_hv/install/workcell_core/share/workcell_core/cmake/workcell_core__rosidl_typesupport_cppExport-release.cmake
-- Up-to-date: /home/stan/workspace/ws_ur_hv/install/workcell_core/share/workcell_core/cmake/export_workcell_core__rosidl_generator_pyExport.cmake
-- Installing: /home/stan/workspace/ws_ur_hv/install/workcell_core/share/workcell_core/cmake/export_workcell_core__rosidl_generator_pyExport-release.cmake
-- Up-to-date: /home/stan/workspace/ws_ur_hv/install/workcell_core/share/workcell_core/cmake/rosidl_cmake-extras.cmake
-- Up-to-date: /home/stan/workspace/ws_ur_hv/install/workcell_core/share/workcell_core/cmake/ament_cmake_export_dependencies-extras.cmake
-- Up-to-date: /home/stan/workspace/ws_ur_hv/install/workcell_core/share/workcell_core/cmake/ament_cmake_export_include_directories-extras.cmake
-- Up-to-date: /home/stan/workspace/ws_ur_hv/install/workcell_core/share/workcell_core/cmake/ament_cmake_export_libraries-extras.cmake
-- Up-to-date: /home/stan/workspace/ws_ur_hv/install/workcell_core/share/workcell_core/cmake/ament_cmake_export_targets-extras.cmake
-- Up-to-date: /home/stan/workspace/ws_ur_hv/install/workcell_core/share/workcell_core/cmake/rosidl_cmake_export_typesupport_targets-extras.cmake
-- Up-to-date: /home/stan/workspace/ws_ur_hv/install/workcell_core/share/workcell_core/cmake/rosidl_cmake_export_typesupport_libraries-extras.cmake
-- Up-to-date: /home/stan/workspace/ws_ur_hv/install/workcell_core/share/workcell_core/cmake/workcell_coreConfig.cmake
-- Up-to-date: /home/stan/workspace/ws_ur_hv/install/workcell_core/share/workcell_core/cmake/workcell_coreConfig-version.cmake
-- Up-to-date: /home/stan/workspace/ws_ur_hv/install/workcell_core/share/workcell_core/package.xml
