[0.007s] Invoking command in '/home/stan/workspace/ws_ur_hv/build/ur_description': CMAKE_PREFIX_PATH=/opt/ros/humble /home/stan/.local/bin/cmake /home/stan/workspace/ws_ur_hv/src/Universal_Robots_ROS2_Description -DCMAKE_BUILD_TYPE=Release -DCMAKE_INSTALL_PREFIX=/home/stan/workspace/ws_ur_hv/install/ur_description
[0.099s] -- The C compiler identification is GNU 11.3.0
[0.166s] -- The CXX compiler identification is GNU 11.3.0
[0.183s] -- Detecting C compiler ABI info
[0.253s] -- Detecting C compiler ABI info - done
[0.269s] -- Check for working C compiler: /usr/bin/cc - skipped
[0.269s] -- Detecting C compile features
[0.270s] -- Detecting C compile features - done
[0.275s] -- Detecting CXX compiler ABI info
[0.355s] -- Detecting CXX compiler ABI info - done
[0.367s] -- Check for working CXX compiler: /usr/bin/c++ - skipped
[0.367s] -- Detecting CXX compile features
[0.368s] -- Detecting CXX compile features - done
[0.372s] -- Found ament_cmake: 1.3.5 (/opt/ros/humble/share/ament_cmake/cmake)
[0.789s] -- Found Python3: /usr/bin/python3.10 (found version "3.10.6") found components: Interpreter 
[0.924s] -- Found ament_cmake_pytest: 1.3.5 (/opt/ros/humble/share/ament_cmake_pytest/cmake)
[2.031s] -- Configuring done (2.0s)
[2.039s] -- Generating done (0.0s)
[2.042s] -- Build files have been written to: /home/stan/workspace/ws_ur_hv/build/ur_description
[2.055s] Invoked command in '/home/stan/workspace/ws_ur_hv/build/ur_description' returned '0': CMAKE_PREFIX_PATH=/opt/ros/humble /home/stan/.local/bin/cmake /home/stan/workspace/ws_ur_hv/src/Universal_Robots_ROS2_Description -DCMAKE_BUILD_TYPE=Release -DCMAKE_INSTALL_PREFIX=/home/stan/workspace/ws_ur_hv/install/ur_description
[2.057s] Invoking command in '/home/stan/workspace/ws_ur_hv/build/ur_description': CMAKE_PREFIX_PATH=/opt/ros/humble /home/stan/.local/bin/cmake --build /home/stan/workspace/ws_ur_hv/build/ur_description -- -j12 -l12
[2.106s] Invoked command in '/home/stan/workspace/ws_ur_hv/build/ur_description' returned '0': CMAKE_PREFIX_PATH=/opt/ros/humble /home/stan/.local/bin/cmake --build /home/stan/workspace/ws_ur_hv/build/ur_description -- -j12 -l12
[2.155s] Invoking command in '/home/stan/workspace/ws_ur_hv/build/ur_description': CMAKE_PREFIX_PATH=/opt/ros/humble /home/stan/.local/bin/cmake --install /home/stan/workspace/ws_ur_hv/build/ur_description
[2.181s] -- Install configuration: "Release"
[2.181s] -- Installing: /home/stan/workspace/ws_ur_hv/install/ur_description/share/ur_description/config
[2.181s] -- Installing: /home/stan/workspace/ws_ur_hv/install/ur_description/share/ur_description/config/ur16e
[2.182s] -- Installing: /home/stan/workspace/ws_ur_hv/install/ur_description/share/ur_description/config/ur16e/default_kinematics.yaml
[2.182s] -- Installing: /home/stan/workspace/ws_ur_hv/install/ur_description/share/ur_description/config/ur16e/visual_parameters.yaml
[2.182s] -- Installing: /home/stan/workspace/ws_ur_hv/install/ur_description/share/ur_description/config/ur16e/joint_limits.yaml
[2.182s] -- Installing: /home/stan/workspace/ws_ur_hv/install/ur_description/share/ur_description/config/ur16e/physical_parameters.yaml
[2.183s] -- Installing: /home/stan/workspace/ws_ur_hv/install/ur_description/share/ur_description/config/ur5e
[2.183s] -- Installing: /home/stan/workspace/ws_ur_hv/install/ur_description/share/ur_description/config/ur5e/default_kinematics.yaml
[2.183s] -- Installing: /home/stan/workspace/ws_ur_hv/install/ur_description/share/ur_description/config/ur5e/visual_parameters.yaml
[2.183s] -- Installing: /home/stan/workspace/ws_ur_hv/install/ur_description/share/ur_description/config/ur5e/joint_limits.yaml
[2.183s] -- Installing: /home/stan/workspace/ws_ur_hv/install/ur_description/share/ur_description/config/ur5e/physical_parameters.yaml
[2.183s] -- Installing: /home/stan/workspace/ws_ur_hv/install/ur_description/share/ur_description/config/ur3e
[2.183s] -- Installing: /home/stan/workspace/ws_ur_hv/install/ur_description/share/ur_description/config/ur3e/default_kinematics.yaml
[2.183s] -- Installing: /home/stan/workspace/ws_ur_hv/install/ur_description/share/ur_description/config/ur3e/visual_parameters.yaml
[2.183s] -- Installing: /home/stan/workspace/ws_ur_hv/install/ur_description/share/ur_description/config/ur3e/joint_limits.yaml
[2.184s] -- Installing: /home/stan/workspace/ws_ur_hv/install/ur_description/share/ur_description/config/ur3e/physical_parameters.yaml
[2.184s] -- Installing: /home/stan/workspace/ws_ur_hv/install/ur_description/share/ur_description/config/ur10
[2.184s] -- Installing: /home/stan/workspace/ws_ur_hv/install/ur_description/share/ur_description/config/ur10/default_kinematics.yaml
[2.184s] -- Installing: /home/stan/workspace/ws_ur_hv/install/ur_description/share/ur_description/config/ur10/visual_parameters.yaml
[2.184s] -- Installing: /home/stan/workspace/ws_ur_hv/install/ur_description/share/ur_description/config/ur10/joint_limits.yaml
[2.184s] -- Installing: /home/stan/workspace/ws_ur_hv/install/ur_description/share/ur_description/config/ur10/physical_parameters.yaml
[2.184s] -- Installing: /home/stan/workspace/ws_ur_hv/install/ur_description/share/ur_description/config/ur3
[2.184s] -- Installing: /home/stan/workspace/ws_ur_hv/install/ur_description/share/ur_description/config/ur3/default_kinematics.yaml
[2.184s] -- Installing: /home/stan/workspace/ws_ur_hv/install/ur_description/share/ur_description/config/ur3/visual_parameters.yaml
[2.185s] -- Installing: /home/stan/workspace/ws_ur_hv/install/ur_description/share/ur_description/config/ur3/joint_limits.yaml
[2.185s] -- Installing: /home/stan/workspace/ws_ur_hv/install/ur_description/share/ur_description/config/ur3/physical_parameters.yaml
[2.185s] -- Installing: /home/stan/workspace/ws_ur_hv/install/ur_description/share/ur_description/config/ur5
[2.185s] -- Installing: /home/stan/workspace/ws_ur_hv/install/ur_description/share/ur_description/config/ur5/default_kinematics.yaml
[2.185s] -- Installing: /home/stan/workspace/ws_ur_hv/install/ur_description/share/ur_description/config/ur5/visual_parameters.yaml
[2.185s] -- Installing: /home/stan/workspace/ws_ur_hv/install/ur_description/share/ur_description/config/ur5/joint_limits.yaml
[2.185s] -- Installing: /home/stan/workspace/ws_ur_hv/install/ur_description/share/ur_description/config/ur5/physical_parameters.yaml
[2.185s] -- Installing: /home/stan/workspace/ws_ur_hv/install/ur_description/share/ur_description/config/initial_positions.yaml
[2.186s] -- Installing: /home/stan/workspace/ws_ur_hv/install/ur_description/share/ur_description/config/ur10e
[2.186s] -- Installing: /home/stan/workspace/ws_ur_hv/install/ur_description/share/ur_description/config/ur10e/default_kinematics.yaml
[2.186s] -- Installing: /home/stan/workspace/ws_ur_hv/install/ur_description/share/ur_description/config/ur10e/visual_parameters.yaml
[2.186s] -- Installing: /home/stan/workspace/ws_ur_hv/install/ur_description/share/ur_description/config/ur10e/joint_limits.yaml
[2.186s] -- Installing: /home/stan/workspace/ws_ur_hv/install/ur_description/share/ur_description/config/ur10e/physical_parameters.yaml
[2.186s] -- Installing: /home/stan/workspace/ws_ur_hv/install/ur_description/share/ur_description/launch
[2.186s] -- Installing: /home/stan/workspace/ws_ur_hv/install/ur_description/share/ur_description/launch/view_ur.launch.py
[2.186s] -- Installing: /home/stan/workspace/ws_ur_hv/install/ur_description/share/ur_description/meshes
[2.186s] -- Installing: /home/stan/workspace/ws_ur_hv/install/ur_description/share/ur_description/meshes/ur16e
[2.186s] -- Installing: /home/stan/workspace/ws_ur_hv/install/ur_description/share/ur_description/meshes/ur16e/collision
[2.186s] -- Installing: /home/stan/workspace/ws_ur_hv/install/ur_description/share/ur_description/meshes/ur16e/collision/forearm.stl
[2.187s] -- Installing: /home/stan/workspace/ws_ur_hv/install/ur_description/share/ur_description/meshes/ur16e/collision/upperarm.stl
[2.187s] -- Installing: /home/stan/workspace/ws_ur_hv/install/ur_description/share/ur_description/meshes/ur16e/visual
[2.187s] -- Installing: /home/stan/workspace/ws_ur_hv/install/ur_description/share/ur_description/meshes/ur16e/visual/forearm.dae
[2.189s] -- Installing: /home/stan/workspace/ws_ur_hv/install/ur_description/share/ur_description/meshes/ur16e/visual/upperarm.dae
[2.193s] -- Installing: /home/stan/workspace/ws_ur_hv/install/ur_description/share/ur_description/meshes/ur5e
[2.193s] -- Installing: /home/stan/workspace/ws_ur_hv/install/ur_description/share/ur_description/meshes/ur5e/collision
[2.193s] -- Installing: /home/stan/workspace/ws_ur_hv/install/ur_description/share/ur_description/meshes/ur5e/collision/wrist3.stl
[2.193s] -- Installing: /home/stan/workspace/ws_ur_hv/install/ur_description/share/ur_description/meshes/ur5e/collision/forearm.stl
[2.193s] -- Installing: /home/stan/workspace/ws_ur_hv/install/ur_description/share/ur_description/meshes/ur5e/collision/shoulder.stl
[2.194s] -- Installing: /home/stan/workspace/ws_ur_hv/install/ur_description/share/ur_description/meshes/ur5e/collision/upperarm.stl
[2.194s] -- Installing: /home/stan/workspace/ws_ur_hv/install/ur_description/share/ur_description/meshes/ur5e/collision/base.stl
[2.194s] -- Installing: /home/stan/workspace/ws_ur_hv/install/ur_description/share/ur_description/meshes/ur5e/collision/wrist2.stl
[2.194s] -- Installing: /home/stan/workspace/ws_ur_hv/install/ur_description/share/ur_description/meshes/ur5e/collision/wrist1.stl
[2.194s] -- Installing: /home/stan/workspace/ws_ur_hv/install/ur_description/share/ur_description/meshes/ur5e/visual
[2.195s] -- Installing: /home/stan/workspace/ws_ur_hv/install/ur_description/share/ur_description/meshes/ur5e/visual/wrist2.dae
[2.197s] -- Installing: /home/stan/workspace/ws_ur_hv/install/ur_description/share/ur_description/meshes/ur5e/visual/forearm.dae
[2.198s] -- Installing: /home/stan/workspace/ws_ur_hv/install/ur_description/share/ur_description/meshes/ur5e/visual/upperarm.dae
[2.202s] -- Installing: /home/stan/workspace/ws_ur_hv/install/ur_description/share/ur_description/meshes/ur5e/visual/shoulder.dae
[2.204s] -- Installing: /home/stan/workspace/ws_ur_hv/install/ur_description/share/ur_description/meshes/ur5e/visual/wrist1.dae
[2.206s] -- Installing: /home/stan/workspace/ws_ur_hv/install/ur_description/share/ur_description/meshes/ur5e/visual/base.dae
[2.206s] -- Installing: /home/stan/workspace/ws_ur_hv/install/ur_description/share/ur_description/meshes/ur5e/visual/wrist3.dae
[2.207s] -- Installing: /home/stan/workspace/ws_ur_hv/install/ur_description/share/ur_description/meshes/ur3e
[2.207s] -- Installing: /home/stan/workspace/ws_ur_hv/install/ur_description/share/ur_description/meshes/ur3e/collision
[2.207s] -- Installing: /home/stan/workspace/ws_ur_hv/install/ur_description/share/ur_description/meshes/ur3e/collision/wrist3.stl
[2.207s] -- Installing: /home/stan/workspace/ws_ur_hv/install/ur_description/share/ur_description/meshes/ur3e/collision/forearm.stl
[2.207s] -- Installing: /home/stan/workspace/ws_ur_hv/install/ur_description/share/ur_description/meshes/ur3e/collision/shoulder.stl
[2.207s] -- Installing: /home/stan/workspace/ws_ur_hv/install/ur_description/share/ur_description/meshes/ur3e/collision/upperarm.stl
[2.207s] -- Installing: /home/stan/workspace/ws_ur_hv/install/ur_description/share/ur_description/meshes/ur3e/collision/base.stl
[2.208s] -- Installing: /home/stan/workspace/ws_ur_hv/install/ur_description/share/ur_description/meshes/ur3e/collision/wrist2.stl
[2.208s] -- Installing: /home/stan/workspace/ws_ur_hv/install/ur_description/share/ur_description/meshes/ur3e/collision/wrist1.stl
[2.208s] -- Installing: /home/stan/workspace/ws_ur_hv/install/ur_description/share/ur_description/meshes/ur3e/visual
[2.208s] -- Installing: /home/stan/workspace/ws_ur_hv/install/ur_description/share/ur_description/meshes/ur3e/visual/wrist2.dae
[2.210s] -- Installing: /home/stan/workspace/ws_ur_hv/install/ur_description/share/ur_description/meshes/ur3e/visual/forearm.dae
[2.211s] -- Installing: /home/stan/workspace/ws_ur_hv/install/ur_description/share/ur_description/meshes/ur3e/visual/upperarm.dae
[2.215s] -- Installing: /home/stan/workspace/ws_ur_hv/install/ur_description/share/ur_description/meshes/ur3e/visual/shoulder.dae
[2.218s] -- Installing: /home/stan/workspace/ws_ur_hv/install/ur_description/share/ur_description/meshes/ur3e/visual/wrist1.dae
[2.219s] -- Installing: /home/stan/workspace/ws_ur_hv/install/ur_description/share/ur_description/meshes/ur3e/visual/base.dae
[2.220s] -- Installing: /home/stan/workspace/ws_ur_hv/install/ur_description/share/ur_description/meshes/ur3e/visual/wrist3.dae
[2.220s] -- Installing: /home/stan/workspace/ws_ur_hv/install/ur_description/share/ur_description/meshes/ur10
[2.220s] -- Installing: /home/stan/workspace/ws_ur_hv/install/ur_description/share/ur_description/meshes/ur10/collision
[2.220s] -- Installing: /home/stan/workspace/ws_ur_hv/install/ur_description/share/ur_description/meshes/ur10/collision/wrist3.stl
[2.220s] -- Installing: /home/stan/workspace/ws_ur_hv/install/ur_description/share/ur_description/meshes/ur10/collision/forearm.stl
[2.221s] -- Installing: /home/stan/workspace/ws_ur_hv/install/ur_description/share/ur_description/meshes/ur10/collision/shoulder.stl
[2.221s] -- Installing: /home/stan/workspace/ws_ur_hv/install/ur_description/share/ur_description/meshes/ur10/collision/upperarm.stl
[2.221s] -- Installing: /home/stan/workspace/ws_ur_hv/install/ur_description/share/ur_description/meshes/ur10/collision/base.stl
[2.221s] -- Installing: /home/stan/workspace/ws_ur_hv/install/ur_description/share/ur_description/meshes/ur10/collision/wrist2.stl
[2.221s] -- Installing: /home/stan/workspace/ws_ur_hv/install/ur_description/share/ur_description/meshes/ur10/collision/wrist1.stl
[2.221s] -- Installing: /home/stan/workspace/ws_ur_hv/install/ur_description/share/ur_description/meshes/ur10/visual
[2.222s] -- Installing: /home/stan/workspace/ws_ur_hv/install/ur_description/share/ur_description/meshes/ur10/visual/wrist2.dae
[2.224s] -- Installing: /home/stan/workspace/ws_ur_hv/install/ur_description/share/ur_description/meshes/ur10/visual/forearm.dae
[2.226s] -- Installing: /home/stan/workspace/ws_ur_hv/install/ur_description/share/ur_description/meshes/ur10/visual/upperarm.dae
[2.228s] -- Installing: /home/stan/workspace/ws_ur_hv/install/ur_description/share/ur_description/meshes/ur10/visual/shoulder.dae
[2.229s] -- Installing: /home/stan/workspace/ws_ur_hv/install/ur_description/share/ur_description/meshes/ur10/visual/wrist1.dae
[2.231s] -- Installing: /home/stan/workspace/ws_ur_hv/install/ur_description/share/ur_description/meshes/ur10/visual/base.dae
[2.231s] -- Installing: /home/stan/workspace/ws_ur_hv/install/ur_description/share/ur_description/meshes/ur10/visual/wrist3.dae
[2.231s] -- Installing: /home/stan/workspace/ws_ur_hv/install/ur_description/share/ur_description/meshes/ur3
[2.231s] -- Installing: /home/stan/workspace/ws_ur_hv/install/ur_description/share/ur_description/meshes/ur3/collision
[2.231s] -- Installing: /home/stan/workspace/ws_ur_hv/install/ur_description/share/ur_description/meshes/ur3/collision/wrist3.stl
[2.232s] -- Installing: /home/stan/workspace/ws_ur_hv/install/ur_description/share/ur_description/meshes/ur3/collision/forearm.stl
[2.232s] -- Installing: /home/stan/workspace/ws_ur_hv/install/ur_description/share/ur_description/meshes/ur3/collision/shoulder.stl
[2.232s] -- Installing: /home/stan/workspace/ws_ur_hv/install/ur_description/share/ur_description/meshes/ur3/collision/upperarm.stl
[2.233s] -- Installing: /home/stan/workspace/ws_ur_hv/install/ur_description/share/ur_description/meshes/ur3/collision/base.stl
[2.233s] -- Installing: /home/stan/workspace/ws_ur_hv/install/ur_description/share/ur_description/meshes/ur3/collision/wrist2.stl
[2.234s] -- Installing: /home/stan/workspace/ws_ur_hv/install/ur_description/share/ur_description/meshes/ur3/collision/wrist1.stl
[2.234s] -- Installing: /home/stan/workspace/ws_ur_hv/install/ur_description/share/ur_description/meshes/ur3/visual
[2.234s] -- Installing: /home/stan/workspace/ws_ur_hv/install/ur_description/share/ur_description/meshes/ur3/visual/wrist2.dae
[2.235s] -- Installing: /home/stan/workspace/ws_ur_hv/install/ur_description/share/ur_description/meshes/ur3/visual/forearm.dae
[2.236s] -- Installing: /home/stan/workspace/ws_ur_hv/install/ur_description/share/ur_description/meshes/ur3/visual/upperarm.dae
[2.238s] -- Installing: /home/stan/workspace/ws_ur_hv/install/ur_description/share/ur_description/meshes/ur3/visual/shoulder.dae
[2.240s] -- Installing: /home/stan/workspace/ws_ur_hv/install/ur_description/share/ur_description/meshes/ur3/visual/wrist1.dae
[2.241s] -- Installing: /home/stan/workspace/ws_ur_hv/install/ur_description/share/ur_description/meshes/ur3/visual/base.dae
[2.242s] -- Installing: /home/stan/workspace/ws_ur_hv/install/ur_description/share/ur_description/meshes/ur3/visual/wrist3.dae
[2.242s] -- Installing: /home/stan/workspace/ws_ur_hv/install/ur_description/share/ur_description/meshes/ur5
[2.242s] -- Installing: /home/stan/workspace/ws_ur_hv/install/ur_description/share/ur_description/meshes/ur5/collision
[2.242s] -- Installing: /home/stan/workspace/ws_ur_hv/install/ur_description/share/ur_description/meshes/ur5/collision/wrist3.stl
[2.243s] -- Installing: /home/stan/workspace/ws_ur_hv/install/ur_description/share/ur_description/meshes/ur5/collision/forearm.stl
[2.243s] -- Installing: /home/stan/workspace/ws_ur_hv/install/ur_description/share/ur_description/meshes/ur5/collision/shoulder.stl
[2.243s] -- Installing: /home/stan/workspace/ws_ur_hv/install/ur_description/share/ur_description/meshes/ur5/collision/upperarm.stl
[2.243s] -- Installing: /home/stan/workspace/ws_ur_hv/install/ur_description/share/ur_description/meshes/ur5/collision/base.stl
[2.243s] -- Installing: /home/stan/workspace/ws_ur_hv/install/ur_description/share/ur_description/meshes/ur5/collision/wrist2.stl
[2.243s] -- Installing: /home/stan/workspace/ws_ur_hv/install/ur_description/share/ur_description/meshes/ur5/collision/wrist1.stl
[2.244s] -- Installing: /home/stan/workspace/ws_ur_hv/install/ur_description/share/ur_description/meshes/ur5/visual
[2.244s] -- Installing: /home/stan/workspace/ws_ur_hv/install/ur_description/share/ur_description/meshes/ur5/visual/wrist2.dae
[2.244s] -- Installing: /home/stan/workspace/ws_ur_hv/install/ur_description/share/ur_description/meshes/ur5/visual/forearm.dae
[2.246s] -- Installing: /home/stan/workspace/ws_ur_hv/install/ur_description/share/ur_description/meshes/ur5/visual/upperarm.dae
[2.248s] -- Installing: /home/stan/workspace/ws_ur_hv/install/ur_description/share/ur_description/meshes/ur5/visual/shoulder.dae
[2.250s] -- Installing: /home/stan/workspace/ws_ur_hv/install/ur_description/share/ur_description/meshes/ur5/visual/wrist1.dae
[2.251s] -- Installing: /home/stan/workspace/ws_ur_hv/install/ur_description/share/ur_description/meshes/ur5/visual/base.dae
[2.251s] -- Installing: /home/stan/workspace/ws_ur_hv/install/ur_description/share/ur_description/meshes/ur5/visual/wrist3.dae
[2.251s] -- Installing: /home/stan/workspace/ws_ur_hv/install/ur_description/share/ur_description/meshes/ur10e
[2.251s] -- Installing: /home/stan/workspace/ws_ur_hv/install/ur_description/share/ur_description/meshes/ur10e/collision
[2.252s] -- Installing: /home/stan/workspace/ws_ur_hv/install/ur_description/share/ur_description/meshes/ur10e/collision/wrist3.stl
[2.252s] -- Installing: /home/stan/workspace/ws_ur_hv/install/ur_description/share/ur_description/meshes/ur10e/collision/forearm.stl
[2.252s] -- Installing: /home/stan/workspace/ws_ur_hv/install/ur_description/share/ur_description/meshes/ur10e/collision/shoulder.stl
[2.252s] -- Installing: /home/stan/workspace/ws_ur_hv/install/ur_description/share/ur_description/meshes/ur10e/collision/upperarm.stl
[2.252s] -- Installing: /home/stan/workspace/ws_ur_hv/install/ur_description/share/ur_description/meshes/ur10e/collision/base.stl
[2.253s] -- Installing: /home/stan/workspace/ws_ur_hv/install/ur_description/share/ur_description/meshes/ur10e/collision/wrist2.stl
[2.253s] -- Installing: /home/stan/workspace/ws_ur_hv/install/ur_description/share/ur_description/meshes/ur10e/collision/wrist1.stl
[2.253s] -- Installing: /home/stan/workspace/ws_ur_hv/install/ur_description/share/ur_description/meshes/ur10e/visual
[2.253s] -- Installing: /home/stan/workspace/ws_ur_hv/install/ur_description/share/ur_description/meshes/ur10e/visual/wrist2.dae
[2.254s] -- Installing: /home/stan/workspace/ws_ur_hv/install/ur_description/share/ur_description/meshes/ur10e/visual/forearm.dae
[2.256s] -- Installing: /home/stan/workspace/ws_ur_hv/install/ur_description/share/ur_description/meshes/ur10e/visual/upperarm.dae
[2.259s] -- Installing: /home/stan/workspace/ws_ur_hv/install/ur_description/share/ur_description/meshes/ur10e/visual/shoulder.dae
[2.261s] -- Installing: /home/stan/workspace/ws_ur_hv/install/ur_description/share/ur_description/meshes/ur10e/visual/wrist1.dae
[2.263s] -- Installing: /home/stan/workspace/ws_ur_hv/install/ur_description/share/ur_description/meshes/ur10e/visual/base.dae
[2.263s] -- Installing: /home/stan/workspace/ws_ur_hv/install/ur_description/share/ur_description/meshes/ur10e/visual/wrist3.dae
[2.263s] -- Installing: /home/stan/workspace/ws_ur_hv/install/ur_description/share/ur_description/rviz
[2.264s] -- Installing: /home/stan/workspace/ws_ur_hv/install/ur_description/share/ur_description/rviz/view_robot.rviz
[2.264s] -- Installing: /home/stan/workspace/ws_ur_hv/install/ur_description/share/ur_description/urdf
[2.264s] -- Installing: /home/stan/workspace/ws_ur_hv/install/ur_description/share/ur_description/urdf/ur.ros2_control.xacro
[2.265s] -- Installing: /home/stan/workspace/ws_ur_hv/install/ur_description/share/ur_description/urdf/ur.urdf.xacro
[2.265s] -- Installing: /home/stan/workspace/ws_ur_hv/install/ur_description/share/ur_description/urdf/inc
[2.265s] -- Installing: /home/stan/workspace/ws_ur_hv/install/ur_description/share/ur_description/urdf/inc/ur_common.xacro
[2.265s] -- Installing: /home/stan/workspace/ws_ur_hv/install/ur_description/share/ur_description/urdf/inc/ur_transmissions.xacro
[2.265s] -- Installing: /home/stan/workspace/ws_ur_hv/install/ur_description/share/ur_description/urdf/ur_macro.xacro
[2.266s] -- Installing: /home/stan/workspace/ws_ur_hv/install/ur_description/share/ur_description/test
[2.266s] -- Installing: /home/stan/workspace/ws_ur_hv/install/ur_description/share/ur_description/test/test_ur_urdf_xacro.py
[2.266s] -- Installing: /home/stan/workspace/ws_ur_hv/install/ur_description/share/ur_description/test/test_view_ur_launch.py
[2.266s] -- Installing: /home/stan/workspace/ws_ur_hv/install/ur_description/share/ament_index/resource_index/package_run_dependencies/ur_description
[2.267s] -- Installing: /home/stan/workspace/ws_ur_hv/install/ur_description/share/ament_index/resource_index/parent_prefix_path/ur_description
[2.267s] -- Installing: /home/stan/workspace/ws_ur_hv/install/ur_description/share/ur_description/environment/ament_prefix_path.sh
[2.267s] -- Installing: /home/stan/workspace/ws_ur_hv/install/ur_description/share/ur_description/environment/ament_prefix_path.dsv
[2.267s] -- Installing: /home/stan/workspace/ws_ur_hv/install/ur_description/share/ur_description/environment/path.sh
[2.267s] -- Installing: /home/stan/workspace/ws_ur_hv/install/ur_description/share/ur_description/environment/path.dsv
[2.267s] -- Installing: /home/stan/workspace/ws_ur_hv/install/ur_description/share/ur_description/local_setup.bash
[2.268s] -- Installing: /home/stan/workspace/ws_ur_hv/install/ur_description/share/ur_description/local_setup.sh
[2.268s] -- Installing: /home/stan/workspace/ws_ur_hv/install/ur_description/share/ur_description/local_setup.zsh
[2.268s] -- Installing: /home/stan/workspace/ws_ur_hv/install/ur_description/share/ur_description/local_setup.dsv
[2.268s] -- Installing: /home/stan/workspace/ws_ur_hv/install/ur_description/share/ur_description/package.dsv
[2.268s] -- Installing: /home/stan/workspace/ws_ur_hv/install/ur_description/share/ament_index/resource_index/packages/ur_description
[2.268s] -- Installing: /home/stan/workspace/ws_ur_hv/install/ur_description/share/ur_description/cmake/ur_descriptionConfig.cmake
[2.269s] -- Installing: /home/stan/workspace/ws_ur_hv/install/ur_description/share/ur_description/cmake/ur_descriptionConfig-version.cmake
[2.269s] -- Installing: /home/stan/workspace/ws_ur_hv/install/ur_description/share/ur_description/package.xml
[2.278s] Invoked command in '/home/stan/workspace/ws_ur_hv/build/ur_description' returned '0': CMAKE_PREFIX_PATH=/opt/ros/humble /home/stan/.local/bin/cmake --install /home/stan/workspace/ws_ur_hv/build/ur_description
