[0.013s] Invoking command in '/home/stan/workspace/ws_ur_hv/build/ur_controllers': AMENT_PREFIX_PATH=/home/stan/workspace/ws_ur_hv/install/ur_dashboard_msgs:${AMENT_PREFIX_PATH} CMAKE_PREFIX_PATH=/home/stan/workspace/ws_ur_hv/install/ur_dashboard_msgs:/opt/ros/humble LD_LIBRARY_PATH=/home/stan/workspace/ws_ur_hv/install/ur_dashboard_msgs/lib:${LD_LIBRARY_PATH} PYTHONPATH=/home/stan/workspace/ws_ur_hv/install/ur_dashboard_msgs/local/lib/python3.10/dist-packages:${PYTHONPATH} /home/stan/.local/bin/cmake /home/stan/workspace/ws_ur_hv/src/Universal_Robots_ROS2_Driver/ur_controllers -DCMAKE_INSTALL_PREFIX=/home/stan/workspace/ws_ur_hv/install/ur_controllers
[0.057s] -- Found ament_cmake: 1.3.5 (/opt/ros/humble/share/ament_cmake/cmake)
[0.200s] -- Found angles: 1.15.0 (/opt/ros/humble/share/angles/cmake)
[0.201s] -- Found controller_interface: 2.28.0 (/opt/ros/humble/share/controller_interface/cmake)
[0.245s] -- Found rosidl_generator_c: 3.1.4 (/opt/ros/humble/share/rosidl_generator_c/cmake)
[0.253s] -- Found rosidl_adapter: 3.1.4 (/opt/ros/humble/share/rosidl_adapter/cmake)
[0.258s] -- Found rosidl_generator_cpp: 3.1.4 (/opt/ros/humble/share/rosidl_generator_cpp/cmake)
[0.278s] -- Using all available rosidl_typesupport_c: rosidl_typesupport_fastrtps_c;rosidl_typesupport_introspection_c
[0.297s] -- Using all available rosidl_typesupport_cpp: rosidl_typesupport_fastrtps_cpp;rosidl_typesupport_introspection_cpp
[1.154s] -- Found rmw_implementation_cmake: 6.1.1 (/opt/ros/humble/share/rmw_implementation_cmake/cmake)
[1.156s] -- Found rmw_fastrtps_cpp: 6.2.2 (/opt/ros/humble/share/rmw_fastrtps_cpp/cmake)
[1.314s] -- Using RMW implementation 'rmw_fastrtps_cpp' as default
[1.643s] -- Found joint_trajectory_controller: 2.23.0 (/opt/ros/humble/share/joint_trajectory_controller/cmake)
[1.856s] -- Found parameter_traits: 0.3.3 (/opt/ros/humble/share/parameter_traits/cmake)
[2.082s] -- Found std_srvs: 4.2.3 (/opt/ros/humble/share/std_srvs/cmake)
[2.105s] -- Found ur_dashboard_msgs: 2.2.6 (/home/stan/workspace/ws_ur_hv/install/ur_dashboard_msgs/share/ur_dashboard_msgs/cmake)
[2.201s] -- Found ur_msgs: 2.0.0 (/opt/ros/humble/share/ur_msgs/cmake)
[2.471s] -- Configuring done (2.4s)
[2.514s] -- Generating done (0.0s)
[2.517s] -- Build files have been written to: /home/stan/workspace/ws_ur_hv/build/ur_controllers
[2.533s] Invoked command in '/home/stan/workspace/ws_ur_hv/build/ur_controllers' returned '0': AMENT_PREFIX_PATH=/home/stan/workspace/ws_ur_hv/install/ur_dashboard_msgs:${AMENT_PREFIX_PATH} CMAKE_PREFIX_PATH=/home/stan/workspace/ws_ur_hv/install/ur_dashboard_msgs:/opt/ros/humble LD_LIBRARY_PATH=/home/stan/workspace/ws_ur_hv/install/ur_dashboard_msgs/lib:${LD_LIBRARY_PATH} PYTHONPATH=/home/stan/workspace/ws_ur_hv/install/ur_dashboard_msgs/local/lib/python3.10/dist-packages:${PYTHONPATH} /home/stan/.local/bin/cmake /home/stan/workspace/ws_ur_hv/src/Universal_Robots_ROS2_Driver/ur_controllers -DCMAKE_INSTALL_PREFIX=/home/stan/workspace/ws_ur_hv/install/ur_controllers
[2.535s] Invoking command in '/home/stan/workspace/ws_ur_hv/build/ur_controllers': AMENT_PREFIX_PATH=/home/stan/workspace/ws_ur_hv/install/ur_dashboard_msgs:${AMENT_PREFIX_PATH} CMAKE_PREFIX_PATH=/home/stan/workspace/ws_ur_hv/install/ur_dashboard_msgs:/opt/ros/humble LD_LIBRARY_PATH=/home/stan/workspace/ws_ur_hv/install/ur_dashboard_msgs/lib:${LD_LIBRARY_PATH} PYTHONPATH=/home/stan/workspace/ws_ur_hv/install/ur_dashboard_msgs/local/lib/python3.10/dist-packages:${PYTHONPATH} /home/stan/.local/bin/cmake --build /home/stan/workspace/ws_ur_hv/build/ur_controllers -- -j12 -l12
[2.614s] [ 25%] [32m[1mLinking CXX shared library libur_controllers.so[0m
[2.912s] [100%] Built target ur_controllers
[2.921s] Invoked command in '/home/stan/workspace/ws_ur_hv/build/ur_controllers' returned '0': AMENT_PREFIX_PATH=/home/stan/workspace/ws_ur_hv/install/ur_dashboard_msgs:${AMENT_PREFIX_PATH} CMAKE_PREFIX_PATH=/home/stan/workspace/ws_ur_hv/install/ur_dashboard_msgs:/opt/ros/humble LD_LIBRARY_PATH=/home/stan/workspace/ws_ur_hv/install/ur_dashboard_msgs/lib:${LD_LIBRARY_PATH} PYTHONPATH=/home/stan/workspace/ws_ur_hv/install/ur_dashboard_msgs/local/lib/python3.10/dist-packages:${PYTHONPATH} /home/stan/.local/bin/cmake --build /home/stan/workspace/ws_ur_hv/build/ur_controllers -- -j12 -l12
[2.979s] Invoking command in '/home/stan/workspace/ws_ur_hv/build/ur_controllers': AMENT_PREFIX_PATH=/home/stan/workspace/ws_ur_hv/install/ur_dashboard_msgs:${AMENT_PREFIX_PATH} CMAKE_PREFIX_PATH=/home/stan/workspace/ws_ur_hv/install/ur_dashboard_msgs:/opt/ros/humble LD_LIBRARY_PATH=/home/stan/workspace/ws_ur_hv/install/ur_dashboard_msgs/lib:${LD_LIBRARY_PATH} PYTHONPATH=/home/stan/workspace/ws_ur_hv/install/ur_dashboard_msgs/local/lib/python3.10/dist-packages:${PYTHONPATH} /home/stan/.local/bin/cmake --install /home/stan/workspace/ws_ur_hv/build/ur_controllers
[3.011s] -- Install configuration: "Release"
[3.012s] -- Up-to-date: /home/stan/workspace/ws_ur_hv/install/ur_controllers/share/ur_controllers/controller_plugins.xml
[3.012s] -- Installing: /home/stan/workspace/ws_ur_hv/install/ur_controllers/lib/libur_controllers.so
[3.014s] -- Set runtime path of "/home/stan/workspace/ws_ur_hv/install/ur_controllers/lib/libur_controllers.so" to ""
[3.014s] -- Up-to-date: /home/stan/workspace/ws_ur_hv/install/ur_controllers/include
[3.015s] -- Up-to-date: /home/stan/workspace/ws_ur_hv/install/ur_controllers/include/ur_controllers
[3.015s] -- Up-to-date: /home/stan/workspace/ws_ur_hv/install/ur_controllers/include/ur_controllers/gpio_controller.hpp
[3.015s] -- Up-to-date: /home/stan/workspace/ws_ur_hv/install/ur_controllers/include/ur_controllers/scaled_joint_trajectory_controller.hpp
[3.015s] -- Up-to-date: /home/stan/workspace/ws_ur_hv/install/ur_controllers/include/ur_controllers/speed_scaling_state_broadcaster.hpp
[3.015s] -- Up-to-date: /home/stan/workspace/ws_ur_hv/install/ur_controllers/share/ur_controllers/controller_plugins.xml
[3.015s] -- Up-to-date: /home/stan/workspace/ws_ur_hv/install/ur_controllers/share/ur_controllers/environment/library_path.sh
[3.016s] -- Installing: /home/stan/workspace/ws_ur_hv/install/ur_controllers/share/ur_controllers/environment/library_path.dsv
[3.016s] -- Up-to-date: /home/stan/workspace/ws_ur_hv/install/ur_controllers/share/ament_index/resource_index/package_run_dependencies/ur_controllers
[3.016s] -- Up-to-date: /home/stan/workspace/ws_ur_hv/install/ur_controllers/share/ament_index/resource_index/parent_prefix_path/ur_controllers
[3.016s] -- Up-to-date: /home/stan/workspace/ws_ur_hv/install/ur_controllers/share/ur_controllers/environment/ament_prefix_path.sh
[3.016s] -- Installing: /home/stan/workspace/ws_ur_hv/install/ur_controllers/share/ur_controllers/environment/ament_prefix_path.dsv
[3.016s] -- Up-to-date: /home/stan/workspace/ws_ur_hv/install/ur_controllers/share/ur_controllers/environment/path.sh
[3.017s] -- Installing: /home/stan/workspace/ws_ur_hv/install/ur_controllers/share/ur_controllers/environment/path.dsv
[3.017s] -- Up-to-date: /home/stan/workspace/ws_ur_hv/install/ur_controllers/share/ur_controllers/local_setup.bash
[3.017s] -- Up-to-date: /home/stan/workspace/ws_ur_hv/install/ur_controllers/share/ur_controllers/local_setup.sh
[3.017s] -- Up-to-date: /home/stan/workspace/ws_ur_hv/install/ur_controllers/share/ur_controllers/local_setup.zsh
[3.017s] -- Installing: /home/stan/workspace/ws_ur_hv/install/ur_controllers/share/ur_controllers/local_setup.dsv
[3.017s] -- Installing: /home/stan/workspace/ws_ur_hv/install/ur_controllers/share/ur_controllers/package.dsv
[3.017s] -- Up-to-date: /home/stan/workspace/ws_ur_hv/install/ur_controllers/share/ament_index/resource_index/packages/ur_controllers
[3.018s] -- Up-to-date: /home/stan/workspace/ws_ur_hv/install/ur_controllers/share/ament_index/resource_index/controller_interface__pluginlib__plugin/ur_controllers
[3.018s] -- Up-to-date: /home/stan/workspace/ws_ur_hv/install/ur_controllers/share/ur_controllers/cmake/ament_cmake_export_dependencies-extras.cmake
[3.018s] -- Up-to-date: /home/stan/workspace/ws_ur_hv/install/ur_controllers/share/ur_controllers/cmake/ament_cmake_export_include_directories-extras.cmake
[3.018s] -- Up-to-date: /home/stan/workspace/ws_ur_hv/install/ur_controllers/share/ur_controllers/cmake/ament_cmake_export_libraries-extras.cmake
[3.018s] -- Up-to-date: /home/stan/workspace/ws_ur_hv/install/ur_controllers/share/ur_controllers/cmake/ur_controllersConfig.cmake
[3.018s] -- Up-to-date: /home/stan/workspace/ws_ur_hv/install/ur_controllers/share/ur_controllers/cmake/ur_controllersConfig-version.cmake
[3.018s] -- Up-to-date: /home/stan/workspace/ws_ur_hv/install/ur_controllers/share/ur_controllers/package.xml
[3.027s] Invoked command in '/home/stan/workspace/ws_ur_hv/build/ur_controllers' returned '0': AMENT_PREFIX_PATH=/home/stan/workspace/ws_ur_hv/install/ur_dashboard_msgs:${AMENT_PREFIX_PATH} CMAKE_PREFIX_PATH=/home/stan/workspace/ws_ur_hv/install/ur_dashboard_msgs:/opt/ros/humble LD_LIBRARY_PATH=/home/stan/workspace/ws_ur_hv/install/ur_dashboard_msgs/lib:${LD_LIBRARY_PATH} PYTHONPATH=/home/stan/workspace/ws_ur_hv/install/ur_dashboard_msgs/local/lib/python3.10/dist-packages:${PYTHONPATH} /home/stan/.local/bin/cmake --install /home/stan/workspace/ws_ur_hv/build/ur_controllers
