[0.016s] Invoking command in '/home/stan/workspace/ws_ur_hv/build/workcell_support': AMENT_PREFIX_PATH=/home/stan/workspace/ws_ur_hv/install/workcell_core:${AMENT_PREFIX_PATH} CMAKE_PREFIX_PATH=/home/stan/workspace/ws_ur_hv/install/workcell_core:/opt/ros/humble /home/stan/.local/bin/cmake --build /home/stan/workspace/ws_ur_hv/build/workcell_support -- -j12 -l12
[0.066s] Invoked command in '/home/stan/workspace/ws_ur_hv/build/workcell_support' returned '0': AMENT_PREFIX_PATH=/home/stan/workspace/ws_ur_hv/install/workcell_core:${AMENT_PREFIX_PATH} CMAKE_PREFIX_PATH=/home/stan/workspace/ws_ur_hv/install/workcell_core:/opt/ros/humble /home/stan/.local/bin/cmake --build /home/stan/workspace/ws_ur_hv/build/workcell_support -- -j12 -l12
[0.147s] Invoking command in '/home/stan/workspace/ws_ur_hv/build/workcell_support': AMENT_PREFIX_PATH=/home/stan/workspace/ws_ur_hv/install/workcell_core:${AMENT_PREFIX_PATH} CMAKE_PREFIX_PATH=/home/stan/workspace/ws_ur_hv/install/workcell_core:/opt/ros/humble /home/stan/.local/bin/cmake --install /home/stan/workspace/ws_ur_hv/build/workcell_support
[0.178s] -- Install configuration: ""
[0.178s] -- Up-to-date: /home/stan/workspace/ws_ur_hv/install/workcell_support/share/workcell_support/config
[0.179s] -- Up-to-date: /home/stan/workspace/ws_ur_hv/install/workcell_support/share/workcell_support/config/ur16e
[0.179s] -- Up-to-date: /home/stan/workspace/ws_ur_hv/install/workcell_support/share/workcell_support/config/ur16e/default_kinematics.yaml
[0.179s] -- Up-to-date: /home/stan/workspace/ws_ur_hv/install/workcell_support/share/workcell_support/config/ur16e/visual_parameters.yaml
[0.179s] -- Up-to-date: /home/stan/workspace/ws_ur_hv/install/workcell_support/share/workcell_support/config/ur16e/joint_limits.yaml
[0.180s] -- Up-to-date: /home/stan/workspace/ws_ur_hv/install/workcell_support/share/workcell_support/config/ur16e/physical_parameters.yaml
[0.180s] -- Up-to-date: /home/stan/workspace/ws_ur_hv/install/workcell_support/share/workcell_support/config/ur5e
[0.180s] -- Up-to-date: /home/stan/workspace/ws_ur_hv/install/workcell_support/share/workcell_support/config/ur5e/default_kinematics.yaml
[0.180s] -- Up-to-date: /home/stan/workspace/ws_ur_hv/install/workcell_support/share/workcell_support/config/ur5e/visual_parameters.yaml
[0.181s] -- Up-to-date: /home/stan/workspace/ws_ur_hv/install/workcell_support/share/workcell_support/config/ur5e/joint_limits.yaml
[0.181s] -- Up-to-date: /home/stan/workspace/ws_ur_hv/install/workcell_support/share/workcell_support/config/ur5e/physical_parameters.yaml
[0.181s] -- Up-to-date: /home/stan/workspace/ws_ur_hv/install/workcell_support/share/workcell_support/config/ur3e
[0.181s] -- Up-to-date: /home/stan/workspace/ws_ur_hv/install/workcell_support/share/workcell_support/config/ur3e/default_kinematics.yaml
[0.181s] -- Up-to-date: /home/stan/workspace/ws_ur_hv/install/workcell_support/share/workcell_support/config/ur3e/visual_parameters.yaml
[0.182s] -- Up-to-date: /home/stan/workspace/ws_ur_hv/install/workcell_support/share/workcell_support/config/ur3e/joint_limits.yaml
[0.182s] -- Up-to-date: /home/stan/workspace/ws_ur_hv/install/workcell_support/share/workcell_support/config/ur3e/physical_parameters.yaml
[0.182s] -- Up-to-date: /home/stan/workspace/ws_ur_hv/install/workcell_support/share/workcell_support/config/ur10
[0.182s] -- Up-to-date: /home/stan/workspace/ws_ur_hv/install/workcell_support/share/workcell_support/config/ur10/default_kinematics.yaml
[0.182s] -- Up-to-date: /home/stan/workspace/ws_ur_hv/install/workcell_support/share/workcell_support/config/ur10/visual_parameters.yaml
[0.183s] -- Up-to-date: /home/stan/workspace/ws_ur_hv/install/workcell_support/share/workcell_support/config/ur10/joint_limits.yaml
[0.183s] -- Up-to-date: /home/stan/workspace/ws_ur_hv/install/workcell_support/share/workcell_support/config/ur10/physical_parameters.yaml
[0.183s] -- Up-to-date: /home/stan/workspace/ws_ur_hv/install/workcell_support/share/workcell_support/config/ur3
[0.183s] -- Up-to-date: /home/stan/workspace/ws_ur_hv/install/workcell_support/share/workcell_support/config/ur3/default_kinematics.yaml
[0.183s] -- Up-to-date: /home/stan/workspace/ws_ur_hv/install/workcell_support/share/workcell_support/config/ur3/visual_parameters.yaml
[0.183s] -- Up-to-date: /home/stan/workspace/ws_ur_hv/install/workcell_support/share/workcell_support/config/ur3/joint_limits.yaml
[0.184s] -- Up-to-date: /home/stan/workspace/ws_ur_hv/install/workcell_support/share/workcell_support/config/ur3/physical_parameters.yaml
[0.184s] -- Up-to-date: /home/stan/workspace/ws_ur_hv/install/workcell_support/share/workcell_support/config/ur5
[0.184s] -- Up-to-date: /home/stan/workspace/ws_ur_hv/install/workcell_support/share/workcell_support/config/ur5/default_kinematics.yaml
[0.184s] -- Up-to-date: /home/stan/workspace/ws_ur_hv/install/workcell_support/share/workcell_support/config/ur5/visual_parameters.yaml
[0.184s] -- Up-to-date: /home/stan/workspace/ws_ur_hv/install/workcell_support/share/workcell_support/config/ur5/joint_limits.yaml
[0.184s] -- Up-to-date: /home/stan/workspace/ws_ur_hv/install/workcell_support/share/workcell_support/config/ur5/physical_parameters.yaml
[0.185s] -- Up-to-date: /home/stan/workspace/ws_ur_hv/install/workcell_support/share/workcell_support/config/initial_positions.yaml
[0.185s] -- Up-to-date: /home/stan/workspace/ws_ur_hv/install/workcell_support/share/workcell_support/config/ur10e
[0.185s] -- Up-to-date: /home/stan/workspace/ws_ur_hv/install/workcell_support/share/workcell_support/config/ur10e/default_kinematics.yaml
[0.185s] -- Up-to-date: /home/stan/workspace/ws_ur_hv/install/workcell_support/share/workcell_support/config/ur10e/visual_parameters.yaml
[0.185s] -- Up-to-date: /home/stan/workspace/ws_ur_hv/install/workcell_support/share/workcell_support/config/ur10e/joint_limits.yaml
[0.186s] -- Up-to-date: /home/stan/workspace/ws_ur_hv/install/workcell_support/share/workcell_support/config/ur10e/physical_parameters.yaml
[0.186s] -- Up-to-date: /home/stan/workspace/ws_ur_hv/install/workcell_support/share/workcell_support/urdf
[0.187s] -- Up-to-date: /home/stan/workspace/ws_ur_hv/install/workcell_support/share/workcell_support/urdf/ur.ros2_control.xacro
[0.189s] -- Installing: /home/stan/workspace/ws_ur_hv/install/workcell_support/share/workcell_support/urdf/workcell.urdf.xacro
[0.190s] -- Up-to-date: /home/stan/workspace/ws_ur_hv/install/workcell_support/share/workcell_support/urdf/ur.urdf.xacro
[0.190s] -- Up-to-date: /home/stan/workspace/ws_ur_hv/install/workcell_support/share/workcell_support/urdf/inc
[0.192s] -- Up-to-date: /home/stan/workspace/ws_ur_hv/install/workcell_support/share/workcell_support/urdf/inc/ur_common.xacro
[0.193s] -- Up-to-date: /home/stan/workspace/ws_ur_hv/install/workcell_support/share/workcell_support/urdf/inc/ur_transmissions.xacro
[0.193s] -- Up-to-date: /home/stan/workspace/ws_ur_hv/install/workcell_support/share/workcell_support/urdf/ur_robotique.urdf.xacro
[0.193s] -- Up-to-date: /home/stan/workspace/ws_ur_hv/install/workcell_support/share/workcell_support/urdf/ur_macro.xacro
[0.194s] -- Up-to-date: /home/stan/workspace/ws_ur_hv/install/workcell_support/share/workcell_support/launch
[0.194s] -- Up-to-date: /home/stan/workspace/ws_ur_hv/install/workcell_support/share/workcell_support/launch/workcell.launch.py
[0.194s] -- Up-to-date: /home/stan/workspace/ws_ur_hv/install/workcell_support/share/workcell_support/launch/urdf.launch.py
[0.195s] -- Up-to-date: /home/stan/workspace/ws_ur_hv/install/workcell_support/share/ament_index/resource_index/package_run_dependencies/workcell_support
[0.196s] -- Up-to-date: /home/stan/workspace/ws_ur_hv/install/workcell_support/share/ament_index/resource_index/parent_prefix_path/workcell_support
[0.197s] -- Up-to-date: /home/stan/workspace/ws_ur_hv/install/workcell_support/share/workcell_support/environment/ament_prefix_path.sh
[0.197s] -- Up-to-date: /home/stan/workspace/ws_ur_hv/install/workcell_support/share/workcell_support/environment/ament_prefix_path.dsv
[0.197s] -- Up-to-date: /home/stan/workspace/ws_ur_hv/install/workcell_support/share/workcell_support/environment/path.sh
[0.198s] -- Up-to-date: /home/stan/workspace/ws_ur_hv/install/workcell_support/share/workcell_support/environment/path.dsv
[0.199s] -- Up-to-date: /home/stan/workspace/ws_ur_hv/install/workcell_support/share/workcell_support/local_setup.bash
[0.199s] -- Up-to-date: /home/stan/workspace/ws_ur_hv/install/workcell_support/share/workcell_support/local_setup.sh
[0.199s] -- Up-to-date: /home/stan/workspace/ws_ur_hv/install/workcell_support/share/workcell_support/local_setup.zsh
[0.200s] -- Up-to-date: /home/stan/workspace/ws_ur_hv/install/workcell_support/share/workcell_support/local_setup.dsv
[0.200s] -- Installing: /home/stan/workspace/ws_ur_hv/install/workcell_support/share/workcell_support/package.dsv
[0.200s] -- Up-to-date: /home/stan/workspace/ws_ur_hv/install/workcell_support/share/ament_index/resource_index/packages/workcell_support
[0.200s] -- Up-to-date: /home/stan/workspace/ws_ur_hv/install/workcell_support/share/workcell_support/cmake/workcell_supportConfig.cmake
[0.201s] -- Up-to-date: /home/stan/workspace/ws_ur_hv/install/workcell_support/share/workcell_support/cmake/workcell_supportConfig-version.cmake
[0.201s] -- Up-to-date: /home/stan/workspace/ws_ur_hv/install/workcell_support/share/workcell_support/package.xml
[0.201s] Invoked command in '/home/stan/workspace/ws_ur_hv/build/workcell_support' returned '0': AMENT_PREFIX_PATH=/home/stan/workspace/ws_ur_hv/install/workcell_core:${AMENT_PREFIX_PATH} CMAKE_PREFIX_PATH=/home/stan/workspace/ws_ur_hv/install/workcell_core:/opt/ros/humble /home/stan/.local/bin/cmake --install /home/stan/workspace/ws_ur_hv/build/workcell_support
