[0.032s] Invoking command in '/home/stan/workspace/ws_ur_hv/build/fake_ar_publisher': CMAKE_PREFIX_PATH=/opt/ros/humble /home/stan/.local/bin/cmake /home/stan/workspace/ws_ur_hv/src/fake_ar_publisher -DCMAKE_INSTALL_PREFIX=/home/stan/workspace/ws_ur_hv/install/fake_ar_publisher
[0.130s] -- The C compiler identification is GNU 11.3.0
[0.220s] -- The CXX compiler identification is GNU 11.3.0
[0.241s] -- Detecting C compiler ABI info
[0.362s] -- Detecting C compiler ABI info - done
[0.363s] -- Check for working C compiler: /usr/bin/cc - skipped
[0.364s] -- Detecting C compile features
[0.364s] -- Detecting C compile features - done
[0.364s] -- Detecting CXX compiler ABI info
[0.491s] -- Detecting CXX compiler ABI info - done
[0.512s] -- Check for working CXX compiler: /usr/bin/c++ - skipped
[0.513s] -- Detecting CXX compile features
[0.514s] -- Detecting CXX compile features - done
[0.525s] -- Found ament_cmake: 1.3.5 (/opt/ros/humble/share/ament_cmake/cmake)
[1.029s] -- Found Python3: /usr/bin/python3.10 (found version "3.10.6") found components: Interpreter 
[1.156s] -- Found rclcpp: 16.0.4 (/opt/ros/humble/share/rclcpp/cmake)
[1.226s] -- Found rosidl_generator_c: 3.1.4 (/opt/ros/humble/share/rosidl_generator_c/cmake)
[1.234s] -- Found rosidl_adapter: 3.1.4 (/opt/ros/humble/share/rosidl_adapter/cmake)
[1.249s] -- Found rosidl_generator_cpp: 3.1.4 (/opt/ros/humble/share/rosidl_generator_cpp/cmake)
[1.271s] -- Using all available rosidl_typesupport_c: rosidl_typesupport_fastrtps_c;rosidl_typesupport_introspection_c
[1.304s] -- Using all available rosidl_typesupport_cpp: rosidl_typesupport_fastrtps_cpp;rosidl_typesupport_introspection_cpp
[1.432s] -- Found rmw_implementation_cmake: 6.1.1 (/opt/ros/humble/share/rmw_implementation_cmake/cmake)
[1.434s] -- Found rmw_fastrtps_cpp: 6.2.2 (/opt/ros/humble/share/rmw_fastrtps_cpp/cmake)
[1.576s] -- Found OpenSSL: /usr/lib/x86_64-linux-gnu/libcrypto.so (found version "3.0.2")  
[1.613s] -- Found FastRTPS: /opt/ros/humble/include  
[1.683s] -- Using RMW implementation 'rmw_fastrtps_cpp' as default
[1.696s] -- Performing Test CMAKE_HAVE_LIBC_PTHREAD
[1.758s] -- Performing Test CMAKE_HAVE_LIBC_PTHREAD - Success
[1.762s] -- Found Threads: TRUE  
[2.089s] -- Found geometry_msgs: 4.2.3 (/opt/ros/humble/share/geometry_msgs/cmake)
[2.155s] -- Found visualization_msgs: 4.2.3 (/opt/ros/humble/share/visualization_msgs/cmake)
[2.593s] -- Found rosidl_default_generators: 1.2.0 (/opt/ros/humble/share/rosidl_default_generators/cmake)
[3.009s] -- Found ament_cmake_ros: 0.10.0 (/opt/ros/humble/share/ament_cmake_ros/cmake)
[3.514s] -- Using all available rosidl_typesupport_c: rosidl_typesupport_fastrtps_c;rosidl_typesupport_introspection_c
[3.734s] -- Using all available rosidl_typesupport_cpp: rosidl_typesupport_fastrtps_cpp;rosidl_typesupport_introspection_cpp
[3.760s] -- Found PythonInterp: /usr/bin/python3 (found suitable version "3.10.6", minimum required is "3.6") 
[3.762s] -- Found python_cmake_module: 0.10.0 (/opt/ros/humble/share/python_cmake_module/cmake)
[3.792s] -- Found PythonLibs: /usr/lib/x86_64-linux-gnu/libpython3.10.so (found suitable version "3.10.6", minimum required is "3.5") 
[3.792s] -- Using PYTHON_EXECUTABLE: /usr/bin/python3
[3.792s] -- Using PYTHON_INCLUDE_DIRS: /usr/include/python3.10
[3.792s] -- Using PYTHON_LIBRARIES: /usr/lib/x86_64-linux-gnu/libpython3.10.so
[3.816s] -- Found PythonExtra: .so  
[3.907s] [0mCMake Deprecation Warning at /opt/ros/humble/share/rosidl_cmake/cmake/rosidl_target_interfaces.cmake:32 (message):
[3.907s]   Use rosidl_get_typesupport_target() and target_link_libraries() instead of
[3.907s]   rosidl_target_interfaces()
[3.908s] Call Stack (most recent call first):
[3.908s]   CMakeLists.txt:38 (rosidl_target_interfaces)
[3.908s] 
[3.908s] [0m
[3.910s] -- Found ament_lint_auto: 0.12.6 (/opt/ros/humble/share/ament_lint_auto/cmake)
[3.921s] -- Configuring done (3.9s)
[3.984s] -- Generating done (0.0s)
[3.991s] -- Build files have been written to: /home/stan/workspace/ws_ur_hv/build/fake_ar_publisher
[4.014s] Invoked command in '/home/stan/workspace/ws_ur_hv/build/fake_ar_publisher' returned '0': CMAKE_PREFIX_PATH=/opt/ros/humble /home/stan/.local/bin/cmake /home/stan/workspace/ws_ur_hv/src/fake_ar_publisher -DCMAKE_INSTALL_PREFIX=/home/stan/workspace/ws_ur_hv/install/fake_ar_publisher
[4.017s] Invoking command in '/home/stan/workspace/ws_ur_hv/build/fake_ar_publisher': CMAKE_PREFIX_PATH=/opt/ros/humble /home/stan/.local/bin/cmake --build /home/stan/workspace/ws_ur_hv/build/fake_ar_publisher -- -j12 -l12
[4.068s] [  3%] [34m[1mGenerating C code for ROS interfaces[0m
[4.072s] [  6%] [34m[1mGenerating C++ code for ROS interfaces[0m
[4.073s] [  6%] Built target ament_cmake_python_copy_fake_ar_publisher
[4.351s] [  9%] [32mBuilding C object CMakeFiles/fake_ar_publisher__rosidl_generator_c.dir/rosidl_generator_c/fake_ar_publisher/msg/detail/ar_marker__functions.c.o[0m
[4.356s] [  9%] Built target fake_ar_publisher__cpp
[4.361s] [ 15%] [34m[1mGenerating C++ introspection for ROS interfaces[0m
[4.362s] [ 15%] [34m[1mGenerating C++ type support dispatch for ROS interfaces[0m
[4.362s] [ 18%] [34m[1mGenerating C++ type support for eProsima Fast-RTPS[0m
[4.399s] running egg_info
[4.400s] creating fake_ar_publisher.egg-info
[4.400s] writing fake_ar_publisher.egg-info/PKG-INFO
[4.400s] writing dependency_links to fake_ar_publisher.egg-info/dependency_links.txt
[4.401s] writing top-level names to fake_ar_publisher.egg-info/top_level.txt
[4.401s] writing manifest file 'fake_ar_publisher.egg-info/SOURCES.txt'
[4.405s] reading manifest file 'fake_ar_publisher.egg-info/SOURCES.txt'
[4.406s] writing manifest file 'fake_ar_publisher.egg-info/SOURCES.txt'
[4.418s] [ 21%] [32m[1mLinking C shared library libfake_ar_publisher__rosidl_generator_c.so[0m
[4.437s] [ 21%] Built target ament_cmake_python_build_fake_ar_publisher_egg
[4.454s] [ 21%] Built target fake_ar_publisher__rosidl_generator_c
[4.459s] [ 24%] [34m[1mGenerating C type support for eProsima Fast-RTPS[0m
[4.460s] [ 27%] [34m[1mGenerating C introspection for ROS interfaces[0m
[4.460s] [ 30%] [34m[1mGenerating C type support dispatch for ROS interfaces[0m
[4.693s] [ 33%] [32mBuilding CXX object CMakeFiles/fake_ar_publisher__rosidl_typesupport_c.dir/rosidl_typesupport_c/fake_ar_publisher/msg/ar_marker__type_support.cpp.o[0m
[4.707s] [ 36%] [32mBuilding CXX object CMakeFiles/fake_ar_publisher__rosidl_typesupport_fastrtps_c.dir/rosidl_typesupport_fastrtps_c/fake_ar_publisher/msg/detail/ar_marker__type_support_c.cpp.o[0m
[4.717s] [ 39%] [32m[1mLinking CXX shared library libfake_ar_publisher__rosidl_typesupport_c.so[0m
[4.748s] [ 39%] Built target fake_ar_publisher__rosidl_typesupport_c
[4.752s] [ 42%] [32mBuilding CXX object CMakeFiles/fake_ar_publisher__rosidl_typesupport_cpp.dir/rosidl_typesupport_cpp/fake_ar_publisher/msg/ar_marker__type_support.cpp.o[0m
[4.772s] [ 45%] [32mBuilding CXX object CMakeFiles/fake_ar_publisher__rosidl_typesupport_introspection_cpp.dir/rosidl_typesupport_introspection_cpp/fake_ar_publisher/msg/detail/ar_marker__type_support.cpp.o[0m
[4.773s] [ 48%] [32mBuilding CXX object CMakeFiles/fake_ar_publisher__rosidl_typesupport_fastrtps_cpp.dir/rosidl_typesupport_fastrtps_cpp/fake_ar_publisher/msg/detail/dds_fastrtps/ar_marker__type_support.cpp.o[0m
[4.830s] [ 51%] [32mBuilding C object CMakeFiles/fake_ar_publisher__rosidl_typesupport_introspection_c.dir/rosidl_typesupport_introspection_c/fake_ar_publisher/msg/detail/ar_marker__type_support.c.o[0m
[4.860s] [ 54%] [32m[1mLinking C shared library libfake_ar_publisher__rosidl_typesupport_introspection_c.so[0m
[4.879s] [ 54%] Built target fake_ar_publisher__rosidl_typesupport_introspection_c
[5.054s] [ 57%] [32m[1mLinking CXX shared library libfake_ar_publisher__rosidl_typesupport_cpp.so[0m
[5.088s] [ 57%] Built target fake_ar_publisher__rosidl_typesupport_cpp
[5.117s] [ 60%] [32m[1mLinking CXX shared library libfake_ar_publisher__rosidl_typesupport_fastrtps_c.so[0m
[5.187s] [ 60%] Built target fake_ar_publisher__rosidl_typesupport_fastrtps_c
[5.355s] [ 63%] [32m[1mLinking CXX shared library libfake_ar_publisher__rosidl_typesupport_introspection_cpp.so[0m
[5.366s] [ 66%] [32m[1mLinking CXX shared library libfake_ar_publisher__rosidl_typesupport_fastrtps_cpp.so[0m
[5.421s] [ 66%] Built target fake_ar_publisher__rosidl_typesupport_introspection_cpp
[5.436s] [ 66%] Built target fake_ar_publisher__rosidl_typesupport_fastrtps_cpp
[5.446s] [ 66%] Built target fake_ar_publisher
[5.454s] [ 72%] [34m[1mGenerating Python code for ROS interfaces[0m
[5.454s] [ 72%] [32mBuilding CXX object CMakeFiles/fake_ar_publisher_node.dir/src/fake_ar_publisher.cpp.o[0m
[5.752s] [ 72%] Built target fake_ar_publisher__py
[5.761s] [ 75%] [32mBuilding C object CMakeFiles/fake_ar_publisher__rosidl_generator_py.dir/rosidl_generator_py/fake_ar_publisher/msg/_ar_marker_s.c.o[0m
[5.860s] [ 78%] [32m[1mLinking C shared library rosidl_generator_py/fake_ar_publisher/libfake_ar_publisher__rosidl_generator_py.so[0m
[5.891s] [ 78%] Built target fake_ar_publisher__rosidl_generator_py
[5.900s] [ 81%] [32mBuilding C object CMakeFiles/fake_ar_publisher__rosidl_typesupport_introspection_c__pyext.dir/rosidl_generator_py/fake_ar_publisher/_fake_ar_publisher_s.ep.rosidl_typesupport_introspection_c.c.o[0m
[5.900s] [ 84%] [32mBuilding C object CMakeFiles/fake_ar_publisher__rosidl_typesupport_fastrtps_c__pyext.dir/rosidl_generator_py/fake_ar_publisher/_fake_ar_publisher_s.ep.rosidl_typesupport_fastrtps_c.c.o[0m
[5.901s] [ 87%] [32mBuilding C object CMakeFiles/fake_ar_publisher__rosidl_typesupport_c__pyext.dir/rosidl_generator_py/fake_ar_publisher/_fake_ar_publisher_s.ep.rosidl_typesupport_c.c.o[0m
[5.998s] [ 93%] [32m[1mLinking C shared library rosidl_generator_py/fake_ar_publisher/fake_ar_publisher_s__rosidl_typesupport_c.cpython-310-x86_64-linux-gnu.so[0m
[5.999s] [ 93%] [32m[1mLinking C shared library rosidl_generator_py/fake_ar_publisher/fake_ar_publisher_s__rosidl_typesupport_introspection_c.cpython-310-x86_64-linux-gnu.so[0m
[5.999s] [ 96%] [32m[1mLinking C shared library rosidl_generator_py/fake_ar_publisher/fake_ar_publisher_s__rosidl_typesupport_fastrtps_c.cpython-310-x86_64-linux-gnu.so[0m
[6.029s] [ 96%] Built target fake_ar_publisher__rosidl_typesupport_introspection_c__pyext
[6.029s] [ 96%] Built target fake_ar_publisher__rosidl_typesupport_c__pyext
[6.031s] [ 96%] Built target fake_ar_publisher__rosidl_typesupport_fastrtps_c__pyext
[10.433s] [100%] [32m[1mLinking CXX executable fake_ar_publisher_node[0m
[10.645s] [100%] Built target fake_ar_publisher_node
