-- Install configuration: ""
-- Up-to-date: /home/stan/workspace/ws_ur_hv/install/workcell_support/share/workcell_support/config
-- Up-to-date: /home/stan/workspace/ws_ur_hv/install/workcell_support/share/workcell_support/config/ur16e
-- Up-to-date: /home/stan/workspace/ws_ur_hv/install/workcell_support/share/workcell_support/config/ur16e/default_kinematics.yaml
-- Up-to-date: /home/stan/workspace/ws_ur_hv/install/workcell_support/share/workcell_support/config/ur16e/visual_parameters.yaml
-- Up-to-date: /home/stan/workspace/ws_ur_hv/install/workcell_support/share/workcell_support/config/ur16e/joint_limits.yaml
-- Up-to-date: /home/stan/workspace/ws_ur_hv/install/workcell_support/share/workcell_support/config/ur16e/physical_parameters.yaml
-- Up-to-date: /home/stan/workspace/ws_ur_hv/install/workcell_support/share/workcell_support/config/ur5e
-- Up-to-date: /home/stan/workspace/ws_ur_hv/install/workcell_support/share/workcell_support/config/ur5e/default_kinematics.yaml
-- Up-to-date: /home/stan/workspace/ws_ur_hv/install/workcell_support/share/workcell_support/config/ur5e/visual_parameters.yaml
-- Up-to-date: /home/stan/workspace/ws_ur_hv/install/workcell_support/share/workcell_support/config/ur5e/joint_limits.yaml
-- Up-to-date: /home/stan/workspace/ws_ur_hv/install/workcell_support/share/workcell_support/config/ur5e/physical_parameters.yaml
-- Up-to-date: /home/stan/workspace/ws_ur_hv/install/workcell_support/share/workcell_support/config/ur3e
-- Up-to-date: /home/stan/workspace/ws_ur_hv/install/workcell_support/share/workcell_support/config/ur3e/default_kinematics.yaml
-- Up-to-date: /home/stan/workspace/ws_ur_hv/install/workcell_support/share/workcell_support/config/ur3e/visual_parameters.yaml
-- Up-to-date: /home/stan/workspace/ws_ur_hv/install/workcell_support/share/workcell_support/config/ur3e/joint_limits.yaml
-- Up-to-date: /home/stan/workspace/ws_ur_hv/install/workcell_support/share/workcell_support/config/ur3e/physical_parameters.yaml
-- Up-to-date: /home/stan/workspace/ws_ur_hv/install/workcell_support/share/workcell_support/config/ur10
-- Up-to-date: /home/stan/workspace/ws_ur_hv/install/workcell_support/share/workcell_support/config/ur10/default_kinematics.yaml
-- Up-to-date: /home/stan/workspace/ws_ur_hv/install/workcell_support/share/workcell_support/config/ur10/visual_parameters.yaml
-- Up-to-date: /home/stan/workspace/ws_ur_hv/install/workcell_support/share/workcell_support/config/ur10/joint_limits.yaml
-- Up-to-date: /home/stan/workspace/ws_ur_hv/install/workcell_support/share/workcell_support/config/ur10/physical_parameters.yaml
-- Up-to-date: /home/stan/workspace/ws_ur_hv/install/workcell_support/share/workcell_support/config/ur3
-- Up-to-date: /home/stan/workspace/ws_ur_hv/install/workcell_support/share/workcell_support/config/ur3/default_kinematics.yaml
-- Up-to-date: /home/stan/workspace/ws_ur_hv/install/workcell_support/share/workcell_support/config/ur3/visual_parameters.yaml
-- Up-to-date: /home/stan/workspace/ws_ur_hv/install/workcell_support/share/workcell_support/config/ur3/joint_limits.yaml
-- Up-to-date: /home/stan/workspace/ws_ur_hv/install/workcell_support/share/workcell_support/config/ur3/physical_parameters.yaml
-- Up-to-date: /home/stan/workspace/ws_ur_hv/install/workcell_support/share/workcell_support/config/ur5
-- Up-to-date: /home/stan/workspace/ws_ur_hv/install/workcell_support/share/workcell_support/config/ur5/default_kinematics.yaml
-- Up-to-date: /home/stan/workspace/ws_ur_hv/install/workcell_support/share/workcell_support/config/ur5/visual_parameters.yaml
-- Up-to-date: /home/stan/workspace/ws_ur_hv/install/workcell_support/share/workcell_support/config/ur5/joint_limits.yaml
-- Up-to-date: /home/stan/workspace/ws_ur_hv/install/workcell_support/share/workcell_support/config/ur5/physical_parameters.yaml
-- Up-to-date: /home/stan/workspace/ws_ur_hv/install/workcell_support/share/workcell_support/config/initial_positions.yaml
-- Up-to-date: /home/stan/workspace/ws_ur_hv/install/workcell_support/share/workcell_support/config/ur10e
-- Up-to-date: /home/stan/workspace/ws_ur_hv/install/workcell_support/share/workcell_support/config/ur10e/default_kinematics.yaml
-- Up-to-date: /home/stan/workspace/ws_ur_hv/install/workcell_support/share/workcell_support/config/ur10e/visual_parameters.yaml
-- Up-to-date: /home/stan/workspace/ws_ur_hv/install/workcell_support/share/workcell_support/config/ur10e/joint_limits.yaml
-- Up-to-date: /home/stan/workspace/ws_ur_hv/install/workcell_support/share/workcell_support/config/ur10e/physical_parameters.yaml
-- Up-to-date: /home/stan/workspace/ws_ur_hv/install/workcell_support/share/workcell_support/urdf
-- Up-to-date: /home/stan/workspace/ws_ur_hv/install/workcell_support/share/workcell_support/urdf/ur.ros2_control.xacro
-- Up-to-date: /home/stan/workspace/ws_ur_hv/install/workcell_support/share/workcell_support/urdf/workcell.urdf.xacro
-- Up-to-date: /home/stan/workspace/ws_ur_hv/install/workcell_support/share/workcell_support/urdf/ur.urdf.xacro
-- Up-to-date: /home/stan/workspace/ws_ur_hv/install/workcell_support/share/workcell_support/urdf/robotiq_2f_85_gripper.urdf.xacro
-- Up-to-date: /home/stan/workspace/ws_ur_hv/install/workcell_support/share/workcell_support/urdf/inc
-- Up-to-date: /home/stan/workspace/ws_ur_hv/install/workcell_support/share/workcell_support/urdf/inc/ur_common.xacro
-- Up-to-date: /home/stan/workspace/ws_ur_hv/install/workcell_support/share/workcell_support/urdf/inc/ur_transmissions.xacro
-- Up-to-date: /home/stan/workspace/ws_ur_hv/install/workcell_support/share/workcell_support/urdf/ur_robotique.urdf.xacro
-- Installing: /home/stan/workspace/ws_ur_hv/install/workcell_support/share/workcell_support/urdf/ur_macro.xacro
-- Up-to-date: /home/stan/workspace/ws_ur_hv/install/workcell_support/share/workcell_support/launch
-- Up-to-date: /home/stan/workspace/ws_ur_hv/install/workcell_support/share/workcell_support/launch/workcell.launch.py
-- Up-to-date: /home/stan/workspace/ws_ur_hv/install/workcell_support/share/workcell_support/launch/urdf.launch.py
-- Up-to-date: /home/stan/workspace/ws_ur_hv/install/workcell_support/share/ament_index/resource_index/package_run_dependencies/workcell_support
-- Up-to-date: /home/stan/workspace/ws_ur_hv/install/workcell_support/share/ament_index/resource_index/parent_prefix_path/workcell_support
-- Up-to-date: /home/stan/workspace/ws_ur_hv/install/workcell_support/share/workcell_support/environment/ament_prefix_path.sh
-- Up-to-date: /home/stan/workspace/ws_ur_hv/install/workcell_support/share/workcell_support/environment/ament_prefix_path.dsv
-- Up-to-date: /home/stan/workspace/ws_ur_hv/install/workcell_support/share/workcell_support/environment/path.sh
-- Up-to-date: /home/stan/workspace/ws_ur_hv/install/workcell_support/share/workcell_support/environment/path.dsv
-- Up-to-date: /home/stan/workspace/ws_ur_hv/install/workcell_support/share/workcell_support/local_setup.bash
-- Up-to-date: /home/stan/workspace/ws_ur_hv/install/workcell_support/share/workcell_support/local_setup.sh
-- Up-to-date: /home/stan/workspace/ws_ur_hv/install/workcell_support/share/workcell_support/local_setup.zsh
-- Up-to-date: /home/stan/workspace/ws_ur_hv/install/workcell_support/share/workcell_support/local_setup.dsv
-- Installing: /home/stan/workspace/ws_ur_hv/install/workcell_support/share/workcell_support/package.dsv
-- Up-to-date: /home/stan/workspace/ws_ur_hv/install/workcell_support/share/ament_index/resource_index/packages/workcell_support
-- Up-to-date: /home/stan/workspace/ws_ur_hv/install/workcell_support/share/workcell_support/cmake/workcell_supportConfig.cmake
-- Up-to-date: /home/stan/workspace/ws_ur_hv/install/workcell_support/share/workcell_support/cmake/workcell_supportConfig-version.cmake
-- Up-to-date: /home/stan/workspace/ws_ur_hv/install/workcell_support/share/workcell_support/package.xml
