[  3%] Built target workcell_core__cpp
[ 12%] Built target workcell_core__rosidl_generator_c
[ 12%] Built target ament_cmake_python_copy_workcell_core
[ 21%] Built target workcell_core__rosidl_typesupport_cpp
[ 30%] Built target workcell_core__rosidl_typesupport_introspection_cpp
[ 39%] Built target workcell_core__rosidl_typesupport_fastrtps_c
[ 48%] Built target workcell_core__rosidl_typesupport_fastrtps_cpp
[ 57%] Built target workcell_core__rosidl_typesupport_introspection_c
[ 66%] Built target workcell_core__rosidl_typesupport_c
[ 69%] [32mBuilding CXX object CMakeFiles/vision_node.dir/src/vision_node.cpp.o[0m
[ 69%] Built target workcell_core
[ 72%] [34m[1mGenerating Python code for ROS interfaces[0m
running egg_info
writing workcell_core.egg-info/PKG-INFO
writing dependency_links to workcell_core.egg-info/dependency_links.txt
writing top-level names to workcell_core.egg-info/top_level.txt
reading manifest file 'workcell_core.egg-info/SOURCES.txt'
writing manifest file 'workcell_core.egg-info/SOURCES.txt'
[ 72%] Built target ament_cmake_python_build_workcell_core_egg
[ 72%] Built target workcell_core__py
