[0.002s] Invoking command in '/home/stan/workspace/ws_ur_hv/build/workcell_core': AMENT_PREFIX_PATH=/home/stan/workspace/ws_ur_hv/install/fake_ar_publisher:${AMENT_PREFIX_PATH} CMAKE_PREFIX_PATH=/home/stan/workspace/ws_ur_hv/install/fake_ar_publisher:/opt/ros/humble LD_LIBRARY_PATH=/home/stan/workspace/ws_ur_hv/install/fake_ar_publisher/lib:${LD_LIBRARY_PATH} PYTHONPATH=/home/stan/workspace/ws_ur_hv/install/fake_ar_publisher/local/lib/python3.10/dist-packages:${PYTHONPATH} /home/stan/.local/bin/cmake --build /home/stan/workspace/ws_ur_hv/build/workcell_core -- -j12 -l12
[0.022s] -- Found ament_cmake: 1.3.5 (/opt/ros/humble/share/ament_cmake/cmake)
[0.143s] -- Found rclcpp: 16.0.4 (/opt/ros/humble/share/rclcpp/cmake)
[0.189s] -- Found rosidl_generator_c: 3.1.4 (/opt/ros/humble/share/rosidl_generator_c/cmake)
[0.197s] -- Found rosidl_adapter: 3.1.4 (/opt/ros/humble/share/rosidl_adapter/cmake)
[0.202s] -- Found rosidl_generator_cpp: 3.1.4 (/opt/ros/humble/share/rosidl_generator_cpp/cmake)
[0.219s] -- Using all available rosidl_typesupport_c: rosidl_typesupport_fastrtps_c;rosidl_typesupport_introspection_c
[0.243s] -- Using all available rosidl_typesupport_cpp: rosidl_typesupport_fastrtps_cpp;rosidl_typesupport_introspection_cpp
[0.327s] -- Found rmw_implementation_cmake: 6.1.1 (/opt/ros/humble/share/rmw_implementation_cmake/cmake)
[0.329s] -- Found rmw_fastrtps_cpp: 6.2.2 (/opt/ros/humble/share/rmw_fastrtps_cpp/cmake)
[0.521s] -- Using RMW implementation 'rmw_fastrtps_cpp' as default
[0.800s] -- Found fake_ar_publisher: 0.0.0 (/home/stan/workspace/ws_ur_hv/install/fake_ar_publisher/share/fake_ar_publisher/cmake)
[1.544s] -- Found tf2: 0.25.2 (/opt/ros/humble/share/tf2/cmake)
[1.562s] -- Found tf2_ros: 0.25.2 (/opt/ros/humble/share/tf2_ros/cmake)
[2.050s] -- Found tf2_geometry_msgs: 0.25.2 (/opt/ros/humble/share/tf2_geometry_msgs/cmake)
[2.056s] -- Found eigen3_cmake_module: 0.1.1 (/opt/ros/humble/share/eigen3_cmake_module/cmake)
[2.059s] -- Ensuring Eigen3 include directory is part of orocos-kdl CMake target
[2.072s] -- Found moveit_msgs: 2.2.1 (/opt/ros/humble/share/moveit_msgs/cmake)
[2.873s] -- Found moveit_ros_planning_interface: 2.5.4 (/opt/ros/humble/share/moveit_ros_planning_interface/cmake)
[2.888s] -- Found Boost: /usr/lib/x86_64-linux-gnu/cmake/Boost-1.74.0/BoostConfig.cmake (found version "1.74.0") found components: date_time filesystem program_options system thread 
[2.936s] -- Found Boost: /usr/lib/x86_64-linux-gnu/cmake/Boost-1.74.0/BoostConfig.cmake (found version "1.74.0") found components: chrono date_time filesystem iostreams program_options regex serialization system thread 
[2.951s] -- Found Boost: /usr/lib/x86_64-linux-gnu/cmake/Boost-1.74.0/BoostConfig.cmake (found version "1.74.0") found components: filesystem 
[3.000s] -- library: /usr/lib/x86_64-linux-gnu/libcurl.so
[3.303s] -- Found Boost: /usr/lib/x86_64-linux-gnu/cmake/Boost-1.74.0/BoostConfig.cmake (found version "1.74.0") found components: system filesystem date_time program_options thread chrono 
[3.908s] -- Found Boost: /usr/lib/x86_64-linux-gnu/cmake/Boost-1.74.0/BoostConfig.cmake (found version "1.74.0") found components: thread system filesystem regex date_time program_options 
[4.192s] -- Found Boost: /usr/lib/x86_64-linux-gnu/cmake/Boost-1.74.0/BoostConfig.cmake (found version "1.74.0") found components: system filesystem date_time program_options thread 
[4.685s] -- Found rosidl_default_generators: 1.2.0 (/opt/ros/humble/share/rosidl_default_generators/cmake)
[4.965s] -- Found ament_cmake_ros: 0.10.0 (/opt/ros/humble/share/ament_cmake_ros/cmake)
[5.313s] -- Using all available rosidl_typesupport_c: rosidl_typesupport_fastrtps_c;rosidl_typesupport_introspection_c
[5.494s] -- Using all available rosidl_typesupport_cpp: rosidl_typesupport_fastrtps_cpp;rosidl_typesupport_introspection_cpp
[5.519s] -- Found python_cmake_module: 0.10.0 (/opt/ros/humble/share/python_cmake_module/cmake)
[5.552s] -- Using PYTHON_EXECUTABLE: /usr/bin/python3
[5.552s] -- Using PYTHON_INCLUDE_DIRS: /usr/include/python3.10
[5.552s] -- Using PYTHON_LIBRARIES: /usr/lib/x86_64-linux-gnu/libpython3.10.so
[5.608s] -- Found ament_lint_auto: 0.12.6 (/opt/ros/humble/share/ament_lint_auto/cmake)
[5.620s] -- Added test 'cppcheck' to perform static code analysis on C / C++ code
[5.621s] -- Configured cppcheck include dirs: 
[5.621s] -- Configured cppcheck exclude dirs and/or files: 
[5.622s] -- Added test 'lint_cmake' to check CMake code style
[5.623s] -- Added test 'uncrustify' to check C / C++ code style
[5.623s] -- Configured uncrustify additional arguments: 
[5.623s] -- Added test 'xmllint' to check XML markup files
[5.627s] -- Configuring done (5.6s)
[5.637s] [31mCMake Error at CMakeLists.txt:36 (add_executable):
[5.638s]   Cannot find source file:
[5.638s] 
[5.638s]     src/myworkcell_node.cpp
[5.639s] 
[5.639s]   Tried extensions .c .C .c++ .cc .cpp .cxx .cu .mpp .m .M .mm .ixx .cppm .h
[5.639s]   .hh .h++ .hm .hpp .hxx .in .txx .f .F .for .f77 .f90 .f95 .f03 .hip .ispc
[5.639s] 
[5.640s] [0m
[5.645s] [31mCMake Error at CMakeLists.txt:36 (add_executable):
[5.645s]   No SOURCES given to target: myworkcell_node
[5.645s] 
[5.645s] [0m
[5.646s] [0mCMake Generate step failed.  Build files cannot be regenerated correctly.[0m
[5.662s] gmake: *** [Makefile:788: cmake_check_build_system] Error 1
[5.669s] Invoked command in '/home/stan/workspace/ws_ur_hv/build/workcell_core' returned '2': AMENT_PREFIX_PATH=/home/stan/workspace/ws_ur_hv/install/fake_ar_publisher:${AMENT_PREFIX_PATH} CMAKE_PREFIX_PATH=/home/stan/workspace/ws_ur_hv/install/fake_ar_publisher:/opt/ros/humble LD_LIBRARY_PATH=/home/stan/workspace/ws_ur_hv/install/fake_ar_publisher/lib:${LD_LIBRARY_PATH} PYTHONPATH=/home/stan/workspace/ws_ur_hv/install/fake_ar_publisher/local/lib/python3.10/dist-packages:${PYTHONPATH} /home/stan/.local/bin/cmake --build /home/stan/workspace/ws_ur_hv/build/workcell_core -- -j12 -l12
