[0.019s] Invoking command in '/home/stan/workspace/ws_ur_hv/build/hello_moveit_ur': AMENT_PREFIX_PATH=/home/stan/workspace/ws_ur_hv/install/ur_robot_driver:/home/stan/workspace/ws_ur_hv/install/ur_controllers:/home/stan/workspace/ws_ur_hv/install/ur_description:/home/stan/workspace/ws_ur_hv/install/ur_dashboard_msgs:${AMENT_PREFIX_PATH} CMAKE_PREFIX_PATH=/home/stan/workspace/ws_ur_hv/install/ur_robot_driver:/home/stan/workspace/ws_ur_hv/install/ur_controllers:/home/stan/workspace/ws_ur_hv/install/ur_description:/home/stan/workspace/ws_ur_hv/install/ur_dashboard_msgs:/opt/ros/humble LD_LIBRARY_PATH=/home/stan/workspace/ws_ur_hv/install/ur_robot_driver/lib:/home/stan/workspace/ws_ur_hv/install/ur_controllers/lib:/home/stan/workspace/ws_ur_hv/install/ur_dashboard_msgs/lib:${LD_LIBRARY_PATH} PATH=/home/stan/workspace/ws_ur_hv/install/ur_robot_driver/bin:${PATH} PYTHONPATH=/home/stan/workspace/ws_ur_hv/install/ur_robot_driver/local/lib/python3.10/dist-packages:/home/stan/workspace/ws_ur_hv/install/ur_dashboard_msgs/local/lib/python3.10/dist-packages:${PYTHONPATH} /home/stan/.local/bin/cmake /home/stan/workspace/ws_ur_hv/src/hello_moveit_ur -DCMAKE_BUILD_TYPE=Release -DCMAKE_INSTALL_PREFIX=/home/stan/workspace/ws_ur_hv/install/hello_moveit_ur
[0.056s] -- Found ament_cmake: 1.3.5 (/opt/ros/humble/share/ament_cmake/cmake)
[0.189s] -- Found moveit_ros_planning_interface: 2.5.4 (/opt/ros/humble/share/moveit_ros_planning_interface/cmake)
[0.212s] -- Found Boost: /usr/lib/x86_64-linux-gnu/cmake/Boost-1.74.0/BoostConfig.cmake (found version "1.74.0") found components: date_time filesystem program_options system thread 
[0.252s] -- Found rosidl_generator_c: 3.1.4 (/opt/ros/humble/share/rosidl_generator_c/cmake)
[0.256s] -- Found rosidl_adapter: 3.1.4 (/opt/ros/humble/share/rosidl_adapter/cmake)
[0.264s] -- Found rosidl_generator_cpp: 3.1.4 (/opt/ros/humble/share/rosidl_generator_cpp/cmake)
[0.280s] -- Using all available rosidl_typesupport_c: rosidl_typesupport_fastrtps_c;rosidl_typesupport_introspection_c
[0.303s] -- Using all available rosidl_typesupport_cpp: rosidl_typesupport_fastrtps_cpp;rosidl_typesupport_introspection_cpp
[1.436s] -- Found Boost: /usr/lib/x86_64-linux-gnu/cmake/Boost-1.74.0/BoostConfig.cmake (found version "1.74.0") found components: chrono date_time filesystem iostreams program_options regex serialization system thread 
[1.455s] -- Found Boost: /usr/lib/x86_64-linux-gnu/cmake/Boost-1.74.0/BoostConfig.cmake (found version "1.74.0") found components: filesystem 
[1.537s] -- Found rmw_implementation_cmake: 6.1.1 (/opt/ros/humble/share/rmw_implementation_cmake/cmake)
[1.539s] -- Found rmw_fastrtps_cpp: 6.2.2 (/opt/ros/humble/share/rmw_fastrtps_cpp/cmake)
[1.688s] -- Using RMW implementation 'rmw_fastrtps_cpp' as default
[1.891s] -- library: /usr/lib/x86_64-linux-gnu/libcurl.so
[2.085s] -- Ensuring Eigen3 include directory is part of orocos-kdl CMake target
[2.730s] -- Found Boost: /usr/lib/x86_64-linux-gnu/cmake/Boost-1.74.0/BoostConfig.cmake (found version "1.74.0") found components: system filesystem date_time program_options thread chrono 
[3.347s] -- Found Boost: /usr/lib/x86_64-linux-gnu/cmake/Boost-1.74.0/BoostConfig.cmake (found version "1.74.0") found components: thread system filesystem regex date_time program_options 
[3.643s] -- Found Boost: /usr/lib/x86_64-linux-gnu/cmake/Boost-1.74.0/BoostConfig.cmake (found version "1.74.0") found components: system filesystem date_time program_options thread 
[4.160s] -- Found ament_lint_auto: 0.12.6 (/opt/ros/humble/share/ament_lint_auto/cmake)
[4.242s] -- Added test 'cppcheck' to perform static code analysis on C / C++ code
[4.242s] -- Configured cppcheck include dirs: $<BUILD_INTERFACE:/home/stan/workspace/ws_ur_hv/src/hello_moveit_ur/include>
[4.243s] -- Configured cppcheck exclude dirs and/or files: 
[4.243s] -- Added test 'flake8' to check Python code syntax and style conventions
[4.243s] -- Added test 'lint_cmake' to check CMake code style
[4.243s] -- Added test 'pep257' to check Python code against some of the docstring style conventions in PEP 257
[4.244s] -- Added test 'uncrustify' to check C / C++ code style
[4.245s] -- Configured uncrustify additional arguments: 
[4.245s] -- Added test 'xmllint' to check XML markup files
[4.246s] -- Configuring done (4.2s)
[4.333s] -- Generating done (0.1s)
[4.338s] -- Build files have been written to: /home/stan/workspace/ws_ur_hv/build/hello_moveit_ur
[4.360s] Invoked command in '/home/stan/workspace/ws_ur_hv/build/hello_moveit_ur' returned '0': AMENT_PREFIX_PATH=/home/stan/workspace/ws_ur_hv/install/ur_robot_driver:/home/stan/workspace/ws_ur_hv/install/ur_controllers:/home/stan/workspace/ws_ur_hv/install/ur_description:/home/stan/workspace/ws_ur_hv/install/ur_dashboard_msgs:${AMENT_PREFIX_PATH} CMAKE_PREFIX_PATH=/home/stan/workspace/ws_ur_hv/install/ur_robot_driver:/home/stan/workspace/ws_ur_hv/install/ur_controllers:/home/stan/workspace/ws_ur_hv/install/ur_description:/home/stan/workspace/ws_ur_hv/install/ur_dashboard_msgs:/opt/ros/humble LD_LIBRARY_PATH=/home/stan/workspace/ws_ur_hv/install/ur_robot_driver/lib:/home/stan/workspace/ws_ur_hv/install/ur_controllers/lib:/home/stan/workspace/ws_ur_hv/install/ur_dashboard_msgs/lib:${LD_LIBRARY_PATH} PATH=/home/stan/workspace/ws_ur_hv/install/ur_robot_driver/bin:${PATH} PYTHONPATH=/home/stan/workspace/ws_ur_hv/install/ur_robot_driver/local/lib/python3.10/dist-packages:/home/stan/workspace/ws_ur_hv/install/ur_dashboard_msgs/local/lib/python3.10/dist-packages:${PYTHONPATH} /home/stan/.local/bin/cmake /home/stan/workspace/ws_ur_hv/src/hello_moveit_ur -DCMAKE_BUILD_TYPE=Release -DCMAKE_INSTALL_PREFIX=/home/stan/workspace/ws_ur_hv/install/hello_moveit_ur
[4.363s] Invoking command in '/home/stan/workspace/ws_ur_hv/build/hello_moveit_ur': AMENT_PREFIX_PATH=/home/stan/workspace/ws_ur_hv/install/ur_robot_driver:/home/stan/workspace/ws_ur_hv/install/ur_controllers:/home/stan/workspace/ws_ur_hv/install/ur_description:/home/stan/workspace/ws_ur_hv/install/ur_dashboard_msgs:${AMENT_PREFIX_PATH} CMAKE_PREFIX_PATH=/home/stan/workspace/ws_ur_hv/install/ur_robot_driver:/home/stan/workspace/ws_ur_hv/install/ur_controllers:/home/stan/workspace/ws_ur_hv/install/ur_description:/home/stan/workspace/ws_ur_hv/install/ur_dashboard_msgs:/opt/ros/humble LD_LIBRARY_PATH=/home/stan/workspace/ws_ur_hv/install/ur_robot_driver/lib:/home/stan/workspace/ws_ur_hv/install/ur_controllers/lib:/home/stan/workspace/ws_ur_hv/install/ur_dashboard_msgs/lib:${LD_LIBRARY_PATH} PATH=/home/stan/workspace/ws_ur_hv/install/ur_robot_driver/bin:${PATH} PYTHONPATH=/home/stan/workspace/ws_ur_hv/install/ur_robot_driver/local/lib/python3.10/dist-packages:/home/stan/workspace/ws_ur_hv/install/ur_dashboard_msgs/local/lib/python3.10/dist-packages:${PYTHONPATH} /home/stan/.local/bin/cmake --build /home/stan/workspace/ws_ur_hv/build/hello_moveit_ur -- -j12 -l12
[4.479s] [ 83%] Built target hello_moveit_ur
[4.479s] [ 83%] Built target moveit_eval
[4.479s] [100%] Built target point_to_point
[4.487s] Invoked command in '/home/stan/workspace/ws_ur_hv/build/hello_moveit_ur' returned '0': AMENT_PREFIX_PATH=/home/stan/workspace/ws_ur_hv/install/ur_robot_driver:/home/stan/workspace/ws_ur_hv/install/ur_controllers:/home/stan/workspace/ws_ur_hv/install/ur_description:/home/stan/workspace/ws_ur_hv/install/ur_dashboard_msgs:${AMENT_PREFIX_PATH} CMAKE_PREFIX_PATH=/home/stan/workspace/ws_ur_hv/install/ur_robot_driver:/home/stan/workspace/ws_ur_hv/install/ur_controllers:/home/stan/workspace/ws_ur_hv/install/ur_description:/home/stan/workspace/ws_ur_hv/install/ur_dashboard_msgs:/opt/ros/humble LD_LIBRARY_PATH=/home/stan/workspace/ws_ur_hv/install/ur_robot_driver/lib:/home/stan/workspace/ws_ur_hv/install/ur_controllers/lib:/home/stan/workspace/ws_ur_hv/install/ur_dashboard_msgs/lib:${LD_LIBRARY_PATH} PATH=/home/stan/workspace/ws_ur_hv/install/ur_robot_driver/bin:${PATH} PYTHONPATH=/home/stan/workspace/ws_ur_hv/install/ur_robot_driver/local/lib/python3.10/dist-packages:/home/stan/workspace/ws_ur_hv/install/ur_dashboard_msgs/local/lib/python3.10/dist-packages:${PYTHONPATH} /home/stan/.local/bin/cmake --build /home/stan/workspace/ws_ur_hv/build/hello_moveit_ur -- -j12 -l12
[4.536s] Invoking command in '/home/stan/workspace/ws_ur_hv/build/hello_moveit_ur': AMENT_PREFIX_PATH=/home/stan/workspace/ws_ur_hv/install/ur_robot_driver:/home/stan/workspace/ws_ur_hv/install/ur_controllers:/home/stan/workspace/ws_ur_hv/install/ur_description:/home/stan/workspace/ws_ur_hv/install/ur_dashboard_msgs:${AMENT_PREFIX_PATH} CMAKE_PREFIX_PATH=/home/stan/workspace/ws_ur_hv/install/ur_robot_driver:/home/stan/workspace/ws_ur_hv/install/ur_controllers:/home/stan/workspace/ws_ur_hv/install/ur_description:/home/stan/workspace/ws_ur_hv/install/ur_dashboard_msgs:/opt/ros/humble LD_LIBRARY_PATH=/home/stan/workspace/ws_ur_hv/install/ur_robot_driver/lib:/home/stan/workspace/ws_ur_hv/install/ur_controllers/lib:/home/stan/workspace/ws_ur_hv/install/ur_dashboard_msgs/lib:${LD_LIBRARY_PATH} PATH=/home/stan/workspace/ws_ur_hv/install/ur_robot_driver/bin:${PATH} PYTHONPATH=/home/stan/workspace/ws_ur_hv/install/ur_robot_driver/local/lib/python3.10/dist-packages:/home/stan/workspace/ws_ur_hv/install/ur_dashboard_msgs/local/lib/python3.10/dist-packages:${PYTHONPATH} /home/stan/.local/bin/cmake --install /home/stan/workspace/ws_ur_hv/build/hello_moveit_ur
[4.566s] -- Install configuration: "Release"
[4.567s] -- Up-to-date: /home/stan/workspace/ws_ur_hv/install/hello_moveit_ur/lib/hello_moveit_ur/hello_moveit_ur
[4.568s] -- Up-to-date: /home/stan/workspace/ws_ur_hv/install/hello_moveit_ur/lib/hello_moveit_ur/point_to_point
[4.569s] -- Up-to-date: /home/stan/workspace/ws_ur_hv/install/hello_moveit_ur/lib/hello_moveit_ur/moveit_eval
[4.570s] -- Up-to-date: /home/stan/workspace/ws_ur_hv/install/hello_moveit_ur/share/hello_moveit_ur//launch
[4.570s] -- Up-to-date: /home/stan/workspace/ws_ur_hv/install/hello_moveit_ur/share/hello_moveit_ur//launch/moveit_eval_launch.py
[4.570s] -- Up-to-date: /home/stan/workspace/ws_ur_hv/install/hello_moveit_ur/share/hello_moveit_ur//launch/moveit_commons.py
[4.570s] -- Up-to-date: /home/stan/workspace/ws_ur_hv/install/hello_moveit_ur/share/hello_moveit_ur//launch/hello_point_to_point.launch.py
[4.570s] -- Up-to-date: /home/stan/workspace/ws_ur_hv/install/hello_moveit_ur/share/hello_moveit_ur//launch/hello_moveit_ur_launch.py
[4.571s] -- Up-to-date: /home/stan/workspace/ws_ur_hv/install/hello_moveit_ur/share/ament_index/resource_index/package_run_dependencies/hello_moveit_ur
[4.571s] -- Up-to-date: /home/stan/workspace/ws_ur_hv/install/hello_moveit_ur/share/ament_index/resource_index/parent_prefix_path/hello_moveit_ur
[4.571s] -- Up-to-date: /home/stan/workspace/ws_ur_hv/install/hello_moveit_ur/share/hello_moveit_ur/environment/ament_prefix_path.sh
[4.571s] -- Installing: /home/stan/workspace/ws_ur_hv/install/hello_moveit_ur/share/hello_moveit_ur/environment/ament_prefix_path.dsv
[4.571s] -- Up-to-date: /home/stan/workspace/ws_ur_hv/install/hello_moveit_ur/share/hello_moveit_ur/environment/path.sh
[4.572s] -- Installing: /home/stan/workspace/ws_ur_hv/install/hello_moveit_ur/share/hello_moveit_ur/environment/path.dsv
[4.572s] -- Up-to-date: /home/stan/workspace/ws_ur_hv/install/hello_moveit_ur/share/hello_moveit_ur/local_setup.bash
[4.572s] -- Up-to-date: /home/stan/workspace/ws_ur_hv/install/hello_moveit_ur/share/hello_moveit_ur/local_setup.sh
[4.572s] -- Up-to-date: /home/stan/workspace/ws_ur_hv/install/hello_moveit_ur/share/hello_moveit_ur/local_setup.zsh
[4.572s] -- Installing: /home/stan/workspace/ws_ur_hv/install/hello_moveit_ur/share/hello_moveit_ur/local_setup.dsv
[4.572s] -- Installing: /home/stan/workspace/ws_ur_hv/install/hello_moveit_ur/share/hello_moveit_ur/package.dsv
[4.572s] -- Up-to-date: /home/stan/workspace/ws_ur_hv/install/hello_moveit_ur/share/ament_index/resource_index/packages/hello_moveit_ur
[4.573s] -- Up-to-date: /home/stan/workspace/ws_ur_hv/install/hello_moveit_ur/share/hello_moveit_ur/cmake/hello_moveit_urConfig.cmake
[4.573s] -- Up-to-date: /home/stan/workspace/ws_ur_hv/install/hello_moveit_ur/share/hello_moveit_ur/cmake/hello_moveit_urConfig-version.cmake
[4.573s] -- Up-to-date: /home/stan/workspace/ws_ur_hv/install/hello_moveit_ur/share/hello_moveit_ur/package.xml
[4.580s] Invoked command in '/home/stan/workspace/ws_ur_hv/build/hello_moveit_ur' returned '0': AMENT_PREFIX_PATH=/home/stan/workspace/ws_ur_hv/install/ur_robot_driver:/home/stan/workspace/ws_ur_hv/install/ur_controllers:/home/stan/workspace/ws_ur_hv/install/ur_description:/home/stan/workspace/ws_ur_hv/install/ur_dashboard_msgs:${AMENT_PREFIX_PATH} CMAKE_PREFIX_PATH=/home/stan/workspace/ws_ur_hv/install/ur_robot_driver:/home/stan/workspace/ws_ur_hv/install/ur_controllers:/home/stan/workspace/ws_ur_hv/install/ur_description:/home/stan/workspace/ws_ur_hv/install/ur_dashboard_msgs:/opt/ros/humble LD_LIBRARY_PATH=/home/stan/workspace/ws_ur_hv/install/ur_robot_driver/lib:/home/stan/workspace/ws_ur_hv/install/ur_controllers/lib:/home/stan/workspace/ws_ur_hv/install/ur_dashboard_msgs/lib:${LD_LIBRARY_PATH} PATH=/home/stan/workspace/ws_ur_hv/install/ur_robot_driver/bin:${PATH} PYTHONPATH=/home/stan/workspace/ws_ur_hv/install/ur_robot_driver/local/lib/python3.10/dist-packages:/home/stan/workspace/ws_ur_hv/install/ur_dashboard_msgs/local/lib/python3.10/dist-packages:${PYTHONPATH} /home/stan/.local/bin/cmake --install /home/stan/workspace/ws_ur_hv/build/hello_moveit_ur
