[0.029s] Invoking command in '/home/stan/workspace/ws_ur_hv/build/robotiq_description': CMAKE_PREFIX_PATH=/opt/ros/humble /home/stan/.local/bin/cmake /home/stan/workspace/ws_ur_hv/src/ros2_robotiq_gripper/robotiq_description -DCMAKE_BUILD_TYPE=Release -DCMAKE_INSTALL_PREFIX=/home/stan/workspace/ws_ur_hv/install/robotiq_description
[0.064s] -- Found ament_cmake: 1.3.5 (/opt/ros/humble/share/ament_cmake/cmake)
[0.222s] -- Override CMake install command with custom implementation using symlinks instead of copying resources
[0.311s] -- Configuring done (0.3s)
[0.316s] -- Generating done (0.0s)
[0.317s] -- Build files have been written to: /home/stan/workspace/ws_ur_hv/build/robotiq_description
[0.328s] Invoked command in '/home/stan/workspace/ws_ur_hv/build/robotiq_description' returned '0': CMAKE_PREFIX_PATH=/opt/ros/humble /home/stan/.local/bin/cmake /home/stan/workspace/ws_ur_hv/src/ros2_robotiq_gripper/robotiq_description -DCMAKE_BUILD_TYPE=Release -DCMAKE_INSTALL_PREFIX=/home/stan/workspace/ws_ur_hv/install/robotiq_description
[0.331s] Invoking command in '/home/stan/workspace/ws_ur_hv/build/robotiq_description': CMAKE_PREFIX_PATH=/opt/ros/humble /home/stan/.local/bin/cmake --build /home/stan/workspace/ws_ur_hv/build/robotiq_description -- -j12 -l12
[0.380s] Invoked command in '/home/stan/workspace/ws_ur_hv/build/robotiq_description' returned '0': CMAKE_PREFIX_PATH=/opt/ros/humble /home/stan/.local/bin/cmake --build /home/stan/workspace/ws_ur_hv/build/robotiq_description -- -j12 -l12
[0.455s] Invoking command in '/home/stan/workspace/ws_ur_hv/build/robotiq_description': CMAKE_PREFIX_PATH=/opt/ros/humble /home/stan/.local/bin/cmake --install /home/stan/workspace/ws_ur_hv/build/robotiq_description
[0.481s] -- Install configuration: "Release"
[0.482s] -- Execute custom install script
[0.482s] -- Up-to-date symlink: /home/stan/workspace/ws_ur_hv/install/robotiq_description/share/robotiq_description/urdf/robotiq_2f_85_gripper.urdf.xacro
[0.482s] -- Up-to-date symlink: /home/stan/workspace/ws_ur_hv/install/robotiq_description/share/robotiq_description/urdf/robotiq_2f_85_macro.urdf.xacro
[0.482s] -- Up-to-date symlink: /home/stan/workspace/ws_ur_hv/install/robotiq_description/share/robotiq_description/urdf/robotiq_gripper.ros2_control.xacro
[0.483s] -- Up-to-date symlink: /home/stan/workspace/ws_ur_hv/install/robotiq_description/share/robotiq_description/urdf/ur_to_robotiq_adapter.urdf.xacro
[0.483s] -- Up-to-date symlink: /home/stan/workspace/ws_ur_hv/install/robotiq_description/share/robotiq_description/launch/view_gripper.launch.py
[0.483s] -- Up-to-date symlink: /home/stan/workspace/ws_ur_hv/install/robotiq_description/share/robotiq_description/rviz/view_urdf.rviz
[0.484s] -- Up-to-date symlink: /home/stan/workspace/ws_ur_hv/install/robotiq_description/share/robotiq_description/meshes/collision/left_finger.stl
[0.484s] -- Up-to-date symlink: /home/stan/workspace/ws_ur_hv/install/robotiq_description/share/robotiq_description/meshes/collision/left_finger_tip.stl
[0.484s] -- Up-to-date symlink: /home/stan/workspace/ws_ur_hv/install/robotiq_description/share/robotiq_description/meshes/collision/left_inner_knuckle.stl
[0.484s] -- Up-to-date symlink: /home/stan/workspace/ws_ur_hv/install/robotiq_description/share/robotiq_description/meshes/collision/left_knuckle.stl
[0.485s] -- Up-to-date symlink: /home/stan/workspace/ws_ur_hv/install/robotiq_description/share/robotiq_description/meshes/collision/right_finger.stl
[0.485s] -- Up-to-date symlink: /home/stan/workspace/ws_ur_hv/install/robotiq_description/share/robotiq_description/meshes/collision/right_finger_tip.stl
[0.485s] -- Up-to-date symlink: /home/stan/workspace/ws_ur_hv/install/robotiq_description/share/robotiq_description/meshes/collision/right_inner_knuckle.stl
[0.485s] -- Up-to-date symlink: /home/stan/workspace/ws_ur_hv/install/robotiq_description/share/robotiq_description/meshes/collision/right_knuckle.stl
[0.486s] -- Up-to-date symlink: /home/stan/workspace/ws_ur_hv/install/robotiq_description/share/robotiq_description/meshes/collision/robotiq_base.stl
[0.486s] -- Up-to-date symlink: /home/stan/workspace/ws_ur_hv/install/robotiq_description/share/robotiq_description/meshes/collision/ur_to_robotiq_adapter.stl
[0.486s] -- Up-to-date symlink: /home/stan/workspace/ws_ur_hv/install/robotiq_description/share/robotiq_description/meshes/visual/left_finger.dae
[0.486s] -- Up-to-date symlink: /home/stan/workspace/ws_ur_hv/install/robotiq_description/share/robotiq_description/meshes/visual/left_finger_tip.dae
[0.487s] -- Up-to-date symlink: /home/stan/workspace/ws_ur_hv/install/robotiq_description/share/robotiq_description/meshes/visual/left_inner_knuckle.dae
[0.487s] -- Up-to-date symlink: /home/stan/workspace/ws_ur_hv/install/robotiq_description/share/robotiq_description/meshes/visual/left_knuckle.dae
[0.487s] -- Up-to-date symlink: /home/stan/workspace/ws_ur_hv/install/robotiq_description/share/robotiq_description/meshes/visual/right_finger.dae
[0.487s] -- Up-to-date symlink: /home/stan/workspace/ws_ur_hv/install/robotiq_description/share/robotiq_description/meshes/visual/right_finger_tip.dae
[0.488s] -- Up-to-date symlink: /home/stan/workspace/ws_ur_hv/install/robotiq_description/share/robotiq_description/meshes/visual/right_inner_knuckle.dae
[0.488s] -- Up-to-date symlink: /home/stan/workspace/ws_ur_hv/install/robotiq_description/share/robotiq_description/meshes/visual/right_knuckle.dae
[0.488s] -- Up-to-date symlink: /home/stan/workspace/ws_ur_hv/install/robotiq_description/share/robotiq_description/meshes/visual/robotiq_base.dae
[0.489s] -- Up-to-date symlink: /home/stan/workspace/ws_ur_hv/install/robotiq_description/share/robotiq_description/meshes/visual/ur_to_robotiq_adapter.dae
[0.489s] -- Up-to-date symlink: /home/stan/workspace/ws_ur_hv/install/robotiq_description/share/ament_index/resource_index/package_run_dependencies/robotiq_description
[0.489s] -- Up-to-date symlink: /home/stan/workspace/ws_ur_hv/install/robotiq_description/share/ament_index/resource_index/parent_prefix_path/robotiq_description
[0.490s] -- Up-to-date symlink: /home/stan/workspace/ws_ur_hv/install/robotiq_description/share/robotiq_description/environment/ament_prefix_path.sh
[0.490s] -- Up-to-date symlink: /home/stan/workspace/ws_ur_hv/install/robotiq_description/share/robotiq_description/environment/ament_prefix_path.dsv
[0.490s] -- Up-to-date symlink: /home/stan/workspace/ws_ur_hv/install/robotiq_description/share/robotiq_description/environment/path.sh
[0.490s] -- Up-to-date symlink: /home/stan/workspace/ws_ur_hv/install/robotiq_description/share/robotiq_description/environment/path.dsv
[0.490s] -- Up-to-date symlink: /home/stan/workspace/ws_ur_hv/install/robotiq_description/share/robotiq_description/local_setup.bash
[0.491s] -- Up-to-date symlink: /home/stan/workspace/ws_ur_hv/install/robotiq_description/share/robotiq_description/local_setup.sh
[0.491s] -- Up-to-date symlink: /home/stan/workspace/ws_ur_hv/install/robotiq_description/share/robotiq_description/local_setup.zsh
[0.491s] -- Up-to-date symlink: /home/stan/workspace/ws_ur_hv/install/robotiq_description/share/robotiq_description/local_setup.dsv
[0.491s] -- Symlinking: /home/stan/workspace/ws_ur_hv/install/robotiq_description/share/robotiq_description/package.dsv
[0.492s] -- Up-to-date symlink: /home/stan/workspace/ws_ur_hv/install/robotiq_description/share/ament_index/resource_index/packages/robotiq_description
[0.492s] -- Up-to-date symlink: /home/stan/workspace/ws_ur_hv/install/robotiq_description/share/robotiq_description/cmake/robotiq_descriptionConfig.cmake
[0.492s] -- Up-to-date symlink: /home/stan/workspace/ws_ur_hv/install/robotiq_description/share/robotiq_description/cmake/robotiq_descriptionConfig-version.cmake
[0.492s] -- Up-to-date symlink: /home/stan/workspace/ws_ur_hv/install/robotiq_description/share/robotiq_description/package.xml
[0.500s] Invoked command in '/home/stan/workspace/ws_ur_hv/build/robotiq_description' returned '0': CMAKE_PREFIX_PATH=/opt/ros/humble /home/stan/.local/bin/cmake --install /home/stan/workspace/ws_ur_hv/build/robotiq_description
