[0.010s] Invoking command in '/home/stan/workspace/ws_ur_hv/build/ur_moveit_config': AMENT_PREFIX_PATH=/home/stan/workspace/ws_ur_hv/install/ur_description:${AMENT_PREFIX_PATH} CMAKE_PREFIX_PATH=/home/stan/workspace/ws_ur_hv/install/ur_description:/opt/ros/humble /home/stan/.local/bin/cmake /home/stan/workspace/ws_ur_hv/src/Universal_Robots_ROS2_Driver/ur_moveit_config -DCMAKE_INSTALL_PREFIX=/home/stan/workspace/ws_ur_hv/install/ur_moveit_config
[0.059s] -- Found ament_cmake: 1.3.5 (/opt/ros/humble/share/ament_cmake/cmake)
[0.392s] -- Configuring done (0.3s)
[0.411s] -- Generating done (0.0s)
[0.411s] -- Build files have been written to: /home/stan/workspace/ws_ur_hv/build/ur_moveit_config
[0.442s] Invoked command in '/home/stan/workspace/ws_ur_hv/build/ur_moveit_config' returned '0': AMENT_PREFIX_PATH=/home/stan/workspace/ws_ur_hv/install/ur_description:${AMENT_PREFIX_PATH} CMAKE_PREFIX_PATH=/home/stan/workspace/ws_ur_hv/install/ur_description:/opt/ros/humble /home/stan/.local/bin/cmake /home/stan/workspace/ws_ur_hv/src/Universal_Robots_ROS2_Driver/ur_moveit_config -DCMAKE_INSTALL_PREFIX=/home/stan/workspace/ws_ur_hv/install/ur_moveit_config
[0.443s] Invoking command in '/home/stan/workspace/ws_ur_hv/build/ur_moveit_config': AMENT_PREFIX_PATH=/home/stan/workspace/ws_ur_hv/install/ur_description:${AMENT_PREFIX_PATH} CMAKE_PREFIX_PATH=/home/stan/workspace/ws_ur_hv/install/ur_description:/opt/ros/humble /home/stan/.local/bin/cmake --build /home/stan/workspace/ws_ur_hv/build/ur_moveit_config -- -j12 -l12
[0.503s] Built target ament_cmake_python_copy_ur_moveit_config
[0.909s] running egg_info
[0.910s] writing ur_moveit_config.egg-info/PKG-INFO
[0.910s] writing dependency_links to ur_moveit_config.egg-info/dependency_links.txt
[0.910s] writing top-level names to ur_moveit_config.egg-info/top_level.txt
[0.913s] reading manifest file 'ur_moveit_config.egg-info/SOURCES.txt'
[0.914s] writing manifest file 'ur_moveit_config.egg-info/SOURCES.txt'
[0.939s] Built target ament_cmake_python_build_ur_moveit_config_egg
[0.948s] Invoked command in '/home/stan/workspace/ws_ur_hv/build/ur_moveit_config' returned '0': AMENT_PREFIX_PATH=/home/stan/workspace/ws_ur_hv/install/ur_description:${AMENT_PREFIX_PATH} CMAKE_PREFIX_PATH=/home/stan/workspace/ws_ur_hv/install/ur_description:/opt/ros/humble /home/stan/.local/bin/cmake --build /home/stan/workspace/ws_ur_hv/build/ur_moveit_config -- -j12 -l12
[0.998s] Invoking command in '/home/stan/workspace/ws_ur_hv/build/ur_moveit_config': AMENT_PREFIX_PATH=/home/stan/workspace/ws_ur_hv/install/ur_description:${AMENT_PREFIX_PATH} CMAKE_PREFIX_PATH=/home/stan/workspace/ws_ur_hv/install/ur_description:/opt/ros/humble /home/stan/.local/bin/cmake --install /home/stan/workspace/ws_ur_hv/build/ur_moveit_config
[1.034s] -- Install configuration: "Release"
[1.034s] -- Up-to-date: /home/stan/workspace/ws_ur_hv/install/ur_moveit_config/share/ur_moveit_config/config
[1.034s] -- Up-to-date: /home/stan/workspace/ws_ur_hv/install/ur_moveit_config/share/ur_moveit_config/config/controllers.yaml
[1.034s] -- Up-to-date: /home/stan/workspace/ws_ur_hv/install/ur_moveit_config/share/ur_moveit_config/config/ur_servo.yaml
[1.034s] -- Up-to-date: /home/stan/workspace/ws_ur_hv/install/ur_moveit_config/share/ur_moveit_config/config/kinematics.yaml
[1.034s] -- Up-to-date: /home/stan/workspace/ws_ur_hv/install/ur_moveit_config/share/ur_moveit_config/config/ompl_planning.yaml
[1.034s] -- Up-to-date: /home/stan/workspace/ws_ur_hv/install/ur_moveit_config/share/ur_moveit_config/launch
[1.034s] -- Up-to-date: /home/stan/workspace/ws_ur_hv/install/ur_moveit_config/share/ur_moveit_config/launch/ur_moveit.launch.py
[1.034s] -- Up-to-date: /home/stan/workspace/ws_ur_hv/install/ur_moveit_config/share/ur_moveit_config/rviz
[1.035s] -- Up-to-date: /home/stan/workspace/ws_ur_hv/install/ur_moveit_config/share/ur_moveit_config/rviz/view_robot.rviz
[1.035s] -- Up-to-date: /home/stan/workspace/ws_ur_hv/install/ur_moveit_config/share/ur_moveit_config/srdf
[1.035s] -- Up-to-date: /home/stan/workspace/ws_ur_hv/install/ur_moveit_config/share/ur_moveit_config/srdf/ur_macro.srdf.xacro
[1.035s] -- Up-to-date: /home/stan/workspace/ws_ur_hv/install/ur_moveit_config/share/ur_moveit_config/srdf/ur.srdf.xacro
[1.035s] -- Up-to-date: /home/stan/workspace/ws_ur_hv/install/ur_moveit_config/share/ur_moveit_config/environment/pythonpath.sh
[1.035s] -- Installing: /home/stan/workspace/ws_ur_hv/install/ur_moveit_config/share/ur_moveit_config/environment/pythonpath.dsv
[1.036s] -- Up-to-date: /home/stan/workspace/ws_ur_hv/install/ur_moveit_config/local/lib/python3.10/dist-packages/ur_moveit_config-2.2.6-py3.10.egg-info
[1.036s] -- Installing: /home/stan/workspace/ws_ur_hv/install/ur_moveit_config/local/lib/python3.10/dist-packages/ur_moveit_config-2.2.6-py3.10.egg-info/PKG-INFO
[1.036s] -- Installing: /home/stan/workspace/ws_ur_hv/install/ur_moveit_config/local/lib/python3.10/dist-packages/ur_moveit_config-2.2.6-py3.10.egg-info/top_level.txt
[1.036s] -- Installing: /home/stan/workspace/ws_ur_hv/install/ur_moveit_config/local/lib/python3.10/dist-packages/ur_moveit_config-2.2.6-py3.10.egg-info/dependency_links.txt
[1.036s] -- Installing: /home/stan/workspace/ws_ur_hv/install/ur_moveit_config/local/lib/python3.10/dist-packages/ur_moveit_config-2.2.6-py3.10.egg-info/SOURCES.txt
[1.036s] -- Up-to-date: /home/stan/workspace/ws_ur_hv/install/ur_moveit_config/local/lib/python3.10/dist-packages/ur_moveit_config
[1.037s] -- Up-to-date: /home/stan/workspace/ws_ur_hv/install/ur_moveit_config/local/lib/python3.10/dist-packages/ur_moveit_config/__init__.py
[1.037s] -- Up-to-date: /home/stan/workspace/ws_ur_hv/install/ur_moveit_config/local/lib/python3.10/dist-packages/ur_moveit_config/launch_common.py
[1.067s] Listing '/home/stan/workspace/ws_ur_hv/install/ur_moveit_config/local/lib/python3.10/dist-packages/ur_moveit_config'...
[1.071s] -- Up-to-date: /home/stan/workspace/ws_ur_hv/install/ur_moveit_config/local/lib/python3.10/dist-packages/launch_common.py
[1.105s] -- Up-to-date: /home/stan/workspace/ws_ur_hv/install/ur_moveit_config/share/ament_index/resource_index/package_run_dependencies/ur_moveit_config
[1.106s] -- Up-to-date: /home/stan/workspace/ws_ur_hv/install/ur_moveit_config/share/ament_index/resource_index/parent_prefix_path/ur_moveit_config
[1.106s] -- Up-to-date: /home/stan/workspace/ws_ur_hv/install/ur_moveit_config/share/ur_moveit_config/environment/ament_prefix_path.sh
[1.106s] -- Installing: /home/stan/workspace/ws_ur_hv/install/ur_moveit_config/share/ur_moveit_config/environment/ament_prefix_path.dsv
[1.106s] -- Up-to-date: /home/stan/workspace/ws_ur_hv/install/ur_moveit_config/share/ur_moveit_config/environment/path.sh
[1.106s] -- Installing: /home/stan/workspace/ws_ur_hv/install/ur_moveit_config/share/ur_moveit_config/environment/path.dsv
[1.106s] -- Up-to-date: /home/stan/workspace/ws_ur_hv/install/ur_moveit_config/share/ur_moveit_config/local_setup.bash
[1.107s] -- Up-to-date: /home/stan/workspace/ws_ur_hv/install/ur_moveit_config/share/ur_moveit_config/local_setup.sh
[1.107s] -- Up-to-date: /home/stan/workspace/ws_ur_hv/install/ur_moveit_config/share/ur_moveit_config/local_setup.zsh
[1.107s] -- Installing: /home/stan/workspace/ws_ur_hv/install/ur_moveit_config/share/ur_moveit_config/local_setup.dsv
[1.107s] -- Installing: /home/stan/workspace/ws_ur_hv/install/ur_moveit_config/share/ur_moveit_config/package.dsv
[1.107s] -- Up-to-date: /home/stan/workspace/ws_ur_hv/install/ur_moveit_config/share/ament_index/resource_index/packages/ur_moveit_config
[1.107s] -- Up-to-date: /home/stan/workspace/ws_ur_hv/install/ur_moveit_config/share/ur_moveit_config/cmake/ur_moveit_configConfig.cmake
[1.108s] -- Up-to-date: /home/stan/workspace/ws_ur_hv/install/ur_moveit_config/share/ur_moveit_config/cmake/ur_moveit_configConfig-version.cmake
[1.108s] -- Up-to-date: /home/stan/workspace/ws_ur_hv/install/ur_moveit_config/share/ur_moveit_config/package.xml
[1.118s] Invoked command in '/home/stan/workspace/ws_ur_hv/build/ur_moveit_config' returned '0': AMENT_PREFIX_PATH=/home/stan/workspace/ws_ur_hv/install/ur_description:${AMENT_PREFIX_PATH} CMAKE_PREFIX_PATH=/home/stan/workspace/ws_ur_hv/install/ur_description:/opt/ros/humble /home/stan/.local/bin/cmake --install /home/stan/workspace/ws_ur_hv/build/ur_moveit_config
