[0.020s] Invoking command in '/home/stan/workspace/ws_ur_hv/build/workcell_core': AMENT_PREFIX_PATH=/home/stan/workspace/ws_ur_hv/install/fake_ar_publisher:${AMENT_PREFIX_PATH} CMAKE_PREFIX_PATH=/home/stan/workspace/ws_ur_hv/install/fake_ar_publisher:/opt/ros/humble LD_LIBRARY_PATH=/home/stan/workspace/ws_ur_hv/install/fake_ar_publisher/lib:${LD_LIBRARY_PATH} PYTHONPATH=/home/stan/workspace/ws_ur_hv/install/fake_ar_publisher/local/lib/python3.10/dist-packages:${PYTHONPATH} /home/stan/.local/bin/cmake --build /home/stan/workspace/ws_ur_hv/build/workcell_core -- -j12 -l12
[0.062s] -- Found ament_cmake: 1.3.5 (/opt/ros/humble/share/ament_cmake/cmake)
[0.193s] -- Found rclcpp: 16.0.4 (/opt/ros/humble/share/rclcpp/cmake)
[0.240s] -- Found rosidl_generator_c: 3.1.4 (/opt/ros/humble/share/rosidl_generator_c/cmake)
[0.244s] -- Found rosidl_adapter: 3.1.4 (/opt/ros/humble/share/rosidl_adapter/cmake)
[0.251s] -- Found rosidl_generator_cpp: 3.1.4 (/opt/ros/humble/share/rosidl_generator_cpp/cmake)
[0.267s] -- Using all available rosidl_typesupport_c: rosidl_typesupport_fastrtps_c;rosidl_typesupport_introspection_c
[0.292s] -- Using all available rosidl_typesupport_cpp: rosidl_typesupport_fastrtps_cpp;rosidl_typesupport_introspection_cpp
[0.384s] -- Found rmw_implementation_cmake: 6.1.1 (/opt/ros/humble/share/rmw_implementation_cmake/cmake)
[0.386s] -- Found rmw_fastrtps_cpp: 6.2.2 (/opt/ros/humble/share/rmw_fastrtps_cpp/cmake)
[0.559s] -- Using RMW implementation 'rmw_fastrtps_cpp' as default
[0.807s] -- Found fake_ar_publisher: 0.0.0 (/home/stan/workspace/ws_ur_hv/install/fake_ar_publisher/share/fake_ar_publisher/cmake)
[1.345s] -- Found tf2: 0.25.2 (/opt/ros/humble/share/tf2/cmake)
[1.358s] -- Found tf2_ros: 0.25.2 (/opt/ros/humble/share/tf2_ros/cmake)
[1.849s] -- Found tf2_geometry_msgs: 0.25.2 (/opt/ros/humble/share/tf2_geometry_msgs/cmake)
[1.856s] -- Found eigen3_cmake_module: 0.1.1 (/opt/ros/humble/share/eigen3_cmake_module/cmake)
[1.857s] -- Ensuring Eigen3 include directory is part of orocos-kdl CMake target
[1.873s] -- Found moveit_msgs: 2.2.1 (/opt/ros/humble/share/moveit_msgs/cmake)
[2.637s] -- Found moveit_ros_planning_interface: 2.5.4 (/opt/ros/humble/share/moveit_ros_planning_interface/cmake)
[2.651s] -- Found Boost: /usr/lib/x86_64-linux-gnu/cmake/Boost-1.74.0/BoostConfig.cmake (found version "1.74.0") found components: date_time filesystem program_options system thread 
[2.681s] -- Found Boost: /usr/lib/x86_64-linux-gnu/cmake/Boost-1.74.0/BoostConfig.cmake (found version "1.74.0") found components: chrono date_time filesystem iostreams program_options regex serialization system thread 
[2.696s] -- Found Boost: /usr/lib/x86_64-linux-gnu/cmake/Boost-1.74.0/BoostConfig.cmake (found version "1.74.0") found components: filesystem 
[2.743s] -- library: /usr/lib/x86_64-linux-gnu/libcurl.so
[3.040s] -- Found Boost: /usr/lib/x86_64-linux-gnu/cmake/Boost-1.74.0/BoostConfig.cmake (found version "1.74.0") found components: system filesystem date_time program_options thread chrono 
[3.669s] -- Found Boost: /usr/lib/x86_64-linux-gnu/cmake/Boost-1.74.0/BoostConfig.cmake (found version "1.74.0") found components: thread system filesystem regex date_time program_options 
[3.955s] -- Found Boost: /usr/lib/x86_64-linux-gnu/cmake/Boost-1.74.0/BoostConfig.cmake (found version "1.74.0") found components: system filesystem date_time program_options thread 
[4.451s] -- Found rosidl_default_generators: 1.2.0 (/opt/ros/humble/share/rosidl_default_generators/cmake)
[4.732s] -- Found ament_cmake_ros: 0.10.0 (/opt/ros/humble/share/ament_cmake_ros/cmake)
[5.082s] -- Using all available rosidl_typesupport_c: rosidl_typesupport_fastrtps_c;rosidl_typesupport_introspection_c
[5.218s] -- Using all available rosidl_typesupport_cpp: rosidl_typesupport_fastrtps_cpp;rosidl_typesupport_introspection_cpp
[5.243s] -- Found python_cmake_module: 0.10.0 (/opt/ros/humble/share/python_cmake_module/cmake)
[5.269s] -- Using PYTHON_EXECUTABLE: /usr/bin/python3
[5.269s] -- Using PYTHON_INCLUDE_DIRS: /usr/include/python3.10
[5.269s] -- Using PYTHON_LIBRARIES: /usr/lib/x86_64-linux-gnu/libpython3.10.so
[5.326s] -- Found ament_lint_auto: 0.12.6 (/opt/ros/humble/share/ament_lint_auto/cmake)
[5.339s] -- Added test 'cppcheck' to perform static code analysis on C / C++ code
[5.341s] -- Configured cppcheck include dirs: 
[5.341s] -- Configured cppcheck exclude dirs and/or files: 
[5.342s] -- Added test 'lint_cmake' to check CMake code style
[5.343s] -- Added test 'uncrustify' to check C / C++ code style
[5.344s] -- Configured uncrustify additional arguments: 
[5.344s] -- Added test 'xmllint' to check XML markup files
[5.347s] -- Configuring done (5.3s)
[5.465s] -- Generating done (0.1s)
[5.473s] -- Build files have been written to: /home/stan/workspace/ws_ur_hv/build/workcell_core
[5.511s] [  2%] Built target workcell_core__cpp
[5.512s] [ 11%] Built target workcell_core__rosidl_generator_c
[5.516s] [ 11%] Built target ament_cmake_python_copy_workcell_core
[5.524s] [ 20%] Built target workcell_core__rosidl_typesupport_c
[5.526s] [ 28%] Built target workcell_core__rosidl_typesupport_introspection_c
[5.527s] [ 37%] Built target workcell_core__rosidl_typesupport_cpp
[5.528s] [ 45%] Built target workcell_core__rosidl_typesupport_fastrtps_cpp
[5.529s] [ 54%] Built target workcell_core__rosidl_typesupport_introspection_cpp
[5.529s] [ 62%] Built target workcell_core__rosidl_typesupport_fastrtps_c
[5.537s] [ 65%] [32mBuilding CXX object CMakeFiles/workcell_node.dir/src/workcell_node.cpp.o[0m
[5.537s] [ 65%] Built target workcell_core
[5.545s] [ 68%] Built target workcell_core__py
[5.546s] [ 74%] Built target vision_node
[5.557s] [ 80%] Built target workcell_core__rosidl_generator_py
[5.569s] [ 88%] Built target workcell_core__rosidl_typesupport_introspection_c__pyext
[5.569s] [ 91%] Built target workcell_core__rosidl_typesupport_fastrtps_c__pyext
[5.571s] [ 97%] Built target workcell_core__rosidl_typesupport_c__pyext
[5.853s] running egg_info
[5.855s] writing workcell_core.egg-info/PKG-INFO
[5.855s] writing dependency_links to workcell_core.egg-info/dependency_links.txt
[5.855s] writing top-level names to workcell_core.egg-info/top_level.txt
[5.859s] reading manifest file 'workcell_core.egg-info/SOURCES.txt'
[5.863s] writing manifest file 'workcell_core.egg-info/SOURCES.txt'
[5.899s] [ 97%] Built target ament_cmake_python_build_workcell_core_egg
[16.972s] [100%] [32m[1mLinking CXX executable workcell_node[0m
[17.400s] [100%] Built target workcell_node
[17.414s] Invoked command in '/home/stan/workspace/ws_ur_hv/build/workcell_core' returned '0': AMENT_PREFIX_PATH=/home/stan/workspace/ws_ur_hv/install/fake_ar_publisher:${AMENT_PREFIX_PATH} CMAKE_PREFIX_PATH=/home/stan/workspace/ws_ur_hv/install/fake_ar_publisher:/opt/ros/humble LD_LIBRARY_PATH=/home/stan/workspace/ws_ur_hv/install/fake_ar_publisher/lib:${LD_LIBRARY_PATH} PYTHONPATH=/home/stan/workspace/ws_ur_hv/install/fake_ar_publisher/local/lib/python3.10/dist-packages:${PYTHONPATH} /home/stan/.local/bin/cmake --build /home/stan/workspace/ws_ur_hv/build/workcell_core -- -j12 -l12
[17.507s] Invoking command in '/home/stan/workspace/ws_ur_hv/build/workcell_core': AMENT_PREFIX_PATH=/home/stan/workspace/ws_ur_hv/install/fake_ar_publisher:${AMENT_PREFIX_PATH} CMAKE_PREFIX_PATH=/home/stan/workspace/ws_ur_hv/install/fake_ar_publisher:/opt/ros/humble LD_LIBRARY_PATH=/home/stan/workspace/ws_ur_hv/install/fake_ar_publisher/lib:${LD_LIBRARY_PATH} PYTHONPATH=/home/stan/workspace/ws_ur_hv/install/fake_ar_publisher/local/lib/python3.10/dist-packages:${PYTHONPATH} /home/stan/.local/bin/cmake --install /home/stan/workspace/ws_ur_hv/build/workcell_core
[17.533s] -- Install configuration: ""
[17.533s] -- Up-to-date: /home/stan/workspace/ws_ur_hv/install/workcell_core/share/ament_index/resource_index/rosidl_interfaces/workcell_core
[17.534s] -- Up-to-date: /home/stan/workspace/ws_ur_hv/install/workcell_core/include/workcell_core/workcell_core
[17.534s] -- Up-to-date: /home/stan/workspace/ws_ur_hv/install/workcell_core/include/workcell_core/workcell_core/srv
[17.534s] -- Up-to-date: /home/stan/workspace/ws_ur_hv/install/workcell_core/include/workcell_core/workcell_core/srv/detail
[17.534s] -- Up-to-date: /home/stan/workspace/ws_ur_hv/install/workcell_core/include/workcell_core/workcell_core/srv/detail/localize_part__functions.c
[17.534s] -- Up-to-date: /home/stan/workspace/ws_ur_hv/install/workcell_core/include/workcell_core/workcell_core/srv/detail/localize_part__functions.h
[17.534s] -- Up-to-date: /home/stan/workspace/ws_ur_hv/install/workcell_core/include/workcell_core/workcell_core/srv/detail/localize_part__struct.h
[17.534s] -- Up-to-date: /home/stan/workspace/ws_ur_hv/install/workcell_core/include/workcell_core/workcell_core/srv/detail/localize_part__type_support.h
[17.534s] -- Up-to-date: /home/stan/workspace/ws_ur_hv/install/workcell_core/include/workcell_core/workcell_core/srv/localize_part.h
[17.535s] -- Up-to-date: /home/stan/workspace/ws_ur_hv/install/workcell_core/include/workcell_core/workcell_core/msg
[17.535s] -- Up-to-date: /home/stan/workspace/ws_ur_hv/install/workcell_core/include/workcell_core/workcell_core/msg/rosidl_generator_c__visibility_control.h
[17.535s] -- Up-to-date: /home/stan/workspace/ws_ur_hv/install/workcell_core/share/workcell_core/environment/library_path.sh
[17.535s] -- Installing: /home/stan/workspace/ws_ur_hv/install/workcell_core/share/workcell_core/environment/library_path.dsv
[17.535s] -- Up-to-date: /home/stan/workspace/ws_ur_hv/install/workcell_core/lib/libworkcell_core__rosidl_generator_c.so
[17.535s] -- Up-to-date: /home/stan/workspace/ws_ur_hv/install/workcell_core/include/workcell_core/workcell_core
[17.535s] -- Up-to-date: /home/stan/workspace/ws_ur_hv/install/workcell_core/include/workcell_core/workcell_core/srv
[17.535s] -- Up-to-date: /home/stan/workspace/ws_ur_hv/install/workcell_core/include/workcell_core/workcell_core/srv/detail
[17.535s] -- Up-to-date: /home/stan/workspace/ws_ur_hv/install/workcell_core/include/workcell_core/workcell_core/srv/detail/localize_part__rosidl_typesupport_fastrtps_c.h
[17.535s] -- Up-to-date: /home/stan/workspace/ws_ur_hv/install/workcell_core/include/workcell_core/workcell_core/msg
[17.535s] -- Up-to-date: /home/stan/workspace/ws_ur_hv/install/workcell_core/include/workcell_core/workcell_core/msg/rosidl_typesupport_fastrtps_c__visibility_control.h
[17.535s] -- Up-to-date: /home/stan/workspace/ws_ur_hv/install/workcell_core/lib/libworkcell_core__rosidl_typesupport_fastrtps_c.so
[17.536s] -- Up-to-date: /home/stan/workspace/ws_ur_hv/install/workcell_core/include/workcell_core/workcell_core
[17.536s] -- Up-to-date: /home/stan/workspace/ws_ur_hv/install/workcell_core/include/workcell_core/workcell_core/srv
[17.536s] -- Up-to-date: /home/stan/workspace/ws_ur_hv/install/workcell_core/include/workcell_core/workcell_core/srv/localize_part.hpp
[17.536s] -- Up-to-date: /home/stan/workspace/ws_ur_hv/install/workcell_core/include/workcell_core/workcell_core/srv/detail
[17.536s] -- Up-to-date: /home/stan/workspace/ws_ur_hv/install/workcell_core/include/workcell_core/workcell_core/srv/detail/localize_part__builder.hpp
[17.536s] -- Up-to-date: /home/stan/workspace/ws_ur_hv/install/workcell_core/include/workcell_core/workcell_core/srv/detail/localize_part__traits.hpp
[17.536s] -- Up-to-date: /home/stan/workspace/ws_ur_hv/install/workcell_core/include/workcell_core/workcell_core/srv/detail/localize_part__struct.hpp
[17.536s] -- Up-to-date: /home/stan/workspace/ws_ur_hv/install/workcell_core/include/workcell_core/workcell_core
[17.536s] -- Up-to-date: /home/stan/workspace/ws_ur_hv/install/workcell_core/include/workcell_core/workcell_core/srv
[17.537s] -- Up-to-date: /home/stan/workspace/ws_ur_hv/install/workcell_core/include/workcell_core/workcell_core/srv/detail
[17.537s] -- Up-to-date: /home/stan/workspace/ws_ur_hv/install/workcell_core/include/workcell_core/workcell_core/srv/detail/dds_fastrtps
[17.537s] -- Up-to-date: /home/stan/workspace/ws_ur_hv/install/workcell_core/include/workcell_core/workcell_core/srv/detail/localize_part__rosidl_typesupport_fastrtps_cpp.hpp
[17.537s] -- Up-to-date: /home/stan/workspace/ws_ur_hv/install/workcell_core/include/workcell_core/workcell_core/msg
[17.537s] -- Up-to-date: /home/stan/workspace/ws_ur_hv/install/workcell_core/include/workcell_core/workcell_core/msg/rosidl_typesupport_fastrtps_cpp__visibility_control.h
[17.537s] -- Up-to-date: /home/stan/workspace/ws_ur_hv/install/workcell_core/lib/libworkcell_core__rosidl_typesupport_fastrtps_cpp.so
[17.537s] -- Up-to-date: /home/stan/workspace/ws_ur_hv/install/workcell_core/include/workcell_core/workcell_core
[17.537s] -- Up-to-date: /home/stan/workspace/ws_ur_hv/install/workcell_core/include/workcell_core/workcell_core/srv
[17.537s] -- Up-to-date: /home/stan/workspace/ws_ur_hv/install/workcell_core/include/workcell_core/workcell_core/srv/detail
[17.537s] -- Up-to-date: /home/stan/workspace/ws_ur_hv/install/workcell_core/include/workcell_core/workcell_core/srv/detail/localize_part__type_support.c
[17.537s] -- Up-to-date: /home/stan/workspace/ws_ur_hv/install/workcell_core/include/workcell_core/workcell_core/srv/detail/localize_part__rosidl_typesupport_introspection_c.h
[17.538s] -- Up-to-date: /home/stan/workspace/ws_ur_hv/install/workcell_core/include/workcell_core/workcell_core/msg
[17.538s] -- Up-to-date: /home/stan/workspace/ws_ur_hv/install/workcell_core/include/workcell_core/workcell_core/msg/rosidl_typesupport_introspection_c__visibility_control.h
[17.538s] -- Up-to-date: /home/stan/workspace/ws_ur_hv/install/workcell_core/lib/libworkcell_core__rosidl_typesupport_introspection_c.so
[17.538s] -- Up-to-date: /home/stan/workspace/ws_ur_hv/install/workcell_core/lib/libworkcell_core__rosidl_typesupport_c.so
[17.538s] -- Up-to-date: /home/stan/workspace/ws_ur_hv/install/workcell_core/include/workcell_core/workcell_core
[17.538s] -- Up-to-date: /home/stan/workspace/ws_ur_hv/install/workcell_core/include/workcell_core/workcell_core/srv
[17.538s] -- Up-to-date: /home/stan/workspace/ws_ur_hv/install/workcell_core/include/workcell_core/workcell_core/srv/detail
[17.538s] -- Up-to-date: /home/stan/workspace/ws_ur_hv/install/workcell_core/include/workcell_core/workcell_core/srv/detail/localize_part__rosidl_typesupport_introspection_cpp.hpp
[17.538s] -- Up-to-date: /home/stan/workspace/ws_ur_hv/install/workcell_core/include/workcell_core/workcell_core/srv/detail/localize_part__type_support.cpp
[17.539s] -- Up-to-date: /home/stan/workspace/ws_ur_hv/install/workcell_core/lib/libworkcell_core__rosidl_typesupport_introspection_cpp.so
[17.539s] -- Up-to-date: /home/stan/workspace/ws_ur_hv/install/workcell_core/lib/libworkcell_core__rosidl_typesupport_cpp.so
[17.539s] -- Up-to-date: /home/stan/workspace/ws_ur_hv/install/workcell_core/share/workcell_core/environment/pythonpath.sh
[17.539s] -- Installing: /home/stan/workspace/ws_ur_hv/install/workcell_core/share/workcell_core/environment/pythonpath.dsv
[17.540s] -- Up-to-date: /home/stan/workspace/ws_ur_hv/install/workcell_core/local/lib/python3.10/dist-packages/workcell_core-0.0.0-py3.10.egg-info
[17.540s] -- Installing: /home/stan/workspace/ws_ur_hv/install/workcell_core/local/lib/python3.10/dist-packages/workcell_core-0.0.0-py3.10.egg-info/PKG-INFO
[17.540s] -- Installing: /home/stan/workspace/ws_ur_hv/install/workcell_core/local/lib/python3.10/dist-packages/workcell_core-0.0.0-py3.10.egg-info/top_level.txt
[17.540s] -- Installing: /home/stan/workspace/ws_ur_hv/install/workcell_core/local/lib/python3.10/dist-packages/workcell_core-0.0.0-py3.10.egg-info/dependency_links.txt
[17.540s] -- Installing: /home/stan/workspace/ws_ur_hv/install/workcell_core/local/lib/python3.10/dist-packages/workcell_core-0.0.0-py3.10.egg-info/SOURCES.txt
[17.540s] -- Up-to-date: /home/stan/workspace/ws_ur_hv/install/workcell_core/local/lib/python3.10/dist-packages/workcell_core
[17.541s] -- Up-to-date: /home/stan/workspace/ws_ur_hv/install/workcell_core/local/lib/python3.10/dist-packages/workcell_core/_workcell_core_s.ep.rosidl_typesupport_c.c
[17.541s] -- Up-to-date: /home/stan/workspace/ws_ur_hv/install/workcell_core/local/lib/python3.10/dist-packages/workcell_core/_workcell_core_s.ep.rosidl_typesupport_fastrtps_c.c
[17.541s] -- Installing: /home/stan/workspace/ws_ur_hv/install/workcell_core/local/lib/python3.10/dist-packages/workcell_core/__init__.py
[17.541s] -- Up-to-date: /home/stan/workspace/ws_ur_hv/install/workcell_core/local/lib/python3.10/dist-packages/workcell_core/workcell_core_s__rosidl_typesupport_fastrtps_c.cpython-310-x86_64-linux-gnu.so
[17.541s] -- Up-to-date: /home/stan/workspace/ws_ur_hv/install/workcell_core/local/lib/python3.10/dist-packages/workcell_core/srv
[17.541s] -- Up-to-date: /home/stan/workspace/ws_ur_hv/install/workcell_core/local/lib/python3.10/dist-packages/workcell_core/srv/__init__.py
[17.541s] -- Up-to-date: /home/stan/workspace/ws_ur_hv/install/workcell_core/local/lib/python3.10/dist-packages/workcell_core/srv/_localize_part_s.c
[17.541s] -- Up-to-date: /home/stan/workspace/ws_ur_hv/install/workcell_core/local/lib/python3.10/dist-packages/workcell_core/srv/_localize_part.py
[17.541s] -- Up-to-date: /home/stan/workspace/ws_ur_hv/install/workcell_core/local/lib/python3.10/dist-packages/workcell_core/libworkcell_core__rosidl_generator_py.so
[17.541s] -- Up-to-date: /home/stan/workspace/ws_ur_hv/install/workcell_core/local/lib/python3.10/dist-packages/workcell_core/_workcell_core_s.ep.rosidl_typesupport_introspection_c.c
[17.542s] -- Up-to-date: /home/stan/workspace/ws_ur_hv/install/workcell_core/local/lib/python3.10/dist-packages/workcell_core/workcell_core_s__rosidl_typesupport_c.cpython-310-x86_64-linux-gnu.so
[17.542s] -- Up-to-date: /home/stan/workspace/ws_ur_hv/install/workcell_core/local/lib/python3.10/dist-packages/workcell_core/workcell_core_s__rosidl_typesupport_introspection_c.cpython-310-x86_64-linux-gnu.so
[17.574s] Listing '/home/stan/workspace/ws_ur_hv/install/workcell_core/local/lib/python3.10/dist-packages/workcell_core'...
[17.574s] Compiling '/home/stan/workspace/ws_ur_hv/install/workcell_core/local/lib/python3.10/dist-packages/workcell_core/__init__.py'...
[17.574s] Listing '/home/stan/workspace/ws_ur_hv/install/workcell_core/local/lib/python3.10/dist-packages/workcell_core/srv'...
[17.578s] -- Up-to-date: /home/stan/workspace/ws_ur_hv/install/workcell_core/local/lib/python3.10/dist-packages/workcell_core/workcell_core_s__rosidl_typesupport_fastrtps_c.cpython-310-x86_64-linux-gnu.so
[17.579s] -- Up-to-date: /home/stan/workspace/ws_ur_hv/install/workcell_core/local/lib/python3.10/dist-packages/workcell_core/workcell_core_s__rosidl_typesupport_introspection_c.cpython-310-x86_64-linux-gnu.so
[17.580s] -- Up-to-date: /home/stan/workspace/ws_ur_hv/install/workcell_core/local/lib/python3.10/dist-packages/workcell_core/workcell_core_s__rosidl_typesupport_c.cpython-310-x86_64-linux-gnu.so
[17.580s] -- Up-to-date: /home/stan/workspace/ws_ur_hv/install/workcell_core/lib/libworkcell_core__rosidl_generator_py.so
[17.581s] -- Up-to-date: /home/stan/workspace/ws_ur_hv/install/workcell_core/share/workcell_core/srv/LocalizePart.idl
[17.581s] -- Up-to-date: /home/stan/workspace/ws_ur_hv/install/workcell_core/share/workcell_core/srv/LocalizePart.srv
[17.581s] -- Up-to-date: /home/stan/workspace/ws_ur_hv/install/workcell_core/share/workcell_core/srv/LocalizePart_Request.msg
[17.581s] -- Up-to-date: /home/stan/workspace/ws_ur_hv/install/workcell_core/share/workcell_core/srv/LocalizePart_Response.msg
[17.582s] -- Up-to-date: /home/stan/workspace/ws_ur_hv/install/workcell_core/lib/workcell_core/vision_node
[17.582s] -- Up-to-date: /home/stan/workspace/ws_ur_hv/install/workcell_core/share/ament_index/resource_index/package_run_dependencies/workcell_core
[17.582s] -- Up-to-date: /home/stan/workspace/ws_ur_hv/install/workcell_core/share/ament_index/resource_index/parent_prefix_path/workcell_core
[17.582s] -- Up-to-date: /home/stan/workspace/ws_ur_hv/install/workcell_core/share/workcell_core/environment/ament_prefix_path.sh
[17.582s] -- Installing: /home/stan/workspace/ws_ur_hv/install/workcell_core/share/workcell_core/environment/ament_prefix_path.dsv
[17.583s] -- Up-to-date: /home/stan/workspace/ws_ur_hv/install/workcell_core/share/workcell_core/environment/path.sh
[17.583s] -- Installing: /home/stan/workspace/ws_ur_hv/install/workcell_core/share/workcell_core/environment/path.dsv
[17.583s] -- Up-to-date: /home/stan/workspace/ws_ur_hv/install/workcell_core/share/workcell_core/local_setup.bash
[17.583s] -- Up-to-date: /home/stan/workspace/ws_ur_hv/install/workcell_core/share/workcell_core/local_setup.sh
[17.583s] -- Up-to-date: /home/stan/workspace/ws_ur_hv/install/workcell_core/share/workcell_core/local_setup.zsh
[17.583s] -- Installing: /home/stan/workspace/ws_ur_hv/install/workcell_core/share/workcell_core/local_setup.dsv
[17.584s] -- Installing: /home/stan/workspace/ws_ur_hv/install/workcell_core/share/workcell_core/package.dsv
[17.584s] -- Up-to-date: /home/stan/workspace/ws_ur_hv/install/workcell_core/share/ament_index/resource_index/packages/workcell_core
[17.584s] -- Up-to-date: /home/stan/workspace/ws_ur_hv/install/workcell_core/share/workcell_core/cmake/export_workcell_core__rosidl_generator_cExport.cmake
[17.585s] -- Up-to-date: /home/stan/workspace/ws_ur_hv/install/workcell_core/share/workcell_core/cmake/export_workcell_core__rosidl_generator_cExport-noconfig.cmake
[17.585s] -- Up-to-date: /home/stan/workspace/ws_ur_hv/install/workcell_core/share/workcell_core/cmake/export_workcell_core__rosidl_typesupport_fastrtps_cExport.cmake
[17.585s] -- Up-to-date: /home/stan/workspace/ws_ur_hv/install/workcell_core/share/workcell_core/cmake/export_workcell_core__rosidl_typesupport_fastrtps_cExport-noconfig.cmake
[17.585s] -- Up-to-date: /home/stan/workspace/ws_ur_hv/install/workcell_core/share/workcell_core/cmake/export_workcell_core__rosidl_generator_cppExport.cmake
[17.585s] -- Up-to-date: /home/stan/workspace/ws_ur_hv/install/workcell_core/share/workcell_core/cmake/export_workcell_core__rosidl_typesupport_fastrtps_cppExport.cmake
[17.585s] -- Up-to-date: /home/stan/workspace/ws_ur_hv/install/workcell_core/share/workcell_core/cmake/export_workcell_core__rosidl_typesupport_fastrtps_cppExport-noconfig.cmake
[17.586s] -- Up-to-date: /home/stan/workspace/ws_ur_hv/install/workcell_core/share/workcell_core/cmake/workcell_core__rosidl_typesupport_introspection_cExport.cmake
[17.586s] -- Up-to-date: /home/stan/workspace/ws_ur_hv/install/workcell_core/share/workcell_core/cmake/workcell_core__rosidl_typesupport_introspection_cExport-noconfig.cmake
[17.586s] -- Up-to-date: /home/stan/workspace/ws_ur_hv/install/workcell_core/share/workcell_core/cmake/workcell_core__rosidl_typesupport_cExport.cmake
[17.586s] -- Up-to-date: /home/stan/workspace/ws_ur_hv/install/workcell_core/share/workcell_core/cmake/workcell_core__rosidl_typesupport_cExport-noconfig.cmake
[17.586s] -- Up-to-date: /home/stan/workspace/ws_ur_hv/install/workcell_core/share/workcell_core/cmake/workcell_core__rosidl_typesupport_introspection_cppExport.cmake
[17.586s] -- Up-to-date: /home/stan/workspace/ws_ur_hv/install/workcell_core/share/workcell_core/cmake/workcell_core__rosidl_typesupport_introspection_cppExport-noconfig.cmake
[17.587s] -- Up-to-date: /home/stan/workspace/ws_ur_hv/install/workcell_core/share/workcell_core/cmake/workcell_core__rosidl_typesupport_cppExport.cmake
[17.587s] -- Up-to-date: /home/stan/workspace/ws_ur_hv/install/workcell_core/share/workcell_core/cmake/workcell_core__rosidl_typesupport_cppExport-noconfig.cmake
[17.587s] -- Up-to-date: /home/stan/workspace/ws_ur_hv/install/workcell_core/share/workcell_core/cmake/export_workcell_core__rosidl_generator_pyExport.cmake
[17.587s] -- Up-to-date: /home/stan/workspace/ws_ur_hv/install/workcell_core/share/workcell_core/cmake/export_workcell_core__rosidl_generator_pyExport-noconfig.cmake
[17.588s] -- Up-to-date: /home/stan/workspace/ws_ur_hv/install/workcell_core/share/workcell_core/cmake/rosidl_cmake-extras.cmake
[17.588s] -- Up-to-date: /home/stan/workspace/ws_ur_hv/install/workcell_core/share/workcell_core/cmake/ament_cmake_export_dependencies-extras.cmake
[17.588s] -- Up-to-date: /home/stan/workspace/ws_ur_hv/install/workcell_core/share/workcell_core/cmake/ament_cmake_export_include_directories-extras.cmake
[17.588s] -- Up-to-date: /home/stan/workspace/ws_ur_hv/install/workcell_core/share/workcell_core/cmake/ament_cmake_export_libraries-extras.cmake
[17.588s] -- Up-to-date: /home/stan/workspace/ws_ur_hv/install/workcell_core/share/workcell_core/cmake/ament_cmake_export_targets-extras.cmake
[17.588s] -- Up-to-date: /home/stan/workspace/ws_ur_hv/install/workcell_core/share/workcell_core/cmake/rosidl_cmake_export_typesupport_targets-extras.cmake
[17.588s] -- Up-to-date: /home/stan/workspace/ws_ur_hv/install/workcell_core/share/workcell_core/cmake/rosidl_cmake_export_typesupport_libraries-extras.cmake
[17.588s] -- Up-to-date: /home/stan/workspace/ws_ur_hv/install/workcell_core/share/workcell_core/cmake/workcell_coreConfig.cmake
[17.588s] -- Up-to-date: /home/stan/workspace/ws_ur_hv/install/workcell_core/share/workcell_core/cmake/workcell_coreConfig-version.cmake
[17.589s] -- Up-to-date: /home/stan/workspace/ws_ur_hv/install/workcell_core/share/workcell_core/package.xml
[17.601s] Invoked command in '/home/stan/workspace/ws_ur_hv/build/workcell_core' returned '0': AMENT_PREFIX_PATH=/home/stan/workspace/ws_ur_hv/install/fake_ar_publisher:${AMENT_PREFIX_PATH} CMAKE_PREFIX_PATH=/home/stan/workspace/ws_ur_hv/install/fake_ar_publisher:/opt/ros/humble LD_LIBRARY_PATH=/home/stan/workspace/ws_ur_hv/install/fake_ar_publisher/lib:${LD_LIBRARY_PATH} PYTHONPATH=/home/stan/workspace/ws_ur_hv/install/fake_ar_publisher/local/lib/python3.10/dist-packages:${PYTHONPATH} /home/stan/.local/bin/cmake --install /home/stan/workspace/ws_ur_hv/build/workcell_core
