[0.018s] Invoking command in '/home/stan/workspace/ws_ur_hv/build/hello_moveit_ur': CMAKE_PREFIX_PATH=/home/stan/workspace/ws_ur_hv/install/ur_robot_driver:/home/stan/workspace/ws_ur_hv/install/ur_controllers:/home/stan/workspace/ws_ur_hv/install/ur_description:/home/stan/workspace/ws_ur_hv/install/ur_dashboard_msgs:/home/stan/workspace/ws_ur_hv/install/ur:/home/stan/workspace/ws_ur_hv/install/ur_calibration:/home/stan/workspace/ws_ur_hv/install/hello_moveit_ur:/home/stan/workspace/ws_ur_hv/install/ur_moveit_config:/home/stan/workspace/ws_ur_hv/install/ur_bringup:/opt/ros/humble /home/stan/.local/bin/cmake --build /home/stan/workspace/ws_ur_hv/build/hello_moveit_ur -- -j12 -l12
[0.093s] [ 33%] Built target hello_moveit_ur
[0.099s] [ 66%] Built target point_to_point
[0.099s] [100%] Built target moveit_eval
[0.109s] Invoked command in '/home/stan/workspace/ws_ur_hv/build/hello_moveit_ur' returned '0': CMAKE_PREFIX_PATH=/home/stan/workspace/ws_ur_hv/install/ur_robot_driver:/home/stan/workspace/ws_ur_hv/install/ur_controllers:/home/stan/workspace/ws_ur_hv/install/ur_description:/home/stan/workspace/ws_ur_hv/install/ur_dashboard_msgs:/home/stan/workspace/ws_ur_hv/install/ur:/home/stan/workspace/ws_ur_hv/install/ur_calibration:/home/stan/workspace/ws_ur_hv/install/hello_moveit_ur:/home/stan/workspace/ws_ur_hv/install/ur_moveit_config:/home/stan/workspace/ws_ur_hv/install/ur_bringup:/opt/ros/humble /home/stan/.local/bin/cmake --build /home/stan/workspace/ws_ur_hv/build/hello_moveit_ur -- -j12 -l12
[0.170s] Invoking command in '/home/stan/workspace/ws_ur_hv/build/hello_moveit_ur': CMAKE_PREFIX_PATH=/home/stan/workspace/ws_ur_hv/install/ur_robot_driver:/home/stan/workspace/ws_ur_hv/install/ur_controllers:/home/stan/workspace/ws_ur_hv/install/ur_description:/home/stan/workspace/ws_ur_hv/install/ur_dashboard_msgs:/home/stan/workspace/ws_ur_hv/install/ur:/home/stan/workspace/ws_ur_hv/install/ur_calibration:/home/stan/workspace/ws_ur_hv/install/hello_moveit_ur:/home/stan/workspace/ws_ur_hv/install/ur_moveit_config:/home/stan/workspace/ws_ur_hv/install/ur_bringup:/opt/ros/humble /home/stan/.local/bin/cmake --install /home/stan/workspace/ws_ur_hv/build/hello_moveit_ur
[0.198s] -- Install configuration: "Release"
[0.198s] -- Up-to-date: /home/stan/workspace/ws_ur_hv/install/hello_moveit_ur/lib/hello_moveit_ur/hello_moveit_ur
[0.199s] -- Up-to-date: /home/stan/workspace/ws_ur_hv/install/hello_moveit_ur/lib/hello_moveit_ur/point_to_point
[0.199s] -- Up-to-date: /home/stan/workspace/ws_ur_hv/install/hello_moveit_ur/lib/hello_moveit_ur/moveit_eval
[0.199s] -- Up-to-date: /home/stan/workspace/ws_ur_hv/install/hello_moveit_ur/share/hello_moveit_ur//launch
[0.199s] -- Up-to-date: /home/stan/workspace/ws_ur_hv/install/hello_moveit_ur/share/hello_moveit_ur//launch/moveit_eval_launch.py
[0.200s] -- Up-to-date: /home/stan/workspace/ws_ur_hv/install/hello_moveit_ur/share/hello_moveit_ur//launch/moveit_commons.py
[0.200s] -- Up-to-date: /home/stan/workspace/ws_ur_hv/install/hello_moveit_ur/share/hello_moveit_ur//launch/hello_point_to_point.launch.py
[0.200s] -- Up-to-date: /home/stan/workspace/ws_ur_hv/install/hello_moveit_ur/share/hello_moveit_ur//launch/hello_moveit_ur_launch.py
[0.200s] -- Up-to-date: /home/stan/workspace/ws_ur_hv/install/hello_moveit_ur/share/ament_index/resource_index/package_run_dependencies/hello_moveit_ur
[0.200s] -- Up-to-date: /home/stan/workspace/ws_ur_hv/install/hello_moveit_ur/share/ament_index/resource_index/parent_prefix_path/hello_moveit_ur
[0.200s] -- Up-to-date: /home/stan/workspace/ws_ur_hv/install/hello_moveit_ur/share/hello_moveit_ur/environment/ament_prefix_path.sh
[0.200s] -- Up-to-date: /home/stan/workspace/ws_ur_hv/install/hello_moveit_ur/share/hello_moveit_ur/environment/ament_prefix_path.dsv
[0.200s] -- Up-to-date: /home/stan/workspace/ws_ur_hv/install/hello_moveit_ur/share/hello_moveit_ur/environment/path.sh
[0.200s] -- Up-to-date: /home/stan/workspace/ws_ur_hv/install/hello_moveit_ur/share/hello_moveit_ur/environment/path.dsv
[0.200s] -- Up-to-date: /home/stan/workspace/ws_ur_hv/install/hello_moveit_ur/share/hello_moveit_ur/local_setup.bash
[0.200s] -- Up-to-date: /home/stan/workspace/ws_ur_hv/install/hello_moveit_ur/share/hello_moveit_ur/local_setup.sh
[0.201s] -- Up-to-date: /home/stan/workspace/ws_ur_hv/install/hello_moveit_ur/share/hello_moveit_ur/local_setup.zsh
[0.201s] -- Up-to-date: /home/stan/workspace/ws_ur_hv/install/hello_moveit_ur/share/hello_moveit_ur/local_setup.dsv
[0.201s] -- Installing: /home/stan/workspace/ws_ur_hv/install/hello_moveit_ur/share/hello_moveit_ur/package.dsv
[0.201s] -- Up-to-date: /home/stan/workspace/ws_ur_hv/install/hello_moveit_ur/share/ament_index/resource_index/packages/hello_moveit_ur
[0.201s] -- Up-to-date: /home/stan/workspace/ws_ur_hv/install/hello_moveit_ur/share/hello_moveit_ur/cmake/hello_moveit_urConfig.cmake
[0.201s] -- Up-to-date: /home/stan/workspace/ws_ur_hv/install/hello_moveit_ur/share/hello_moveit_ur/cmake/hello_moveit_urConfig-version.cmake
[0.201s] -- Up-to-date: /home/stan/workspace/ws_ur_hv/install/hello_moveit_ur/share/hello_moveit_ur/package.xml
[0.208s] Invoked command in '/home/stan/workspace/ws_ur_hv/build/hello_moveit_ur' returned '0': CMAKE_PREFIX_PATH=/home/stan/workspace/ws_ur_hv/install/ur_robot_driver:/home/stan/workspace/ws_ur_hv/install/ur_controllers:/home/stan/workspace/ws_ur_hv/install/ur_description:/home/stan/workspace/ws_ur_hv/install/ur_dashboard_msgs:/home/stan/workspace/ws_ur_hv/install/ur:/home/stan/workspace/ws_ur_hv/install/ur_calibration:/home/stan/workspace/ws_ur_hv/install/hello_moveit_ur:/home/stan/workspace/ws_ur_hv/install/ur_moveit_config:/home/stan/workspace/ws_ur_hv/install/ur_bringup:/opt/ros/humble /home/stan/.local/bin/cmake --install /home/stan/workspace/ws_ur_hv/build/hello_moveit_ur
