[0.040s] Invoking command in '/home/stan/workspace/ws_ur_hv/build/ur_dashboard_msgs': CMAKE_PREFIX_PATH=/opt/ros/humble /home/stan/.local/bin/cmake --build /home/stan/workspace/ws_ur_hv/build/ur_dashboard_msgs -- -j12 -l12
[0.095s] [  0%] Built target ur_dashboard_msgs__cpp
[0.105s] [ 12%] Built target ur_dashboard_msgs__rosidl_generator_c
[0.105s] [ 12%] Built target ament_cmake_python_copy_ur_dashboard_msgs
[0.131s] [ 24%] Built target ur_dashboard_msgs__rosidl_typesupport_cpp
[0.132s] [ 36%] Built target ur_dashboard_msgs__rosidl_typesupport_introspection_cpp
[0.135s] [ 59%] Built target ur_dashboard_msgs__rosidl_typesupport_c
[0.135s] [ 60%] Built target ur_dashboard_msgs__rosidl_typesupport_fastrtps_cpp
[0.139s] [ 72%] Built target ur_dashboard_msgs__rosidl_typesupport_introspection_c
[0.140s] [ 84%] Built target ur_dashboard_msgs__rosidl_typesupport_fastrtps_c
[0.153s] [ 84%] Built target ur_dashboard_msgs
[0.163s] [ 85%] Built target ur_dashboard_msgs__py
[0.182s] [ 96%] Built target ur_dashboard_msgs__rosidl_generator_py
[0.194s] [ 97%] Built target ur_dashboard_msgs__rosidl_typesupport_c__pyext
[0.194s] [ 99%] Built target ur_dashboard_msgs__rosidl_typesupport_introspection_c__pyext
[0.195s] [100%] Built target ur_dashboard_msgs__rosidl_typesupport_fastrtps_c__pyext
[0.435s] running egg_info
[0.436s] writing ur_dashboard_msgs.egg-info/PKG-INFO
[0.436s] writing dependency_links to ur_dashboard_msgs.egg-info/dependency_links.txt
[0.436s] writing top-level names to ur_dashboard_msgs.egg-info/top_level.txt
[0.440s] reading manifest file 'ur_dashboard_msgs.egg-info/SOURCES.txt'
[0.440s] writing manifest file 'ur_dashboard_msgs.egg-info/SOURCES.txt'
[0.463s] [100%] Built target ament_cmake_python_build_ur_dashboard_msgs_egg
