[0.019s] Invoking command in '/home/stan/workspace/ws_ur_hv/build/ur': CMAKE_PREFIX_PATH=/home/stan/workspace/ws_ur_hv/install/ur_calibration:/home/stan/workspace/ws_ur_hv/install/ur_robot_driver:/home/stan/workspace/ws_ur_hv/install/ur_moveit_config:/home/stan/workspace/ws_ur_hv/install/ur_controllers:/home/stan/workspace/ws_ur_hv/install/ur_description:/home/stan/workspace/ws_ur_hv/install/ur_dashboard_msgs:/home/stan/workspace/ws_ur_hv/install/ur:/home/stan/workspace/ws_ur_hv/install/hello_moveit_ur:/home/stan/workspace/ws_ur_hv/install/ur_bringup:/opt/ros/humble /home/stan/.local/bin/cmake --build /home/stan/workspace/ws_ur_hv/build/ur -- -j12 -l12
[0.063s] Invoked command in '/home/stan/workspace/ws_ur_hv/build/ur' returned '0': CMAKE_PREFIX_PATH=/home/stan/workspace/ws_ur_hv/install/ur_calibration:/home/stan/workspace/ws_ur_hv/install/ur_robot_driver:/home/stan/workspace/ws_ur_hv/install/ur_moveit_config:/home/stan/workspace/ws_ur_hv/install/ur_controllers:/home/stan/workspace/ws_ur_hv/install/ur_description:/home/stan/workspace/ws_ur_hv/install/ur_dashboard_msgs:/home/stan/workspace/ws_ur_hv/install/ur:/home/stan/workspace/ws_ur_hv/install/hello_moveit_ur:/home/stan/workspace/ws_ur_hv/install/ur_bringup:/opt/ros/humble /home/stan/.local/bin/cmake --build /home/stan/workspace/ws_ur_hv/build/ur -- -j12 -l12
[0.114s] Invoking command in '/home/stan/workspace/ws_ur_hv/build/ur': CMAKE_PREFIX_PATH=/home/stan/workspace/ws_ur_hv/install/ur_calibration:/home/stan/workspace/ws_ur_hv/install/ur_robot_driver:/home/stan/workspace/ws_ur_hv/install/ur_moveit_config:/home/stan/workspace/ws_ur_hv/install/ur_controllers:/home/stan/workspace/ws_ur_hv/install/ur_description:/home/stan/workspace/ws_ur_hv/install/ur_dashboard_msgs:/home/stan/workspace/ws_ur_hv/install/ur:/home/stan/workspace/ws_ur_hv/install/hello_moveit_ur:/home/stan/workspace/ws_ur_hv/install/ur_bringup:/opt/ros/humble /home/stan/.local/bin/cmake --install /home/stan/workspace/ws_ur_hv/build/ur
[0.142s] -- Install configuration: "Release"
[0.142s] -- Up-to-date: /home/stan/workspace/ws_ur_hv/install/ur/share/ament_index/resource_index/package_run_dependencies/ur
[0.142s] -- Up-to-date: /home/stan/workspace/ws_ur_hv/install/ur/share/ament_index/resource_index/parent_prefix_path/ur
[0.142s] -- Up-to-date: /home/stan/workspace/ws_ur_hv/install/ur/share/ur/environment/ament_prefix_path.sh
[0.142s] -- Up-to-date: /home/stan/workspace/ws_ur_hv/install/ur/share/ur/environment/ament_prefix_path.dsv
[0.142s] -- Up-to-date: /home/stan/workspace/ws_ur_hv/install/ur/share/ur/environment/path.sh
[0.143s] -- Up-to-date: /home/stan/workspace/ws_ur_hv/install/ur/share/ur/environment/path.dsv
[0.143s] -- Up-to-date: /home/stan/workspace/ws_ur_hv/install/ur/share/ur/local_setup.bash
[0.143s] -- Up-to-date: /home/stan/workspace/ws_ur_hv/install/ur/share/ur/local_setup.sh
[0.143s] -- Up-to-date: /home/stan/workspace/ws_ur_hv/install/ur/share/ur/local_setup.zsh
[0.143s] -- Up-to-date: /home/stan/workspace/ws_ur_hv/install/ur/share/ur/local_setup.dsv
[0.143s] -- Up-to-date: /home/stan/workspace/ws_ur_hv/install/ur/share/ur/package.dsv
[0.143s] -- Up-to-date: /home/stan/workspace/ws_ur_hv/install/ur/share/ament_index/resource_index/packages/ur
[0.144s] -- Up-to-date: /home/stan/workspace/ws_ur_hv/install/ur/share/ur/cmake/urConfig.cmake
[0.144s] -- Up-to-date: /home/stan/workspace/ws_ur_hv/install/ur/share/ur/cmake/urConfig-version.cmake
[0.144s] -- Up-to-date: /home/stan/workspace/ws_ur_hv/install/ur/share/ur/package.xml
[0.149s] Invoked command in '/home/stan/workspace/ws_ur_hv/build/ur' returned '0': CMAKE_PREFIX_PATH=/home/stan/workspace/ws_ur_hv/install/ur_calibration:/home/stan/workspace/ws_ur_hv/install/ur_robot_driver:/home/stan/workspace/ws_ur_hv/install/ur_moveit_config:/home/stan/workspace/ws_ur_hv/install/ur_controllers:/home/stan/workspace/ws_ur_hv/install/ur_description:/home/stan/workspace/ws_ur_hv/install/ur_dashboard_msgs:/home/stan/workspace/ws_ur_hv/install/ur:/home/stan/workspace/ws_ur_hv/install/hello_moveit_ur:/home/stan/workspace/ws_ur_hv/install/ur_bringup:/opt/ros/humble /home/stan/.local/bin/cmake --install /home/stan/workspace/ws_ur_hv/build/ur
