[0.032s] Invoking command in '/home/stan/workspace/ws_ur_hv/build/robotiq_controllers': CMAKE_PREFIX_PATH=/opt/ros/humble /home/stan/.local/bin/cmake --build /home/stan/workspace/ws_ur_hv/build/robotiq_controllers -- -j12 -l12
[0.086s] [100%] Built target robotiq_controllers
[0.098s] Invoked command in '/home/stan/workspace/ws_ur_hv/build/robotiq_controllers' returned '0': CMAKE_PREFIX_PATH=/opt/ros/humble /home/stan/.local/bin/cmake --build /home/stan/workspace/ws_ur_hv/build/robotiq_controllers -- -j12 -l12
[0.172s] Invoking command in '/home/stan/workspace/ws_ur_hv/build/robotiq_controllers': CMAKE_PREFIX_PATH=/opt/ros/humble /home/stan/.local/bin/cmake --install /home/stan/workspace/ws_ur_hv/build/robotiq_controllers
[0.294s] -- Install configuration: "Release"
[0.294s] -- Up-to-date: /home/stan/workspace/ws_ur_hv/install/robotiq_controllers/share/robotiq_controllers/controller_plugins.xml
[0.294s] -- Up-to-date: /home/stan/workspace/ws_ur_hv/install/robotiq_controllers/lib/librobotiq_controllers.so
[0.295s] -- Up-to-date: /home/stan/workspace/ws_ur_hv/install/robotiq_controllers/include
[0.295s] -- Up-to-date: /home/stan/workspace/ws_ur_hv/install/robotiq_controllers/include/robotiq_controllers
[0.295s] -- Up-to-date: /home/stan/workspace/ws_ur_hv/install/robotiq_controllers/include/robotiq_controllers/robotiq_activation_controller.hpp
[0.295s] -- Up-to-date: /home/stan/workspace/ws_ur_hv/install/robotiq_controllers/share/robotiq_controllers/environment/library_path.sh
[0.295s] -- Up-to-date: /home/stan/workspace/ws_ur_hv/install/robotiq_controllers/share/robotiq_controllers/environment/library_path.dsv
[0.295s] -- Up-to-date: /home/stan/workspace/ws_ur_hv/install/robotiq_controllers/share/ament_index/resource_index/package_run_dependencies/robotiq_controllers
[0.295s] -- Up-to-date: /home/stan/workspace/ws_ur_hv/install/robotiq_controllers/share/ament_index/resource_index/parent_prefix_path/robotiq_controllers
[0.296s] -- Up-to-date: /home/stan/workspace/ws_ur_hv/install/robotiq_controllers/share/robotiq_controllers/environment/ament_prefix_path.sh
[0.296s] -- Up-to-date: /home/stan/workspace/ws_ur_hv/install/robotiq_controllers/share/robotiq_controllers/environment/ament_prefix_path.dsv
[0.296s] -- Up-to-date: /home/stan/workspace/ws_ur_hv/install/robotiq_controllers/share/robotiq_controllers/environment/path.sh
[0.296s] -- Up-to-date: /home/stan/workspace/ws_ur_hv/install/robotiq_controllers/share/robotiq_controllers/environment/path.dsv
[0.296s] -- Up-to-date: /home/stan/workspace/ws_ur_hv/install/robotiq_controllers/share/robotiq_controllers/local_setup.bash
[0.297s] -- Up-to-date: /home/stan/workspace/ws_ur_hv/install/robotiq_controllers/share/robotiq_controllers/local_setup.sh
[0.297s] -- Up-to-date: /home/stan/workspace/ws_ur_hv/install/robotiq_controllers/share/robotiq_controllers/local_setup.zsh
[0.297s] -- Up-to-date: /home/stan/workspace/ws_ur_hv/install/robotiq_controllers/share/robotiq_controllers/local_setup.dsv
[0.297s] -- Installing: /home/stan/workspace/ws_ur_hv/install/robotiq_controllers/share/robotiq_controllers/package.dsv
[0.300s] -- Up-to-date: /home/stan/workspace/ws_ur_hv/install/robotiq_controllers/share/ament_index/resource_index/packages/robotiq_controllers
[0.300s] -- Up-to-date: /home/stan/workspace/ws_ur_hv/install/robotiq_controllers/share/ament_index/resource_index/controller_interface__pluginlib__plugin/robotiq_controllers
[0.300s] -- Up-to-date: /home/stan/workspace/ws_ur_hv/install/robotiq_controllers/share/robotiq_controllers/cmake/export_robotiq_controllersExport.cmake
[0.300s] -- Up-to-date: /home/stan/workspace/ws_ur_hv/install/robotiq_controllers/share/robotiq_controllers/cmake/export_robotiq_controllersExport-release.cmake
[0.300s] -- Up-to-date: /home/stan/workspace/ws_ur_hv/install/robotiq_controllers/share/robotiq_controllers/cmake/ament_cmake_export_include_directories-extras.cmake
[0.300s] -- Up-to-date: /home/stan/workspace/ws_ur_hv/install/robotiq_controllers/share/robotiq_controllers/cmake/ament_cmake_export_libraries-extras.cmake
[0.301s] -- Up-to-date: /home/stan/workspace/ws_ur_hv/install/robotiq_controllers/share/robotiq_controllers/cmake/ament_cmake_export_targets-extras.cmake
[0.301s] -- Up-to-date: /home/stan/workspace/ws_ur_hv/install/robotiq_controllers/share/robotiq_controllers/cmake/ament_cmake_export_dependencies-extras.cmake
[0.301s] -- Up-to-date: /home/stan/workspace/ws_ur_hv/install/robotiq_controllers/share/robotiq_controllers/cmake/robotiq_controllersConfig.cmake
[0.301s] -- Up-to-date: /home/stan/workspace/ws_ur_hv/install/robotiq_controllers/share/robotiq_controllers/cmake/robotiq_controllersConfig-version.cmake
[0.301s] -- Up-to-date: /home/stan/workspace/ws_ur_hv/install/robotiq_controllers/share/robotiq_controllers/package.xml
[0.304s] Invoked command in '/home/stan/workspace/ws_ur_hv/build/robotiq_controllers' returned '0': CMAKE_PREFIX_PATH=/opt/ros/humble /home/stan/.local/bin/cmake --install /home/stan/workspace/ws_ur_hv/build/robotiq_controllers
