[0.030s] Invoking command in '/home/stan/workspace/ws_ur_hv/build/robotiq_controllers': CMAKE_PREFIX_PATH=/opt/ros/humble /home/stan/.local/bin/cmake /home/stan/workspace/ws_ur_hv/src/ros2_robotiq_gripper/robotiq_controllers -DCMAKE_INSTALL_PREFIX=/home/stan/workspace/ws_ur_hv/install/robotiq_controllers
[0.088s] -- Found ament_cmake: 1.3.5 (/opt/ros/humble/share/ament_cmake/cmake)
[0.226s] -- Found controller_interface: 2.28.0 (/opt/ros/humble/share/controller_interface/cmake)
[0.278s] -- Found rosidl_generator_c: 3.1.4 (/opt/ros/humble/share/rosidl_generator_c/cmake)
[0.282s] -- Found rosidl_adapter: 3.1.4 (/opt/ros/humble/share/rosidl_adapter/cmake)
[0.291s] -- Found rosidl_generator_cpp: 3.1.4 (/opt/ros/humble/share/rosidl_generator_cpp/cmake)
[0.310s] -- Using all available rosidl_typesupport_c: rosidl_typesupport_fastrtps_c;rosidl_typesupport_introspection_c
[0.334s] -- Using all available rosidl_typesupport_cpp: rosidl_typesupport_fastrtps_cpp;rosidl_typesupport_introspection_cpp
[1.414s] -- Found rmw_implementation_cmake: 6.1.1 (/opt/ros/humble/share/rmw_implementation_cmake/cmake)
[1.416s] -- Found rmw_fastrtps_cpp: 6.2.2 (/opt/ros/humble/share/rmw_fastrtps_cpp/cmake)
[1.689s] -- Using RMW implementation 'rmw_fastrtps_cpp' as default
[2.211s] -- Found std_srvs: 4.2.3 (/opt/ros/humble/share/std_srvs/cmake)
[2.430s] -- Found ament_lint_auto: 0.12.6 (/opt/ros/humble/share/ament_lint_auto/cmake)
[2.574s] -- Added test 'cppcheck' to perform static code analysis on C / C++ code
[2.574s] -- Configured cppcheck include dirs: /home/stan/workspace/ws_ur_hv/src/ros2_robotiq_gripper/robotiq_controllers/include
[2.574s] -- Configured cppcheck exclude dirs and/or files: 
[2.574s] -- Added test 'lint_cmake' to check CMake code style
[2.574s] -- Added test 'xmllint' to check XML markup files
[2.575s] -- Configuring done (2.5s)
[2.661s] -- Generating done (0.1s)
[2.665s] -- Build files have been written to: /home/stan/workspace/ws_ur_hv/build/robotiq_controllers
[2.687s] Invoked command in '/home/stan/workspace/ws_ur_hv/build/robotiq_controllers' returned '0': CMAKE_PREFIX_PATH=/opt/ros/humble /home/stan/.local/bin/cmake /home/stan/workspace/ws_ur_hv/src/ros2_robotiq_gripper/robotiq_controllers -DCMAKE_INSTALL_PREFIX=/home/stan/workspace/ws_ur_hv/install/robotiq_controllers
[2.689s] Invoking command in '/home/stan/workspace/ws_ur_hv/build/robotiq_controllers': CMAKE_PREFIX_PATH=/opt/ros/humble /home/stan/.local/bin/cmake --build /home/stan/workspace/ws_ur_hv/build/robotiq_controllers -- -j12 -l12
[2.775s] [100%] Built target robotiq_controllers
[2.784s] Invoked command in '/home/stan/workspace/ws_ur_hv/build/robotiq_controllers' returned '0': CMAKE_PREFIX_PATH=/opt/ros/humble /home/stan/.local/bin/cmake --build /home/stan/workspace/ws_ur_hv/build/robotiq_controllers -- -j12 -l12
[2.846s] Invoking command in '/home/stan/workspace/ws_ur_hv/build/robotiq_controllers': CMAKE_PREFIX_PATH=/opt/ros/humble /home/stan/.local/bin/cmake --install /home/stan/workspace/ws_ur_hv/build/robotiq_controllers
[2.887s] -- Install configuration: "Release"
[2.887s] -- Up-to-date: /home/stan/workspace/ws_ur_hv/install/robotiq_controllers/share/robotiq_controllers/controller_plugins.xml
[2.888s] -- Up-to-date: /home/stan/workspace/ws_ur_hv/install/robotiq_controllers/lib/librobotiq_controllers.so
[2.889s] -- Up-to-date: /home/stan/workspace/ws_ur_hv/install/robotiq_controllers/include
[2.889s] -- Up-to-date: /home/stan/workspace/ws_ur_hv/install/robotiq_controllers/include/robotiq_controllers
[2.889s] -- Up-to-date: /home/stan/workspace/ws_ur_hv/install/robotiq_controllers/include/robotiq_controllers/robotiq_activation_controller.hpp
[2.889s] -- Up-to-date: /home/stan/workspace/ws_ur_hv/install/robotiq_controllers/share/robotiq_controllers/environment/library_path.sh
[2.889s] -- Installing: /home/stan/workspace/ws_ur_hv/install/robotiq_controllers/share/robotiq_controllers/environment/library_path.dsv
[2.890s] -- Up-to-date: /home/stan/workspace/ws_ur_hv/install/robotiq_controllers/share/ament_index/resource_index/package_run_dependencies/robotiq_controllers
[2.890s] -- Installing: /home/stan/workspace/ws_ur_hv/install/robotiq_controllers/share/ament_index/resource_index/parent_prefix_path/robotiq_controllers
[2.890s] -- Up-to-date: /home/stan/workspace/ws_ur_hv/install/robotiq_controllers/share/robotiq_controllers/environment/ament_prefix_path.sh
[2.890s] -- Installing: /home/stan/workspace/ws_ur_hv/install/robotiq_controllers/share/robotiq_controllers/environment/ament_prefix_path.dsv
[2.890s] -- Up-to-date: /home/stan/workspace/ws_ur_hv/install/robotiq_controllers/share/robotiq_controllers/environment/path.sh
[2.891s] -- Installing: /home/stan/workspace/ws_ur_hv/install/robotiq_controllers/share/robotiq_controllers/environment/path.dsv
[2.891s] -- Up-to-date: /home/stan/workspace/ws_ur_hv/install/robotiq_controllers/share/robotiq_controllers/local_setup.bash
[2.891s] -- Up-to-date: /home/stan/workspace/ws_ur_hv/install/robotiq_controllers/share/robotiq_controllers/local_setup.sh
[2.892s] -- Up-to-date: /home/stan/workspace/ws_ur_hv/install/robotiq_controllers/share/robotiq_controllers/local_setup.zsh
[2.892s] -- Installing: /home/stan/workspace/ws_ur_hv/install/robotiq_controllers/share/robotiq_controllers/local_setup.dsv
[2.892s] -- Installing: /home/stan/workspace/ws_ur_hv/install/robotiq_controllers/share/robotiq_controllers/package.dsv
[2.892s] -- Up-to-date: /home/stan/workspace/ws_ur_hv/install/robotiq_controllers/share/ament_index/resource_index/packages/robotiq_controllers
[2.892s] -- Up-to-date: /home/stan/workspace/ws_ur_hv/install/robotiq_controllers/share/ament_index/resource_index/controller_interface__pluginlib__plugin/robotiq_controllers
[2.893s] -- Up-to-date: /home/stan/workspace/ws_ur_hv/install/robotiq_controllers/share/robotiq_controllers/cmake/export_robotiq_controllersExport.cmake
[2.893s] -- Up-to-date: /home/stan/workspace/ws_ur_hv/install/robotiq_controllers/share/robotiq_controllers/cmake/export_robotiq_controllersExport-release.cmake
[2.893s] -- Up-to-date: /home/stan/workspace/ws_ur_hv/install/robotiq_controllers/share/robotiq_controllers/cmake/ament_cmake_export_include_directories-extras.cmake
[2.894s] -- Up-to-date: /home/stan/workspace/ws_ur_hv/install/robotiq_controllers/share/robotiq_controllers/cmake/ament_cmake_export_libraries-extras.cmake
[2.894s] -- Up-to-date: /home/stan/workspace/ws_ur_hv/install/robotiq_controllers/share/robotiq_controllers/cmake/ament_cmake_export_targets-extras.cmake
[2.894s] -- Up-to-date: /home/stan/workspace/ws_ur_hv/install/robotiq_controllers/share/robotiq_controllers/cmake/ament_cmake_export_dependencies-extras.cmake
[2.894s] -- Up-to-date: /home/stan/workspace/ws_ur_hv/install/robotiq_controllers/share/robotiq_controllers/cmake/robotiq_controllersConfig.cmake
[2.894s] -- Up-to-date: /home/stan/workspace/ws_ur_hv/install/robotiq_controllers/share/robotiq_controllers/cmake/robotiq_controllersConfig-version.cmake
[2.894s] -- Up-to-date: /home/stan/workspace/ws_ur_hv/install/robotiq_controllers/share/robotiq_controllers/package.xml
[2.905s] Invoked command in '/home/stan/workspace/ws_ur_hv/build/robotiq_controllers' returned '0': CMAKE_PREFIX_PATH=/opt/ros/humble /home/stan/.local/bin/cmake --install /home/stan/workspace/ws_ur_hv/build/robotiq_controllers
