[0.031s] Invoking command in '/home/stan/workspace/ws_ur_hv/build/serial': CMAKE_PREFIX_PATH=/opt/ros/humble /home/stan/.local/bin/cmake --build /home/stan/workspace/ws_ur_hv/build/serial -- -j12 -l12
[0.076s] [100%] Built target serial
[0.088s] Invoked command in '/home/stan/workspace/ws_ur_hv/build/serial' returned '0': CMAKE_PREFIX_PATH=/opt/ros/humble /home/stan/.local/bin/cmake --build /home/stan/workspace/ws_ur_hv/build/serial -- -j12 -l12
[0.178s] Invoking command in '/home/stan/workspace/ws_ur_hv/build/serial': CMAKE_PREFIX_PATH=/opt/ros/humble /home/stan/.local/bin/cmake --install /home/stan/workspace/ws_ur_hv/build/serial
[0.296s] -- Install configuration: "Release"
[0.296s] -- Up-to-date: /home/stan/workspace/ws_ur_hv/install/serial/lib/libserial.a
[0.297s] -- Up-to-date: /home/stan/workspace/ws_ur_hv/install/serial/include
[0.297s] -- Up-to-date: /home/stan/workspace/ws_ur_hv/install/serial/include/serial
[0.298s] -- Up-to-date: /home/stan/workspace/ws_ur_hv/install/serial/include/serial/serial.h
[0.299s] -- Up-to-date: /home/stan/workspace/ws_ur_hv/install/serial/include/serial/impl
[0.304s] -- Up-to-date: /home/stan/workspace/ws_ur_hv/install/serial/include/serial/impl/win.h
[0.304s] -- Up-to-date: /home/stan/workspace/ws_ur_hv/install/serial/include/serial/impl/unix.h
[0.305s] -- Up-to-date: /home/stan/workspace/ws_ur_hv/install/serial/include/serial/v8stdint.h
[0.305s] -- Up-to-date: /home/stan/workspace/ws_ur_hv/install/serial/share/serial/environment/library_path.sh
[0.306s] -- Up-to-date: /home/stan/workspace/ws_ur_hv/install/serial/share/serial/environment/library_path.dsv
[0.307s] -- Up-to-date: /home/stan/workspace/ws_ur_hv/install/serial/share/ament_index/resource_index/package_run_dependencies/serial
[0.307s] -- Up-to-date: /home/stan/workspace/ws_ur_hv/install/serial/share/ament_index/resource_index/parent_prefix_path/serial
[0.307s] -- Up-to-date: /home/stan/workspace/ws_ur_hv/install/serial/share/serial/environment/ament_prefix_path.sh
[0.307s] -- Up-to-date: /home/stan/workspace/ws_ur_hv/install/serial/share/serial/environment/ament_prefix_path.dsv
[0.308s] -- Up-to-date: /home/stan/workspace/ws_ur_hv/install/serial/share/serial/environment/path.sh
[0.311s] -- Up-to-date: /home/stan/workspace/ws_ur_hv/install/serial/share/serial/environment/path.dsv
[0.311s] -- Up-to-date: /home/stan/workspace/ws_ur_hv/install/serial/share/serial/local_setup.bash
[0.311s] -- Up-to-date: /home/stan/workspace/ws_ur_hv/install/serial/share/serial/local_setup.sh
[0.313s] -- Up-to-date: /home/stan/workspace/ws_ur_hv/install/serial/share/serial/local_setup.zsh
[0.314s] -- Up-to-date: /home/stan/workspace/ws_ur_hv/install/serial/share/serial/local_setup.dsv
[0.314s] -- Installing: /home/stan/workspace/ws_ur_hv/install/serial/share/serial/package.dsv
[0.315s] -- Up-to-date: /home/stan/workspace/ws_ur_hv/install/serial/share/ament_index/resource_index/packages/serial
[0.316s] -- Up-to-date: /home/stan/workspace/ws_ur_hv/install/serial/share/serial/cmake/export_serialExport.cmake
[0.316s] -- Up-to-date: /home/stan/workspace/ws_ur_hv/install/serial/share/serial/cmake/export_serialExport-release.cmake
[0.316s] -- Up-to-date: /home/stan/workspace/ws_ur_hv/install/serial/share/serial/cmake/ament_cmake_export_include_directories-extras.cmake
[0.316s] -- Up-to-date: /home/stan/workspace/ws_ur_hv/install/serial/share/serial/cmake/ament_cmake_export_libraries-extras.cmake
[0.317s] -- Up-to-date: /home/stan/workspace/ws_ur_hv/install/serial/share/serial/cmake/ament_cmake_export_targets-extras.cmake
[0.317s] -- Up-to-date: /home/stan/workspace/ws_ur_hv/install/serial/share/serial/cmake/serialConfig.cmake
[0.317s] -- Up-to-date: /home/stan/workspace/ws_ur_hv/install/serial/share/serial/cmake/serialConfig-version.cmake
[0.317s] -- Up-to-date: /home/stan/workspace/ws_ur_hv/install/serial/share/serial/package.xml
[0.335s] Invoked command in '/home/stan/workspace/ws_ur_hv/build/serial' returned '0': CMAKE_PREFIX_PATH=/opt/ros/humble /home/stan/.local/bin/cmake --install /home/stan/workspace/ws_ur_hv/build/serial
