[0.019s] Invoking command in '/home/stan/workspace/ws_ur_hv/build/ur_calibration': AMENT_PREFIX_PATH=/home/stan/workspace/ws_ur_hv/install/ur_robot_driver:/home/stan/workspace/ws_ur_hv/install/ur_controllers:/home/stan/workspace/ws_ur_hv/install/ur_description:/home/stan/workspace/ws_ur_hv/install/ur_dashboard_msgs:${AMENT_PREFIX_PATH} CMAKE_PREFIX_PATH=/home/stan/workspace/ws_ur_hv/install/ur_robot_driver:/home/stan/workspace/ws_ur_hv/install/ur_controllers:/home/stan/workspace/ws_ur_hv/install/ur_description:/home/stan/workspace/ws_ur_hv/install/ur_dashboard_msgs:/opt/ros/humble LD_LIBRARY_PATH=/home/stan/workspace/ws_ur_hv/install/ur_robot_driver/lib:/home/stan/workspace/ws_ur_hv/install/ur_controllers/lib:/home/stan/workspace/ws_ur_hv/install/ur_dashboard_msgs/lib:${LD_LIBRARY_PATH} PATH=/home/stan/workspace/ws_ur_hv/install/ur_robot_driver/bin:${PATH} PYTHONPATH=/home/stan/workspace/ws_ur_hv/install/ur_robot_driver/local/lib/python3.10/dist-packages:/home/stan/workspace/ws_ur_hv/install/ur_dashboard_msgs/local/lib/python3.10/dist-packages:${PYTHONPATH} /home/stan/.local/bin/cmake /home/stan/workspace/ws_ur_hv/src/Universal_Robots_ROS2_Driver/ur_calibration -DCMAKE_BUILD_TYPE=Release -DCMAKE_INSTALL_PREFIX=/home/stan/workspace/ws_ur_hv/install/ur_calibration
[0.057s] -- Found ament_cmake: 1.3.5 (/opt/ros/humble/share/ament_cmake/cmake)
[0.197s] -- Found rclcpp: 16.0.4 (/opt/ros/humble/share/rclcpp/cmake)
[0.242s] -- Found rosidl_generator_c: 3.1.4 (/opt/ros/humble/share/rosidl_generator_c/cmake)
[0.246s] -- Found rosidl_adapter: 3.1.4 (/opt/ros/humble/share/rosidl_adapter/cmake)
[0.254s] -- Found rosidl_generator_cpp: 3.1.4 (/opt/ros/humble/share/rosidl_generator_cpp/cmake)
[0.270s] -- Using all available rosidl_typesupport_c: rosidl_typesupport_fastrtps_c;rosidl_typesupport_introspection_c
[0.292s] -- Using all available rosidl_typesupport_cpp: rosidl_typesupport_fastrtps_cpp;rosidl_typesupport_introspection_cpp
[0.382s] -- Found rmw_implementation_cmake: 6.1.1 (/opt/ros/humble/share/rmw_implementation_cmake/cmake)
[0.385s] -- Found rmw_fastrtps_cpp: 6.2.2 (/opt/ros/humble/share/rmw_fastrtps_cpp/cmake)
[0.563s] -- Using RMW implementation 'rmw_fastrtps_cpp' as default
[0.778s] -- Found ur_robot_driver: 2.2.6 (/home/stan/workspace/ws_ur_hv/install/ur_robot_driver/share/ur_robot_driver/cmake)
[2.721s] -- Found eigen3_cmake_module: 0.1.1 (/opt/ros/humble/share/eigen3_cmake_module/cmake)
[2.723s] -- Ensuring Eigen3 include directory is part of orocos-kdl CMake target
[5.073s] -- Found ament_cmake_gmock: 1.3.5 (/opt/ros/humble/share/ament_cmake_gmock/cmake)
[5.076s] -- Found gmock sources under '/opt/ros/humble/src/gmock_vendor': C++ tests using 'Google Mock' will be built
[5.082s] -- Found ament_cmake_gtest: 1.3.5 (/opt/ros/humble/share/ament_cmake_gtest/cmake)
[5.083s] -- Found gtest sources under '/opt/ros/humble/src/gtest_vendor': C++ tests using 'Google Test' will be built
[5.171s] -- Configuring done (5.1s)
[5.315s] -- Generating done (0.1s)
[5.319s] -- Build files have been written to: /home/stan/workspace/ws_ur_hv/build/ur_calibration
[5.337s] Invoked command in '/home/stan/workspace/ws_ur_hv/build/ur_calibration' returned '0': AMENT_PREFIX_PATH=/home/stan/workspace/ws_ur_hv/install/ur_robot_driver:/home/stan/workspace/ws_ur_hv/install/ur_controllers:/home/stan/workspace/ws_ur_hv/install/ur_description:/home/stan/workspace/ws_ur_hv/install/ur_dashboard_msgs:${AMENT_PREFIX_PATH} CMAKE_PREFIX_PATH=/home/stan/workspace/ws_ur_hv/install/ur_robot_driver:/home/stan/workspace/ws_ur_hv/install/ur_controllers:/home/stan/workspace/ws_ur_hv/install/ur_description:/home/stan/workspace/ws_ur_hv/install/ur_dashboard_msgs:/opt/ros/humble LD_LIBRARY_PATH=/home/stan/workspace/ws_ur_hv/install/ur_robot_driver/lib:/home/stan/workspace/ws_ur_hv/install/ur_controllers/lib:/home/stan/workspace/ws_ur_hv/install/ur_dashboard_msgs/lib:${LD_LIBRARY_PATH} PATH=/home/stan/workspace/ws_ur_hv/install/ur_robot_driver/bin:${PATH} PYTHONPATH=/home/stan/workspace/ws_ur_hv/install/ur_robot_driver/local/lib/python3.10/dist-packages:/home/stan/workspace/ws_ur_hv/install/ur_dashboard_msgs/local/lib/python3.10/dist-packages:${PYTHONPATH} /home/stan/.local/bin/cmake /home/stan/workspace/ws_ur_hv/src/Universal_Robots_ROS2_Driver/ur_calibration -DCMAKE_BUILD_TYPE=Release -DCMAKE_INSTALL_PREFIX=/home/stan/workspace/ws_ur_hv/install/ur_calibration
[5.339s] Invoking command in '/home/stan/workspace/ws_ur_hv/build/ur_calibration': AMENT_PREFIX_PATH=/home/stan/workspace/ws_ur_hv/install/ur_robot_driver:/home/stan/workspace/ws_ur_hv/install/ur_controllers:/home/stan/workspace/ws_ur_hv/install/ur_description:/home/stan/workspace/ws_ur_hv/install/ur_dashboard_msgs:${AMENT_PREFIX_PATH} CMAKE_PREFIX_PATH=/home/stan/workspace/ws_ur_hv/install/ur_robot_driver:/home/stan/workspace/ws_ur_hv/install/ur_controllers:/home/stan/workspace/ws_ur_hv/install/ur_description:/home/stan/workspace/ws_ur_hv/install/ur_dashboard_msgs:/opt/ros/humble LD_LIBRARY_PATH=/home/stan/workspace/ws_ur_hv/install/ur_robot_driver/lib:/home/stan/workspace/ws_ur_hv/install/ur_controllers/lib:/home/stan/workspace/ws_ur_hv/install/ur_dashboard_msgs/lib:${LD_LIBRARY_PATH} PATH=/home/stan/workspace/ws_ur_hv/install/ur_robot_driver/bin:${PATH} PYTHONPATH=/home/stan/workspace/ws_ur_hv/install/ur_robot_driver/local/lib/python3.10/dist-packages:/home/stan/workspace/ws_ur_hv/install/ur_dashboard_msgs/local/lib/python3.10/dist-packages:${PYTHONPATH} /home/stan/.local/bin/cmake --build /home/stan/workspace/ws_ur_hv/build/ur_calibration -- -j12 -l12
[5.400s] [ 16%] Built target gmock_main
[5.403s] [ 41%] Built target gmock
[5.413s] [ 66%] Built target calibration
[5.438s] [ 75%] [32m[1mLinking CXX executable calibration_correction[0m
[5.442s] [ 83%] [32m[1mLinking CXX executable calibration_test[0m
[5.693s] [ 91%] Built target calibration_test
[5.696s] [100%] Built target calibration_correction
[5.705s] Invoked command in '/home/stan/workspace/ws_ur_hv/build/ur_calibration' returned '0': AMENT_PREFIX_PATH=/home/stan/workspace/ws_ur_hv/install/ur_robot_driver:/home/stan/workspace/ws_ur_hv/install/ur_controllers:/home/stan/workspace/ws_ur_hv/install/ur_description:/home/stan/workspace/ws_ur_hv/install/ur_dashboard_msgs:${AMENT_PREFIX_PATH} CMAKE_PREFIX_PATH=/home/stan/workspace/ws_ur_hv/install/ur_robot_driver:/home/stan/workspace/ws_ur_hv/install/ur_controllers:/home/stan/workspace/ws_ur_hv/install/ur_description:/home/stan/workspace/ws_ur_hv/install/ur_dashboard_msgs:/opt/ros/humble LD_LIBRARY_PATH=/home/stan/workspace/ws_ur_hv/install/ur_robot_driver/lib:/home/stan/workspace/ws_ur_hv/install/ur_controllers/lib:/home/stan/workspace/ws_ur_hv/install/ur_dashboard_msgs/lib:${LD_LIBRARY_PATH} PATH=/home/stan/workspace/ws_ur_hv/install/ur_robot_driver/bin:${PATH} PYTHONPATH=/home/stan/workspace/ws_ur_hv/install/ur_robot_driver/local/lib/python3.10/dist-packages:/home/stan/workspace/ws_ur_hv/install/ur_dashboard_msgs/local/lib/python3.10/dist-packages:${PYTHONPATH} /home/stan/.local/bin/cmake --build /home/stan/workspace/ws_ur_hv/build/ur_calibration -- -j12 -l12
[5.771s] Invoking command in '/home/stan/workspace/ws_ur_hv/build/ur_calibration': AMENT_PREFIX_PATH=/home/stan/workspace/ws_ur_hv/install/ur_robot_driver:/home/stan/workspace/ws_ur_hv/install/ur_controllers:/home/stan/workspace/ws_ur_hv/install/ur_description:/home/stan/workspace/ws_ur_hv/install/ur_dashboard_msgs:${AMENT_PREFIX_PATH} CMAKE_PREFIX_PATH=/home/stan/workspace/ws_ur_hv/install/ur_robot_driver:/home/stan/workspace/ws_ur_hv/install/ur_controllers:/home/stan/workspace/ws_ur_hv/install/ur_description:/home/stan/workspace/ws_ur_hv/install/ur_dashboard_msgs:/opt/ros/humble LD_LIBRARY_PATH=/home/stan/workspace/ws_ur_hv/install/ur_robot_driver/lib:/home/stan/workspace/ws_ur_hv/install/ur_controllers/lib:/home/stan/workspace/ws_ur_hv/install/ur_dashboard_msgs/lib:${LD_LIBRARY_PATH} PATH=/home/stan/workspace/ws_ur_hv/install/ur_robot_driver/bin:${PATH} PYTHONPATH=/home/stan/workspace/ws_ur_hv/install/ur_robot_driver/local/lib/python3.10/dist-packages:/home/stan/workspace/ws_ur_hv/install/ur_dashboard_msgs/local/lib/python3.10/dist-packages:${PYTHONPATH} /home/stan/.local/bin/cmake --install /home/stan/workspace/ws_ur_hv/build/ur_calibration
[5.801s] -- Install configuration: "Release"
[5.802s] -- Installing: /home/stan/workspace/ws_ur_hv/install/ur_calibration/lib/ur_calibration/calibration_correction
[5.803s] -- Set runtime path of "/home/stan/workspace/ws_ur_hv/install/ur_calibration/lib/ur_calibration/calibration_correction" to ""
[5.803s] -- Up-to-date: /home/stan/workspace/ws_ur_hv/install/ur_calibration/include
[5.803s] -- Up-to-date: /home/stan/workspace/ws_ur_hv/install/ur_calibration/include/ur_calibration
[5.803s] -- Up-to-date: /home/stan/workspace/ws_ur_hv/install/ur_calibration/include/ur_calibration/calibration_consumer.hpp
[5.803s] -- Up-to-date: /home/stan/workspace/ws_ur_hv/install/ur_calibration/include/ur_calibration/calibration.hpp
[5.804s] -- Up-to-date: /home/stan/workspace/ws_ur_hv/install/ur_calibration/share/ur_calibration/launch
[5.804s] -- Up-to-date: /home/stan/workspace/ws_ur_hv/install/ur_calibration/share/ur_calibration/launch/calibration_correction.launch.py
[5.804s] -- Up-to-date: /home/stan/workspace/ws_ur_hv/install/ur_calibration/share/ament_index/resource_index/package_run_dependencies/ur_calibration
[5.804s] -- Up-to-date: /home/stan/workspace/ws_ur_hv/install/ur_calibration/share/ament_index/resource_index/parent_prefix_path/ur_calibration
[5.804s] -- Up-to-date: /home/stan/workspace/ws_ur_hv/install/ur_calibration/share/ur_calibration/environment/ament_prefix_path.sh
[5.804s] -- Installing: /home/stan/workspace/ws_ur_hv/install/ur_calibration/share/ur_calibration/environment/ament_prefix_path.dsv
[5.805s] -- Up-to-date: /home/stan/workspace/ws_ur_hv/install/ur_calibration/share/ur_calibration/environment/path.sh
[5.805s] -- Installing: /home/stan/workspace/ws_ur_hv/install/ur_calibration/share/ur_calibration/environment/path.dsv
[5.805s] -- Up-to-date: /home/stan/workspace/ws_ur_hv/install/ur_calibration/share/ur_calibration/local_setup.bash
[5.805s] -- Up-to-date: /home/stan/workspace/ws_ur_hv/install/ur_calibration/share/ur_calibration/local_setup.sh
[5.805s] -- Up-to-date: /home/stan/workspace/ws_ur_hv/install/ur_calibration/share/ur_calibration/local_setup.zsh
[5.805s] -- Installing: /home/stan/workspace/ws_ur_hv/install/ur_calibration/share/ur_calibration/local_setup.dsv
[5.805s] -- Installing: /home/stan/workspace/ws_ur_hv/install/ur_calibration/share/ur_calibration/package.dsv
[5.805s] -- Up-to-date: /home/stan/workspace/ws_ur_hv/install/ur_calibration/share/ament_index/resource_index/packages/ur_calibration
[5.806s] -- Up-to-date: /home/stan/workspace/ws_ur_hv/install/ur_calibration/share/ur_calibration/cmake/ament_cmake_export_include_directories-extras.cmake
[5.806s] -- Up-to-date: /home/stan/workspace/ws_ur_hv/install/ur_calibration/share/ur_calibration/cmake/ament_cmake_export_dependencies-extras.cmake
[5.806s] -- Up-to-date: /home/stan/workspace/ws_ur_hv/install/ur_calibration/share/ur_calibration/cmake/ur_calibrationConfig.cmake
[5.806s] -- Up-to-date: /home/stan/workspace/ws_ur_hv/install/ur_calibration/share/ur_calibration/cmake/ur_calibrationConfig-version.cmake
[5.806s] -- Up-to-date: /home/stan/workspace/ws_ur_hv/install/ur_calibration/share/ur_calibration/package.xml
[5.813s] Invoked command in '/home/stan/workspace/ws_ur_hv/build/ur_calibration' returned '0': AMENT_PREFIX_PATH=/home/stan/workspace/ws_ur_hv/install/ur_robot_driver:/home/stan/workspace/ws_ur_hv/install/ur_controllers:/home/stan/workspace/ws_ur_hv/install/ur_description:/home/stan/workspace/ws_ur_hv/install/ur_dashboard_msgs:${AMENT_PREFIX_PATH} CMAKE_PREFIX_PATH=/home/stan/workspace/ws_ur_hv/install/ur_robot_driver:/home/stan/workspace/ws_ur_hv/install/ur_controllers:/home/stan/workspace/ws_ur_hv/install/ur_description:/home/stan/workspace/ws_ur_hv/install/ur_dashboard_msgs:/opt/ros/humble LD_LIBRARY_PATH=/home/stan/workspace/ws_ur_hv/install/ur_robot_driver/lib:/home/stan/workspace/ws_ur_hv/install/ur_controllers/lib:/home/stan/workspace/ws_ur_hv/install/ur_dashboard_msgs/lib:${LD_LIBRARY_PATH} PATH=/home/stan/workspace/ws_ur_hv/install/ur_robot_driver/bin:${PATH} PYTHONPATH=/home/stan/workspace/ws_ur_hv/install/ur_robot_driver/local/lib/python3.10/dist-packages:/home/stan/workspace/ws_ur_hv/install/ur_dashboard_msgs/local/lib/python3.10/dist-packages:${PYTHONPATH} /home/stan/.local/bin/cmake --install /home/stan/workspace/ws_ur_hv/build/ur_calibration
