[0.031s] Invoking command in '/home/stan/workspace/ws_ur_hv/build/serial': CMAKE_PREFIX_PATH=/opt/ros/humble /home/stan/.local/bin/cmake --build /home/stan/workspace/ws_ur_hv/build/serial -- -j12 -l12
[0.077s] [100%] Built target serial
[0.087s] Invoked command in '/home/stan/workspace/ws_ur_hv/build/serial' returned '0': CMAKE_PREFIX_PATH=/opt/ros/humble /home/stan/.local/bin/cmake --build /home/stan/workspace/ws_ur_hv/build/serial -- -j12 -l12
[0.169s] Invoking command in '/home/stan/workspace/ws_ur_hv/build/serial': CMAKE_PREFIX_PATH=/opt/ros/humble /home/stan/.local/bin/cmake --install /home/stan/workspace/ws_ur_hv/build/serial
[0.195s] -- Install configuration: "Release"
[0.196s] -- Up-to-date: /home/stan/workspace/ws_ur_hv/install/serial/lib/libserial.a
[0.196s] -- Up-to-date: /home/stan/workspace/ws_ur_hv/install/serial/include
[0.196s] -- Up-to-date: /home/stan/workspace/ws_ur_hv/install/serial/include/serial
[0.196s] -- Up-to-date: /home/stan/workspace/ws_ur_hv/install/serial/include/serial/serial.h
[0.197s] -- Up-to-date: /home/stan/workspace/ws_ur_hv/install/serial/include/serial/impl
[0.197s] -- Up-to-date: /home/stan/workspace/ws_ur_hv/install/serial/include/serial/impl/win.h
[0.197s] -- Up-to-date: /home/stan/workspace/ws_ur_hv/install/serial/include/serial/impl/unix.h
[0.198s] -- Up-to-date: /home/stan/workspace/ws_ur_hv/install/serial/include/serial/v8stdint.h
[0.198s] -- Up-to-date: /home/stan/workspace/ws_ur_hv/install/serial/share/serial/environment/library_path.sh
[0.200s] -- Up-to-date: /home/stan/workspace/ws_ur_hv/install/serial/share/serial/environment/library_path.dsv
[0.200s] -- Up-to-date: /home/stan/workspace/ws_ur_hv/install/serial/share/ament_index/resource_index/package_run_dependencies/serial
[0.203s] -- Up-to-date: /home/stan/workspace/ws_ur_hv/install/serial/share/ament_index/resource_index/parent_prefix_path/serial
[0.203s] -- Up-to-date: /home/stan/workspace/ws_ur_hv/install/serial/share/serial/environment/ament_prefix_path.sh
[0.205s] -- Up-to-date: /home/stan/workspace/ws_ur_hv/install/serial/share/serial/environment/ament_prefix_path.dsv
[0.205s] -- Up-to-date: /home/stan/workspace/ws_ur_hv/install/serial/share/serial/environment/path.sh
[0.206s] -- Up-to-date: /home/stan/workspace/ws_ur_hv/install/serial/share/serial/environment/path.dsv
[0.207s] -- Up-to-date: /home/stan/workspace/ws_ur_hv/install/serial/share/serial/local_setup.bash
[0.207s] -- Up-to-date: /home/stan/workspace/ws_ur_hv/install/serial/share/serial/local_setup.sh
[0.207s] -- Up-to-date: /home/stan/workspace/ws_ur_hv/install/serial/share/serial/local_setup.zsh
[0.207s] -- Up-to-date: /home/stan/workspace/ws_ur_hv/install/serial/share/serial/local_setup.dsv
[0.208s] -- Installing: /home/stan/workspace/ws_ur_hv/install/serial/share/serial/package.dsv
[0.208s] -- Up-to-date: /home/stan/workspace/ws_ur_hv/install/serial/share/ament_index/resource_index/packages/serial
[0.211s] -- Up-to-date: /home/stan/workspace/ws_ur_hv/install/serial/share/serial/cmake/export_serialExport.cmake
[0.212s] -- Up-to-date: /home/stan/workspace/ws_ur_hv/install/serial/share/serial/cmake/export_serialExport-release.cmake
[0.212s] -- Up-to-date: /home/stan/workspace/ws_ur_hv/install/serial/share/serial/cmake/ament_cmake_export_include_directories-extras.cmake
[0.215s] -- Up-to-date: /home/stan/workspace/ws_ur_hv/install/serial/share/serial/cmake/ament_cmake_export_libraries-extras.cmake
[0.215s] -- Up-to-date: /home/stan/workspace/ws_ur_hv/install/serial/share/serial/cmake/ament_cmake_export_targets-extras.cmake
[0.217s] -- Up-to-date: /home/stan/workspace/ws_ur_hv/install/serial/share/serial/cmake/serialConfig.cmake
[0.217s] -- Up-to-date: /home/stan/workspace/ws_ur_hv/install/serial/share/serial/cmake/serialConfig-version.cmake
[0.217s] -- Up-to-date: /home/stan/workspace/ws_ur_hv/install/serial/share/serial/package.xml
[0.334s] Invoked command in '/home/stan/workspace/ws_ur_hv/build/serial' returned '0': CMAKE_PREFIX_PATH=/opt/ros/humble /home/stan/.local/bin/cmake --install /home/stan/workspace/ws_ur_hv/build/serial
