[0.029s] Invoking command in '/home/stan/workspace/ws_ur_hv/build/robotiq_controllers': CMAKE_PREFIX_PATH=/opt/ros/humble /home/stan/.local/bin/cmake --build /home/stan/workspace/ws_ur_hv/build/robotiq_controllers -- -j12 -l12
[0.091s] [100%] Built target robotiq_controllers
[0.106s] Invoked command in '/home/stan/workspace/ws_ur_hv/build/robotiq_controllers' returned '0': CMAKE_PREFIX_PATH=/opt/ros/humble /home/stan/.local/bin/cmake --build /home/stan/workspace/ws_ur_hv/build/robotiq_controllers -- -j12 -l12
[0.220s] Invoking command in '/home/stan/workspace/ws_ur_hv/build/robotiq_controllers': CMAKE_PREFIX_PATH=/opt/ros/humble /home/stan/.local/bin/cmake --install /home/stan/workspace/ws_ur_hv/build/robotiq_controllers
[0.272s] -- Install configuration: "Release"
[0.272s] -- Execute custom install script
[0.278s] -- Up-to-date symlink: /home/stan/workspace/ws_ur_hv/install/robotiq_controllers/share/robotiq_controllers//controller_plugins.xml
[0.279s] -- Up-to-date symlink: /home/stan/workspace/ws_ur_hv/install/robotiq_controllers/include/robotiq_controllers/robotiq_activation_controller.hpp
[0.279s] -- Up-to-date symlink: /home/stan/workspace/ws_ur_hv/install/robotiq_controllers/share/robotiq_controllers/environment/library_path.sh
[0.279s] -- Up-to-date symlink: /home/stan/workspace/ws_ur_hv/install/robotiq_controllers/share/robotiq_controllers/environment/library_path.dsv
[0.279s] -- Up-to-date symlink: /home/stan/workspace/ws_ur_hv/install/robotiq_controllers/share/ament_index/resource_index/package_run_dependencies/robotiq_controllers
[0.279s] -- Up-to-date symlink: /home/stan/workspace/ws_ur_hv/install/robotiq_controllers/share/ament_index/resource_index/parent_prefix_path/robotiq_controllers
[0.279s] -- Up-to-date symlink: /home/stan/workspace/ws_ur_hv/install/robotiq_controllers/share/robotiq_controllers/environment/ament_prefix_path.sh
[0.285s] -- Up-to-date symlink: /home/stan/workspace/ws_ur_hv/install/robotiq_controllers/share/robotiq_controllers/environment/ament_prefix_path.dsv
[0.286s] -- Up-to-date symlink: /home/stan/workspace/ws_ur_hv/install/robotiq_controllers/share/robotiq_controllers/environment/path.sh
[0.286s] -- Up-to-date symlink: /home/stan/workspace/ws_ur_hv/install/robotiq_controllers/share/robotiq_controllers/environment/path.dsv
[0.288s] -- Up-to-date symlink: /home/stan/workspace/ws_ur_hv/install/robotiq_controllers/share/robotiq_controllers/local_setup.bash
[0.288s] -- Up-to-date symlink: /home/stan/workspace/ws_ur_hv/install/robotiq_controllers/share/robotiq_controllers/local_setup.sh
[0.289s] -- Up-to-date symlink: /home/stan/workspace/ws_ur_hv/install/robotiq_controllers/share/robotiq_controllers/local_setup.zsh
[0.290s] -- Up-to-date symlink: /home/stan/workspace/ws_ur_hv/install/robotiq_controllers/share/robotiq_controllers/local_setup.dsv
[0.290s] -- Up-to-date symlink: /home/stan/workspace/ws_ur_hv/install/robotiq_controllers/share/robotiq_controllers/package.dsv
[0.290s] -- Up-to-date symlink: /home/stan/workspace/ws_ur_hv/install/robotiq_controllers/share/ament_index/resource_index/packages/robotiq_controllers
[0.290s] -- Up-to-date symlink: /home/stan/workspace/ws_ur_hv/install/robotiq_controllers/share/ament_index/resource_index/controller_interface__pluginlib__plugin/robotiq_controllers
[0.291s] -- Up-to-date symlink: /home/stan/workspace/ws_ur_hv/install/robotiq_controllers/share/robotiq_controllers/cmake/ament_cmake_export_include_directories-extras.cmake
[0.292s] -- Up-to-date symlink: /home/stan/workspace/ws_ur_hv/install/robotiq_controllers/share/robotiq_controllers/cmake/ament_cmake_export_libraries-extras.cmake
[0.292s] -- Up-to-date symlink: /home/stan/workspace/ws_ur_hv/install/robotiq_controllers/share/robotiq_controllers/cmake/ament_cmake_export_targets-extras.cmake
[0.292s] -- Up-to-date symlink: /home/stan/workspace/ws_ur_hv/install/robotiq_controllers/share/robotiq_controllers/cmake/ament_cmake_export_dependencies-extras.cmake
[0.297s] -- Up-to-date symlink: /home/stan/workspace/ws_ur_hv/install/robotiq_controllers/share/robotiq_controllers/cmake/robotiq_controllersConfig.cmake
[0.297s] -- Up-to-date symlink: /home/stan/workspace/ws_ur_hv/install/robotiq_controllers/share/robotiq_controllers/cmake/robotiq_controllersConfig-version.cmake
[0.298s] -- Up-to-date symlink: /home/stan/workspace/ws_ur_hv/install/robotiq_controllers/share/robotiq_controllers/package.xml
[0.298s] -- Up-to-date: /home/stan/workspace/ws_ur_hv/install/robotiq_controllers/lib/librobotiq_controllers.so
[0.298s] -- Up-to-date: /home/stan/workspace/ws_ur_hv/install/robotiq_controllers/share/robotiq_controllers/cmake/export_robotiq_controllersExport.cmake
[0.298s] -- Up-to-date: /home/stan/workspace/ws_ur_hv/install/robotiq_controllers/share/robotiq_controllers/cmake/export_robotiq_controllersExport-release.cmake
[0.358s] Invoked command in '/home/stan/workspace/ws_ur_hv/build/robotiq_controllers' returned '0': CMAKE_PREFIX_PATH=/opt/ros/humble /home/stan/.local/bin/cmake --install /home/stan/workspace/ws_ur_hv/build/robotiq_controllers
