[0.017s] Invoking command in '/home/stan/workspace/ws_ur_hv/build/hello_moveit_ur': AMENT_PREFIX_PATH=/home/stan/workspace/ws_ur_hv/install/ur_robot_driver:/home/stan/workspace/ws_ur_hv/install/ur_controllers:/home/stan/workspace/ws_ur_hv/install/ur_description:/home/stan/workspace/ws_ur_hv/install/ur_dashboard_msgs:${AMENT_PREFIX_PATH} CMAKE_PREFIX_PATH=/home/stan/workspace/ws_ur_hv/install/ur_robot_driver:/home/stan/workspace/ws_ur_hv/install/ur_controllers:/home/stan/workspace/ws_ur_hv/install/ur_description:/home/stan/workspace/ws_ur_hv/install/ur_dashboard_msgs:/opt/ros/humble LD_LIBRARY_PATH=/home/stan/workspace/ws_ur_hv/install/ur_robot_driver/lib:/home/stan/workspace/ws_ur_hv/install/ur_controllers/lib:/home/stan/workspace/ws_ur_hv/install/ur_dashboard_msgs/lib:${LD_LIBRARY_PATH} PATH=/home/stan/workspace/ws_ur_hv/install/ur_robot_driver/bin:${PATH} PYTHONPATH=/home/stan/workspace/ws_ur_hv/install/ur_robot_driver/local/lib/python3.10/dist-packages:/home/stan/workspace/ws_ur_hv/install/ur_dashboard_msgs/local/lib/python3.10/dist-packages:${PYTHONPATH} /home/stan/.local/bin/cmake --build /home/stan/workspace/ws_ur_hv/build/hello_moveit_ur -- -j12 -l12
[0.085s] [ 33%] Built target hello_moveit_ur
[0.086s] [ 66%] Built target point_to_point
[0.086s] [100%] Built target moveit_eval
[0.096s] Invoked command in '/home/stan/workspace/ws_ur_hv/build/hello_moveit_ur' returned '0': AMENT_PREFIX_PATH=/home/stan/workspace/ws_ur_hv/install/ur_robot_driver:/home/stan/workspace/ws_ur_hv/install/ur_controllers:/home/stan/workspace/ws_ur_hv/install/ur_description:/home/stan/workspace/ws_ur_hv/install/ur_dashboard_msgs:${AMENT_PREFIX_PATH} CMAKE_PREFIX_PATH=/home/stan/workspace/ws_ur_hv/install/ur_robot_driver:/home/stan/workspace/ws_ur_hv/install/ur_controllers:/home/stan/workspace/ws_ur_hv/install/ur_description:/home/stan/workspace/ws_ur_hv/install/ur_dashboard_msgs:/opt/ros/humble LD_LIBRARY_PATH=/home/stan/workspace/ws_ur_hv/install/ur_robot_driver/lib:/home/stan/workspace/ws_ur_hv/install/ur_controllers/lib:/home/stan/workspace/ws_ur_hv/install/ur_dashboard_msgs/lib:${LD_LIBRARY_PATH} PATH=/home/stan/workspace/ws_ur_hv/install/ur_robot_driver/bin:${PATH} PYTHONPATH=/home/stan/workspace/ws_ur_hv/install/ur_robot_driver/local/lib/python3.10/dist-packages:/home/stan/workspace/ws_ur_hv/install/ur_dashboard_msgs/local/lib/python3.10/dist-packages:${PYTHONPATH} /home/stan/.local/bin/cmake --build /home/stan/workspace/ws_ur_hv/build/hello_moveit_ur -- -j12 -l12
[0.153s] Invoking command in '/home/stan/workspace/ws_ur_hv/build/hello_moveit_ur': AMENT_PREFIX_PATH=/home/stan/workspace/ws_ur_hv/install/ur_robot_driver:/home/stan/workspace/ws_ur_hv/install/ur_controllers:/home/stan/workspace/ws_ur_hv/install/ur_description:/home/stan/workspace/ws_ur_hv/install/ur_dashboard_msgs:${AMENT_PREFIX_PATH} CMAKE_PREFIX_PATH=/home/stan/workspace/ws_ur_hv/install/ur_robot_driver:/home/stan/workspace/ws_ur_hv/install/ur_controllers:/home/stan/workspace/ws_ur_hv/install/ur_description:/home/stan/workspace/ws_ur_hv/install/ur_dashboard_msgs:/opt/ros/humble LD_LIBRARY_PATH=/home/stan/workspace/ws_ur_hv/install/ur_robot_driver/lib:/home/stan/workspace/ws_ur_hv/install/ur_controllers/lib:/home/stan/workspace/ws_ur_hv/install/ur_dashboard_msgs/lib:${LD_LIBRARY_PATH} PATH=/home/stan/workspace/ws_ur_hv/install/ur_robot_driver/bin:${PATH} PYTHONPATH=/home/stan/workspace/ws_ur_hv/install/ur_robot_driver/local/lib/python3.10/dist-packages:/home/stan/workspace/ws_ur_hv/install/ur_dashboard_msgs/local/lib/python3.10/dist-packages:${PYTHONPATH} /home/stan/.local/bin/cmake --install /home/stan/workspace/ws_ur_hv/build/hello_moveit_ur
[0.181s] -- Install configuration: "Release"
[0.181s] -- Up-to-date: /home/stan/workspace/ws_ur_hv/install/hello_moveit_ur/lib/hello_moveit_ur/hello_moveit_ur
[0.182s] -- Up-to-date: /home/stan/workspace/ws_ur_hv/install/hello_moveit_ur/lib/hello_moveit_ur/point_to_point
[0.182s] -- Up-to-date: /home/stan/workspace/ws_ur_hv/install/hello_moveit_ur/lib/hello_moveit_ur/moveit_eval
[0.183s] -- Up-to-date: /home/stan/workspace/ws_ur_hv/install/hello_moveit_ur/share/hello_moveit_ur//launch
[0.183s] -- Up-to-date: /home/stan/workspace/ws_ur_hv/install/hello_moveit_ur/share/hello_moveit_ur//launch/moveit_eval_launch.py
[0.183s] -- Up-to-date: /home/stan/workspace/ws_ur_hv/install/hello_moveit_ur/share/hello_moveit_ur//launch/moveit_commons.py
[0.183s] -- Up-to-date: /home/stan/workspace/ws_ur_hv/install/hello_moveit_ur/share/hello_moveit_ur//launch/hello_point_to_point.launch.py
[0.183s] -- Up-to-date: /home/stan/workspace/ws_ur_hv/install/hello_moveit_ur/share/hello_moveit_ur//launch/hello_moveit_ur_launch.py
[0.184s] -- Up-to-date: /home/stan/workspace/ws_ur_hv/install/hello_moveit_ur/share/ament_index/resource_index/package_run_dependencies/hello_moveit_ur
[0.184s] -- Up-to-date: /home/stan/workspace/ws_ur_hv/install/hello_moveit_ur/share/ament_index/resource_index/parent_prefix_path/hello_moveit_ur
[0.184s] -- Up-to-date: /home/stan/workspace/ws_ur_hv/install/hello_moveit_ur/share/hello_moveit_ur/environment/ament_prefix_path.sh
[0.184s] -- Up-to-date: /home/stan/workspace/ws_ur_hv/install/hello_moveit_ur/share/hello_moveit_ur/environment/ament_prefix_path.dsv
[0.184s] -- Up-to-date: /home/stan/workspace/ws_ur_hv/install/hello_moveit_ur/share/hello_moveit_ur/environment/path.sh
[0.184s] -- Up-to-date: /home/stan/workspace/ws_ur_hv/install/hello_moveit_ur/share/hello_moveit_ur/environment/path.dsv
[0.184s] -- Up-to-date: /home/stan/workspace/ws_ur_hv/install/hello_moveit_ur/share/hello_moveit_ur/local_setup.bash
[0.184s] -- Up-to-date: /home/stan/workspace/ws_ur_hv/install/hello_moveit_ur/share/hello_moveit_ur/local_setup.sh
[0.184s] -- Up-to-date: /home/stan/workspace/ws_ur_hv/install/hello_moveit_ur/share/hello_moveit_ur/local_setup.zsh
[0.184s] -- Up-to-date: /home/stan/workspace/ws_ur_hv/install/hello_moveit_ur/share/hello_moveit_ur/local_setup.dsv
[0.184s] -- Installing: /home/stan/workspace/ws_ur_hv/install/hello_moveit_ur/share/hello_moveit_ur/package.dsv
[0.185s] -- Up-to-date: /home/stan/workspace/ws_ur_hv/install/hello_moveit_ur/share/ament_index/resource_index/packages/hello_moveit_ur
[0.185s] -- Up-to-date: /home/stan/workspace/ws_ur_hv/install/hello_moveit_ur/share/hello_moveit_ur/cmake/hello_moveit_urConfig.cmake
[0.185s] -- Up-to-date: /home/stan/workspace/ws_ur_hv/install/hello_moveit_ur/share/hello_moveit_ur/cmake/hello_moveit_urConfig-version.cmake
[0.185s] -- Up-to-date: /home/stan/workspace/ws_ur_hv/install/hello_moveit_ur/share/hello_moveit_ur/package.xml
[0.192s] Invoked command in '/home/stan/workspace/ws_ur_hv/build/hello_moveit_ur' returned '0': AMENT_PREFIX_PATH=/home/stan/workspace/ws_ur_hv/install/ur_robot_driver:/home/stan/workspace/ws_ur_hv/install/ur_controllers:/home/stan/workspace/ws_ur_hv/install/ur_description:/home/stan/workspace/ws_ur_hv/install/ur_dashboard_msgs:${AMENT_PREFIX_PATH} CMAKE_PREFIX_PATH=/home/stan/workspace/ws_ur_hv/install/ur_robot_driver:/home/stan/workspace/ws_ur_hv/install/ur_controllers:/home/stan/workspace/ws_ur_hv/install/ur_description:/home/stan/workspace/ws_ur_hv/install/ur_dashboard_msgs:/opt/ros/humble LD_LIBRARY_PATH=/home/stan/workspace/ws_ur_hv/install/ur_robot_driver/lib:/home/stan/workspace/ws_ur_hv/install/ur_controllers/lib:/home/stan/workspace/ws_ur_hv/install/ur_dashboard_msgs/lib:${LD_LIBRARY_PATH} PATH=/home/stan/workspace/ws_ur_hv/install/ur_robot_driver/bin:${PATH} PYTHONPATH=/home/stan/workspace/ws_ur_hv/install/ur_robot_driver/local/lib/python3.10/dist-packages:/home/stan/workspace/ws_ur_hv/install/ur_dashboard_msgs/local/lib/python3.10/dist-packages:${PYTHONPATH} /home/stan/.local/bin/cmake --install /home/stan/workspace/ws_ur_hv/build/hello_moveit_ur
