[0.010s] Invoking command in '/home/stan/workspace/ws_ur_hv/build/serial': CMAKE_PREFIX_PATH=${CMAKE_PREFIX_PATH}:/opt/ros/humble /home/stan/.local/bin/cmake /home/stan/workspace/ws_ur_hv/src/serial -DCMAKE_BUILD_TYPE=Release -DCMAKE_INSTALL_PREFIX=/home/stan/workspace/ws_ur_hv/install/serial
[0.094s] -- The C compiler identification is GNU 11.3.0
[0.161s] -- The CXX compiler identification is GNU 11.3.0
[0.178s] -- Detecting C compiler ABI info
[0.249s] -- Detecting C compiler ABI info - done
[0.264s] -- Check for working C compiler: /usr/bin/cc - skipped
[0.264s] -- Detecting C compile features
[0.265s] -- Detecting C compile features - done
[0.270s] -- Detecting CXX compiler ABI info
[0.342s] -- Detecting CXX compiler ABI info - done
[0.362s] -- Check for working CXX compiler: /usr/bin/c++ - skipped
[0.363s] -- Detecting CXX compile features
[0.363s] -- Detecting CXX compile features - done
[0.369s] -- Found ament_cmake: 1.3.5 (/opt/ros/humble/share/ament_cmake/cmake)
[0.818s] -- Found Python3: /usr/bin/python3.10 (found version "3.10.6") found components: Interpreter 
[1.060s] -- Configuring done (1.0s)
[1.070s] -- Generating done (0.0s)
[1.072s] -- Build files have been written to: /home/stan/workspace/ws_ur_hv/build/serial
[1.085s] Invoked command in '/home/stan/workspace/ws_ur_hv/build/serial' returned '0': CMAKE_PREFIX_PATH=${CMAKE_PREFIX_PATH}:/opt/ros/humble /home/stan/.local/bin/cmake /home/stan/workspace/ws_ur_hv/src/serial -DCMAKE_BUILD_TYPE=Release -DCMAKE_INSTALL_PREFIX=/home/stan/workspace/ws_ur_hv/install/serial
[1.086s] Invoking command in '/home/stan/workspace/ws_ur_hv/build/serial': CMAKE_PREFIX_PATH=${CMAKE_PREFIX_PATH}:/opt/ros/humble /home/stan/.local/bin/cmake --build /home/stan/workspace/ws_ur_hv/build/serial -- -j12 -l12
[1.147s] [ 25%] [32mBuilding CXX object CMakeFiles/serial.dir/src/serial.cc.o[0m
[1.147s] [ 50%] [32mBuilding CXX object CMakeFiles/serial.dir/src/impl/unix.cc.o[0m
[1.147s] [ 75%] [32mBuilding CXX object CMakeFiles/serial.dir/src/impl/list_ports/list_ports_linux.cc.o[0m
[2.067s] [100%] [32m[1mLinking CXX static library libserial.a[0m
[2.120s] [100%] Built target serial
[2.129s] Invoked command in '/home/stan/workspace/ws_ur_hv/build/serial' returned '0': CMAKE_PREFIX_PATH=${CMAKE_PREFIX_PATH}:/opt/ros/humble /home/stan/.local/bin/cmake --build /home/stan/workspace/ws_ur_hv/build/serial -- -j12 -l12
[2.193s] Invoking command in '/home/stan/workspace/ws_ur_hv/build/serial': CMAKE_PREFIX_PATH=${CMAKE_PREFIX_PATH}:/opt/ros/humble /home/stan/.local/bin/cmake --install /home/stan/workspace/ws_ur_hv/build/serial
[2.224s] -- Install configuration: "Release"
[2.224s] -- Installing: /home/stan/workspace/ws_ur_hv/install/serial/lib/libserial.a
[2.224s] -- Installing: /home/stan/workspace/ws_ur_hv/install/serial/include
[2.225s] -- Installing: /home/stan/workspace/ws_ur_hv/install/serial/include/serial
[2.225s] -- Installing: /home/stan/workspace/ws_ur_hv/install/serial/include/serial/serial.h
[2.225s] -- Installing: /home/stan/workspace/ws_ur_hv/install/serial/include/serial/impl
[2.225s] -- Installing: /home/stan/workspace/ws_ur_hv/install/serial/include/serial/impl/win.h
[2.225s] -- Installing: /home/stan/workspace/ws_ur_hv/install/serial/include/serial/impl/unix.h
[2.225s] -- Installing: /home/stan/workspace/ws_ur_hv/install/serial/include/serial/v8stdint.h
[2.225s] -- Installing: /home/stan/workspace/ws_ur_hv/install/serial/share/serial/environment/library_path.sh
[2.225s] -- Installing: /home/stan/workspace/ws_ur_hv/install/serial/share/serial/environment/library_path.dsv
[2.226s] -- Installing: /home/stan/workspace/ws_ur_hv/install/serial/share/ament_index/resource_index/package_run_dependencies/serial
[2.226s] -- Installing: /home/stan/workspace/ws_ur_hv/install/serial/share/ament_index/resource_index/parent_prefix_path/serial
[2.226s] -- Installing: /home/stan/workspace/ws_ur_hv/install/serial/share/serial/environment/ament_prefix_path.sh
[2.226s] -- Installing: /home/stan/workspace/ws_ur_hv/install/serial/share/serial/environment/ament_prefix_path.dsv
[2.226s] -- Installing: /home/stan/workspace/ws_ur_hv/install/serial/share/serial/environment/path.sh
[2.226s] -- Installing: /home/stan/workspace/ws_ur_hv/install/serial/share/serial/environment/path.dsv
[2.227s] -- Installing: /home/stan/workspace/ws_ur_hv/install/serial/share/serial/local_setup.bash
[2.227s] -- Installing: /home/stan/workspace/ws_ur_hv/install/serial/share/serial/local_setup.sh
[2.227s] -- Installing: /home/stan/workspace/ws_ur_hv/install/serial/share/serial/local_setup.zsh
[2.227s] -- Installing: /home/stan/workspace/ws_ur_hv/install/serial/share/serial/local_setup.dsv
[2.227s] -- Installing: /home/stan/workspace/ws_ur_hv/install/serial/share/serial/package.dsv
[2.227s] -- Installing: /home/stan/workspace/ws_ur_hv/install/serial/share/ament_index/resource_index/packages/serial
[2.228s] -- Installing: /home/stan/workspace/ws_ur_hv/install/serial/share/serial/cmake/export_serialExport.cmake
[2.228s] -- Installing: /home/stan/workspace/ws_ur_hv/install/serial/share/serial/cmake/export_serialExport-release.cmake
[2.228s] -- Installing: /home/stan/workspace/ws_ur_hv/install/serial/share/serial/cmake/ament_cmake_export_include_directories-extras.cmake
[2.228s] -- Installing: /home/stan/workspace/ws_ur_hv/install/serial/share/serial/cmake/ament_cmake_export_libraries-extras.cmake
[2.228s] -- Installing: /home/stan/workspace/ws_ur_hv/install/serial/share/serial/cmake/ament_cmake_export_targets-extras.cmake
[2.228s] -- Installing: /home/stan/workspace/ws_ur_hv/install/serial/share/serial/cmake/serialConfig.cmake
[2.229s] -- Installing: /home/stan/workspace/ws_ur_hv/install/serial/share/serial/cmake/serialConfig-version.cmake
[2.229s] -- Installing: /home/stan/workspace/ws_ur_hv/install/serial/share/serial/package.xml
[2.234s] Invoked command in '/home/stan/workspace/ws_ur_hv/build/serial' returned '0': CMAKE_PREFIX_PATH=${CMAKE_PREFIX_PATH}:/opt/ros/humble /home/stan/.local/bin/cmake --install /home/stan/workspace/ws_ur_hv/build/serial
