[0.013s] Invoking command in '/home/stan/workspace/ws_ur_hv/build/ur_robot_driver': AMENT_PREFIX_PATH=/home/stan/workspace/ws_ur_hv/install/ur_controllers:/home/stan/workspace/ws_ur_hv/install/ur_description:/home/stan/workspace/ws_ur_hv/install/ur_dashboard_msgs:${AMENT_PREFIX_PATH} CMAKE_PREFIX_PATH=/home/stan/workspace/ws_ur_hv/install/ur_controllers:/home/stan/workspace/ws_ur_hv/install/ur_description:/home/stan/workspace/ws_ur_hv/install/ur_dashboard_msgs:/opt/ros/humble LD_LIBRARY_PATH=/home/stan/workspace/ws_ur_hv/install/ur_controllers/lib:/home/stan/workspace/ws_ur_hv/install/ur_dashboard_msgs/lib:${LD_LIBRARY_PATH} PYTHONPATH=/home/stan/workspace/ws_ur_hv/install/ur_dashboard_msgs/local/lib/python3.10/dist-packages:${PYTHONPATH} /home/stan/.local/bin/cmake /home/stan/workspace/ws_ur_hv/src/Universal_Robots_ROS2_Driver/ur_robot_driver -DCMAKE_BUILD_TYPE=Release -DCMAKE_INSTALL_PREFIX=/home/stan/workspace/ws_ur_hv/install/ur_robot_driver
[0.101s] -- The C compiler identification is GNU 11.3.0
[0.166s] -- The CXX compiler identification is GNU 11.3.0
[0.177s] -- Detecting C compiler ABI info
[0.240s] -- Detecting C compiler ABI info - done
[0.251s] -- Check for working C compiler: /usr/bin/cc - skipped
[0.252s] -- Detecting C compile features
[0.252s] -- Detecting C compile features - done
[0.256s] -- Detecting CXX compiler ABI info
[0.327s] -- Detecting CXX compiler ABI info - done
[0.339s] -- Check for working CXX compiler: /usr/bin/c++ - skipped
[0.339s] -- Detecting CXX compile features
[0.340s] -- Detecting CXX compile features - done
[0.343s] -- Found ament_cmake: 1.3.5 (/opt/ros/humble/share/ament_cmake/cmake)
[0.772s] -- Found Python3: /usr/bin/python3.10 (found version "3.10.6") found components: Interpreter 
[0.918s] -- Found controller_manager: 2.28.0 (/opt/ros/humble/share/controller_manager/cmake)
[1.003s] -- Found rosidl_generator_c: 3.1.4 (/opt/ros/humble/share/rosidl_generator_c/cmake)
[1.010s] -- Found rosidl_adapter: 3.1.4 (/opt/ros/humble/share/rosidl_adapter/cmake)
[1.021s] -- Found rosidl_generator_cpp: 3.1.4 (/opt/ros/humble/share/rosidl_generator_cpp/cmake)
[1.040s] -- Using all available rosidl_typesupport_c: rosidl_typesupport_fastrtps_c;rosidl_typesupport_introspection_c
[1.066s] -- Using all available rosidl_typesupport_cpp: rosidl_typesupport_fastrtps_cpp;rosidl_typesupport_introspection_cpp
[1.868s] -- Found rmw_implementation_cmake: 6.1.1 (/opt/ros/humble/share/rmw_implementation_cmake/cmake)
[1.871s] -- Found rmw_fastrtps_cpp: 6.2.2 (/opt/ros/humble/share/rmw_fastrtps_cpp/cmake)
[1.987s] -- Found OpenSSL: /usr/lib/x86_64-linux-gnu/libcrypto.so (found version "3.0.2")  
[2.022s] -- Found FastRTPS: /opt/ros/humble/include  
[2.080s] -- Using RMW implementation 'rmw_fastrtps_cpp' as default
[2.091s] -- Performing Test CMAKE_HAVE_LIBC_PTHREAD
[2.164s] -- Performing Test CMAKE_HAVE_LIBC_PTHREAD - Success
[2.166s] -- Found Threads: TRUE  
[2.885s] -- Found rclpy: 3.3.8 (/opt/ros/humble/share/rclpy/cmake)
[2.887s] -- Found std_srvs: 4.2.3 (/opt/ros/humble/share/std_srvs/cmake)
[2.911s] -- Found tf2_geometry_msgs: 0.25.2 (/opt/ros/humble/share/tf2_geometry_msgs/cmake)
[2.929s] -- Found eigen3_cmake_module: 0.1.1 (/opt/ros/humble/share/eigen3_cmake_module/cmake)
[2.931s] -- Found Eigen3: TRUE (found version "3.4.0") 
[2.931s] -- Ensuring Eigen3 include directory is part of orocos-kdl CMake target
[3.239s] -- Found ur_dashboard_msgs: 2.2.6 (/home/stan/workspace/ws_ur_hv/install/ur_dashboard_msgs/share/ur_dashboard_msgs/cmake)
[5.075s] -- Found ur_controllers: 2.2.6 (/home/stan/workspace/ws_ur_hv/install/ur_controllers/share/ur_controllers/cmake)
[5.349s] -- Found parameter_traits: 0.3.3 (/opt/ros/humble/share/parameter_traits/cmake)
[5.921s] -- Found ur_description: 2.0.1 (/home/stan/workspace/ws_ur_hv/install/ur_description/share/ur_description/cmake)
[5.923s] -- Found launch_testing_ament_cmake: 1.0.4 (/opt/ros/humble/share/launch_testing_ament_cmake/cmake)
[5.925s] -- Found python_cmake_module: 0.10.0 (/opt/ros/humble/share/python_cmake_module/cmake)
[5.951s] -- Found PythonInterp: /usr/bin/python3 (found suitable version "3.10.6", minimum required is "3.6") 
[5.959s] -- Found PythonLibs: /usr/lib/x86_64-linux-gnu/libpython3.10.so (found suitable version "3.10.6", minimum required is "3.5") 
[5.959s] -- Using PYTHON_EXECUTABLE: /usr/bin/python3
[5.959s] -- Using PYTHON_INCLUDE_DIRS: /usr/include/python3.10
[5.960s] -- Using PYTHON_LIBRARIES: /usr/lib/x86_64-linux-gnu/libpython3.10.so
[5.983s] -- Found PythonExtra: .so  
[5.983s] -- Configuring done (5.9s)
[6.111s] -- Generating done (0.1s)
[6.115s] -- Build files have been written to: /home/stan/workspace/ws_ur_hv/build/ur_robot_driver
[6.134s] Invoked command in '/home/stan/workspace/ws_ur_hv/build/ur_robot_driver' returned '0': AMENT_PREFIX_PATH=/home/stan/workspace/ws_ur_hv/install/ur_controllers:/home/stan/workspace/ws_ur_hv/install/ur_description:/home/stan/workspace/ws_ur_hv/install/ur_dashboard_msgs:${AMENT_PREFIX_PATH} CMAKE_PREFIX_PATH=/home/stan/workspace/ws_ur_hv/install/ur_controllers:/home/stan/workspace/ws_ur_hv/install/ur_description:/home/stan/workspace/ws_ur_hv/install/ur_dashboard_msgs:/opt/ros/humble LD_LIBRARY_PATH=/home/stan/workspace/ws_ur_hv/install/ur_controllers/lib:/home/stan/workspace/ws_ur_hv/install/ur_dashboard_msgs/lib:${LD_LIBRARY_PATH} PYTHONPATH=/home/stan/workspace/ws_ur_hv/install/ur_dashboard_msgs/local/lib/python3.10/dist-packages:${PYTHONPATH} /home/stan/.local/bin/cmake /home/stan/workspace/ws_ur_hv/src/Universal_Robots_ROS2_Driver/ur_robot_driver -DCMAKE_BUILD_TYPE=Release -DCMAKE_INSTALL_PREFIX=/home/stan/workspace/ws_ur_hv/install/ur_robot_driver
[6.137s] Invoking command in '/home/stan/workspace/ws_ur_hv/build/ur_robot_driver': AMENT_PREFIX_PATH=/home/stan/workspace/ws_ur_hv/install/ur_controllers:/home/stan/workspace/ws_ur_hv/install/ur_description:/home/stan/workspace/ws_ur_hv/install/ur_dashboard_msgs:${AMENT_PREFIX_PATH} CMAKE_PREFIX_PATH=/home/stan/workspace/ws_ur_hv/install/ur_controllers:/home/stan/workspace/ws_ur_hv/install/ur_description:/home/stan/workspace/ws_ur_hv/install/ur_dashboard_msgs:/opt/ros/humble LD_LIBRARY_PATH=/home/stan/workspace/ws_ur_hv/install/ur_controllers/lib:/home/stan/workspace/ws_ur_hv/install/ur_dashboard_msgs/lib:${LD_LIBRARY_PATH} PYTHONPATH=/home/stan/workspace/ws_ur_hv/install/ur_dashboard_msgs/local/lib/python3.10/dist-packages:${PYTHONPATH} /home/stan/.local/bin/cmake --build /home/stan/workspace/ws_ur_hv/build/ur_robot_driver -- -j12 -l12
[6.192s] [  7%] [32mBuilding CXX object CMakeFiles/controller_stopper_node.dir/src/controller_stopper.cpp.o[0m
[6.192s] [ 15%] [32mBuilding CXX object CMakeFiles/controller_stopper_node.dir/src/controller_stopper_node.cpp.o[0m
[6.193s] [ 23%] [32mBuilding CXX object CMakeFiles/ur_robot_driver_plugin.dir/src/dashboard_client_ros.cpp.o[0m
[6.193s] [ 46%] [32mBuilding CXX object CMakeFiles/ur_robot_driver_plugin.dir/src/hardware_interface.cpp.o[0m
[6.193s] [ 46%] [32mBuilding CXX object CMakeFiles/dashboard_client.dir/src/dashboard_client_ros.cpp.o[0m
[6.193s] [ 46%] [32mBuilding CXX object CMakeFiles/ur_ros2_control_node.dir/src/ur_ros2_control_node.cpp.o[0m
[6.193s] [ 53%] [32mBuilding CXX object CMakeFiles/dashboard_client.dir/src/dashboard_client_node.cpp.o[0m
[6.194s] [ 61%] [32mBuilding CXX object CMakeFiles/ur_robot_driver_plugin.dir/src/urcl_log_handler.cpp.o[0m
[6.194s] [ 69%] [32mBuilding CXX object CMakeFiles/dashboard_client.dir/src/urcl_log_handler.cpp.o[0m
[6.195s] [ 69%] Built target ament_cmake_python_copy_ur_robot_driver
[6.701s] running egg_info
[6.702s] creating ur_robot_driver.egg-info
[6.703s] writing ur_robot_driver.egg-info/PKG-INFO
[6.703s] writing dependency_links to ur_robot_driver.egg-info/dependency_links.txt
[6.703s] writing top-level names to ur_robot_driver.egg-info/top_level.txt
[6.704s] writing manifest file 'ur_robot_driver.egg-info/SOURCES.txt'
[6.709s] reading manifest file 'ur_robot_driver.egg-info/SOURCES.txt'
[6.710s] writing manifest file 'ur_robot_driver.egg-info/SOURCES.txt'
[6.751s] [ 69%] Built target ament_cmake_python_build_ur_robot_driver_egg
[11.266s] [ 76%] [32m[1mLinking CXX executable ur_ros2_control_node[0m
[11.438s] [ 76%] Built target ur_ros2_control_node
[20.476s] [ 84%] [32m[1mLinking CXX executable controller_stopper_node[0m
[20.714s] [ 84%] Built target controller_stopper_node
[21.830s] [ 92%] [32m[1mLinking CXX shared library libur_robot_driver_plugin.so[0m
[22.090s] [ 92%] Built target ur_robot_driver_plugin
[22.123s] [100%] [32m[1mLinking CXX executable dashboard_client[0m
[22.354s] [100%] Built target dashboard_client
[22.364s] Invoked command in '/home/stan/workspace/ws_ur_hv/build/ur_robot_driver' returned '0': AMENT_PREFIX_PATH=/home/stan/workspace/ws_ur_hv/install/ur_controllers:/home/stan/workspace/ws_ur_hv/install/ur_description:/home/stan/workspace/ws_ur_hv/install/ur_dashboard_msgs:${AMENT_PREFIX_PATH} CMAKE_PREFIX_PATH=/home/stan/workspace/ws_ur_hv/install/ur_controllers:/home/stan/workspace/ws_ur_hv/install/ur_description:/home/stan/workspace/ws_ur_hv/install/ur_dashboard_msgs:/opt/ros/humble LD_LIBRARY_PATH=/home/stan/workspace/ws_ur_hv/install/ur_controllers/lib:/home/stan/workspace/ws_ur_hv/install/ur_dashboard_msgs/lib:${LD_LIBRARY_PATH} PYTHONPATH=/home/stan/workspace/ws_ur_hv/install/ur_dashboard_msgs/local/lib/python3.10/dist-packages:${PYTHONPATH} /home/stan/.local/bin/cmake --build /home/stan/workspace/ws_ur_hv/build/ur_robot_driver -- -j12 -l12
[22.437s] Invoking command in '/home/stan/workspace/ws_ur_hv/build/ur_robot_driver': AMENT_PREFIX_PATH=/home/stan/workspace/ws_ur_hv/install/ur_controllers:/home/stan/workspace/ws_ur_hv/install/ur_description:/home/stan/workspace/ws_ur_hv/install/ur_dashboard_msgs:${AMENT_PREFIX_PATH} CMAKE_PREFIX_PATH=/home/stan/workspace/ws_ur_hv/install/ur_controllers:/home/stan/workspace/ws_ur_hv/install/ur_description:/home/stan/workspace/ws_ur_hv/install/ur_dashboard_msgs:/opt/ros/humble LD_LIBRARY_PATH=/home/stan/workspace/ws_ur_hv/install/ur_controllers/lib:/home/stan/workspace/ws_ur_hv/install/ur_dashboard_msgs/lib:${LD_LIBRARY_PATH} PYTHONPATH=/home/stan/workspace/ws_ur_hv/install/ur_dashboard_msgs/local/lib/python3.10/dist-packages:${PYTHONPATH} /home/stan/.local/bin/cmake --install /home/stan/workspace/ws_ur_hv/build/ur_robot_driver
[22.463s] -- Install configuration: "Release"
[22.463s] -- Installing: /home/stan/workspace/ws_ur_hv/install/ur_robot_driver/share/ur_robot_driver/hardware_interface_plugin.xml
[22.464s] -- Installing: /home/stan/workspace/ws_ur_hv/install/ur_robot_driver/lib/ur_robot_driver/dashboard_client
[22.465s] -- Set runtime path of "/home/stan/workspace/ws_ur_hv/install/ur_robot_driver/lib/ur_robot_driver/dashboard_client" to ""
[22.465s] -- Installing: /home/stan/workspace/ws_ur_hv/install/ur_robot_driver/lib/ur_robot_driver/ur_ros2_control_node
[22.465s] -- Set runtime path of "/home/stan/workspace/ws_ur_hv/install/ur_robot_driver/lib/ur_robot_driver/ur_ros2_control_node" to ""
[22.466s] -- Installing: /home/stan/workspace/ws_ur_hv/install/ur_robot_driver/lib/ur_robot_driver/controller_stopper_node
[22.467s] -- Set runtime path of "/home/stan/workspace/ws_ur_hv/install/ur_robot_driver/lib/ur_robot_driver/controller_stopper_node" to ""
[22.467s] -- Installing: /home/stan/workspace/ws_ur_hv/install/ur_robot_driver/lib/libur_robot_driver_plugin.so
[22.469s] -- Set runtime path of "/home/stan/workspace/ws_ur_hv/install/ur_robot_driver/lib/libur_robot_driver_plugin.so" to ""
[22.469s] -- Installing: /home/stan/workspace/ws_ur_hv/install/ur_robot_driver/include
[22.469s] -- Installing: /home/stan/workspace/ws_ur_hv/install/ur_robot_driver/include/ur_robot_driver
[22.469s] -- Installing: /home/stan/workspace/ws_ur_hv/install/ur_robot_driver/include/ur_robot_driver/hardware_interface.hpp
[22.469s] -- Installing: /home/stan/workspace/ws_ur_hv/install/ur_robot_driver/include/ur_robot_driver/controller_stopper.hpp
[22.469s] -- Installing: /home/stan/workspace/ws_ur_hv/install/ur_robot_driver/include/ur_robot_driver/urcl_log_handler.hpp
[22.470s] -- Installing: /home/stan/workspace/ws_ur_hv/install/ur_robot_driver/include/ur_robot_driver/dashboard_client_ros.hpp
[22.470s] -- Installing: /home/stan/workspace/ws_ur_hv/install/ur_robot_driver/share/ur_robot_driver/environment/library_path.sh
[22.470s] -- Installing: /home/stan/workspace/ws_ur_hv/install/ur_robot_driver/share/ur_robot_driver/environment/library_path.dsv
[22.470s] -- Installing: /home/stan/workspace/ws_ur_hv/install/ur_robot_driver/share/ur_robot_driver/resources
[22.471s] -- Installing: /home/stan/workspace/ws_ur_hv/install/ur_robot_driver/share/ur_robot_driver/resources/rtde_output_recipe.txt
[22.471s] -- Installing: /home/stan/workspace/ws_ur_hv/install/ur_robot_driver/share/ur_robot_driver/resources/rtde_input_recipe.txt
[22.471s] -- Installing: /home/stan/workspace/ws_ur_hv/install/ur_robot_driver/share/ur_robot_driver/resources/rs485-1.0.urcap
[22.471s] -- Installing: /home/stan/workspace/ws_ur_hv/install/ur_robot_driver/share/ur_robot_driver/resources/externalcontrol-1.0.5.urcap
[22.471s] -- Installing: /home/stan/workspace/ws_ur_hv/install/ur_robot_driver/share/ur_robot_driver/resources/ros_control.urscript
[22.471s] -- Up-to-date: /home/stan/workspace/ws_ur_hv/install/ur_robot_driver/include
[22.471s] -- Up-to-date: /home/stan/workspace/ws_ur_hv/install/ur_robot_driver/include/ur_robot_driver
[22.471s] -- Up-to-date: /home/stan/workspace/ws_ur_hv/install/ur_robot_driver/include/ur_robot_driver/hardware_interface.hpp
[22.471s] -- Up-to-date: /home/stan/workspace/ws_ur_hv/install/ur_robot_driver/include/ur_robot_driver/controller_stopper.hpp
[22.472s] -- Up-to-date: /home/stan/workspace/ws_ur_hv/install/ur_robot_driver/include/ur_robot_driver/urcl_log_handler.hpp
[22.472s] -- Up-to-date: /home/stan/workspace/ws_ur_hv/install/ur_robot_driver/include/ur_robot_driver/dashboard_client_ros.hpp
[22.472s] -- Installing: /home/stan/workspace/ws_ur_hv/install/ur_robot_driver/share/ur_robot_driver/environment/pythonpath.sh
[22.472s] -- Installing: /home/stan/workspace/ws_ur_hv/install/ur_robot_driver/share/ur_robot_driver/environment/pythonpath.dsv
[22.472s] -- Installing: /home/stan/workspace/ws_ur_hv/install/ur_robot_driver/local/lib/python3.10/dist-packages/ur_robot_driver-2.2.6-py3.10.egg-info
[22.472s] -- Installing: /home/stan/workspace/ws_ur_hv/install/ur_robot_driver/local/lib/python3.10/dist-packages/ur_robot_driver-2.2.6-py3.10.egg-info/PKG-INFO
[22.472s] -- Installing: /home/stan/workspace/ws_ur_hv/install/ur_robot_driver/local/lib/python3.10/dist-packages/ur_robot_driver-2.2.6-py3.10.egg-info/top_level.txt
[22.472s] -- Installing: /home/stan/workspace/ws_ur_hv/install/ur_robot_driver/local/lib/python3.10/dist-packages/ur_robot_driver-2.2.6-py3.10.egg-info/dependency_links.txt
[22.472s] -- Installing: /home/stan/workspace/ws_ur_hv/install/ur_robot_driver/local/lib/python3.10/dist-packages/ur_robot_driver-2.2.6-py3.10.egg-info/SOURCES.txt
[22.472s] -- Installing: /home/stan/workspace/ws_ur_hv/install/ur_robot_driver/local/lib/python3.10/dist-packages/ur_robot_driver
[22.472s] -- Installing: /home/stan/workspace/ws_ur_hv/install/ur_robot_driver/local/lib/python3.10/dist-packages/ur_robot_driver/__init__.py
[22.502s] Listing '/home/stan/workspace/ws_ur_hv/install/ur_robot_driver/local/lib/python3.10/dist-packages/ur_robot_driver'...
[22.502s] Compiling '/home/stan/workspace/ws_ur_hv/install/ur_robot_driver/local/lib/python3.10/dist-packages/ur_robot_driver/__init__.py'...
[22.506s] -- Installing: /home/stan/workspace/ws_ur_hv/install/ur_robot_driver/lib/ur_robot_driver/tool_communication.py
[22.506s] -- Installing: /home/stan/workspace/ws_ur_hv/install/ur_robot_driver/bin/wait_dashboard_server.sh
[22.507s] -- Installing: /home/stan/workspace/ws_ur_hv/install/ur_robot_driver/lib/ur_robot_driver/start_ursim.sh
[22.507s] -- Installing: /home/stan/workspace/ws_ur_hv/install/ur_robot_driver/share/ur_robot_driver/config
[22.507s] -- Installing: /home/stan/workspace/ws_ur_hv/install/ur_robot_driver/share/ur_robot_driver/config/ur10_update_rate.yaml
[22.507s] -- Installing: /home/stan/workspace/ws_ur_hv/install/ur_robot_driver/share/ur_robot_driver/config/ur3_update_rate.yaml
[22.507s] -- Installing: /home/stan/workspace/ws_ur_hv/install/ur_robot_driver/share/ur_robot_driver/config/ur5e_update_rate.yaml
[22.507s] -- Installing: /home/stan/workspace/ws_ur_hv/install/ur_robot_driver/share/ur_robot_driver/config/ur5_update_rate.yaml
[22.507s] -- Installing: /home/stan/workspace/ws_ur_hv/install/ur_robot_driver/share/ur_robot_driver/config/ur3e_update_rate.yaml
[22.508s] -- Installing: /home/stan/workspace/ws_ur_hv/install/ur_robot_driver/share/ur_robot_driver/config/ur16e_update_rate.yaml
[22.508s] -- Installing: /home/stan/workspace/ws_ur_hv/install/ur_robot_driver/share/ur_robot_driver/config/test_goal_publishers_config.yaml
[22.508s] -- Installing: /home/stan/workspace/ws_ur_hv/install/ur_robot_driver/share/ur_robot_driver/config/ur_controllers.yaml
[22.508s] -- Installing: /home/stan/workspace/ws_ur_hv/install/ur_robot_driver/share/ur_robot_driver/config/test_velocity_goal_publishers_config.yaml
[22.508s] -- Installing: /home/stan/workspace/ws_ur_hv/install/ur_robot_driver/share/ur_robot_driver/config/ur10e_update_rate.yaml
[22.508s] -- Installing: /home/stan/workspace/ws_ur_hv/install/ur_robot_driver/share/ur_robot_driver/launch
[22.508s] -- Installing: /home/stan/workspace/ws_ur_hv/install/ur_robot_driver/share/ur_robot_driver/launch/ur10e.launch.py
[22.508s] -- Installing: /home/stan/workspace/ws_ur_hv/install/ur_robot_driver/share/ur_robot_driver/launch/ur3e.launch.py
[22.508s] -- Installing: /home/stan/workspace/ws_ur_hv/install/ur_robot_driver/share/ur_robot_driver/launch/ur5.launch.py
[22.508s] -- Installing: /home/stan/workspace/ws_ur_hv/install/ur_robot_driver/share/ur_robot_driver/launch/ur3.launch.py
[22.508s] -- Installing: /home/stan/workspace/ws_ur_hv/install/ur_robot_driver/share/ur_robot_driver/launch/ur5e.launch.py
[22.508s] -- Installing: /home/stan/workspace/ws_ur_hv/install/ur_robot_driver/share/ur_robot_driver/launch/ur10.launch.py
[22.509s] -- Installing: /home/stan/workspace/ws_ur_hv/install/ur_robot_driver/share/ur_robot_driver/launch/test_scaled_joint_trajectory_controller.launch.py
[22.509s] -- Installing: /home/stan/workspace/ws_ur_hv/install/ur_robot_driver/share/ur_robot_driver/launch/ur16e.launch.py
[22.509s] -- Installing: /home/stan/workspace/ws_ur_hv/install/ur_robot_driver/share/ur_robot_driver/launch/ur_dashboard_client.launch.py
[22.509s] -- Installing: /home/stan/workspace/ws_ur_hv/install/ur_robot_driver/share/ur_robot_driver/launch/test_forward_velocity_controller.launch.py
[22.509s] -- Installing: /home/stan/workspace/ws_ur_hv/install/ur_robot_driver/share/ur_robot_driver/launch/ur_control.launch.py
[22.509s] -- Installing: /home/stan/workspace/ws_ur_hv/install/ur_robot_driver/share/ur_robot_driver/launch/test_joint_trajectory_controller.launch.py
[22.509s] -- Installing: /home/stan/workspace/ws_ur_hv/install/ur_robot_driver/share/ament_index/resource_index/package_run_dependencies/ur_robot_driver
[22.509s] -- Installing: /home/stan/workspace/ws_ur_hv/install/ur_robot_driver/share/ament_index/resource_index/parent_prefix_path/ur_robot_driver
[22.509s] -- Installing: /home/stan/workspace/ws_ur_hv/install/ur_robot_driver/share/ur_robot_driver/environment/ament_prefix_path.sh
[22.510s] -- Installing: /home/stan/workspace/ws_ur_hv/install/ur_robot_driver/share/ur_robot_driver/environment/ament_prefix_path.dsv
[22.510s] -- Installing: /home/stan/workspace/ws_ur_hv/install/ur_robot_driver/share/ur_robot_driver/environment/path.sh
[22.510s] -- Installing: /home/stan/workspace/ws_ur_hv/install/ur_robot_driver/share/ur_robot_driver/environment/path.dsv
[22.510s] -- Installing: /home/stan/workspace/ws_ur_hv/install/ur_robot_driver/share/ur_robot_driver/local_setup.bash
[22.510s] -- Installing: /home/stan/workspace/ws_ur_hv/install/ur_robot_driver/share/ur_robot_driver/local_setup.sh
[22.510s] -- Installing: /home/stan/workspace/ws_ur_hv/install/ur_robot_driver/share/ur_robot_driver/local_setup.zsh
[22.510s] -- Installing: /home/stan/workspace/ws_ur_hv/install/ur_robot_driver/share/ur_robot_driver/local_setup.dsv
[22.511s] -- Installing: /home/stan/workspace/ws_ur_hv/install/ur_robot_driver/share/ur_robot_driver/package.dsv
[22.511s] -- Installing: /home/stan/workspace/ws_ur_hv/install/ur_robot_driver/share/ament_index/resource_index/packages/ur_robot_driver
[22.511s] -- Installing: /home/stan/workspace/ws_ur_hv/install/ur_robot_driver/share/ament_index/resource_index/hardware_interface__pluginlib__plugin/ur_robot_driver
[22.511s] -- Installing: /home/stan/workspace/ws_ur_hv/install/ur_robot_driver/share/ur_robot_driver/cmake/ament_cmake_export_include_directories-extras.cmake
[22.511s] -- Installing: /home/stan/workspace/ws_ur_hv/install/ur_robot_driver/share/ur_robot_driver/cmake/ament_cmake_export_libraries-extras.cmake
[22.511s] -- Installing: /home/stan/workspace/ws_ur_hv/install/ur_robot_driver/share/ur_robot_driver/cmake/ament_cmake_export_dependencies-extras.cmake
[22.512s] -- Installing: /home/stan/workspace/ws_ur_hv/install/ur_robot_driver/share/ur_robot_driver/cmake/ur_robot_driverConfig.cmake
[22.512s] -- Installing: /home/stan/workspace/ws_ur_hv/install/ur_robot_driver/share/ur_robot_driver/cmake/ur_robot_driverConfig-version.cmake
[22.512s] -- Installing: /home/stan/workspace/ws_ur_hv/install/ur_robot_driver/share/ur_robot_driver/package.xml
[22.520s] Invoked command in '/home/stan/workspace/ws_ur_hv/build/ur_robot_driver' returned '0': AMENT_PREFIX_PATH=/home/stan/workspace/ws_ur_hv/install/ur_controllers:/home/stan/workspace/ws_ur_hv/install/ur_description:/home/stan/workspace/ws_ur_hv/install/ur_dashboard_msgs:${AMENT_PREFIX_PATH} CMAKE_PREFIX_PATH=/home/stan/workspace/ws_ur_hv/install/ur_controllers:/home/stan/workspace/ws_ur_hv/install/ur_description:/home/stan/workspace/ws_ur_hv/install/ur_dashboard_msgs:/opt/ros/humble LD_LIBRARY_PATH=/home/stan/workspace/ws_ur_hv/install/ur_controllers/lib:/home/stan/workspace/ws_ur_hv/install/ur_dashboard_msgs/lib:${LD_LIBRARY_PATH} PYTHONPATH=/home/stan/workspace/ws_ur_hv/install/ur_dashboard_msgs/local/lib/python3.10/dist-packages:${PYTHONPATH} /home/stan/.local/bin/cmake --install /home/stan/workspace/ws_ur_hv/build/ur_robot_driver
