[0.034s] Invoking command in '/home/stan/workspace/ws_ur_hv/build/serial': CMAKE_PREFIX_PATH=/opt/ros/humble /home/stan/.local/bin/cmake --build /home/stan/workspace/ws_ur_hv/build/serial -- -j12 -l12
[0.086s] [100%] Built target serial
[0.109s] Invoked command in '/home/stan/workspace/ws_ur_hv/build/serial' returned '0': CMAKE_PREFIX_PATH=/opt/ros/humble /home/stan/.local/bin/cmake --build /home/stan/workspace/ws_ur_hv/build/serial -- -j12 -l12
[0.208s] Invoking command in '/home/stan/workspace/ws_ur_hv/build/serial': CMAKE_PREFIX_PATH=/opt/ros/humble /home/stan/.local/bin/cmake --install /home/stan/workspace/ws_ur_hv/build/serial
[0.241s] -- Install configuration: "Release"
[0.241s] -- Execute custom install script
[0.242s] -- Up-to-date symlink: /home/stan/workspace/ws_ur_hv/install/serial/include/serial/impl/unix.h
[0.242s] -- Up-to-date symlink: /home/stan/workspace/ws_ur_hv/install/serial/include/serial/impl/win.h
[0.243s] -- Up-to-date symlink: /home/stan/workspace/ws_ur_hv/install/serial/include/serial/serial.h
[0.243s] -- Up-to-date symlink: /home/stan/workspace/ws_ur_hv/install/serial/include/serial/v8stdint.h
[0.243s] -- Up-to-date symlink: /home/stan/workspace/ws_ur_hv/install/serial/share/serial/environment/library_path.sh
[0.243s] -- Up-to-date symlink: /home/stan/workspace/ws_ur_hv/install/serial/share/serial/environment/library_path.dsv
[0.245s] -- Up-to-date symlink: /home/stan/workspace/ws_ur_hv/install/serial/share/ament_index/resource_index/package_run_dependencies/serial
[0.245s] -- Up-to-date symlink: /home/stan/workspace/ws_ur_hv/install/serial/share/ament_index/resource_index/parent_prefix_path/serial
[0.245s] -- Up-to-date symlink: /home/stan/workspace/ws_ur_hv/install/serial/share/serial/environment/ament_prefix_path.sh
[0.245s] -- Up-to-date symlink: /home/stan/workspace/ws_ur_hv/install/serial/share/serial/environment/ament_prefix_path.dsv
[0.254s] -- Up-to-date symlink: /home/stan/workspace/ws_ur_hv/install/serial/share/serial/environment/path.sh
[0.254s] -- Up-to-date symlink: /home/stan/workspace/ws_ur_hv/install/serial/share/serial/environment/path.dsv
[0.254s] -- Up-to-date symlink: /home/stan/workspace/ws_ur_hv/install/serial/share/serial/local_setup.bash
[0.254s] -- Up-to-date symlink: /home/stan/workspace/ws_ur_hv/install/serial/share/serial/local_setup.sh
[0.254s] -- Up-to-date symlink: /home/stan/workspace/ws_ur_hv/install/serial/share/serial/local_setup.zsh
[0.255s] -- Up-to-date symlink: /home/stan/workspace/ws_ur_hv/install/serial/share/serial/local_setup.dsv
[0.255s] -- Symlinking: /home/stan/workspace/ws_ur_hv/install/serial/share/serial/package.dsv
[0.258s] -- Up-to-date symlink: /home/stan/workspace/ws_ur_hv/install/serial/share/ament_index/resource_index/packages/serial
[0.268s] -- Up-to-date symlink: /home/stan/workspace/ws_ur_hv/install/serial/share/serial/cmake/ament_cmake_export_include_directories-extras.cmake
[0.271s] -- Up-to-date symlink: /home/stan/workspace/ws_ur_hv/install/serial/share/serial/cmake/ament_cmake_export_libraries-extras.cmake
[0.273s] -- Up-to-date symlink: /home/stan/workspace/ws_ur_hv/install/serial/share/serial/cmake/ament_cmake_export_targets-extras.cmake
[0.280s] -- Up-to-date symlink: /home/stan/workspace/ws_ur_hv/install/serial/share/serial/cmake/serialConfig.cmake
[0.280s] -- Up-to-date symlink: /home/stan/workspace/ws_ur_hv/install/serial/share/serial/cmake/serialConfig-version.cmake
[0.281s] -- Up-to-date symlink: /home/stan/workspace/ws_ur_hv/install/serial/share/serial/package.xml
[0.281s] -- Up-to-date: /home/stan/workspace/ws_ur_hv/install/serial/lib/libserial.a
[0.281s] -- Up-to-date: /home/stan/workspace/ws_ur_hv/install/serial/share/serial/cmake/export_serialExport.cmake
[0.282s] -- Up-to-date: /home/stan/workspace/ws_ur_hv/install/serial/share/serial/cmake/export_serialExport-release.cmake
[0.333s] Invoked command in '/home/stan/workspace/ws_ur_hv/build/serial' returned '0': CMAKE_PREFIX_PATH=/opt/ros/humble /home/stan/.local/bin/cmake --install /home/stan/workspace/ws_ur_hv/build/serial
