[0.036s] Invoking command in '/home/stan/workspace/ws_ur_hv/build/fake_ar_publisher': CMAKE_PREFIX_PATH=/opt/ros/humble /home/stan/.local/bin/cmake --build /home/stan/workspace/ws_ur_hv/build/fake_ar_publisher -- -j12 -l12
[0.091s] [  9%] Built target fake_ar_publisher__rosidl_generator_c
[0.098s] [ 12%] Built target fake_ar_publisher__cpp
[0.110s] [ 12%] Built target ament_cmake_python_copy_fake_ar_publisher
[0.119s] [ 21%] Built target fake_ar_publisher__rosidl_typesupport_fastrtps_c
[0.123s] [ 30%] Built target fake_ar_publisher__rosidl_typesupport_c
[0.127s] [ 39%] Built target fake_ar_publisher__rosidl_typesupport_introspection_c
[0.128s] [ 48%] Built target fake_ar_publisher__rosidl_typesupport_cpp
[0.138s] [ 57%] Built target fake_ar_publisher__rosidl_typesupport_introspection_cpp
[0.138s] [ 66%] Built target fake_ar_publisher__rosidl_typesupport_fastrtps_cpp
[0.147s] [ 66%] Built target fake_ar_publisher
[0.156s] [ 69%] Built target fake_ar_publisher__py
[0.168s] [ 75%] Built target fake_ar_publisher_node
[0.168s] [ 81%] Built target fake_ar_publisher__rosidl_generator_py
[0.183s] [ 87%] Built target fake_ar_publisher__rosidl_typesupport_introspection_c__pyext
[0.183s] [ 93%] Built target fake_ar_publisher__rosidl_typesupport_c__pyext
[0.183s] [100%] Built target fake_ar_publisher__rosidl_typesupport_fastrtps_c__pyext
[0.542s] running egg_info
[0.543s] writing fake_ar_publisher.egg-info/PKG-INFO
[0.543s] writing dependency_links to fake_ar_publisher.egg-info/dependency_links.txt
[0.543s] writing top-level names to fake_ar_publisher.egg-info/top_level.txt
[0.547s] reading manifest file 'fake_ar_publisher.egg-info/SOURCES.txt'
[0.547s] writing manifest file 'fake_ar_publisher.egg-info/SOURCES.txt'
[0.573s] [100%] Built target ament_cmake_python_build_fake_ar_publisher_egg
[0.582s] Invoked command in '/home/stan/workspace/ws_ur_hv/build/fake_ar_publisher' returned '0': CMAKE_PREFIX_PATH=/opt/ros/humble /home/stan/.local/bin/cmake --build /home/stan/workspace/ws_ur_hv/build/fake_ar_publisher -- -j12 -l12
[0.664s] Invoking command in '/home/stan/workspace/ws_ur_hv/build/fake_ar_publisher': CMAKE_PREFIX_PATH=/opt/ros/humble /home/stan/.local/bin/cmake --install /home/stan/workspace/ws_ur_hv/build/fake_ar_publisher
[0.698s] -- Install configuration: ""
[0.699s] -- Up-to-date: /home/stan/workspace/ws_ur_hv/install/fake_ar_publisher/share/ament_index/resource_index/rosidl_interfaces/fake_ar_publisher
[0.699s] -- Up-to-date: /home/stan/workspace/ws_ur_hv/install/fake_ar_publisher/include/fake_ar_publisher/fake_ar_publisher
[0.699s] -- Up-to-date: /home/stan/workspace/ws_ur_hv/install/fake_ar_publisher/include/fake_ar_publisher/fake_ar_publisher/msg
[0.699s] -- Up-to-date: /home/stan/workspace/ws_ur_hv/install/fake_ar_publisher/include/fake_ar_publisher/fake_ar_publisher/msg/detail
[0.700s] -- Up-to-date: /home/stan/workspace/ws_ur_hv/install/fake_ar_publisher/include/fake_ar_publisher/fake_ar_publisher/msg/detail/ar_marker__type_support.h
[0.700s] -- Up-to-date: /home/stan/workspace/ws_ur_hv/install/fake_ar_publisher/include/fake_ar_publisher/fake_ar_publisher/msg/detail/ar_marker__functions.h
[0.700s] -- Up-to-date: /home/stan/workspace/ws_ur_hv/install/fake_ar_publisher/include/fake_ar_publisher/fake_ar_publisher/msg/detail/ar_marker__functions.c
[0.700s] -- Up-to-date: /home/stan/workspace/ws_ur_hv/install/fake_ar_publisher/include/fake_ar_publisher/fake_ar_publisher/msg/detail/ar_marker__struct.h
[0.701s] -- Up-to-date: /home/stan/workspace/ws_ur_hv/install/fake_ar_publisher/include/fake_ar_publisher/fake_ar_publisher/msg/ar_marker.h
[0.701s] -- Up-to-date: /home/stan/workspace/ws_ur_hv/install/fake_ar_publisher/include/fake_ar_publisher/fake_ar_publisher/msg/rosidl_generator_c__visibility_control.h
[0.701s] -- Up-to-date: /home/stan/workspace/ws_ur_hv/install/fake_ar_publisher/share/fake_ar_publisher/environment/library_path.sh
[0.702s] -- Up-to-date: /home/stan/workspace/ws_ur_hv/install/fake_ar_publisher/share/fake_ar_publisher/environment/library_path.dsv
[0.702s] -- Up-to-date: /home/stan/workspace/ws_ur_hv/install/fake_ar_publisher/lib/libfake_ar_publisher__rosidl_generator_c.so
[0.702s] -- Up-to-date: /home/stan/workspace/ws_ur_hv/install/fake_ar_publisher/include/fake_ar_publisher/fake_ar_publisher
[0.702s] -- Up-to-date: /home/stan/workspace/ws_ur_hv/install/fake_ar_publisher/include/fake_ar_publisher/fake_ar_publisher/msg
[0.702s] -- Up-to-date: /home/stan/workspace/ws_ur_hv/install/fake_ar_publisher/include/fake_ar_publisher/fake_ar_publisher/msg/detail
[0.703s] -- Up-to-date: /home/stan/workspace/ws_ur_hv/install/fake_ar_publisher/include/fake_ar_publisher/fake_ar_publisher/msg/detail/ar_marker__rosidl_typesupport_fastrtps_c.h
[0.703s] -- Up-to-date: /home/stan/workspace/ws_ur_hv/install/fake_ar_publisher/include/fake_ar_publisher/fake_ar_publisher/msg/rosidl_typesupport_fastrtps_c__visibility_control.h
[0.706s] -- Up-to-date: /home/stan/workspace/ws_ur_hv/install/fake_ar_publisher/lib/libfake_ar_publisher__rosidl_typesupport_fastrtps_c.so
[0.706s] -- Up-to-date: /home/stan/workspace/ws_ur_hv/install/fake_ar_publisher/include/fake_ar_publisher/fake_ar_publisher
[0.707s] -- Up-to-date: /home/stan/workspace/ws_ur_hv/install/fake_ar_publisher/include/fake_ar_publisher/fake_ar_publisher/msg
[0.707s] -- Up-to-date: /home/stan/workspace/ws_ur_hv/install/fake_ar_publisher/include/fake_ar_publisher/fake_ar_publisher/msg/detail
[0.707s] -- Up-to-date: /home/stan/workspace/ws_ur_hv/install/fake_ar_publisher/include/fake_ar_publisher/fake_ar_publisher/msg/detail/ar_marker__struct.hpp
[0.707s] -- Up-to-date: /home/stan/workspace/ws_ur_hv/install/fake_ar_publisher/include/fake_ar_publisher/fake_ar_publisher/msg/detail/ar_marker__builder.hpp
[0.707s] -- Up-to-date: /home/stan/workspace/ws_ur_hv/install/fake_ar_publisher/include/fake_ar_publisher/fake_ar_publisher/msg/detail/ar_marker__traits.hpp
[0.708s] -- Up-to-date: /home/stan/workspace/ws_ur_hv/install/fake_ar_publisher/include/fake_ar_publisher/fake_ar_publisher/msg/ar_marker.hpp
[0.708s] -- Up-to-date: /home/stan/workspace/ws_ur_hv/install/fake_ar_publisher/include/fake_ar_publisher/fake_ar_publisher
[0.708s] -- Up-to-date: /home/stan/workspace/ws_ur_hv/install/fake_ar_publisher/include/fake_ar_publisher/fake_ar_publisher/msg
[0.709s] -- Up-to-date: /home/stan/workspace/ws_ur_hv/install/fake_ar_publisher/include/fake_ar_publisher/fake_ar_publisher/msg/detail
[0.709s] -- Up-to-date: /home/stan/workspace/ws_ur_hv/install/fake_ar_publisher/include/fake_ar_publisher/fake_ar_publisher/msg/detail/dds_fastrtps
[0.709s] -- Up-to-date: /home/stan/workspace/ws_ur_hv/install/fake_ar_publisher/include/fake_ar_publisher/fake_ar_publisher/msg/detail/ar_marker__rosidl_typesupport_fastrtps_cpp.hpp
[0.710s] -- Up-to-date: /home/stan/workspace/ws_ur_hv/install/fake_ar_publisher/include/fake_ar_publisher/fake_ar_publisher/msg/rosidl_typesupport_fastrtps_cpp__visibility_control.h
[0.710s] -- Up-to-date: /home/stan/workspace/ws_ur_hv/install/fake_ar_publisher/lib/libfake_ar_publisher__rosidl_typesupport_fastrtps_cpp.so
[0.713s] -- Up-to-date: /home/stan/workspace/ws_ur_hv/install/fake_ar_publisher/include/fake_ar_publisher/fake_ar_publisher
[0.713s] -- Up-to-date: /home/stan/workspace/ws_ur_hv/install/fake_ar_publisher/include/fake_ar_publisher/fake_ar_publisher/msg
[0.714s] -- Up-to-date: /home/stan/workspace/ws_ur_hv/install/fake_ar_publisher/include/fake_ar_publisher/fake_ar_publisher/msg/rosidl_typesupport_introspection_c__visibility_control.h
[0.714s] -- Up-to-date: /home/stan/workspace/ws_ur_hv/install/fake_ar_publisher/include/fake_ar_publisher/fake_ar_publisher/msg/detail
[0.715s] -- Up-to-date: /home/stan/workspace/ws_ur_hv/install/fake_ar_publisher/include/fake_ar_publisher/fake_ar_publisher/msg/detail/ar_marker__type_support.c
[0.715s] -- Up-to-date: /home/stan/workspace/ws_ur_hv/install/fake_ar_publisher/include/fake_ar_publisher/fake_ar_publisher/msg/detail/ar_marker__rosidl_typesupport_introspection_c.h
[0.715s] -- Up-to-date: /home/stan/workspace/ws_ur_hv/install/fake_ar_publisher/lib/libfake_ar_publisher__rosidl_typesupport_introspection_c.so
[0.716s] -- Up-to-date: /home/stan/workspace/ws_ur_hv/install/fake_ar_publisher/lib/libfake_ar_publisher__rosidl_typesupport_c.so
[0.716s] -- Up-to-date: /home/stan/workspace/ws_ur_hv/install/fake_ar_publisher/include/fake_ar_publisher/fake_ar_publisher
[0.716s] -- Up-to-date: /home/stan/workspace/ws_ur_hv/install/fake_ar_publisher/include/fake_ar_publisher/fake_ar_publisher/msg
[0.718s] -- Up-to-date: /home/stan/workspace/ws_ur_hv/install/fake_ar_publisher/include/fake_ar_publisher/fake_ar_publisher/msg/detail
[0.721s] -- Up-to-date: /home/stan/workspace/ws_ur_hv/install/fake_ar_publisher/include/fake_ar_publisher/fake_ar_publisher/msg/detail/ar_marker__type_support.cpp
[0.722s] -- Up-to-date: /home/stan/workspace/ws_ur_hv/install/fake_ar_publisher/include/fake_ar_publisher/fake_ar_publisher/msg/detail/ar_marker__rosidl_typesupport_introspection_cpp.hpp
[0.722s] -- Up-to-date: /home/stan/workspace/ws_ur_hv/install/fake_ar_publisher/lib/libfake_ar_publisher__rosidl_typesupport_introspection_cpp.so
[0.723s] -- Up-to-date: /home/stan/workspace/ws_ur_hv/install/fake_ar_publisher/lib/libfake_ar_publisher__rosidl_typesupport_cpp.so
[0.723s] -- Up-to-date: /home/stan/workspace/ws_ur_hv/install/fake_ar_publisher/share/fake_ar_publisher/environment/pythonpath.sh
[0.724s] -- Up-to-date: /home/stan/workspace/ws_ur_hv/install/fake_ar_publisher/share/fake_ar_publisher/environment/pythonpath.dsv
[0.724s] -- Up-to-date: /home/stan/workspace/ws_ur_hv/install/fake_ar_publisher/local/lib/python3.10/dist-packages/fake_ar_publisher-0.0.0-py3.10.egg-info
[0.725s] -- Installing: /home/stan/workspace/ws_ur_hv/install/fake_ar_publisher/local/lib/python3.10/dist-packages/fake_ar_publisher-0.0.0-py3.10.egg-info/PKG-INFO
[0.725s] -- Installing: /home/stan/workspace/ws_ur_hv/install/fake_ar_publisher/local/lib/python3.10/dist-packages/fake_ar_publisher-0.0.0-py3.10.egg-info/top_level.txt
[0.725s] -- Installing: /home/stan/workspace/ws_ur_hv/install/fake_ar_publisher/local/lib/python3.10/dist-packages/fake_ar_publisher-0.0.0-py3.10.egg-info/dependency_links.txt
[0.726s] -- Installing: /home/stan/workspace/ws_ur_hv/install/fake_ar_publisher/local/lib/python3.10/dist-packages/fake_ar_publisher-0.0.0-py3.10.egg-info/SOURCES.txt
[0.726s] -- Up-to-date: /home/stan/workspace/ws_ur_hv/install/fake_ar_publisher/local/lib/python3.10/dist-packages/fake_ar_publisher
[0.727s] -- Up-to-date: /home/stan/workspace/ws_ur_hv/install/fake_ar_publisher/local/lib/python3.10/dist-packages/fake_ar_publisher/fake_ar_publisher_s__rosidl_typesupport_c.cpython-310-x86_64-linux-gnu.so
[0.727s] -- Up-to-date: /home/stan/workspace/ws_ur_hv/install/fake_ar_publisher/local/lib/python3.10/dist-packages/fake_ar_publisher/__init__.py
[0.727s] -- Up-to-date: /home/stan/workspace/ws_ur_hv/install/fake_ar_publisher/local/lib/python3.10/dist-packages/fake_ar_publisher/fake_ar_publisher_s__rosidl_typesupport_introspection_c.cpython-310-x86_64-linux-gnu.so
[0.728s] -- Up-to-date: /home/stan/workspace/ws_ur_hv/install/fake_ar_publisher/local/lib/python3.10/dist-packages/fake_ar_publisher/_fake_ar_publisher_s.ep.rosidl_typesupport_introspection_c.c
[0.728s] -- Up-to-date: /home/stan/workspace/ws_ur_hv/install/fake_ar_publisher/local/lib/python3.10/dist-packages/fake_ar_publisher/fake_ar_publisher_s__rosidl_typesupport_fastrtps_c.cpython-310-x86_64-linux-gnu.so
[0.728s] -- Up-to-date: /home/stan/workspace/ws_ur_hv/install/fake_ar_publisher/local/lib/python3.10/dist-packages/fake_ar_publisher/_fake_ar_publisher_s.ep.rosidl_typesupport_c.c
[0.729s] -- Up-to-date: /home/stan/workspace/ws_ur_hv/install/fake_ar_publisher/local/lib/python3.10/dist-packages/fake_ar_publisher/msg
[0.729s] -- Up-to-date: /home/stan/workspace/ws_ur_hv/install/fake_ar_publisher/local/lib/python3.10/dist-packages/fake_ar_publisher/msg/_ar_marker.py
[0.729s] -- Up-to-date: /home/stan/workspace/ws_ur_hv/install/fake_ar_publisher/local/lib/python3.10/dist-packages/fake_ar_publisher/msg/__init__.py
[0.729s] -- Up-to-date: /home/stan/workspace/ws_ur_hv/install/fake_ar_publisher/local/lib/python3.10/dist-packages/fake_ar_publisher/msg/_ar_marker_s.c
[0.729s] -- Up-to-date: /home/stan/workspace/ws_ur_hv/install/fake_ar_publisher/local/lib/python3.10/dist-packages/fake_ar_publisher/_fake_ar_publisher_s.ep.rosidl_typesupport_fastrtps_c.c
[0.729s] -- Up-to-date: /home/stan/workspace/ws_ur_hv/install/fake_ar_publisher/local/lib/python3.10/dist-packages/fake_ar_publisher/libfake_ar_publisher__rosidl_generator_py.so
[0.735s] Listing '/home/stan/workspace/ws_ur_hv/install/fake_ar_publisher/local/lib/python3.10/dist-packages/fake_ar_publisher'...
[0.735s] Listing '/home/stan/workspace/ws_ur_hv/install/fake_ar_publisher/local/lib/python3.10/dist-packages/fake_ar_publisher/msg'...
[0.739s] -- Up-to-date: /home/stan/workspace/ws_ur_hv/install/fake_ar_publisher/local/lib/python3.10/dist-packages/fake_ar_publisher/fake_ar_publisher_s__rosidl_typesupport_fastrtps_c.cpython-310-x86_64-linux-gnu.so
[0.739s] -- Up-to-date: /home/stan/workspace/ws_ur_hv/install/fake_ar_publisher/local/lib/python3.10/dist-packages/fake_ar_publisher/fake_ar_publisher_s__rosidl_typesupport_introspection_c.cpython-310-x86_64-linux-gnu.so
[0.740s] -- Up-to-date: /home/stan/workspace/ws_ur_hv/install/fake_ar_publisher/local/lib/python3.10/dist-packages/fake_ar_publisher/fake_ar_publisher_s__rosidl_typesupport_c.cpython-310-x86_64-linux-gnu.so
[0.740s] -- Up-to-date: /home/stan/workspace/ws_ur_hv/install/fake_ar_publisher/lib/libfake_ar_publisher__rosidl_generator_py.so
[0.741s] -- Up-to-date: /home/stan/workspace/ws_ur_hv/install/fake_ar_publisher/share/fake_ar_publisher/msg/ARMarker.idl
[0.741s] -- Up-to-date: /home/stan/workspace/ws_ur_hv/install/fake_ar_publisher/share/fake_ar_publisher/msg/ARMarker.msg
[0.741s] -- Up-to-date: /home/stan/workspace/ws_ur_hv/install/fake_ar_publisher/lib/fake_ar_publisher/fake_ar_publisher_node
[0.741s] -- Up-to-date: /home/stan/workspace/ws_ur_hv/install/fake_ar_publisher/share/ament_index/resource_index/package_run_dependencies/fake_ar_publisher
[0.742s] -- Up-to-date: /home/stan/workspace/ws_ur_hv/install/fake_ar_publisher/share/ament_index/resource_index/parent_prefix_path/fake_ar_publisher
[0.742s] -- Up-to-date: /home/stan/workspace/ws_ur_hv/install/fake_ar_publisher/share/fake_ar_publisher/environment/ament_prefix_path.sh
[0.742s] -- Up-to-date: /home/stan/workspace/ws_ur_hv/install/fake_ar_publisher/share/fake_ar_publisher/environment/ament_prefix_path.dsv
[0.742s] -- Up-to-date: /home/stan/workspace/ws_ur_hv/install/fake_ar_publisher/share/fake_ar_publisher/environment/path.sh
[0.742s] -- Up-to-date: /home/stan/workspace/ws_ur_hv/install/fake_ar_publisher/share/fake_ar_publisher/environment/path.dsv
[0.742s] -- Up-to-date: /home/stan/workspace/ws_ur_hv/install/fake_ar_publisher/share/fake_ar_publisher/local_setup.bash
[0.742s] -- Up-to-date: /home/stan/workspace/ws_ur_hv/install/fake_ar_publisher/share/fake_ar_publisher/local_setup.sh
[0.742s] -- Up-to-date: /home/stan/workspace/ws_ur_hv/install/fake_ar_publisher/share/fake_ar_publisher/local_setup.zsh
[0.743s] -- Up-to-date: /home/stan/workspace/ws_ur_hv/install/fake_ar_publisher/share/fake_ar_publisher/local_setup.dsv
[0.743s] -- Installing: /home/stan/workspace/ws_ur_hv/install/fake_ar_publisher/share/fake_ar_publisher/package.dsv
[0.743s] -- Up-to-date: /home/stan/workspace/ws_ur_hv/install/fake_ar_publisher/share/ament_index/resource_index/packages/fake_ar_publisher
[0.743s] -- Up-to-date: /home/stan/workspace/ws_ur_hv/install/fake_ar_publisher/share/fake_ar_publisher/cmake/export_fake_ar_publisher__rosidl_generator_cExport.cmake
[0.743s] -- Up-to-date: /home/stan/workspace/ws_ur_hv/install/fake_ar_publisher/share/fake_ar_publisher/cmake/export_fake_ar_publisher__rosidl_generator_cExport-noconfig.cmake
[0.743s] -- Up-to-date: /home/stan/workspace/ws_ur_hv/install/fake_ar_publisher/share/fake_ar_publisher/cmake/export_fake_ar_publisher__rosidl_typesupport_fastrtps_cExport.cmake
[0.744s] -- Up-to-date: /home/stan/workspace/ws_ur_hv/install/fake_ar_publisher/share/fake_ar_publisher/cmake/export_fake_ar_publisher__rosidl_typesupport_fastrtps_cExport-noconfig.cmake
[0.744s] -- Up-to-date: /home/stan/workspace/ws_ur_hv/install/fake_ar_publisher/share/fake_ar_publisher/cmake/export_fake_ar_publisher__rosidl_generator_cppExport.cmake
[0.744s] -- Up-to-date: /home/stan/workspace/ws_ur_hv/install/fake_ar_publisher/share/fake_ar_publisher/cmake/export_fake_ar_publisher__rosidl_typesupport_fastrtps_cppExport.cmake
[0.744s] -- Up-to-date: /home/stan/workspace/ws_ur_hv/install/fake_ar_publisher/share/fake_ar_publisher/cmake/export_fake_ar_publisher__rosidl_typesupport_fastrtps_cppExport-noconfig.cmake
[0.744s] -- Up-to-date: /home/stan/workspace/ws_ur_hv/install/fake_ar_publisher/share/fake_ar_publisher/cmake/fake_ar_publisher__rosidl_typesupport_introspection_cExport.cmake
[0.744s] -- Up-to-date: /home/stan/workspace/ws_ur_hv/install/fake_ar_publisher/share/fake_ar_publisher/cmake/fake_ar_publisher__rosidl_typesupport_introspection_cExport-noconfig.cmake
[0.744s] -- Up-to-date: /home/stan/workspace/ws_ur_hv/install/fake_ar_publisher/share/fake_ar_publisher/cmake/fake_ar_publisher__rosidl_typesupport_cExport.cmake
[0.745s] -- Up-to-date: /home/stan/workspace/ws_ur_hv/install/fake_ar_publisher/share/fake_ar_publisher/cmake/fake_ar_publisher__rosidl_typesupport_cExport-noconfig.cmake
[0.745s] -- Up-to-date: /home/stan/workspace/ws_ur_hv/install/fake_ar_publisher/share/fake_ar_publisher/cmake/fake_ar_publisher__rosidl_typesupport_introspection_cppExport.cmake
[0.745s] -- Up-to-date: /home/stan/workspace/ws_ur_hv/install/fake_ar_publisher/share/fake_ar_publisher/cmake/fake_ar_publisher__rosidl_typesupport_introspection_cppExport-noconfig.cmake
[0.745s] -- Up-to-date: /home/stan/workspace/ws_ur_hv/install/fake_ar_publisher/share/fake_ar_publisher/cmake/fake_ar_publisher__rosidl_typesupport_cppExport.cmake
[0.745s] -- Up-to-date: /home/stan/workspace/ws_ur_hv/install/fake_ar_publisher/share/fake_ar_publisher/cmake/fake_ar_publisher__rosidl_typesupport_cppExport-noconfig.cmake
[0.745s] -- Up-to-date: /home/stan/workspace/ws_ur_hv/install/fake_ar_publisher/share/fake_ar_publisher/cmake/export_fake_ar_publisher__rosidl_generator_pyExport.cmake
[0.745s] -- Up-to-date: /home/stan/workspace/ws_ur_hv/install/fake_ar_publisher/share/fake_ar_publisher/cmake/export_fake_ar_publisher__rosidl_generator_pyExport-noconfig.cmake
[0.745s] -- Up-to-date: /home/stan/workspace/ws_ur_hv/install/fake_ar_publisher/share/fake_ar_publisher/cmake/rosidl_cmake-extras.cmake
[0.745s] -- Up-to-date: /home/stan/workspace/ws_ur_hv/install/fake_ar_publisher/share/fake_ar_publisher/cmake/ament_cmake_export_dependencies-extras.cmake
[0.745s] -- Up-to-date: /home/stan/workspace/ws_ur_hv/install/fake_ar_publisher/share/fake_ar_publisher/cmake/ament_cmake_export_include_directories-extras.cmake
[0.745s] -- Up-to-date: /home/stan/workspace/ws_ur_hv/install/fake_ar_publisher/share/fake_ar_publisher/cmake/ament_cmake_export_libraries-extras.cmake
[0.745s] -- Up-to-date: /home/stan/workspace/ws_ur_hv/install/fake_ar_publisher/share/fake_ar_publisher/cmake/ament_cmake_export_targets-extras.cmake
[0.746s] -- Up-to-date: /home/stan/workspace/ws_ur_hv/install/fake_ar_publisher/share/fake_ar_publisher/cmake/rosidl_cmake_export_typesupport_targets-extras.cmake
[0.746s] -- Up-to-date: /home/stan/workspace/ws_ur_hv/install/fake_ar_publisher/share/fake_ar_publisher/cmake/rosidl_cmake_export_typesupport_libraries-extras.cmake
[0.746s] -- Up-to-date: /home/stan/workspace/ws_ur_hv/install/fake_ar_publisher/share/fake_ar_publisher/cmake/fake_ar_publisherConfig.cmake
[0.746s] -- Up-to-date: /home/stan/workspace/ws_ur_hv/install/fake_ar_publisher/share/fake_ar_publisher/cmake/fake_ar_publisherConfig-version.cmake
[0.746s] -- Up-to-date: /home/stan/workspace/ws_ur_hv/install/fake_ar_publisher/share/fake_ar_publisher/package.xml
[0.756s] Invoked command in '/home/stan/workspace/ws_ur_hv/build/fake_ar_publisher' returned '0': CMAKE_PREFIX_PATH=/opt/ros/humble /home/stan/.local/bin/cmake --install /home/stan/workspace/ws_ur_hv/build/fake_ar_publisher
