[0.029s] Invoking command in '/home/stan/workspace/ws_ur_hv/build/serial': CMAKE_PREFIX_PATH=/opt/ros/humble /home/stan/.local/bin/cmake /home/stan/workspace/ws_ur_hv/src/serial -DCMAKE_INSTALL_PREFIX=/home/stan/workspace/ws_ur_hv/install/serial
[0.063s] -- Found ament_cmake: 1.3.5 (/opt/ros/humble/share/ament_cmake/cmake)
[0.217s] -- Override CMake install command with custom implementation using symlinks instead of copying resources
[0.307s] -- Configuring done (0.3s)
[0.315s] -- Generating done (0.0s)
[0.317s] -- Build files have been written to: /home/stan/workspace/ws_ur_hv/build/serial
[0.329s] Invoked command in '/home/stan/workspace/ws_ur_hv/build/serial' returned '0': CMAKE_PREFIX_PATH=/opt/ros/humble /home/stan/.local/bin/cmake /home/stan/workspace/ws_ur_hv/src/serial -DCMAKE_INSTALL_PREFIX=/home/stan/workspace/ws_ur_hv/install/serial
[0.332s] Invoking command in '/home/stan/workspace/ws_ur_hv/build/serial': CMAKE_PREFIX_PATH=/opt/ros/humble /home/stan/.local/bin/cmake --build /home/stan/workspace/ws_ur_hv/build/serial -- -j12 -l12
[0.382s] [100%] Built target serial
[0.391s] Invoked command in '/home/stan/workspace/ws_ur_hv/build/serial' returned '0': CMAKE_PREFIX_PATH=/opt/ros/humble /home/stan/.local/bin/cmake --build /home/stan/workspace/ws_ur_hv/build/serial -- -j12 -l12
[0.462s] Invoking command in '/home/stan/workspace/ws_ur_hv/build/serial': CMAKE_PREFIX_PATH=/opt/ros/humble /home/stan/.local/bin/cmake --install /home/stan/workspace/ws_ur_hv/build/serial
[0.497s] -- Install configuration: "Release"
[0.497s] -- Execute custom install script
[0.498s] -- Up-to-date symlink: /home/stan/workspace/ws_ur_hv/install/serial/include/serial/impl/unix.h
[0.498s] -- Up-to-date symlink: /home/stan/workspace/ws_ur_hv/install/serial/include/serial/impl/win.h
[0.499s] -- Up-to-date symlink: /home/stan/workspace/ws_ur_hv/install/serial/include/serial/serial.h
[0.499s] -- Up-to-date symlink: /home/stan/workspace/ws_ur_hv/install/serial/include/serial/v8stdint.h
[0.499s] -- Up-to-date symlink: /home/stan/workspace/ws_ur_hv/install/serial/share/serial/environment/library_path.sh
[0.499s] -- Up-to-date symlink: /home/stan/workspace/ws_ur_hv/install/serial/share/serial/environment/library_path.dsv
[0.499s] -- Up-to-date symlink: /home/stan/workspace/ws_ur_hv/install/serial/share/ament_index/resource_index/package_run_dependencies/serial
[0.499s] -- Up-to-date symlink: /home/stan/workspace/ws_ur_hv/install/serial/share/ament_index/resource_index/parent_prefix_path/serial
[0.499s] -- Up-to-date symlink: /home/stan/workspace/ws_ur_hv/install/serial/share/serial/environment/ament_prefix_path.sh
[0.500s] -- Up-to-date symlink: /home/stan/workspace/ws_ur_hv/install/serial/share/serial/environment/ament_prefix_path.dsv
[0.500s] -- Up-to-date symlink: /home/stan/workspace/ws_ur_hv/install/serial/share/serial/environment/path.sh
[0.500s] -- Up-to-date symlink: /home/stan/workspace/ws_ur_hv/install/serial/share/serial/environment/path.dsv
[0.500s] -- Up-to-date symlink: /home/stan/workspace/ws_ur_hv/install/serial/share/serial/local_setup.bash
[0.500s] -- Up-to-date symlink: /home/stan/workspace/ws_ur_hv/install/serial/share/serial/local_setup.sh
[0.500s] -- Up-to-date symlink: /home/stan/workspace/ws_ur_hv/install/serial/share/serial/local_setup.zsh
[0.501s] -- Up-to-date symlink: /home/stan/workspace/ws_ur_hv/install/serial/share/serial/local_setup.dsv
[0.501s] -- Symlinking: /home/stan/workspace/ws_ur_hv/install/serial/share/serial/package.dsv
[0.504s] -- Up-to-date symlink: /home/stan/workspace/ws_ur_hv/install/serial/share/ament_index/resource_index/packages/serial
[0.504s] -- Up-to-date symlink: /home/stan/workspace/ws_ur_hv/install/serial/share/serial/cmake/ament_cmake_export_include_directories-extras.cmake
[0.505s] -- Up-to-date symlink: /home/stan/workspace/ws_ur_hv/install/serial/share/serial/cmake/ament_cmake_export_libraries-extras.cmake
[0.505s] -- Up-to-date symlink: /home/stan/workspace/ws_ur_hv/install/serial/share/serial/cmake/ament_cmake_export_targets-extras.cmake
[0.505s] -- Up-to-date symlink: /home/stan/workspace/ws_ur_hv/install/serial/share/serial/cmake/serialConfig.cmake
[0.505s] -- Up-to-date symlink: /home/stan/workspace/ws_ur_hv/install/serial/share/serial/cmake/serialConfig-version.cmake
[0.505s] -- Up-to-date symlink: /home/stan/workspace/ws_ur_hv/install/serial/share/serial/package.xml
[0.506s] -- Up-to-date: /home/stan/workspace/ws_ur_hv/install/serial/lib/libserial.a
[0.506s] -- Up-to-date: /home/stan/workspace/ws_ur_hv/install/serial/share/serial/cmake/export_serialExport.cmake
[0.506s] -- Up-to-date: /home/stan/workspace/ws_ur_hv/install/serial/share/serial/cmake/export_serialExport-release.cmake
[0.537s] Invoked command in '/home/stan/workspace/ws_ur_hv/build/serial' returned '0': CMAKE_PREFIX_PATH=/opt/ros/humble /home/stan/.local/bin/cmake --install /home/stan/workspace/ws_ur_hv/build/serial
