[  3%] Built target fake_ar_publisher__cpp
[ 12%] Built target fake_ar_publisher__rosidl_generator_c
[ 12%] Built target ament_cmake_python_copy_fake_ar_publisher
[ 21%] Built target fake_ar_publisher__rosidl_typesupport_cpp
[ 30%] Built target fake_ar_publisher__rosidl_typesupport_fastrtps_cpp
[ 48%] Built target fake_ar_publisher__rosidl_typesupport_fastrtps_c
[ 48%] Built target fake_ar_publisher__rosidl_typesupport_introspection_cpp
[ 57%] Built target fake_ar_publisher__rosidl_typesupport_c
[ 66%] Built target fake_ar_publisher__rosidl_typesupport_introspection_c
[ 66%] Built target fake_ar_publisher
[ 72%] Built target fake_ar_publisher_node
[ 75%] Built target fake_ar_publisher__py
[ 81%] Built target fake_ar_publisher__rosidl_generator_py
[ 87%] Built target fake_ar_publisher__rosidl_typesupport_introspection_c__pyext
[ 93%] Built target fake_ar_publisher__rosidl_typesupport_c__pyext
[100%] Built target fake_ar_publisher__rosidl_typesupport_fastrtps_c__pyext
running egg_info
writing fake_ar_publisher.egg-info/PKG-INFO
writing dependency_links to fake_ar_publisher.egg-info/dependency_links.txt
writing top-level names to fake_ar_publisher.egg-info/top_level.txt
reading manifest file 'fake_ar_publisher.egg-info/SOURCES.txt'
writing manifest file 'fake_ar_publisher.egg-info/SOURCES.txt'
[100%] Built target ament_cmake_python_build_fake_ar_publisher_egg
