[0.037s] Invoking command in '/home/stan/workspace/ws_ur_hv/build/fake_ar_publisher': CMAKE_PREFIX_PATH=/opt/ros/humble /home/stan/.local/bin/cmake --build /home/stan/workspace/ws_ur_hv/build/fake_ar_publisher -- -j12 -l12
[0.114s] [  3%] Built target fake_ar_publisher__cpp
[0.126s] [ 12%] Built target fake_ar_publisher__rosidl_generator_c
[0.138s] [ 12%] Built target ament_cmake_python_copy_fake_ar_publisher
[0.152s] [ 21%] Built target fake_ar_publisher__rosidl_typesupport_cpp
[0.168s] [ 30%] Built target fake_ar_publisher__rosidl_typesupport_fastrtps_cpp
[0.174s] [ 48%] Built target fake_ar_publisher__rosidl_typesupport_fastrtps_c
[0.174s] [ 48%] Built target fake_ar_publisher__rosidl_typesupport_introspection_cpp
[0.174s] [ 57%] Built target fake_ar_publisher__rosidl_typesupport_c
[0.177s] [ 66%] Built target fake_ar_publisher__rosidl_typesupport_introspection_c
[0.193s] [ 66%] Built target fake_ar_publisher
[0.230s] [ 72%] Built target fake_ar_publisher_node
[0.230s] [ 75%] Built target fake_ar_publisher__py
[0.254s] [ 81%] Built target fake_ar_publisher__rosidl_generator_py
[0.327s] [ 87%] Built target fake_ar_publisher__rosidl_typesupport_introspection_c__pyext
[0.361s] [ 93%] Built target fake_ar_publisher__rosidl_typesupport_c__pyext
[0.363s] [100%] Built target fake_ar_publisher__rosidl_typesupport_fastrtps_c__pyext
[0.637s] running egg_info
[0.638s] writing fake_ar_publisher.egg-info/PKG-INFO
[0.639s] writing dependency_links to fake_ar_publisher.egg-info/dependency_links.txt
[0.639s] writing top-level names to fake_ar_publisher.egg-info/top_level.txt
[0.643s] reading manifest file 'fake_ar_publisher.egg-info/SOURCES.txt'
[0.643s] writing manifest file 'fake_ar_publisher.egg-info/SOURCES.txt'
[0.677s] [100%] Built target ament_cmake_python_build_fake_ar_publisher_egg
[0.688s] Invoked command in '/home/stan/workspace/ws_ur_hv/build/fake_ar_publisher' returned '0': CMAKE_PREFIX_PATH=/opt/ros/humble /home/stan/.local/bin/cmake --build /home/stan/workspace/ws_ur_hv/build/fake_ar_publisher -- -j12 -l12
