[0.012s] Invoking command in '/home/stan/workspace/ws_ur_hv/build/ur_robot_driver': AMENT_PREFIX_PATH=/home/stan/workspace/ws_ur_hv/install/ur_controllers:/home/stan/workspace/ws_ur_hv/install/ur_description:/home/stan/workspace/ws_ur_hv/install/ur_dashboard_msgs:${AMENT_PREFIX_PATH} CMAKE_PREFIX_PATH=/home/stan/workspace/ws_ur_hv/install/ur_controllers:/home/stan/workspace/ws_ur_hv/install/ur_description:/home/stan/workspace/ws_ur_hv/install/ur_dashboard_msgs:/opt/ros/humble LD_LIBRARY_PATH=/home/stan/workspace/ws_ur_hv/install/ur_controllers/lib:/home/stan/workspace/ws_ur_hv/install/ur_dashboard_msgs/lib:${LD_LIBRARY_PATH} PYTHONPATH=/home/stan/workspace/ws_ur_hv/install/ur_dashboard_msgs/local/lib/python3.10/dist-packages:${PYTHONPATH} /home/stan/.local/bin/cmake /home/stan/workspace/ws_ur_hv/src/Universal_Robots_ROS2_Driver/ur_robot_driver -DCMAKE_BUILD_TYPE=Release -DAMENT_CMAKE_SYMLINK_INSTALL=1 -DCMAKE_INSTALL_PREFIX=/home/stan/workspace/ws_ur_hv/install/ur_robot_driver
[0.087s] -- The C compiler identification is GNU 11.3.0
[0.149s] -- The CXX compiler identification is GNU 11.3.0
[0.158s] -- Detecting C compiler ABI info
[0.213s] -- Detecting C compiler ABI info - done
[0.223s] -- Check for working C compiler: /usr/bin/cc - skipped
[0.223s] -- Detecting C compile features
[0.224s] -- Detecting C compile features - done
[0.228s] -- Detecting CXX compiler ABI info
[0.290s] -- Detecting CXX compiler ABI info - done
[0.304s] -- Check for working CXX compiler: /usr/bin/c++ - skipped
[0.304s] -- Detecting CXX compile features
[0.305s] -- Detecting CXX compile features - done
[0.308s] -- Found ament_cmake: 1.3.5 (/opt/ros/humble/share/ament_cmake/cmake)
[0.706s] -- Found Python3: /usr/bin/python3.10 (found version "3.10.6") found components: Interpreter 
[0.776s] -- Override CMake install command with custom implementation using symlinks instead of copying resources
[0.866s] -- Found controller_manager: 2.28.0 (/opt/ros/humble/share/controller_manager/cmake)
[0.948s] -- Found rosidl_generator_c: 3.1.4 (/opt/ros/humble/share/rosidl_generator_c/cmake)
[0.955s] -- Found rosidl_adapter: 3.1.4 (/opt/ros/humble/share/rosidl_adapter/cmake)
[0.967s] -- Found rosidl_generator_cpp: 3.1.4 (/opt/ros/humble/share/rosidl_generator_cpp/cmake)
[0.986s] -- Using all available rosidl_typesupport_c: rosidl_typesupport_fastrtps_c;rosidl_typesupport_introspection_c
[1.015s] -- Using all available rosidl_typesupport_cpp: rosidl_typesupport_fastrtps_cpp;rosidl_typesupport_introspection_cpp
[1.873s] -- Found rmw_implementation_cmake: 6.1.1 (/opt/ros/humble/share/rmw_implementation_cmake/cmake)
[1.877s] -- Found rmw_fastrtps_cpp: 6.2.2 (/opt/ros/humble/share/rmw_fastrtps_cpp/cmake)
[1.996s] -- Found OpenSSL: /usr/lib/x86_64-linux-gnu/libcrypto.so (found version "3.0.2")  
[2.031s] -- Found FastRTPS: /opt/ros/humble/include  
[2.089s] -- Using RMW implementation 'rmw_fastrtps_cpp' as default
[2.101s] -- Performing Test CMAKE_HAVE_LIBC_PTHREAD
[2.166s] -- Performing Test CMAKE_HAVE_LIBC_PTHREAD - Success
[2.168s] -- Found Threads: TRUE  
[2.915s] -- Found rclpy: 3.3.8 (/opt/ros/humble/share/rclpy/cmake)
[2.917s] -- Found std_srvs: 4.2.3 (/opt/ros/humble/share/std_srvs/cmake)
[2.948s] -- Found tf2_geometry_msgs: 0.25.2 (/opt/ros/humble/share/tf2_geometry_msgs/cmake)
[2.967s] -- Found eigen3_cmake_module: 0.1.1 (/opt/ros/humble/share/eigen3_cmake_module/cmake)
[2.969s] -- Found Eigen3: TRUE (found version "3.4.0") 
[2.969s] -- Ensuring Eigen3 include directory is part of orocos-kdl CMake target
[3.290s] -- Found ur_dashboard_msgs: 2.2.6 (/home/stan/workspace/ws_ur_hv/install/ur_dashboard_msgs/share/ur_dashboard_msgs/cmake)
[5.167s] -- Found ur_controllers: 2.2.6 (/home/stan/workspace/ws_ur_hv/install/ur_controllers/share/ur_controllers/cmake)
[5.478s] -- Found parameter_traits: 0.3.3 (/opt/ros/humble/share/parameter_traits/cmake)
[6.176s] -- Found ur_description: 2.0.1 (/home/stan/workspace/ws_ur_hv/install/ur_description/share/ur_description/cmake)
[6.179s] -- Found launch_testing_ament_cmake: 1.0.4 (/opt/ros/humble/share/launch_testing_ament_cmake/cmake)
[6.181s] -- Found python_cmake_module: 0.10.0 (/opt/ros/humble/share/python_cmake_module/cmake)
[6.209s] -- Found PythonInterp: /usr/bin/python3 (found suitable version "3.10.6", minimum required is "3.6") 
[6.218s] -- Found PythonLibs: /usr/lib/x86_64-linux-gnu/libpython3.10.so (found suitable version "3.10.6", minimum required is "3.5") 
[6.218s] -- Using PYTHON_EXECUTABLE: /usr/bin/python3
[6.218s] -- Using PYTHON_INCLUDE_DIRS: /usr/include/python3.10
[6.218s] -- Using PYTHON_LIBRARIES: /usr/lib/x86_64-linux-gnu/libpython3.10.so
[6.241s] -- Found PythonExtra: .so  
[6.241s] -- Configuring done (6.2s)
[6.388s] -- Generating done (0.1s)
[6.391s] -- Build files have been written to: /home/stan/workspace/ws_ur_hv/build/ur_robot_driver
[6.421s] Invoked command in '/home/stan/workspace/ws_ur_hv/build/ur_robot_driver' returned '0': AMENT_PREFIX_PATH=/home/stan/workspace/ws_ur_hv/install/ur_controllers:/home/stan/workspace/ws_ur_hv/install/ur_description:/home/stan/workspace/ws_ur_hv/install/ur_dashboard_msgs:${AMENT_PREFIX_PATH} CMAKE_PREFIX_PATH=/home/stan/workspace/ws_ur_hv/install/ur_controllers:/home/stan/workspace/ws_ur_hv/install/ur_description:/home/stan/workspace/ws_ur_hv/install/ur_dashboard_msgs:/opt/ros/humble LD_LIBRARY_PATH=/home/stan/workspace/ws_ur_hv/install/ur_controllers/lib:/home/stan/workspace/ws_ur_hv/install/ur_dashboard_msgs/lib:${LD_LIBRARY_PATH} PYTHONPATH=/home/stan/workspace/ws_ur_hv/install/ur_dashboard_msgs/local/lib/python3.10/dist-packages:${PYTHONPATH} /home/stan/.local/bin/cmake /home/stan/workspace/ws_ur_hv/src/Universal_Robots_ROS2_Driver/ur_robot_driver -DCMAKE_BUILD_TYPE=Release -DAMENT_CMAKE_SYMLINK_INSTALL=1 -DCMAKE_INSTALL_PREFIX=/home/stan/workspace/ws_ur_hv/install/ur_robot_driver
[6.423s] Invoking command in '/home/stan/workspace/ws_ur_hv/build/ur_robot_driver': AMENT_PREFIX_PATH=/home/stan/workspace/ws_ur_hv/install/ur_controllers:/home/stan/workspace/ws_ur_hv/install/ur_description:/home/stan/workspace/ws_ur_hv/install/ur_dashboard_msgs:${AMENT_PREFIX_PATH} CMAKE_PREFIX_PATH=/home/stan/workspace/ws_ur_hv/install/ur_controllers:/home/stan/workspace/ws_ur_hv/install/ur_description:/home/stan/workspace/ws_ur_hv/install/ur_dashboard_msgs:/opt/ros/humble LD_LIBRARY_PATH=/home/stan/workspace/ws_ur_hv/install/ur_controllers/lib:/home/stan/workspace/ws_ur_hv/install/ur_dashboard_msgs/lib:${LD_LIBRARY_PATH} PYTHONPATH=/home/stan/workspace/ws_ur_hv/install/ur_dashboard_msgs/local/lib/python3.10/dist-packages:${PYTHONPATH} /home/stan/.local/bin/cmake --build /home/stan/workspace/ws_ur_hv/build/ur_robot_driver -- -j12 -l12
[6.499s] [  7%] [32mBuilding CXX object CMakeFiles/ur_robot_driver_plugin.dir/src/dashboard_client_ros.cpp.o[0m
[6.500s] [ 15%] [32mBuilding CXX object CMakeFiles/ur_ros2_control_node.dir/src/ur_ros2_control_node.cpp.o[0m
[6.502s] [ 23%] [32mBuilding CXX object CMakeFiles/controller_stopper_node.dir/src/controller_stopper.cpp.o[0m
[6.503s] [ 30%] [32mBuilding CXX object CMakeFiles/controller_stopper_node.dir/src/controller_stopper_node.cpp.o[0m
[6.504s] [ 30%] Built target ament_cmake_python_symlink_ur_robot_driver
[6.505s] [ 38%] [32mBuilding CXX object CMakeFiles/ur_robot_driver_plugin.dir/src/hardware_interface.cpp.o[0m
[6.510s] [ 46%] [32mBuilding CXX object CMakeFiles/ur_robot_driver_plugin.dir/src/urcl_log_handler.cpp.o[0m
[6.522s] [ 53%] [32mBuilding CXX object CMakeFiles/dashboard_client.dir/src/urcl_log_handler.cpp.o[0m
[6.522s] [ 61%] [32mBuilding CXX object CMakeFiles/dashboard_client.dir/src/dashboard_client_ros.cpp.o[0m
[6.522s] [ 69%] [32mBuilding CXX object CMakeFiles/dashboard_client.dir/src/dashboard_client_node.cpp.o[0m
[7.154s] running egg_info
[7.155s] creating ur_robot_driver.egg-info
[7.155s] writing ur_robot_driver.egg-info/PKG-INFO
[7.155s] writing dependency_links to ur_robot_driver.egg-info/dependency_links.txt
[7.155s] writing top-level names to ur_robot_driver.egg-info/top_level.txt
[7.156s] writing manifest file 'ur_robot_driver.egg-info/SOURCES.txt'
[7.161s] reading manifest file 'ur_robot_driver.egg-info/SOURCES.txt'
[7.162s] writing manifest file 'ur_robot_driver.egg-info/SOURCES.txt'
[7.210s] [ 69%] Built target ament_cmake_python_build_ur_robot_driver_egg
[14.549s] [ 76%] [32m[1mLinking CXX executable ur_ros2_control_node[0m
[14.942s] [ 76%] Built target ur_ros2_control_node
[22.151s] [ 84%] [32m[1mLinking CXX executable controller_stopper_node[0m
[22.442s] [ 84%] Built target controller_stopper_node
[25.203s] [ 92%] [32m[1mLinking CXX executable dashboard_client[0m
[25.449s] [ 92%] Built target dashboard_client
[25.570s] [100%] [32m[1mLinking CXX shared library libur_robot_driver_plugin.so[0m
[25.842s] [100%] Built target ur_robot_driver_plugin
[25.852s] Invoked command in '/home/stan/workspace/ws_ur_hv/build/ur_robot_driver' returned '0': AMENT_PREFIX_PATH=/home/stan/workspace/ws_ur_hv/install/ur_controllers:/home/stan/workspace/ws_ur_hv/install/ur_description:/home/stan/workspace/ws_ur_hv/install/ur_dashboard_msgs:${AMENT_PREFIX_PATH} CMAKE_PREFIX_PATH=/home/stan/workspace/ws_ur_hv/install/ur_controllers:/home/stan/workspace/ws_ur_hv/install/ur_description:/home/stan/workspace/ws_ur_hv/install/ur_dashboard_msgs:/opt/ros/humble LD_LIBRARY_PATH=/home/stan/workspace/ws_ur_hv/install/ur_controllers/lib:/home/stan/workspace/ws_ur_hv/install/ur_dashboard_msgs/lib:${LD_LIBRARY_PATH} PYTHONPATH=/home/stan/workspace/ws_ur_hv/install/ur_dashboard_msgs/local/lib/python3.10/dist-packages:${PYTHONPATH} /home/stan/.local/bin/cmake --build /home/stan/workspace/ws_ur_hv/build/ur_robot_driver -- -j12 -l12
[25.914s] Invoking command in '/home/stan/workspace/ws_ur_hv/build/ur_robot_driver': AMENT_PREFIX_PATH=/home/stan/workspace/ws_ur_hv/install/ur_controllers:/home/stan/workspace/ws_ur_hv/install/ur_description:/home/stan/workspace/ws_ur_hv/install/ur_dashboard_msgs:${AMENT_PREFIX_PATH} CMAKE_PREFIX_PATH=/home/stan/workspace/ws_ur_hv/install/ur_controllers:/home/stan/workspace/ws_ur_hv/install/ur_description:/home/stan/workspace/ws_ur_hv/install/ur_dashboard_msgs:/opt/ros/humble LD_LIBRARY_PATH=/home/stan/workspace/ws_ur_hv/install/ur_controllers/lib:/home/stan/workspace/ws_ur_hv/install/ur_dashboard_msgs/lib:${LD_LIBRARY_PATH} PYTHONPATH=/home/stan/workspace/ws_ur_hv/install/ur_dashboard_msgs/local/lib/python3.10/dist-packages:${PYTHONPATH} /home/stan/.local/bin/cmake --install /home/stan/workspace/ws_ur_hv/build/ur_robot_driver
[25.941s] -- Install configuration: "Release"
[25.941s] -- Execute custom install script
[25.942s] -- Symlinking: /home/stan/workspace/ws_ur_hv/install/ur_robot_driver/share/ur_robot_driver//hardware_interface_plugin.xml
[25.947s] -- Symlinking: /home/stan/workspace/ws_ur_hv/install/ur_robot_driver/lib/ur_robot_driver/dashboard_client
[25.949s] -- Symlinking: /home/stan/workspace/ws_ur_hv/install/ur_robot_driver/lib/ur_robot_driver/ur_ros2_control_node
[25.951s] -- Symlinking: /home/stan/workspace/ws_ur_hv/install/ur_robot_driver/lib/ur_robot_driver/controller_stopper_node
[25.954s] -- Symlinking: /home/stan/workspace/ws_ur_hv/install/ur_robot_driver/lib/libur_robot_driver_plugin.so
[25.956s] -- Symlinking: /home/stan/workspace/ws_ur_hv/install/ur_robot_driver/include/ur_robot_driver/controller_stopper.hpp
[25.959s] -- Symlinking: /home/stan/workspace/ws_ur_hv/install/ur_robot_driver/include/ur_robot_driver/dashboard_client_ros.hpp
[25.961s] -- Symlinking: /home/stan/workspace/ws_ur_hv/install/ur_robot_driver/include/ur_robot_driver/hardware_interface.hpp
[25.964s] -- Symlinking: /home/stan/workspace/ws_ur_hv/install/ur_robot_driver/include/ur_robot_driver/urcl_log_handler.hpp
[25.966s] -- Symlinking: /home/stan/workspace/ws_ur_hv/install/ur_robot_driver/share/ur_robot_driver/environment/library_path.sh
[25.969s] -- Symlinking: /home/stan/workspace/ws_ur_hv/install/ur_robot_driver/share/ur_robot_driver/environment/library_path.dsv
[25.972s] -- Up-to-date symlink: /home/stan/workspace/ws_ur_hv/install/ur_robot_driver/include/ur_robot_driver/controller_stopper.hpp
[25.972s] -- Up-to-date symlink: /home/stan/workspace/ws_ur_hv/install/ur_robot_driver/include/ur_robot_driver/dashboard_client_ros.hpp
[25.972s] -- Up-to-date symlink: /home/stan/workspace/ws_ur_hv/install/ur_robot_driver/include/ur_robot_driver/hardware_interface.hpp
[25.972s] -- Up-to-date symlink: /home/stan/workspace/ws_ur_hv/install/ur_robot_driver/include/ur_robot_driver/urcl_log_handler.hpp
[25.972s] -- Symlinking: /home/stan/workspace/ws_ur_hv/install/ur_robot_driver/share/ur_robot_driver/environment/pythonpath.sh
[25.974s] -- Symlinking: /home/stan/workspace/ws_ur_hv/install/ur_robot_driver/share/ur_robot_driver/environment/pythonpath.dsv
[25.978s] -- Symlinking: /home/stan/workspace/ws_ur_hv/install/ur_robot_driver/local/lib/python3.10/dist-packages/ur_robot_driver-2.2.6-py3.10.egg-info/PKG-INFO
[25.980s] -- Symlinking: /home/stan/workspace/ws_ur_hv/install/ur_robot_driver/local/lib/python3.10/dist-packages/ur_robot_driver-2.2.6-py3.10.egg-info/SOURCES.txt
[25.983s] -- Symlinking: /home/stan/workspace/ws_ur_hv/install/ur_robot_driver/local/lib/python3.10/dist-packages/ur_robot_driver-2.2.6-py3.10.egg-info/dependency_links.txt
[25.986s] -- Symlinking: /home/stan/workspace/ws_ur_hv/install/ur_robot_driver/local/lib/python3.10/dist-packages/ur_robot_driver-2.2.6-py3.10.egg-info/top_level.txt
[25.988s] -- Symlinking: /home/stan/workspace/ws_ur_hv/install/ur_robot_driver/local/lib/python3.10/dist-packages/ur_robot_driver/__init__.py
[25.991s] -- Symlinking: /home/stan/workspace/ws_ur_hv/install/ur_robot_driver/lib/ur_robot_driver/tool_communication.py
[25.994s] -- Symlinking: /home/stan/workspace/ws_ur_hv/install/ur_robot_driver/bin/wait_dashboard_server.sh
[26.001s] -- Symlinking: /home/stan/workspace/ws_ur_hv/install/ur_robot_driver/lib/ur_robot_driver/start_ursim.sh
[26.003s] -- Symlinking: /home/stan/workspace/ws_ur_hv/install/ur_robot_driver/share/ur_robot_driver/config/test_goal_publishers_config.yaml
[26.005s] -- Symlinking: /home/stan/workspace/ws_ur_hv/install/ur_robot_driver/share/ur_robot_driver/config/test_velocity_goal_publishers_config.yaml
[26.007s] -- Symlinking: /home/stan/workspace/ws_ur_hv/install/ur_robot_driver/share/ur_robot_driver/config/ur10_update_rate.yaml
[26.010s] -- Symlinking: /home/stan/workspace/ws_ur_hv/install/ur_robot_driver/share/ur_robot_driver/config/ur10e_update_rate.yaml
[26.013s] -- Symlinking: /home/stan/workspace/ws_ur_hv/install/ur_robot_driver/share/ur_robot_driver/config/ur16e_update_rate.yaml
[26.014s] -- Symlinking: /home/stan/workspace/ws_ur_hv/install/ur_robot_driver/share/ur_robot_driver/config/ur3_update_rate.yaml
[26.016s] -- Symlinking: /home/stan/workspace/ws_ur_hv/install/ur_robot_driver/share/ur_robot_driver/config/ur3e_update_rate.yaml
[26.019s] -- Symlinking: /home/stan/workspace/ws_ur_hv/install/ur_robot_driver/share/ur_robot_driver/config/ur5_update_rate.yaml
[26.022s] -- Symlinking: /home/stan/workspace/ws_ur_hv/install/ur_robot_driver/share/ur_robot_driver/config/ur5e_update_rate.yaml
[26.025s] -- Symlinking: /home/stan/workspace/ws_ur_hv/install/ur_robot_driver/share/ur_robot_driver/config/ur_controllers.yaml
[26.027s] -- Symlinking: /home/stan/workspace/ws_ur_hv/install/ur_robot_driver/share/ur_robot_driver/launch/test_forward_velocity_controller.launch.py
[26.030s] -- Symlinking: /home/stan/workspace/ws_ur_hv/install/ur_robot_driver/share/ur_robot_driver/launch/test_joint_trajectory_controller.launch.py
[26.032s] -- Symlinking: /home/stan/workspace/ws_ur_hv/install/ur_robot_driver/share/ur_robot_driver/launch/test_scaled_joint_trajectory_controller.launch.py
[26.034s] -- Symlinking: /home/stan/workspace/ws_ur_hv/install/ur_robot_driver/share/ur_robot_driver/launch/ur10.launch.py
[26.036s] -- Symlinking: /home/stan/workspace/ws_ur_hv/install/ur_robot_driver/share/ur_robot_driver/launch/ur10e.launch.py
[26.039s] -- Symlinking: /home/stan/workspace/ws_ur_hv/install/ur_robot_driver/share/ur_robot_driver/launch/ur16e.launch.py
[26.041s] -- Symlinking: /home/stan/workspace/ws_ur_hv/install/ur_robot_driver/share/ur_robot_driver/launch/ur3.launch.py
[26.044s] -- Symlinking: /home/stan/workspace/ws_ur_hv/install/ur_robot_driver/share/ur_robot_driver/launch/ur3e.launch.py
[26.046s] -- Symlinking: /home/stan/workspace/ws_ur_hv/install/ur_robot_driver/share/ur_robot_driver/launch/ur5.launch.py
[26.048s] -- Symlinking: /home/stan/workspace/ws_ur_hv/install/ur_robot_driver/share/ur_robot_driver/launch/ur5e.launch.py
[26.051s] -- Symlinking: /home/stan/workspace/ws_ur_hv/install/ur_robot_driver/share/ur_robot_driver/launch/ur_control.launch.py
[26.053s] -- Symlinking: /home/stan/workspace/ws_ur_hv/install/ur_robot_driver/share/ur_robot_driver/launch/ur_dashboard_client.launch.py
[26.056s] -- Symlinking: /home/stan/workspace/ws_ur_hv/install/ur_robot_driver/share/ament_index/resource_index/package_run_dependencies/ur_robot_driver
[26.058s] -- Symlinking: /home/stan/workspace/ws_ur_hv/install/ur_robot_driver/share/ament_index/resource_index/parent_prefix_path/ur_robot_driver
[26.061s] -- Symlinking: /home/stan/workspace/ws_ur_hv/install/ur_robot_driver/share/ur_robot_driver/environment/ament_prefix_path.sh
[26.063s] -- Symlinking: /home/stan/workspace/ws_ur_hv/install/ur_robot_driver/share/ur_robot_driver/environment/ament_prefix_path.dsv
[26.066s] -- Symlinking: /home/stan/workspace/ws_ur_hv/install/ur_robot_driver/share/ur_robot_driver/environment/path.sh
[26.068s] -- Symlinking: /home/stan/workspace/ws_ur_hv/install/ur_robot_driver/share/ur_robot_driver/environment/path.dsv
[26.071s] -- Symlinking: /home/stan/workspace/ws_ur_hv/install/ur_robot_driver/share/ur_robot_driver/local_setup.bash
[26.074s] -- Symlinking: /home/stan/workspace/ws_ur_hv/install/ur_robot_driver/share/ur_robot_driver/local_setup.sh
[26.076s] -- Symlinking: /home/stan/workspace/ws_ur_hv/install/ur_robot_driver/share/ur_robot_driver/local_setup.zsh
[26.079s] -- Symlinking: /home/stan/workspace/ws_ur_hv/install/ur_robot_driver/share/ur_robot_driver/local_setup.dsv
[26.082s] -- Symlinking: /home/stan/workspace/ws_ur_hv/install/ur_robot_driver/share/ur_robot_driver/package.dsv
[26.084s] -- Symlinking: /home/stan/workspace/ws_ur_hv/install/ur_robot_driver/share/ament_index/resource_index/packages/ur_robot_driver
[26.087s] -- Symlinking: /home/stan/workspace/ws_ur_hv/install/ur_robot_driver/share/ament_index/resource_index/hardware_interface__pluginlib__plugin/ur_robot_driver
[26.090s] -- Symlinking: /home/stan/workspace/ws_ur_hv/install/ur_robot_driver/share/ur_robot_driver/cmake/ament_cmake_export_include_directories-extras.cmake
[26.093s] -- Symlinking: /home/stan/workspace/ws_ur_hv/install/ur_robot_driver/share/ur_robot_driver/cmake/ament_cmake_export_libraries-extras.cmake
[26.095s] -- Symlinking: /home/stan/workspace/ws_ur_hv/install/ur_robot_driver/share/ur_robot_driver/cmake/ament_cmake_export_dependencies-extras.cmake
[26.098s] -- Symlinking: /home/stan/workspace/ws_ur_hv/install/ur_robot_driver/share/ur_robot_driver/cmake/ur_robot_driverConfig.cmake
[26.101s] -- Symlinking: /home/stan/workspace/ws_ur_hv/install/ur_robot_driver/share/ur_robot_driver/cmake/ur_robot_driverConfig-version.cmake
[26.103s] -- Symlinking: /home/stan/workspace/ws_ur_hv/install/ur_robot_driver/share/ur_robot_driver/package.xml
[26.106s] -- Up-to-date: /home/stan/workspace/ws_ur_hv/install/ur_robot_driver/share/ur_robot_driver/resources
[26.106s] -- Up-to-date: /home/stan/workspace/ws_ur_hv/install/ur_robot_driver/share/ur_robot_driver/resources/rtde_output_recipe.txt
[26.106s] -- Up-to-date: /home/stan/workspace/ws_ur_hv/install/ur_robot_driver/share/ur_robot_driver/resources/rtde_input_recipe.txt
[26.106s] -- Up-to-date: /home/stan/workspace/ws_ur_hv/install/ur_robot_driver/share/ur_robot_driver/resources/rs485-1.0.urcap
[26.106s] -- Up-to-date: /home/stan/workspace/ws_ur_hv/install/ur_robot_driver/share/ur_robot_driver/resources/externalcontrol-1.0.5.urcap
[26.106s] -- Up-to-date: /home/stan/workspace/ws_ur_hv/install/ur_robot_driver/share/ur_robot_driver/resources/ros_control.urscript
[26.141s] Listing '/home/stan/workspace/ws_ur_hv/install/ur_robot_driver/local/lib/python3.10/dist-packages/ur_robot_driver'...
[26.156s] Invoked command in '/home/stan/workspace/ws_ur_hv/build/ur_robot_driver' returned '0': AMENT_PREFIX_PATH=/home/stan/workspace/ws_ur_hv/install/ur_controllers:/home/stan/workspace/ws_ur_hv/install/ur_description:/home/stan/workspace/ws_ur_hv/install/ur_dashboard_msgs:${AMENT_PREFIX_PATH} CMAKE_PREFIX_PATH=/home/stan/workspace/ws_ur_hv/install/ur_controllers:/home/stan/workspace/ws_ur_hv/install/ur_description:/home/stan/workspace/ws_ur_hv/install/ur_dashboard_msgs:/opt/ros/humble LD_LIBRARY_PATH=/home/stan/workspace/ws_ur_hv/install/ur_controllers/lib:/home/stan/workspace/ws_ur_hv/install/ur_dashboard_msgs/lib:${LD_LIBRARY_PATH} PYTHONPATH=/home/stan/workspace/ws_ur_hv/install/ur_dashboard_msgs/local/lib/python3.10/dist-packages:${PYTHONPATH} /home/stan/.local/bin/cmake --install /home/stan/workspace/ws_ur_hv/build/ur_robot_driver
