[  0%] Built target ur_dashboard_msgs__cpp
[ 12%] Built target ur_dashboard_msgs__rosidl_generator_c
[ 12%] Built target ament_cmake_python_copy_ur_dashboard_msgs
[ 24%] Built target ur_dashboard_msgs__rosidl_typesupport_fastrtps_cpp
[ 36%] Built target ur_dashboard_msgs__rosidl_typesupport_cpp
[ 48%] Built target ur_dashboard_msgs__rosidl_typesupport_introspection_c
[ 60%] Built target ur_dashboard_msgs__rosidl_typesupport_introspection_cpp
[ 72%] Built target ur_dashboard_msgs__rosidl_typesupport_fastrtps_c
[ 84%] Built target ur_dashboard_msgs__rosidl_typesupport_c
[ 84%] Built target ur_dashboard_msgs
[ 85%] Built target ur_dashboard_msgs__py
[ 96%] Built target ur_dashboard_msgs__rosidl_generator_py
[ 97%] Built target ur_dashboard_msgs__rosidl_typesupport_c__pyext
[ 99%] Built target ur_dashboard_msgs__rosidl_typesupport_introspection_c__pyext
[100%] Built target ur_dashboard_msgs__rosidl_typesupport_fastrtps_c__pyext
running egg_info
writing ur_dashboard_msgs.egg-info/PKG-INFO
writing dependency_links to ur_dashboard_msgs.egg-info/dependency_links.txt
writing top-level names to ur_dashboard_msgs.egg-info/top_level.txt
reading manifest file 'ur_dashboard_msgs.egg-info/SOURCES.txt'
writing manifest file 'ur_dashboard_msgs.egg-info/SOURCES.txt'
[100%] Built target ament_cmake_python_build_ur_dashboard_msgs_egg
