[0.040s] Invoking command in '/home/stan/workspace/ws_ur_hv/build/ur_dashboard_msgs': CMAKE_PREFIX_PATH=/opt/ros/humble /home/stan/.local/bin/cmake --build /home/stan/workspace/ws_ur_hv/build/ur_dashboard_msgs -- -j12 -l12
[0.107s] [  0%] Built target ur_dashboard_msgs__cpp
[0.118s] [ 12%] Built target ur_dashboard_msgs__rosidl_generator_c
[0.120s] [ 12%] Built target ament_cmake_python_copy_ur_dashboard_msgs
[0.151s] [ 24%] Built target ur_dashboard_msgs__rosidl_typesupport_fastrtps_cpp
[0.155s] [ 36%] Built target ur_dashboard_msgs__rosidl_typesupport_cpp
[0.159s] [ 48%] Built target ur_dashboard_msgs__rosidl_typesupport_introspection_c
[0.162s] [ 60%] Built target ur_dashboard_msgs__rosidl_typesupport_introspection_cpp
[0.173s] [ 72%] Built target ur_dashboard_msgs__rosidl_typesupport_fastrtps_c
[0.174s] [ 84%] Built target ur_dashboard_msgs__rosidl_typesupport_c
[0.185s] [ 84%] Built target ur_dashboard_msgs
[0.198s] [ 85%] Built target ur_dashboard_msgs__py
[0.221s] [ 96%] Built target ur_dashboard_msgs__rosidl_generator_py
[0.238s] [ 97%] Built target ur_dashboard_msgs__rosidl_typesupport_c__pyext
[0.238s] [ 99%] Built target ur_dashboard_msgs__rosidl_typesupport_introspection_c__pyext
[0.242s] [100%] Built target ur_dashboard_msgs__rosidl_typesupport_fastrtps_c__pyext
[0.631s] running egg_info
[0.632s] writing ur_dashboard_msgs.egg-info/PKG-INFO
[0.633s] writing dependency_links to ur_dashboard_msgs.egg-info/dependency_links.txt
[0.633s] writing top-level names to ur_dashboard_msgs.egg-info/top_level.txt
[0.639s] reading manifest file 'ur_dashboard_msgs.egg-info/SOURCES.txt'
[0.640s] writing manifest file 'ur_dashboard_msgs.egg-info/SOURCES.txt'
[0.665s] [100%] Built target ament_cmake_python_build_ur_dashboard_msgs_egg
[0.676s] Invoked command in '/home/stan/workspace/ws_ur_hv/build/ur_dashboard_msgs' returned '0': CMAKE_PREFIX_PATH=/opt/ros/humble /home/stan/.local/bin/cmake --build /home/stan/workspace/ws_ur_hv/build/ur_dashboard_msgs -- -j12 -l12
