[  3%] Built target workcell_core__cpp
[ 12%] Built target workcell_core__rosidl_generator_c
[ 12%] Built target ament_cmake_python_copy_workcell_core
[ 24%] Built target workcell_core__rosidl_typesupport_cpp
[ 33%] Built target workcell_core__rosidl_typesupport_c
[ 39%] Built target workcell_core__rosidl_typesupport_introspection_c
[ 51%] Built target workcell_core__rosidl_typesupport_fastrtps_cpp
[ 57%] Built target workcell_core__rosidl_typesupport_introspection_cpp
[ 66%] Built target workcell_core__rosidl_typesupport_fastrtps_c
[ 66%] Built target workcell_core
[ 69%] Built target workcell_core__py
[ 75%] Built target vision_node
[ 81%] Built target workcell_core__rosidl_generator_py
[ 87%] Built target workcell_core__rosidl_typesupport_c__pyext
[ 93%] Built target workcell_core__rosidl_typesupport_fastrtps_c__pyext
[100%] Built target workcell_core__rosidl_typesupport_introspection_c__pyext
running egg_info
writing workcell_core.egg-info/PKG-INFO
writing dependency_links to workcell_core.egg-info/dependency_links.txt
writing top-level names to workcell_core.egg-info/top_level.txt
reading manifest file 'workcell_core.egg-info/SOURCES.txt'
writing manifest file 'workcell_core.egg-info/SOURCES.txt'
[100%] Built target ament_cmake_python_build_workcell_core_egg
-- Install configuration: ""
-- Up-to-date: /home/stan/workspace/ws_ur_hv/install/workcell_core/share/ament_index/resource_index/rosidl_interfaces/workcell_core
-- Up-to-date: /home/stan/workspace/ws_ur_hv/install/workcell_core/include/workcell_core/workcell_core
-- Up-to-date: /home/stan/workspace/ws_ur_hv/install/workcell_core/include/workcell_core/workcell_core/srv
-- Up-to-date: /home/stan/workspace/ws_ur_hv/install/workcell_core/include/workcell_core/workcell_core/srv/detail
-- Up-to-date: /home/stan/workspace/ws_ur_hv/install/workcell_core/include/workcell_core/workcell_core/srv/detail/localize_part__functions.c
-- Up-to-date: /home/stan/workspace/ws_ur_hv/install/workcell_core/include/workcell_core/workcell_core/srv/detail/localize_part__functions.h
-- Up-to-date: /home/stan/workspace/ws_ur_hv/install/workcell_core/include/workcell_core/workcell_core/srv/detail/localize_part__struct.h
-- Up-to-date: /home/stan/workspace/ws_ur_hv/install/workcell_core/include/workcell_core/workcell_core/srv/detail/localize_part__type_support.h
-- Up-to-date: /home/stan/workspace/ws_ur_hv/install/workcell_core/include/workcell_core/workcell_core/srv/localize_part.h
-- Up-to-date: /home/stan/workspace/ws_ur_hv/install/workcell_core/include/workcell_core/workcell_core/msg
-- Up-to-date: /home/stan/workspace/ws_ur_hv/install/workcell_core/include/workcell_core/workcell_core/msg/rosidl_generator_c__visibility_control.h
-- Up-to-date: /home/stan/workspace/ws_ur_hv/install/workcell_core/share/workcell_core/environment/library_path.sh
-- Up-to-date: /home/stan/workspace/ws_ur_hv/install/workcell_core/share/workcell_core/environment/library_path.dsv
-- Up-to-date: /home/stan/workspace/ws_ur_hv/install/workcell_core/lib/libworkcell_core__rosidl_generator_c.so
-- Up-to-date: /home/stan/workspace/ws_ur_hv/install/workcell_core/include/workcell_core/workcell_core
-- Up-to-date: /home/stan/workspace/ws_ur_hv/install/workcell_core/include/workcell_core/workcell_core/srv
-- Up-to-date: /home/stan/workspace/ws_ur_hv/install/workcell_core/include/workcell_core/workcell_core/srv/detail
-- Up-to-date: /home/stan/workspace/ws_ur_hv/install/workcell_core/include/workcell_core/workcell_core/srv/detail/localize_part__rosidl_typesupport_fastrtps_c.h
-- Up-to-date: /home/stan/workspace/ws_ur_hv/install/workcell_core/include/workcell_core/workcell_core/msg
-- Up-to-date: /home/stan/workspace/ws_ur_hv/install/workcell_core/include/workcell_core/workcell_core/msg/rosidl_typesupport_fastrtps_c__visibility_control.h
-- Up-to-date: /home/stan/workspace/ws_ur_hv/install/workcell_core/lib/libworkcell_core__rosidl_typesupport_fastrtps_c.so
-- Up-to-date: /home/stan/workspace/ws_ur_hv/install/workcell_core/include/workcell_core/workcell_core
-- Up-to-date: /home/stan/workspace/ws_ur_hv/install/workcell_core/include/workcell_core/workcell_core/srv
-- Up-to-date: /home/stan/workspace/ws_ur_hv/install/workcell_core/include/workcell_core/workcell_core/srv/localize_part.hpp
-- Up-to-date: /home/stan/workspace/ws_ur_hv/install/workcell_core/include/workcell_core/workcell_core/srv/detail
-- Up-to-date: /home/stan/workspace/ws_ur_hv/install/workcell_core/include/workcell_core/workcell_core/srv/detail/localize_part__builder.hpp
-- Up-to-date: /home/stan/workspace/ws_ur_hv/install/workcell_core/include/workcell_core/workcell_core/srv/detail/localize_part__traits.hpp
-- Up-to-date: /home/stan/workspace/ws_ur_hv/install/workcell_core/include/workcell_core/workcell_core/srv/detail/localize_part__struct.hpp
-- Up-to-date: /home/stan/workspace/ws_ur_hv/install/workcell_core/include/workcell_core/workcell_core
-- Up-to-date: /home/stan/workspace/ws_ur_hv/install/workcell_core/include/workcell_core/workcell_core/srv
-- Up-to-date: /home/stan/workspace/ws_ur_hv/install/workcell_core/include/workcell_core/workcell_core/srv/detail
-- Up-to-date: /home/stan/workspace/ws_ur_hv/install/workcell_core/include/workcell_core/workcell_core/srv/detail/dds_fastrtps
-- Up-to-date: /home/stan/workspace/ws_ur_hv/install/workcell_core/include/workcell_core/workcell_core/srv/detail/localize_part__rosidl_typesupport_fastrtps_cpp.hpp
-- Up-to-date: /home/stan/workspace/ws_ur_hv/install/workcell_core/include/workcell_core/workcell_core/msg
-- Up-to-date: /home/stan/workspace/ws_ur_hv/install/workcell_core/include/workcell_core/workcell_core/msg/rosidl_typesupport_fastrtps_cpp__visibility_control.h
-- Up-to-date: /home/stan/workspace/ws_ur_hv/install/workcell_core/lib/libworkcell_core__rosidl_typesupport_fastrtps_cpp.so
-- Up-to-date: /home/stan/workspace/ws_ur_hv/install/workcell_core/include/workcell_core/workcell_core
-- Up-to-date: /home/stan/workspace/ws_ur_hv/install/workcell_core/include/workcell_core/workcell_core/srv
-- Up-to-date: /home/stan/workspace/ws_ur_hv/install/workcell_core/include/workcell_core/workcell_core/srv/detail
-- Up-to-date: /home/stan/workspace/ws_ur_hv/install/workcell_core/include/workcell_core/workcell_core/srv/detail/localize_part__type_support.c
-- Up-to-date: /home/stan/workspace/ws_ur_hv/install/workcell_core/include/workcell_core/workcell_core/srv/detail/localize_part__rosidl_typesupport_introspection_c.h
-- Up-to-date: /home/stan/workspace/ws_ur_hv/install/workcell_core/include/workcell_core/workcell_core/msg
-- Up-to-date: /home/stan/workspace/ws_ur_hv/install/workcell_core/include/workcell_core/workcell_core/msg/rosidl_typesupport_introspection_c__visibility_control.h
-- Up-to-date: /home/stan/workspace/ws_ur_hv/install/workcell_core/lib/libworkcell_core__rosidl_typesupport_introspection_c.so
-- Up-to-date: /home/stan/workspace/ws_ur_hv/install/workcell_core/lib/libworkcell_core__rosidl_typesupport_c.so
-- Up-to-date: /home/stan/workspace/ws_ur_hv/install/workcell_core/include/workcell_core/workcell_core
-- Up-to-date: /home/stan/workspace/ws_ur_hv/install/workcell_core/include/workcell_core/workcell_core/srv
-- Up-to-date: /home/stan/workspace/ws_ur_hv/install/workcell_core/include/workcell_core/workcell_core/srv/detail
-- Up-to-date: /home/stan/workspace/ws_ur_hv/install/workcell_core/include/workcell_core/workcell_core/srv/detail/localize_part__rosidl_typesupport_introspection_cpp.hpp
-- Up-to-date: /home/stan/workspace/ws_ur_hv/install/workcell_core/include/workcell_core/workcell_core/srv/detail/localize_part__type_support.cpp
-- Up-to-date: /home/stan/workspace/ws_ur_hv/install/workcell_core/lib/libworkcell_core__rosidl_typesupport_introspection_cpp.so
-- Up-to-date: /home/stan/workspace/ws_ur_hv/install/workcell_core/lib/libworkcell_core__rosidl_typesupport_cpp.so
-- Up-to-date: /home/stan/workspace/ws_ur_hv/install/workcell_core/share/workcell_core/environment/pythonpath.sh
-- Up-to-date: /home/stan/workspace/ws_ur_hv/install/workcell_core/share/workcell_core/environment/pythonpath.dsv
-- Up-to-date: /home/stan/workspace/ws_ur_hv/install/workcell_core/local/lib/python3.10/dist-packages/workcell_core-0.0.0-py3.10.egg-info
-- Installing: /home/stan/workspace/ws_ur_hv/install/workcell_core/local/lib/python3.10/dist-packages/workcell_core-0.0.0-py3.10.egg-info/PKG-INFO
-- Installing: /home/stan/workspace/ws_ur_hv/install/workcell_core/local/lib/python3.10/dist-packages/workcell_core-0.0.0-py3.10.egg-info/top_level.txt
-- Installing: /home/stan/workspace/ws_ur_hv/install/workcell_core/local/lib/python3.10/dist-packages/workcell_core-0.0.0-py3.10.egg-info/dependency_links.txt
-- Installing: /home/stan/workspace/ws_ur_hv/install/workcell_core/local/lib/python3.10/dist-packages/workcell_core-0.0.0-py3.10.egg-info/SOURCES.txt
-- Up-to-date: /home/stan/workspace/ws_ur_hv/install/workcell_core/local/lib/python3.10/dist-packages/workcell_core
-- Up-to-date: /home/stan/workspace/ws_ur_hv/install/workcell_core/local/lib/python3.10/dist-packages/workcell_core/_workcell_core_s.ep.rosidl_typesupport_c.c
-- Up-to-date: /home/stan/workspace/ws_ur_hv/install/workcell_core/local/lib/python3.10/dist-packages/workcell_core/_workcell_core_s.ep.rosidl_typesupport_fastrtps_c.c
-- Up-to-date: /home/stan/workspace/ws_ur_hv/install/workcell_core/local/lib/python3.10/dist-packages/workcell_core/__init__.py
-- Up-to-date: /home/stan/workspace/ws_ur_hv/install/workcell_core/local/lib/python3.10/dist-packages/workcell_core/workcell_core_s__rosidl_typesupport_fastrtps_c.cpython-310-x86_64-linux-gnu.so
-- Up-to-date: /home/stan/workspace/ws_ur_hv/install/workcell_core/local/lib/python3.10/dist-packages/workcell_core/srv
-- Up-to-date: /home/stan/workspace/ws_ur_hv/install/workcell_core/local/lib/python3.10/dist-packages/workcell_core/srv/__init__.py
-- Up-to-date: /home/stan/workspace/ws_ur_hv/install/workcell_core/local/lib/python3.10/dist-packages/workcell_core/srv/_localize_part_s.c
-- Up-to-date: /home/stan/workspace/ws_ur_hv/install/workcell_core/local/lib/python3.10/dist-packages/workcell_core/srv/_localize_part.py
-- Up-to-date: /home/stan/workspace/ws_ur_hv/install/workcell_core/local/lib/python3.10/dist-packages/workcell_core/libworkcell_core__rosidl_generator_py.so
-- Up-to-date: /home/stan/workspace/ws_ur_hv/install/workcell_core/local/lib/python3.10/dist-packages/workcell_core/_workcell_core_s.ep.rosidl_typesupport_introspection_c.c
-- Up-to-date: /home/stan/workspace/ws_ur_hv/install/workcell_core/local/lib/python3.10/dist-packages/workcell_core/workcell_core_s__rosidl_typesupport_c.cpython-310-x86_64-linux-gnu.so
-- Up-to-date: /home/stan/workspace/ws_ur_hv/install/workcell_core/local/lib/python3.10/dist-packages/workcell_core/workcell_core_s__rosidl_typesupport_introspection_c.cpython-310-x86_64-linux-gnu.so
Listing '/home/stan/workspace/ws_ur_hv/install/workcell_core/local/lib/python3.10/dist-packages/workcell_core'...
Listing '/home/stan/workspace/ws_ur_hv/install/workcell_core/local/lib/python3.10/dist-packages/workcell_core/srv'...
-- Up-to-date: /home/stan/workspace/ws_ur_hv/install/workcell_core/local/lib/python3.10/dist-packages/workcell_core/workcell_core_s__rosidl_typesupport_fastrtps_c.cpython-310-x86_64-linux-gnu.so
-- Up-to-date: /home/stan/workspace/ws_ur_hv/install/workcell_core/local/lib/python3.10/dist-packages/workcell_core/workcell_core_s__rosidl_typesupport_introspection_c.cpython-310-x86_64-linux-gnu.so
-- Up-to-date: /home/stan/workspace/ws_ur_hv/install/workcell_core/local/lib/python3.10/dist-packages/workcell_core/workcell_core_s__rosidl_typesupport_c.cpython-310-x86_64-linux-gnu.so
-- Up-to-date: /home/stan/workspace/ws_ur_hv/install/workcell_core/lib/libworkcell_core__rosidl_generator_py.so
-- Up-to-date: /home/stan/workspace/ws_ur_hv/install/workcell_core/share/workcell_core/srv/LocalizePart.idl
-- Up-to-date: /home/stan/workspace/ws_ur_hv/install/workcell_core/share/workcell_core/srv/LocalizePart.srv
-- Up-to-date: /home/stan/workspace/ws_ur_hv/install/workcell_core/share/workcell_core/srv/LocalizePart_Request.msg
-- Up-to-date: /home/stan/workspace/ws_ur_hv/install/workcell_core/share/workcell_core/srv/LocalizePart_Response.msg
-- Up-to-date: /home/stan/workspace/ws_ur_hv/install/workcell_core/lib/workcell_core/vision_node
-- Up-to-date: /home/stan/workspace/ws_ur_hv/install/workcell_core/share/ament_index/resource_index/package_run_dependencies/workcell_core
-- Up-to-date: /home/stan/workspace/ws_ur_hv/install/workcell_core/share/ament_index/resource_index/parent_prefix_path/workcell_core
-- Up-to-date: /home/stan/workspace/ws_ur_hv/install/workcell_core/share/workcell_core/environment/ament_prefix_path.sh
-- Up-to-date: /home/stan/workspace/ws_ur_hv/install/workcell_core/share/workcell_core/environment/ament_prefix_path.dsv
-- Up-to-date: /home/stan/workspace/ws_ur_hv/install/workcell_core/share/workcell_core/environment/path.sh
-- Up-to-date: /home/stan/workspace/ws_ur_hv/install/workcell_core/share/workcell_core/environment/path.dsv
-- Up-to-date: /home/stan/workspace/ws_ur_hv/install/workcell_core/share/workcell_core/local_setup.bash
-- Up-to-date: /home/stan/workspace/ws_ur_hv/install/workcell_core/share/workcell_core/local_setup.sh
-- Up-to-date: /home/stan/workspace/ws_ur_hv/install/workcell_core/share/workcell_core/local_setup.zsh
-- Up-to-date: /home/stan/workspace/ws_ur_hv/install/workcell_core/share/workcell_core/local_setup.dsv
-- Installing: /home/stan/workspace/ws_ur_hv/install/workcell_core/share/workcell_core/package.dsv
-- Up-to-date: /home/stan/workspace/ws_ur_hv/install/workcell_core/share/ament_index/resource_index/packages/workcell_core
-- Up-to-date: /home/stan/workspace/ws_ur_hv/install/workcell_core/share/workcell_core/cmake/export_workcell_core__rosidl_generator_cExport.cmake
-- Up-to-date: /home/stan/workspace/ws_ur_hv/install/workcell_core/share/workcell_core/cmake/export_workcell_core__rosidl_generator_cExport-noconfig.cmake
-- Up-to-date: /home/stan/workspace/ws_ur_hv/install/workcell_core/share/workcell_core/cmake/export_workcell_core__rosidl_typesupport_fastrtps_cExport.cmake
-- Up-to-date: /home/stan/workspace/ws_ur_hv/install/workcell_core/share/workcell_core/cmake/export_workcell_core__rosidl_typesupport_fastrtps_cExport-noconfig.cmake
-- Up-to-date: /home/stan/workspace/ws_ur_hv/install/workcell_core/share/workcell_core/cmake/export_workcell_core__rosidl_generator_cppExport.cmake
-- Up-to-date: /home/stan/workspace/ws_ur_hv/install/workcell_core/share/workcell_core/cmake/export_workcell_core__rosidl_typesupport_fastrtps_cppExport.cmake
-- Up-to-date: /home/stan/workspace/ws_ur_hv/install/workcell_core/share/workcell_core/cmake/export_workcell_core__rosidl_typesupport_fastrtps_cppExport-noconfig.cmake
-- Up-to-date: /home/stan/workspace/ws_ur_hv/install/workcell_core/share/workcell_core/cmake/workcell_core__rosidl_typesupport_introspection_cExport.cmake
-- Up-to-date: /home/stan/workspace/ws_ur_hv/install/workcell_core/share/workcell_core/cmake/workcell_core__rosidl_typesupport_introspection_cExport-noconfig.cmake
-- Up-to-date: /home/stan/workspace/ws_ur_hv/install/workcell_core/share/workcell_core/cmake/workcell_core__rosidl_typesupport_cExport.cmake
-- Up-to-date: /home/stan/workspace/ws_ur_hv/install/workcell_core/share/workcell_core/cmake/workcell_core__rosidl_typesupport_cExport-noconfig.cmake
-- Up-to-date: /home/stan/workspace/ws_ur_hv/install/workcell_core/share/workcell_core/cmake/workcell_core__rosidl_typesupport_introspection_cppExport.cmake
-- Up-to-date: /home/stan/workspace/ws_ur_hv/install/workcell_core/share/workcell_core/cmake/workcell_core__rosidl_typesupport_introspection_cppExport-noconfig.cmake
-- Up-to-date: /home/stan/workspace/ws_ur_hv/install/workcell_core/share/workcell_core/cmake/workcell_core__rosidl_typesupport_cppExport.cmake
-- Up-to-date: /home/stan/workspace/ws_ur_hv/install/workcell_core/share/workcell_core/cmake/workcell_core__rosidl_typesupport_cppExport-noconfig.cmake
-- Up-to-date: /home/stan/workspace/ws_ur_hv/install/workcell_core/share/workcell_core/cmake/export_workcell_core__rosidl_generator_pyExport.cmake
-- Up-to-date: /home/stan/workspace/ws_ur_hv/install/workcell_core/share/workcell_core/cmake/export_workcell_core__rosidl_generator_pyExport-noconfig.cmake
-- Up-to-date: /home/stan/workspace/ws_ur_hv/install/workcell_core/share/workcell_core/cmake/rosidl_cmake-extras.cmake
-- Up-to-date: /home/stan/workspace/ws_ur_hv/install/workcell_core/share/workcell_core/cmake/ament_cmake_export_dependencies-extras.cmake
-- Up-to-date: /home/stan/workspace/ws_ur_hv/install/workcell_core/share/workcell_core/cmake/ament_cmake_export_include_directories-extras.cmake
-- Up-to-date: /home/stan/workspace/ws_ur_hv/install/workcell_core/share/workcell_core/cmake/ament_cmake_export_libraries-extras.cmake
-- Up-to-date: /home/stan/workspace/ws_ur_hv/install/workcell_core/share/workcell_core/cmake/ament_cmake_export_targets-extras.cmake
-- Up-to-date: /home/stan/workspace/ws_ur_hv/install/workcell_core/share/workcell_core/cmake/rosidl_cmake_export_typesupport_targets-extras.cmake
-- Up-to-date: /home/stan/workspace/ws_ur_hv/install/workcell_core/share/workcell_core/cmake/rosidl_cmake_export_typesupport_libraries-extras.cmake
-- Up-to-date: /home/stan/workspace/ws_ur_hv/install/workcell_core/share/workcell_core/cmake/workcell_coreConfig.cmake
-- Up-to-date: /home/stan/workspace/ws_ur_hv/install/workcell_core/share/workcell_core/cmake/workcell_coreConfig-version.cmake
-- Up-to-date: /home/stan/workspace/ws_ur_hv/install/workcell_core/share/workcell_core/package.xml
