[0.035s] Invoking command in '/home/stan/workspace/ws_ur_hv/build/robotiq_description': CMAKE_PREFIX_PATH=/opt/ros/humble /home/stan/.local/bin/cmake --build /home/stan/workspace/ws_ur_hv/build/robotiq_description -- -j12 -l12
[0.096s] Invoked command in '/home/stan/workspace/ws_ur_hv/build/robotiq_description' returned '0': CMAKE_PREFIX_PATH=/opt/ros/humble /home/stan/.local/bin/cmake --build /home/stan/workspace/ws_ur_hv/build/robotiq_description -- -j12 -l12
[0.205s] Invoking command in '/home/stan/workspace/ws_ur_hv/build/robotiq_description': CMAKE_PREFIX_PATH=/opt/ros/humble /home/stan/.local/bin/cmake --install /home/stan/workspace/ws_ur_hv/build/robotiq_description
[0.275s] -- Install configuration: "Release"
[0.275s] -- Up-to-date: /home/stan/workspace/ws_ur_hv/install/robotiq_description/share/robotiq_description/urdf
[0.275s] -- Up-to-date: /home/stan/workspace/ws_ur_hv/install/robotiq_description/share/robotiq_description/urdf/ur_to_robotiq_adapter.urdf.xacro
[0.333s] -- Up-to-date: /home/stan/workspace/ws_ur_hv/install/robotiq_description/share/robotiq_description/urdf/robotiq_gripper.ros2_control.xacro
[0.333s] -- Up-to-date: /home/stan/workspace/ws_ur_hv/install/robotiq_description/share/robotiq_description/urdf/robotiq_2f_85_gripper.urdf.xacro
[0.334s] -- Up-to-date: /home/stan/workspace/ws_ur_hv/install/robotiq_description/share/robotiq_description/urdf/robotiq_2f_85_macro.urdf.xacro
[0.334s] -- Up-to-date: /home/stan/workspace/ws_ur_hv/install/robotiq_description/share/robotiq_description/launch
[0.334s] -- Up-to-date: /home/stan/workspace/ws_ur_hv/install/robotiq_description/share/robotiq_description/launch/view_gripper.launch.py
[0.334s] -- Up-to-date: /home/stan/workspace/ws_ur_hv/install/robotiq_description/share/robotiq_description/rviz
[0.335s] -- Up-to-date: /home/stan/workspace/ws_ur_hv/install/robotiq_description/share/robotiq_description/rviz/view_urdf.rviz
[0.335s] -- Up-to-date: /home/stan/workspace/ws_ur_hv/install/robotiq_description/share/robotiq_description/meshes
[0.335s] -- Up-to-date: /home/stan/workspace/ws_ur_hv/install/robotiq_description/share/robotiq_description/meshes/collision
[0.336s] -- Up-to-date: /home/stan/workspace/ws_ur_hv/install/robotiq_description/share/robotiq_description/meshes/collision/right_knuckle.stl
[0.340s] -- Up-to-date: /home/stan/workspace/ws_ur_hv/install/robotiq_description/share/robotiq_description/meshes/collision/robotiq_base.stl
[0.340s] -- Up-to-date: /home/stan/workspace/ws_ur_hv/install/robotiq_description/share/robotiq_description/meshes/collision/right_finger_tip.stl
[0.340s] -- Up-to-date: /home/stan/workspace/ws_ur_hv/install/robotiq_description/share/robotiq_description/meshes/collision/left_knuckle.stl
[0.341s] -- Up-to-date: /home/stan/workspace/ws_ur_hv/install/robotiq_description/share/robotiq_description/meshes/collision/left_inner_knuckle.stl
[0.341s] -- Up-to-date: /home/stan/workspace/ws_ur_hv/install/robotiq_description/share/robotiq_description/meshes/collision/right_inner_knuckle.stl
[0.341s] -- Up-to-date: /home/stan/workspace/ws_ur_hv/install/robotiq_description/share/robotiq_description/meshes/collision/right_finger.stl
[0.344s] -- Up-to-date: /home/stan/workspace/ws_ur_hv/install/robotiq_description/share/robotiq_description/meshes/collision/left_finger.stl
[0.345s] -- Up-to-date: /home/stan/workspace/ws_ur_hv/install/robotiq_description/share/robotiq_description/meshes/collision/ur_to_robotiq_adapter.stl
[0.345s] -- Up-to-date: /home/stan/workspace/ws_ur_hv/install/robotiq_description/share/robotiq_description/meshes/collision/left_finger_tip.stl
[0.345s] -- Up-to-date: /home/stan/workspace/ws_ur_hv/install/robotiq_description/share/robotiq_description/meshes/visual
[0.345s] -- Up-to-date: /home/stan/workspace/ws_ur_hv/install/robotiq_description/share/robotiq_description/meshes/visual/right_finger_tip.dae
[0.345s] -- Up-to-date: /home/stan/workspace/ws_ur_hv/install/robotiq_description/share/robotiq_description/meshes/visual/right_knuckle.dae
[0.346s] -- Up-to-date: /home/stan/workspace/ws_ur_hv/install/robotiq_description/share/robotiq_description/meshes/visual/right_inner_knuckle.dae
[0.350s] -- Up-to-date: /home/stan/workspace/ws_ur_hv/install/robotiq_description/share/robotiq_description/meshes/visual/left_finger.dae
[0.350s] -- Up-to-date: /home/stan/workspace/ws_ur_hv/install/robotiq_description/share/robotiq_description/meshes/visual/right_finger.dae
[0.350s] -- Up-to-date: /home/stan/workspace/ws_ur_hv/install/robotiq_description/share/robotiq_description/meshes/visual/robotiq_base.dae
[0.351s] -- Up-to-date: /home/stan/workspace/ws_ur_hv/install/robotiq_description/share/robotiq_description/meshes/visual/left_finger_tip.dae
[0.351s] -- Up-to-date: /home/stan/workspace/ws_ur_hv/install/robotiq_description/share/robotiq_description/meshes/visual/ur_to_robotiq_adapter.dae
[0.351s] -- Up-to-date: /home/stan/workspace/ws_ur_hv/install/robotiq_description/share/robotiq_description/meshes/visual/left_knuckle.dae
[0.354s] -- Up-to-date: /home/stan/workspace/ws_ur_hv/install/robotiq_description/share/robotiq_description/meshes/visual/left_inner_knuckle.dae
[0.355s] -- Up-to-date: /home/stan/workspace/ws_ur_hv/install/robotiq_description/share/ament_index/resource_index/package_run_dependencies/robotiq_description
[0.355s] -- Up-to-date: /home/stan/workspace/ws_ur_hv/install/robotiq_description/share/ament_index/resource_index/parent_prefix_path/robotiq_description
[0.355s] -- Up-to-date: /home/stan/workspace/ws_ur_hv/install/robotiq_description/share/robotiq_description/environment/ament_prefix_path.sh
[0.356s] -- Up-to-date: /home/stan/workspace/ws_ur_hv/install/robotiq_description/share/robotiq_description/environment/ament_prefix_path.dsv
[0.356s] -- Up-to-date: /home/stan/workspace/ws_ur_hv/install/robotiq_description/share/robotiq_description/environment/path.sh
[0.357s] -- Up-to-date: /home/stan/workspace/ws_ur_hv/install/robotiq_description/share/robotiq_description/environment/path.dsv
[0.357s] -- Up-to-date: /home/stan/workspace/ws_ur_hv/install/robotiq_description/share/robotiq_description/local_setup.bash
[0.357s] -- Up-to-date: /home/stan/workspace/ws_ur_hv/install/robotiq_description/share/robotiq_description/local_setup.sh
[0.357s] -- Up-to-date: /home/stan/workspace/ws_ur_hv/install/robotiq_description/share/robotiq_description/local_setup.zsh
[0.358s] -- Up-to-date: /home/stan/workspace/ws_ur_hv/install/robotiq_description/share/robotiq_description/local_setup.dsv
[0.358s] -- Installing: /home/stan/workspace/ws_ur_hv/install/robotiq_description/share/robotiq_description/package.dsv
[0.359s] -- Up-to-date: /home/stan/workspace/ws_ur_hv/install/robotiq_description/share/ament_index/resource_index/packages/robotiq_description
[0.362s] -- Up-to-date: /home/stan/workspace/ws_ur_hv/install/robotiq_description/share/robotiq_description/cmake/robotiq_descriptionConfig.cmake
[0.362s] -- Up-to-date: /home/stan/workspace/ws_ur_hv/install/robotiq_description/share/robotiq_description/cmake/robotiq_descriptionConfig-version.cmake
[0.363s] -- Up-to-date: /home/stan/workspace/ws_ur_hv/install/robotiq_description/share/robotiq_description/package.xml
[0.367s] Invoked command in '/home/stan/workspace/ws_ur_hv/build/robotiq_description' returned '0': CMAKE_PREFIX_PATH=/opt/ros/humble /home/stan/.local/bin/cmake --install /home/stan/workspace/ws_ur_hv/build/robotiq_description
