[0.012s] Invoking command in '/home/stan/workspace/ws_ur_hv/build/ur_bringup': AMENT_PREFIX_PATH=/home/stan/workspace/ws_ur_hv/install/ur_controllers:/home/stan/workspace/ws_ur_hv/install/ur_description:/home/stan/workspace/ws_ur_hv/install/ur_dashboard_msgs:${AMENT_PREFIX_PATH} CMAKE_PREFIX_PATH=/home/stan/workspace/ws_ur_hv/install/ur_controllers:/home/stan/workspace/ws_ur_hv/install/ur_description:/home/stan/workspace/ws_ur_hv/install/ur_dashboard_msgs:/opt/ros/humble LD_LIBRARY_PATH=/home/stan/workspace/ws_ur_hv/install/ur_controllers/lib:/home/stan/workspace/ws_ur_hv/install/ur_dashboard_msgs/lib:${LD_LIBRARY_PATH} PYTHONPATH=/home/stan/workspace/ws_ur_hv/install/ur_dashboard_msgs/local/lib/python3.10/dist-packages:${PYTHONPATH} /home/stan/.local/bin/cmake /home/stan/workspace/ws_ur_hv/src/Universal_Robots_ROS2_Driver/ur_bringup -DCMAKE_BUILD_TYPE=Release -DCMAKE_INSTALL_PREFIX=/home/stan/workspace/ws_ur_hv/install/ur_bringup
[0.094s] -- The C compiler identification is GNU 11.3.0
[0.162s] -- The CXX compiler identification is GNU 11.3.0
[0.173s] -- Detecting C compiler ABI info
[0.236s] -- Detecting C compiler ABI info - done
[0.250s] -- Check for working C compiler: /usr/bin/cc - skipped
[0.250s] -- Detecting C compile features
[0.250s] -- Detecting C compile features - done
[0.255s] -- Detecting CXX compiler ABI info
[0.327s] -- Detecting CXX compiler ABI info - done
[0.340s] -- Check for working CXX compiler: /usr/bin/c++ - skipped
[0.341s] -- Detecting CXX compile features
[0.341s] -- Detecting CXX compile features - done
[0.344s] -- Found ament_cmake: 1.3.5 (/opt/ros/humble/share/ament_cmake/cmake)
[0.737s] -- Found Python3: /usr/bin/python3.10 (found version "3.10.6") found components: Interpreter 
[0.955s] -- Configuring done (0.9s)
[0.962s] -- Generating done (0.0s)
[0.965s] -- Build files have been written to: /home/stan/workspace/ws_ur_hv/build/ur_bringup
[0.979s] Invoked command in '/home/stan/workspace/ws_ur_hv/build/ur_bringup' returned '0': AMENT_PREFIX_PATH=/home/stan/workspace/ws_ur_hv/install/ur_controllers:/home/stan/workspace/ws_ur_hv/install/ur_description:/home/stan/workspace/ws_ur_hv/install/ur_dashboard_msgs:${AMENT_PREFIX_PATH} CMAKE_PREFIX_PATH=/home/stan/workspace/ws_ur_hv/install/ur_controllers:/home/stan/workspace/ws_ur_hv/install/ur_description:/home/stan/workspace/ws_ur_hv/install/ur_dashboard_msgs:/opt/ros/humble LD_LIBRARY_PATH=/home/stan/workspace/ws_ur_hv/install/ur_controllers/lib:/home/stan/workspace/ws_ur_hv/install/ur_dashboard_msgs/lib:${LD_LIBRARY_PATH} PYTHONPATH=/home/stan/workspace/ws_ur_hv/install/ur_dashboard_msgs/local/lib/python3.10/dist-packages:${PYTHONPATH} /home/stan/.local/bin/cmake /home/stan/workspace/ws_ur_hv/src/Universal_Robots_ROS2_Driver/ur_bringup -DCMAKE_BUILD_TYPE=Release -DCMAKE_INSTALL_PREFIX=/home/stan/workspace/ws_ur_hv/install/ur_bringup
[0.981s] Invoking command in '/home/stan/workspace/ws_ur_hv/build/ur_bringup': AMENT_PREFIX_PATH=/home/stan/workspace/ws_ur_hv/install/ur_controllers:/home/stan/workspace/ws_ur_hv/install/ur_description:/home/stan/workspace/ws_ur_hv/install/ur_dashboard_msgs:${AMENT_PREFIX_PATH} CMAKE_PREFIX_PATH=/home/stan/workspace/ws_ur_hv/install/ur_controllers:/home/stan/workspace/ws_ur_hv/install/ur_description:/home/stan/workspace/ws_ur_hv/install/ur_dashboard_msgs:/opt/ros/humble LD_LIBRARY_PATH=/home/stan/workspace/ws_ur_hv/install/ur_controllers/lib:/home/stan/workspace/ws_ur_hv/install/ur_dashboard_msgs/lib:${LD_LIBRARY_PATH} PYTHONPATH=/home/stan/workspace/ws_ur_hv/install/ur_dashboard_msgs/local/lib/python3.10/dist-packages:${PYTHONPATH} /home/stan/.local/bin/cmake --build /home/stan/workspace/ws_ur_hv/build/ur_bringup -- -j12 -l12
[1.031s] Invoked command in '/home/stan/workspace/ws_ur_hv/build/ur_bringup' returned '0': AMENT_PREFIX_PATH=/home/stan/workspace/ws_ur_hv/install/ur_controllers:/home/stan/workspace/ws_ur_hv/install/ur_description:/home/stan/workspace/ws_ur_hv/install/ur_dashboard_msgs:${AMENT_PREFIX_PATH} CMAKE_PREFIX_PATH=/home/stan/workspace/ws_ur_hv/install/ur_controllers:/home/stan/workspace/ws_ur_hv/install/ur_description:/home/stan/workspace/ws_ur_hv/install/ur_dashboard_msgs:/opt/ros/humble LD_LIBRARY_PATH=/home/stan/workspace/ws_ur_hv/install/ur_controllers/lib:/home/stan/workspace/ws_ur_hv/install/ur_dashboard_msgs/lib:${LD_LIBRARY_PATH} PYTHONPATH=/home/stan/workspace/ws_ur_hv/install/ur_dashboard_msgs/local/lib/python3.10/dist-packages:${PYTHONPATH} /home/stan/.local/bin/cmake --build /home/stan/workspace/ws_ur_hv/build/ur_bringup -- -j12 -l12
[1.079s] Invoking command in '/home/stan/workspace/ws_ur_hv/build/ur_bringup': AMENT_PREFIX_PATH=/home/stan/workspace/ws_ur_hv/install/ur_controllers:/home/stan/workspace/ws_ur_hv/install/ur_description:/home/stan/workspace/ws_ur_hv/install/ur_dashboard_msgs:${AMENT_PREFIX_PATH} CMAKE_PREFIX_PATH=/home/stan/workspace/ws_ur_hv/install/ur_controllers:/home/stan/workspace/ws_ur_hv/install/ur_description:/home/stan/workspace/ws_ur_hv/install/ur_dashboard_msgs:/opt/ros/humble LD_LIBRARY_PATH=/home/stan/workspace/ws_ur_hv/install/ur_controllers/lib:/home/stan/workspace/ws_ur_hv/install/ur_dashboard_msgs/lib:${LD_LIBRARY_PATH} PYTHONPATH=/home/stan/workspace/ws_ur_hv/install/ur_dashboard_msgs/local/lib/python3.10/dist-packages:${PYTHONPATH} /home/stan/.local/bin/cmake --install /home/stan/workspace/ws_ur_hv/build/ur_bringup
[1.106s] -- Install configuration: "Release"
[1.106s] -- Installing: /home/stan/workspace/ws_ur_hv/install/ur_bringup/share/ur_bringup/config
[1.106s] -- Installing: /home/stan/workspace/ws_ur_hv/install/ur_bringup/share/ur_bringup/config/ur10_update_rate.yaml
[1.107s] -- Installing: /home/stan/workspace/ws_ur_hv/install/ur_bringup/share/ur_bringup/config/ur3_update_rate.yaml
[1.107s] -- Installing: /home/stan/workspace/ws_ur_hv/install/ur_bringup/share/ur_bringup/config/ur5e_update_rate.yaml
[1.107s] -- Installing: /home/stan/workspace/ws_ur_hv/install/ur_bringup/share/ur_bringup/config/ur5_update_rate.yaml
[1.107s] -- Installing: /home/stan/workspace/ws_ur_hv/install/ur_bringup/share/ur_bringup/config/ur3e_update_rate.yaml
[1.107s] -- Installing: /home/stan/workspace/ws_ur_hv/install/ur_bringup/share/ur_bringup/config/ur16e_update_rate.yaml
[1.107s] -- Installing: /home/stan/workspace/ws_ur_hv/install/ur_bringup/share/ur_bringup/config/test_goal_publishers_config.yaml
[1.107s] -- Installing: /home/stan/workspace/ws_ur_hv/install/ur_bringup/share/ur_bringup/config/ur_controllers.yaml
[1.107s] -- Installing: /home/stan/workspace/ws_ur_hv/install/ur_bringup/share/ur_bringup/config/test_velocity_goal_publishers_config.yaml
[1.107s] -- Installing: /home/stan/workspace/ws_ur_hv/install/ur_bringup/share/ur_bringup/config/ur10e_update_rate.yaml
[1.107s] -- Installing: /home/stan/workspace/ws_ur_hv/install/ur_bringup/share/ur_bringup/launch
[1.107s] -- Installing: /home/stan/workspace/ws_ur_hv/install/ur_bringup/share/ur_bringup/launch/ur10e.launch.py
[1.108s] -- Installing: /home/stan/workspace/ws_ur_hv/install/ur_bringup/share/ur_bringup/launch/ur3e.launch.py
[1.108s] -- Installing: /home/stan/workspace/ws_ur_hv/install/ur_bringup/share/ur_bringup/launch/ur5.launch.py
[1.108s] -- Installing: /home/stan/workspace/ws_ur_hv/install/ur_bringup/share/ur_bringup/launch/ur3.launch.py
[1.108s] -- Installing: /home/stan/workspace/ws_ur_hv/install/ur_bringup/share/ur_bringup/launch/ur5e.launch.py
[1.108s] -- Installing: /home/stan/workspace/ws_ur_hv/install/ur_bringup/share/ur_bringup/launch/ur10.launch.py
[1.108s] -- Installing: /home/stan/workspace/ws_ur_hv/install/ur_bringup/share/ur_bringup/launch/test_scaled_joint_trajectory_controller.launch.py
[1.108s] -- Installing: /home/stan/workspace/ws_ur_hv/install/ur_bringup/share/ur_bringup/launch/ur16e.launch.py
[1.108s] -- Installing: /home/stan/workspace/ws_ur_hv/install/ur_bringup/share/ur_bringup/launch/ur_dashboard_client.launch.py
[1.108s] -- Installing: /home/stan/workspace/ws_ur_hv/install/ur_bringup/share/ur_bringup/launch/test_forward_velocity_controller.launch.py
[1.108s] -- Installing: /home/stan/workspace/ws_ur_hv/install/ur_bringup/share/ur_bringup/launch/ur_control.launch.py
[1.109s] -- Installing: /home/stan/workspace/ws_ur_hv/install/ur_bringup/share/ur_bringup/launch/test_joint_trajectory_controller.launch.py
[1.109s] -- Installing: /home/stan/workspace/ws_ur_hv/install/ur_bringup/lib/ur_bringup/start_ursim.sh
[1.109s] -- Installing: /home/stan/workspace/ws_ur_hv/install/ur_bringup/share/ament_index/resource_index/package_run_dependencies/ur_bringup
[1.109s] -- Installing: /home/stan/workspace/ws_ur_hv/install/ur_bringup/share/ament_index/resource_index/parent_prefix_path/ur_bringup
[1.110s] -- Installing: /home/stan/workspace/ws_ur_hv/install/ur_bringup/share/ur_bringup/environment/ament_prefix_path.sh
[1.110s] -- Installing: /home/stan/workspace/ws_ur_hv/install/ur_bringup/share/ur_bringup/environment/ament_prefix_path.dsv
[1.110s] -- Installing: /home/stan/workspace/ws_ur_hv/install/ur_bringup/share/ur_bringup/environment/path.sh
[1.110s] -- Installing: /home/stan/workspace/ws_ur_hv/install/ur_bringup/share/ur_bringup/environment/path.dsv
[1.110s] -- Installing: /home/stan/workspace/ws_ur_hv/install/ur_bringup/share/ur_bringup/local_setup.bash
[1.111s] -- Installing: /home/stan/workspace/ws_ur_hv/install/ur_bringup/share/ur_bringup/local_setup.sh
[1.111s] -- Installing: /home/stan/workspace/ws_ur_hv/install/ur_bringup/share/ur_bringup/local_setup.zsh
[1.111s] -- Installing: /home/stan/workspace/ws_ur_hv/install/ur_bringup/share/ur_bringup/local_setup.dsv
[1.111s] -- Installing: /home/stan/workspace/ws_ur_hv/install/ur_bringup/share/ur_bringup/package.dsv
[1.111s] -- Installing: /home/stan/workspace/ws_ur_hv/install/ur_bringup/share/ament_index/resource_index/packages/ur_bringup
[1.111s] -- Installing: /home/stan/workspace/ws_ur_hv/install/ur_bringup/share/ur_bringup/cmake/ur_bringupConfig.cmake
[1.111s] -- Installing: /home/stan/workspace/ws_ur_hv/install/ur_bringup/share/ur_bringup/cmake/ur_bringupConfig-version.cmake
[1.112s] -- Installing: /home/stan/workspace/ws_ur_hv/install/ur_bringup/share/ur_bringup/package.xml
[1.119s] Invoked command in '/home/stan/workspace/ws_ur_hv/build/ur_bringup' returned '0': AMENT_PREFIX_PATH=/home/stan/workspace/ws_ur_hv/install/ur_controllers:/home/stan/workspace/ws_ur_hv/install/ur_description:/home/stan/workspace/ws_ur_hv/install/ur_dashboard_msgs:${AMENT_PREFIX_PATH} CMAKE_PREFIX_PATH=/home/stan/workspace/ws_ur_hv/install/ur_controllers:/home/stan/workspace/ws_ur_hv/install/ur_description:/home/stan/workspace/ws_ur_hv/install/ur_dashboard_msgs:/opt/ros/humble LD_LIBRARY_PATH=/home/stan/workspace/ws_ur_hv/install/ur_controllers/lib:/home/stan/workspace/ws_ur_hv/install/ur_dashboard_msgs/lib:${LD_LIBRARY_PATH} PYTHONPATH=/home/stan/workspace/ws_ur_hv/install/ur_dashboard_msgs/local/lib/python3.10/dist-packages:${PYTHONPATH} /home/stan/.local/bin/cmake --install /home/stan/workspace/ws_ur_hv/build/ur_bringup
