[0.018s] Invoking command in '/home/stan/workspace/ws_ur_hv/build/hello_moveit_ur': AMENT_PREFIX_PATH=/home/stan/workspace/ws_ur_hv/install/ur_robot_driver:/home/stan/workspace/ws_ur_hv/install/ur_controllers:/home/stan/workspace/ws_ur_hv/install/ur_description:/home/stan/workspace/ws_ur_hv/install/ur_dashboard_msgs:${AMENT_PREFIX_PATH} CMAKE_PREFIX_PATH=/home/stan/workspace/ws_ur_hv/install/ur_robot_driver:/home/stan/workspace/ws_ur_hv/install/ur_controllers:/home/stan/workspace/ws_ur_hv/install/ur_description:/home/stan/workspace/ws_ur_hv/install/ur_dashboard_msgs:/opt/ros/humble LD_LIBRARY_PATH=/home/stan/workspace/ws_ur_hv/install/ur_robot_driver/lib:/home/stan/workspace/ws_ur_hv/install/ur_controllers/lib:/home/stan/workspace/ws_ur_hv/install/ur_dashboard_msgs/lib:${LD_LIBRARY_PATH} PATH=/home/stan/workspace/ws_ur_hv/install/ur_robot_driver/bin:${PATH} PYTHONPATH=/home/stan/workspace/ws_ur_hv/install/ur_robot_driver/local/lib/python3.10/dist-packages:/home/stan/workspace/ws_ur_hv/install/ur_dashboard_msgs/local/lib/python3.10/dist-packages:${PYTHONPATH} /home/stan/.local/bin/cmake /home/stan/workspace/ws_ur_hv/src/hello_moveit_ur -DCMAKE_BUILD_TYPE=Release -DAMENT_CMAKE_SYMLINK_INSTALL=1 -DCMAKE_INSTALL_PREFIX=/home/stan/workspace/ws_ur_hv/install/hello_moveit_ur
[0.058s] -- Found ament_cmake: 1.3.5 (/opt/ros/humble/share/ament_cmake/cmake)
[0.174s] -- Override CMake install command with custom implementation using symlinks instead of copying resources
[0.184s] -- Found moveit_ros_planning_interface: 2.5.4 (/opt/ros/humble/share/moveit_ros_planning_interface/cmake)
[0.202s] -- Found Boost: /usr/lib/x86_64-linux-gnu/cmake/Boost-1.74.0/BoostConfig.cmake (found version "1.74.0") found components: date_time filesystem program_options system thread 
[0.241s] -- Found rosidl_generator_c: 3.1.4 (/opt/ros/humble/share/rosidl_generator_c/cmake)
[0.245s] -- Found rosidl_adapter: 3.1.4 (/opt/ros/humble/share/rosidl_adapter/cmake)
[0.254s] -- Found rosidl_generator_cpp: 3.1.4 (/opt/ros/humble/share/rosidl_generator_cpp/cmake)
[0.276s] -- Using all available rosidl_typesupport_c: rosidl_typesupport_fastrtps_c;rosidl_typesupport_introspection_c
[0.305s] -- Using all available rosidl_typesupport_cpp: rosidl_typesupport_fastrtps_cpp;rosidl_typesupport_introspection_cpp
[1.471s] -- Found Boost: /usr/lib/x86_64-linux-gnu/cmake/Boost-1.74.0/BoostConfig.cmake (found version "1.74.0") found components: chrono date_time filesystem iostreams program_options regex serialization system thread 
[1.488s] -- Found Boost: /usr/lib/x86_64-linux-gnu/cmake/Boost-1.74.0/BoostConfig.cmake (found version "1.74.0") found components: filesystem 
[1.567s] -- Found rmw_implementation_cmake: 6.1.1 (/opt/ros/humble/share/rmw_implementation_cmake/cmake)
[1.569s] -- Found rmw_fastrtps_cpp: 6.2.2 (/opt/ros/humble/share/rmw_fastrtps_cpp/cmake)
[1.721s] -- Using RMW implementation 'rmw_fastrtps_cpp' as default
[1.923s] -- library: /usr/lib/x86_64-linux-gnu/libcurl.so
[2.112s] -- Ensuring Eigen3 include directory is part of orocos-kdl CMake target
[2.740s] -- Found Boost: /usr/lib/x86_64-linux-gnu/cmake/Boost-1.74.0/BoostConfig.cmake (found version "1.74.0") found components: system filesystem date_time program_options thread chrono 
[3.335s] -- Found Boost: /usr/lib/x86_64-linux-gnu/cmake/Boost-1.74.0/BoostConfig.cmake (found version "1.74.0") found components: thread system filesystem regex date_time program_options 
[3.617s] -- Found Boost: /usr/lib/x86_64-linux-gnu/cmake/Boost-1.74.0/BoostConfig.cmake (found version "1.74.0") found components: system filesystem date_time program_options thread 
[4.110s] -- Found ament_lint_auto: 0.12.6 (/opt/ros/humble/share/ament_lint_auto/cmake)
[4.194s] -- Added test 'cppcheck' to perform static code analysis on C / C++ code
[4.194s] -- Configured cppcheck include dirs: $<BUILD_INTERFACE:/home/stan/workspace/ws_ur_hv/src/hello_moveit_ur/include>
[4.194s] -- Configured cppcheck exclude dirs and/or files: 
[4.195s] -- Added test 'flake8' to check Python code syntax and style conventions
[4.195s] -- Added test 'lint_cmake' to check CMake code style
[4.196s] -- Added test 'pep257' to check Python code against some of the docstring style conventions in PEP 257
[4.196s] -- Added test 'uncrustify' to check C / C++ code style
[4.197s] -- Configured uncrustify additional arguments: 
[4.197s] -- Added test 'xmllint' to check XML markup files
[4.201s] -- Configuring done (4.2s)
[4.269s] -- Generating done (0.0s)
[4.273s] -- Build files have been written to: /home/stan/workspace/ws_ur_hv/build/hello_moveit_ur
[4.290s] Invoked command in '/home/stan/workspace/ws_ur_hv/build/hello_moveit_ur' returned '0': AMENT_PREFIX_PATH=/home/stan/workspace/ws_ur_hv/install/ur_robot_driver:/home/stan/workspace/ws_ur_hv/install/ur_controllers:/home/stan/workspace/ws_ur_hv/install/ur_description:/home/stan/workspace/ws_ur_hv/install/ur_dashboard_msgs:${AMENT_PREFIX_PATH} CMAKE_PREFIX_PATH=/home/stan/workspace/ws_ur_hv/install/ur_robot_driver:/home/stan/workspace/ws_ur_hv/install/ur_controllers:/home/stan/workspace/ws_ur_hv/install/ur_description:/home/stan/workspace/ws_ur_hv/install/ur_dashboard_msgs:/opt/ros/humble LD_LIBRARY_PATH=/home/stan/workspace/ws_ur_hv/install/ur_robot_driver/lib:/home/stan/workspace/ws_ur_hv/install/ur_controllers/lib:/home/stan/workspace/ws_ur_hv/install/ur_dashboard_msgs/lib:${LD_LIBRARY_PATH} PATH=/home/stan/workspace/ws_ur_hv/install/ur_robot_driver/bin:${PATH} PYTHONPATH=/home/stan/workspace/ws_ur_hv/install/ur_robot_driver/local/lib/python3.10/dist-packages:/home/stan/workspace/ws_ur_hv/install/ur_dashboard_msgs/local/lib/python3.10/dist-packages:${PYTHONPATH} /home/stan/.local/bin/cmake /home/stan/workspace/ws_ur_hv/src/hello_moveit_ur -DCMAKE_BUILD_TYPE=Release -DAMENT_CMAKE_SYMLINK_INSTALL=1 -DCMAKE_INSTALL_PREFIX=/home/stan/workspace/ws_ur_hv/install/hello_moveit_ur
[4.294s] Invoking command in '/home/stan/workspace/ws_ur_hv/build/hello_moveit_ur': AMENT_PREFIX_PATH=/home/stan/workspace/ws_ur_hv/install/ur_robot_driver:/home/stan/workspace/ws_ur_hv/install/ur_controllers:/home/stan/workspace/ws_ur_hv/install/ur_description:/home/stan/workspace/ws_ur_hv/install/ur_dashboard_msgs:${AMENT_PREFIX_PATH} CMAKE_PREFIX_PATH=/home/stan/workspace/ws_ur_hv/install/ur_robot_driver:/home/stan/workspace/ws_ur_hv/install/ur_controllers:/home/stan/workspace/ws_ur_hv/install/ur_description:/home/stan/workspace/ws_ur_hv/install/ur_dashboard_msgs:/opt/ros/humble LD_LIBRARY_PATH=/home/stan/workspace/ws_ur_hv/install/ur_robot_driver/lib:/home/stan/workspace/ws_ur_hv/install/ur_controllers/lib:/home/stan/workspace/ws_ur_hv/install/ur_dashboard_msgs/lib:${LD_LIBRARY_PATH} PATH=/home/stan/workspace/ws_ur_hv/install/ur_robot_driver/bin:${PATH} PYTHONPATH=/home/stan/workspace/ws_ur_hv/install/ur_robot_driver/local/lib/python3.10/dist-packages:/home/stan/workspace/ws_ur_hv/install/ur_dashboard_msgs/local/lib/python3.10/dist-packages:${PYTHONPATH} /home/stan/.local/bin/cmake --build /home/stan/workspace/ws_ur_hv/build/hello_moveit_ur -- -j12 -l12
[4.376s] [ 50%] [32m[1mLinking CXX executable moveit_eval[0m
[4.376s] [ 50%] [32m[1mLinking CXX executable hello_moveit_ur[0m
[4.376s] [ 50%] [32m[1mLinking CXX executable point_to_point[0m
[4.695s] [ 83%] Built target moveit_eval
[4.696s] [ 83%] Built target hello_moveit_ur
[4.744s] [100%] Built target point_to_point
[4.756s] Invoked command in '/home/stan/workspace/ws_ur_hv/build/hello_moveit_ur' returned '0': AMENT_PREFIX_PATH=/home/stan/workspace/ws_ur_hv/install/ur_robot_driver:/home/stan/workspace/ws_ur_hv/install/ur_controllers:/home/stan/workspace/ws_ur_hv/install/ur_description:/home/stan/workspace/ws_ur_hv/install/ur_dashboard_msgs:${AMENT_PREFIX_PATH} CMAKE_PREFIX_PATH=/home/stan/workspace/ws_ur_hv/install/ur_robot_driver:/home/stan/workspace/ws_ur_hv/install/ur_controllers:/home/stan/workspace/ws_ur_hv/install/ur_description:/home/stan/workspace/ws_ur_hv/install/ur_dashboard_msgs:/opt/ros/humble LD_LIBRARY_PATH=/home/stan/workspace/ws_ur_hv/install/ur_robot_driver/lib:/home/stan/workspace/ws_ur_hv/install/ur_controllers/lib:/home/stan/workspace/ws_ur_hv/install/ur_dashboard_msgs/lib:${LD_LIBRARY_PATH} PATH=/home/stan/workspace/ws_ur_hv/install/ur_robot_driver/bin:${PATH} PYTHONPATH=/home/stan/workspace/ws_ur_hv/install/ur_robot_driver/local/lib/python3.10/dist-packages:/home/stan/workspace/ws_ur_hv/install/ur_dashboard_msgs/local/lib/python3.10/dist-packages:${PYTHONPATH} /home/stan/.local/bin/cmake --build /home/stan/workspace/ws_ur_hv/build/hello_moveit_ur -- -j12 -l12
[4.816s] Invoking command in '/home/stan/workspace/ws_ur_hv/build/hello_moveit_ur': AMENT_PREFIX_PATH=/home/stan/workspace/ws_ur_hv/install/ur_robot_driver:/home/stan/workspace/ws_ur_hv/install/ur_controllers:/home/stan/workspace/ws_ur_hv/install/ur_description:/home/stan/workspace/ws_ur_hv/install/ur_dashboard_msgs:${AMENT_PREFIX_PATH} CMAKE_PREFIX_PATH=/home/stan/workspace/ws_ur_hv/install/ur_robot_driver:/home/stan/workspace/ws_ur_hv/install/ur_controllers:/home/stan/workspace/ws_ur_hv/install/ur_description:/home/stan/workspace/ws_ur_hv/install/ur_dashboard_msgs:/opt/ros/humble LD_LIBRARY_PATH=/home/stan/workspace/ws_ur_hv/install/ur_robot_driver/lib:/home/stan/workspace/ws_ur_hv/install/ur_controllers/lib:/home/stan/workspace/ws_ur_hv/install/ur_dashboard_msgs/lib:${LD_LIBRARY_PATH} PATH=/home/stan/workspace/ws_ur_hv/install/ur_robot_driver/bin:${PATH} PYTHONPATH=/home/stan/workspace/ws_ur_hv/install/ur_robot_driver/local/lib/python3.10/dist-packages:/home/stan/workspace/ws_ur_hv/install/ur_dashboard_msgs/local/lib/python3.10/dist-packages:${PYTHONPATH} /home/stan/.local/bin/cmake --install /home/stan/workspace/ws_ur_hv/build/hello_moveit_ur
[4.845s] -- Install configuration: "Release"
[4.845s] -- Execute custom install script
[4.846s] -- Symlinking: /home/stan/workspace/ws_ur_hv/install/hello_moveit_ur/lib/hello_moveit_ur/hello_moveit_ur
[4.848s] -- Symlinking: /home/stan/workspace/ws_ur_hv/install/hello_moveit_ur/lib/hello_moveit_ur/point_to_point
[4.851s] -- Symlinking: /home/stan/workspace/ws_ur_hv/install/hello_moveit_ur/lib/hello_moveit_ur/moveit_eval
[4.854s] -- Symlinking: /home/stan/workspace/ws_ur_hv/install/hello_moveit_ur/share/hello_moveit_ur//launch/hello_moveit_ur_launch.py
[4.857s] -- Symlinking: /home/stan/workspace/ws_ur_hv/install/hello_moveit_ur/share/hello_moveit_ur//launch/hello_point_to_point.launch.py
[4.859s] -- Symlinking: /home/stan/workspace/ws_ur_hv/install/hello_moveit_ur/share/hello_moveit_ur//launch/moveit_commons.py
[4.861s] -- Symlinking: /home/stan/workspace/ws_ur_hv/install/hello_moveit_ur/share/hello_moveit_ur//launch/moveit_eval_launch.py
[4.864s] -- Symlinking: /home/stan/workspace/ws_ur_hv/install/hello_moveit_ur/share/ament_index/resource_index/package_run_dependencies/hello_moveit_ur
[4.866s] -- Symlinking: /home/stan/workspace/ws_ur_hv/install/hello_moveit_ur/share/ament_index/resource_index/parent_prefix_path/hello_moveit_ur
[4.869s] -- Symlinking: /home/stan/workspace/ws_ur_hv/install/hello_moveit_ur/share/hello_moveit_ur/environment/ament_prefix_path.sh
[4.871s] -- Symlinking: /home/stan/workspace/ws_ur_hv/install/hello_moveit_ur/share/hello_moveit_ur/environment/ament_prefix_path.dsv
[4.873s] -- Symlinking: /home/stan/workspace/ws_ur_hv/install/hello_moveit_ur/share/hello_moveit_ur/environment/path.sh
[4.876s] -- Symlinking: /home/stan/workspace/ws_ur_hv/install/hello_moveit_ur/share/hello_moveit_ur/environment/path.dsv
[4.878s] -- Symlinking: /home/stan/workspace/ws_ur_hv/install/hello_moveit_ur/share/hello_moveit_ur/local_setup.bash
[4.880s] -- Symlinking: /home/stan/workspace/ws_ur_hv/install/hello_moveit_ur/share/hello_moveit_ur/local_setup.sh
[4.882s] -- Symlinking: /home/stan/workspace/ws_ur_hv/install/hello_moveit_ur/share/hello_moveit_ur/local_setup.zsh
[4.885s] -- Symlinking: /home/stan/workspace/ws_ur_hv/install/hello_moveit_ur/share/hello_moveit_ur/local_setup.dsv
[4.887s] -- Symlinking: /home/stan/workspace/ws_ur_hv/install/hello_moveit_ur/share/hello_moveit_ur/package.dsv
[4.890s] -- Symlinking: /home/stan/workspace/ws_ur_hv/install/hello_moveit_ur/share/ament_index/resource_index/packages/hello_moveit_ur
[4.892s] -- Symlinking: /home/stan/workspace/ws_ur_hv/install/hello_moveit_ur/share/hello_moveit_ur/cmake/hello_moveit_urConfig.cmake
[4.894s] -- Symlinking: /home/stan/workspace/ws_ur_hv/install/hello_moveit_ur/share/hello_moveit_ur/cmake/hello_moveit_urConfig-version.cmake
[4.897s] -- Symlinking: /home/stan/workspace/ws_ur_hv/install/hello_moveit_ur/share/hello_moveit_ur/package.xml
[4.909s] Invoked command in '/home/stan/workspace/ws_ur_hv/build/hello_moveit_ur' returned '0': AMENT_PREFIX_PATH=/home/stan/workspace/ws_ur_hv/install/ur_robot_driver:/home/stan/workspace/ws_ur_hv/install/ur_controllers:/home/stan/workspace/ws_ur_hv/install/ur_description:/home/stan/workspace/ws_ur_hv/install/ur_dashboard_msgs:${AMENT_PREFIX_PATH} CMAKE_PREFIX_PATH=/home/stan/workspace/ws_ur_hv/install/ur_robot_driver:/home/stan/workspace/ws_ur_hv/install/ur_controllers:/home/stan/workspace/ws_ur_hv/install/ur_description:/home/stan/workspace/ws_ur_hv/install/ur_dashboard_msgs:/opt/ros/humble LD_LIBRARY_PATH=/home/stan/workspace/ws_ur_hv/install/ur_robot_driver/lib:/home/stan/workspace/ws_ur_hv/install/ur_controllers/lib:/home/stan/workspace/ws_ur_hv/install/ur_dashboard_msgs/lib:${LD_LIBRARY_PATH} PATH=/home/stan/workspace/ws_ur_hv/install/ur_robot_driver/bin:${PATH} PYTHONPATH=/home/stan/workspace/ws_ur_hv/install/ur_robot_driver/local/lib/python3.10/dist-packages:/home/stan/workspace/ws_ur_hv/install/ur_dashboard_msgs/local/lib/python3.10/dist-packages:${PYTHONPATH} /home/stan/.local/bin/cmake --install /home/stan/workspace/ws_ur_hv/build/hello_moveit_ur
