[0.034s] Invoking command in '/home/stan/workspace/ws_ur_hv/build/fake_ar_publisher': CMAKE_PREFIX_PATH=/opt/ros/humble /home/stan/.local/bin/cmake /home/stan/workspace/ws_ur_hv/src/fake_ar_publisher -DCMAKE_INSTALL_PREFIX=/home/stan/workspace/ws_ur_hv/install/fake_ar_publisher
[0.131s] -- The C compiler identification is GNU 11.3.0
[0.236s] -- The CXX compiler identification is GNU 11.3.0
[0.252s] -- Detecting C compiler ABI info
[0.390s] -- Detecting C compiler ABI info - done
[0.390s] -- Check for working C compiler: /usr/bin/cc - skipped
[0.390s] -- Detecting C compile features
[0.390s] -- Detecting C compile features - done
[0.390s] -- Detecting CXX compiler ABI info
[0.468s] -- Detecting CXX compiler ABI info - done
[0.499s] -- Check for working CXX compiler: /usr/bin/c++ - skipped
[0.499s] -- Detecting CXX compile features
[0.499s] -- Detecting CXX compile features - done
[0.499s] -- Found ament_cmake: 1.3.5 (/opt/ros/humble/share/ament_cmake/cmake)
[0.976s] -- Found Python3: /usr/bin/python3.10 (found version "3.10.6") found components: Interpreter 
[1.087s] -- Found rclcpp: 16.0.4 (/opt/ros/humble/share/rclcpp/cmake)
[1.146s] -- Found rosidl_generator_c: 3.1.4 (/opt/ros/humble/share/rosidl_generator_c/cmake)
[1.149s] -- Found rosidl_adapter: 3.1.4 (/opt/ros/humble/share/rosidl_adapter/cmake)
[1.161s] -- Found rosidl_generator_cpp: 3.1.4 (/opt/ros/humble/share/rosidl_generator_cpp/cmake)
[1.181s] -- Using all available rosidl_typesupport_c: rosidl_typesupport_fastrtps_c;rosidl_typesupport_introspection_c
[1.209s] -- Using all available rosidl_typesupport_cpp: rosidl_typesupport_fastrtps_cpp;rosidl_typesupport_introspection_cpp
[1.318s] -- Found rmw_implementation_cmake: 6.1.1 (/opt/ros/humble/share/rmw_implementation_cmake/cmake)
[1.321s] -- Found rmw_fastrtps_cpp: 6.2.2 (/opt/ros/humble/share/rmw_fastrtps_cpp/cmake)
[1.429s] -- Found OpenSSL: /usr/lib/x86_64-linux-gnu/libcrypto.so (found version "3.0.2")  
[1.478s] -- Found FastRTPS: /opt/ros/humble/include  
[1.548s] -- Using RMW implementation 'rmw_fastrtps_cpp' as default
[1.562s] -- Performing Test CMAKE_HAVE_LIBC_PTHREAD
[1.627s] -- Performing Test CMAKE_HAVE_LIBC_PTHREAD - Success
[1.627s] -- Found Threads: TRUE  
[1.915s] -- Found geometry_msgs: 4.2.3 (/opt/ros/humble/share/geometry_msgs/cmake)
[1.977s] -- Found visualization_msgs: 4.2.3 (/opt/ros/humble/share/visualization_msgs/cmake)
[2.372s] -- Found rosidl_default_generators: 1.2.0 (/opt/ros/humble/share/rosidl_default_generators/cmake)
[2.769s] -- Found ament_cmake_ros: 0.10.0 (/opt/ros/humble/share/ament_cmake_ros/cmake)
[3.194s] -- Using all available rosidl_typesupport_c: rosidl_typesupport_fastrtps_c;rosidl_typesupport_introspection_c
[3.346s] -- Using all available rosidl_typesupport_cpp: rosidl_typesupport_fastrtps_cpp;rosidl_typesupport_introspection_cpp
[3.370s] -- Found PythonInterp: /usr/bin/python3 (found suitable version "3.10.6", minimum required is "3.6") 
[3.372s] -- Found python_cmake_module: 0.10.0 (/opt/ros/humble/share/python_cmake_module/cmake)
[3.402s] -- Found PythonLibs: /usr/lib/x86_64-linux-gnu/libpython3.10.so (found suitable version "3.10.6", minimum required is "3.5") 
[3.402s] -- Using PYTHON_EXECUTABLE: /usr/bin/python3
[3.402s] -- Using PYTHON_INCLUDE_DIRS: /usr/include/python3.10
[3.402s] -- Using PYTHON_LIBRARIES: /usr/lib/x86_64-linux-gnu/libpython3.10.so
[3.429s] -- Found PythonExtra: .so  
[3.510s] [0mCMake Deprecation Warning at /opt/ros/humble/share/rosidl_cmake/cmake/rosidl_target_interfaces.cmake:32 (message):
[3.510s]   Use rosidl_get_typesupport_target() and target_link_libraries() instead of
[3.510s]   rosidl_target_interfaces()
[3.511s] Call Stack (most recent call first):
[3.511s]   CMakeLists.txt:38 (rosidl_target_interfaces)
[3.511s] 
[3.511s] [0m
[3.512s] -- Found ament_lint_auto: 0.12.6 (/opt/ros/humble/share/ament_lint_auto/cmake)
[3.521s] -- Configuring done (3.5s)
[3.582s] -- Generating done (0.0s)
[3.586s] -- Build files have been written to: /home/stan/workspace/ws_ur_hv/build/fake_ar_publisher
[3.608s] Invoked command in '/home/stan/workspace/ws_ur_hv/build/fake_ar_publisher' returned '0': CMAKE_PREFIX_PATH=/opt/ros/humble /home/stan/.local/bin/cmake /home/stan/workspace/ws_ur_hv/src/fake_ar_publisher -DCMAKE_INSTALL_PREFIX=/home/stan/workspace/ws_ur_hv/install/fake_ar_publisher
[3.610s] Invoking command in '/home/stan/workspace/ws_ur_hv/build/fake_ar_publisher': CMAKE_PREFIX_PATH=/opt/ros/humble /home/stan/.local/bin/cmake --build /home/stan/workspace/ws_ur_hv/build/fake_ar_publisher -- -j12 -l12
[3.653s] [  3%] [34m[1mGenerating C code for ROS interfaces[0m
[3.659s] [  6%] [34m[1mGenerating C++ code for ROS interfaces[0m
[3.659s] [  6%] Built target ament_cmake_python_copy_fake_ar_publisher
[3.985s] [  9%] [32mBuilding C object CMakeFiles/fake_ar_publisher__rosidl_generator_c.dir/rosidl_generator_c/fake_ar_publisher/msg/detail/ar_marker__functions.c.o[0m
[4.019s] running egg_info
[4.020s] creating fake_ar_publisher.egg-info
[4.021s] writing fake_ar_publisher.egg-info/PKG-INFO
[4.021s] writing dependency_links to fake_ar_publisher.egg-info/dependency_links.txt
[4.021s] writing top-level names to fake_ar_publisher.egg-info/top_level.txt
[4.023s] writing manifest file 'fake_ar_publisher.egg-info/SOURCES.txt'
[4.029s] reading manifest file 'fake_ar_publisher.egg-info/SOURCES.txt'
[4.030s] writing manifest file 'fake_ar_publisher.egg-info/SOURCES.txt'
[4.041s] [ 12%] [32m[1mLinking C shared library libfake_ar_publisher__rosidl_generator_c.so[0m
[4.044s] [ 12%] Built target fake_ar_publisher__cpp
[4.050s] [ 18%] [34m[1mGenerating C++ type support for eProsima Fast-RTPS[0m
[4.050s] [ 18%] [34m[1mGenerating C++ type support dispatch for ROS interfaces[0m
[4.050s] [ 21%] [34m[1mGenerating C++ introspection for ROS interfaces[0m
[4.071s] [ 21%] Built target ament_cmake_python_build_fake_ar_publisher_egg
[4.074s] [ 21%] Built target fake_ar_publisher__rosidl_generator_c
[4.079s] [ 24%] [34m[1mGenerating C introspection for ROS interfaces[0m
[4.079s] [ 27%] [34m[1mGenerating C type support for eProsima Fast-RTPS[0m
[4.081s] [ 30%] [34m[1mGenerating C type support dispatch for ROS interfaces[0m
[4.383s] [ 33%] [32mBuilding CXX object CMakeFiles/fake_ar_publisher__rosidl_typesupport_fastrtps_cpp.dir/rosidl_typesupport_fastrtps_cpp/fake_ar_publisher/msg/detail/dds_fastrtps/ar_marker__type_support.cpp.o[0m
[4.399s] [ 36%] [32mBuilding CXX object CMakeFiles/fake_ar_publisher__rosidl_typesupport_c.dir/rosidl_typesupport_c/fake_ar_publisher/msg/ar_marker__type_support.cpp.o[0m
[4.428s] [ 39%] [32mBuilding CXX object CMakeFiles/fake_ar_publisher__rosidl_typesupport_cpp.dir/rosidl_typesupport_cpp/fake_ar_publisher/msg/ar_marker__type_support.cpp.o[0m
[4.446s] [ 42%] [32m[1mLinking CXX shared library libfake_ar_publisher__rosidl_typesupport_c.so[0m
[4.449s] [ 45%] [32mBuilding C object CMakeFiles/fake_ar_publisher__rosidl_typesupport_introspection_c.dir/rosidl_typesupport_introspection_c/fake_ar_publisher/msg/detail/ar_marker__type_support.c.o[0m
[4.477s] [ 48%] [32mBuilding CXX object CMakeFiles/fake_ar_publisher__rosidl_typesupport_introspection_cpp.dir/rosidl_typesupport_introspection_cpp/fake_ar_publisher/msg/detail/ar_marker__type_support.cpp.o[0m
[4.494s] [ 48%] Built target fake_ar_publisher__rosidl_typesupport_c
[4.497s] [ 51%] [32m[1mLinking C shared library libfake_ar_publisher__rosidl_typesupport_introspection_c.so[0m
[4.526s] [ 51%] Built target fake_ar_publisher__rosidl_typesupport_introspection_c
[4.531s] [ 54%] [32mBuilding CXX object CMakeFiles/fake_ar_publisher__rosidl_typesupport_fastrtps_c.dir/rosidl_typesupport_fastrtps_c/fake_ar_publisher/msg/detail/ar_marker__type_support_c.cpp.o[0m
[4.906s] [ 57%] [32m[1mLinking CXX shared library libfake_ar_publisher__rosidl_typesupport_cpp.so[0m
[4.945s] [ 57%] Built target fake_ar_publisher__rosidl_typesupport_cpp
[4.963s] [ 60%] [32m[1mLinking CXX shared library libfake_ar_publisher__rosidl_typesupport_fastrtps_c.so[0m
[5.030s] [ 63%] [32m[1mLinking CXX shared library libfake_ar_publisher__rosidl_typesupport_fastrtps_cpp.so[0m
[5.034s] [ 63%] Built target fake_ar_publisher__rosidl_typesupport_fastrtps_c
[5.057s] [ 66%] [32m[1mLinking CXX shared library libfake_ar_publisher__rosidl_typesupport_introspection_cpp.so[0m
[5.137s] [ 66%] Built target fake_ar_publisher__rosidl_typesupport_fastrtps_cpp
[5.143s] [ 66%] Built target fake_ar_publisher__rosidl_typesupport_introspection_cpp
[5.152s] [ 66%] Built target fake_ar_publisher
[5.162s] [ 72%] [34m[1mGenerating Python code for ROS interfaces[0m
[5.162s] [ 72%] [32mBuilding CXX object CMakeFiles/fake_ar_publisher_node.dir/src/fake_ar_publisher.cpp.o[0m
[5.484s] [ 72%] Built target fake_ar_publisher__py
[5.494s] [ 75%] [32mBuilding C object CMakeFiles/fake_ar_publisher__rosidl_generator_py.dir/rosidl_generator_py/fake_ar_publisher/msg/_ar_marker_s.c.o[0m
[5.597s] [ 78%] [32m[1mLinking C shared library rosidl_generator_py/fake_ar_publisher/libfake_ar_publisher__rosidl_generator_py.so[0m
[5.628s] [ 78%] Built target fake_ar_publisher__rosidl_generator_py
[5.637s] [ 81%] [32mBuilding C object CMakeFiles/fake_ar_publisher__rosidl_typesupport_introspection_c__pyext.dir/rosidl_generator_py/fake_ar_publisher/_fake_ar_publisher_s.ep.rosidl_typesupport_introspection_c.c.o[0m
[5.637s] [ 87%] [32mBuilding C object CMakeFiles/fake_ar_publisher__rosidl_typesupport_fastrtps_c__pyext.dir/rosidl_generator_py/fake_ar_publisher/_fake_ar_publisher_s.ep.rosidl_typesupport_fastrtps_c.c.o[0m
[5.637s] [ 87%] [32mBuilding C object CMakeFiles/fake_ar_publisher__rosidl_typesupport_c__pyext.dir/rosidl_generator_py/fake_ar_publisher/_fake_ar_publisher_s.ep.rosidl_typesupport_c.c.o[0m
[5.731s] [ 90%] [32m[1mLinking C shared library rosidl_generator_py/fake_ar_publisher/fake_ar_publisher_s__rosidl_typesupport_c.cpython-310-x86_64-linux-gnu.so[0m
[5.732s] [ 93%] [32m[1mLinking C shared library rosidl_generator_py/fake_ar_publisher/fake_ar_publisher_s__rosidl_typesupport_introspection_c.cpython-310-x86_64-linux-gnu.so[0m
[5.733s] [ 96%] [32m[1mLinking C shared library rosidl_generator_py/fake_ar_publisher/fake_ar_publisher_s__rosidl_typesupport_fastrtps_c.cpython-310-x86_64-linux-gnu.so[0m
[5.761s] [ 96%] Built target fake_ar_publisher__rosidl_typesupport_c__pyext
[5.761s] [ 96%] Built target fake_ar_publisher__rosidl_typesupport_fastrtps_c__pyext
[5.764s] [ 96%] Built target fake_ar_publisher__rosidl_typesupport_introspection_c__pyext
[10.408s] [100%] [32m[1mLinking CXX executable fake_ar_publisher_node[0m
[10.630s] [100%] Built target fake_ar_publisher_node
