[0.023s] Invoking command in '/home/stan/workspace/ws_ur_hv/build/ur_robot_driver': AMENT_PREFIX_PATH=/home/stan/workspace/ws_ur_hv/install/ur_controllers:/home/stan/workspace/ws_ur_hv/install/ur_description:/home/stan/workspace/ws_ur_hv/install/ur_dashboard_msgs:${AMENT_PREFIX_PATH} CMAKE_PREFIX_PATH=/home/stan/workspace/ws_ur_hv/install/ur_controllers:/home/stan/workspace/ws_ur_hv/install/ur_description:/home/stan/workspace/ws_ur_hv/install/ur_dashboard_msgs:/opt/ros/humble LD_LIBRARY_PATH=/home/stan/workspace/ws_ur_hv/install/ur_controllers/lib:/home/stan/workspace/ws_ur_hv/install/ur_dashboard_msgs/lib:${LD_LIBRARY_PATH} PYTHONPATH=/home/stan/workspace/ws_ur_hv/install/ur_dashboard_msgs/local/lib/python3.10/dist-packages:${PYTHONPATH} /home/stan/.local/bin/cmake /home/stan/workspace/ws_ur_hv/src/Universal_Robots_ROS2_Driver/ur_robot_driver -DCMAKE_BUILD_TYPE=Release -DCMAKE_INSTALL_PREFIX=/home/stan/workspace/ws_ur_hv/install/ur_robot_driver
[0.064s] -- Found ament_cmake: 1.3.5 (/opt/ros/humble/share/ament_cmake/cmake)
[0.194s] -- Found controller_manager: 2.28.0 (/opt/ros/humble/share/controller_manager/cmake)
[0.238s] -- Found rosidl_generator_c: 3.1.4 (/opt/ros/humble/share/rosidl_generator_c/cmake)
[0.242s] -- Found rosidl_adapter: 3.1.4 (/opt/ros/humble/share/rosidl_adapter/cmake)
[0.250s] -- Found rosidl_generator_cpp: 3.1.4 (/opt/ros/humble/share/rosidl_generator_cpp/cmake)
[0.266s] -- Using all available rosidl_typesupport_c: rosidl_typesupport_fastrtps_c;rosidl_typesupport_introspection_c
[0.289s] -- Using all available rosidl_typesupport_cpp: rosidl_typesupport_fastrtps_cpp;rosidl_typesupport_introspection_cpp
[1.250s] -- Found rmw_implementation_cmake: 6.1.1 (/opt/ros/humble/share/rmw_implementation_cmake/cmake)
[1.251s] -- Found rmw_fastrtps_cpp: 6.2.2 (/opt/ros/humble/share/rmw_fastrtps_cpp/cmake)
[1.412s] -- Using RMW implementation 'rmw_fastrtps_cpp' as default
[2.268s] -- Found rclpy: 3.3.8 (/opt/ros/humble/share/rclpy/cmake)
[2.268s] -- Found std_srvs: 4.2.3 (/opt/ros/humble/share/std_srvs/cmake)
[2.293s] -- Found tf2_geometry_msgs: 0.25.2 (/opt/ros/humble/share/tf2_geometry_msgs/cmake)
[2.298s] -- Found eigen3_cmake_module: 0.1.1 (/opt/ros/humble/share/eigen3_cmake_module/cmake)
[2.300s] -- Ensuring Eigen3 include directory is part of orocos-kdl CMake target
[2.620s] -- Found ur_dashboard_msgs: 2.2.6 (/home/stan/workspace/ws_ur_hv/install/ur_dashboard_msgs/share/ur_dashboard_msgs/cmake)
[4.525s] -- Found ur_controllers: 2.2.6 (/home/stan/workspace/ws_ur_hv/install/ur_controllers/share/ur_controllers/cmake)
[4.810s] -- Found parameter_traits: 0.3.3 (/opt/ros/humble/share/parameter_traits/cmake)
[5.411s] -- Found ur_description: 2.0.1 (/home/stan/workspace/ws_ur_hv/install/ur_description/share/ur_description/cmake)
[5.412s] -- Found launch_testing_ament_cmake: 1.0.4 (/opt/ros/humble/share/launch_testing_ament_cmake/cmake)
[5.413s] -- Found python_cmake_module: 0.10.0 (/opt/ros/humble/share/python_cmake_module/cmake)
[5.446s] -- Using PYTHON_EXECUTABLE: /usr/bin/python3
[5.446s] -- Using PYTHON_INCLUDE_DIRS: /usr/include/python3.10
[5.446s] -- Using PYTHON_LIBRARIES: /usr/lib/x86_64-linux-gnu/libpython3.10.so
[5.448s] -- Configuring done (5.4s)
[5.655s] -- Generating done (0.2s)
[5.659s] -- Build files have been written to: /home/stan/workspace/ws_ur_hv/build/ur_robot_driver
[5.680s] Invoked command in '/home/stan/workspace/ws_ur_hv/build/ur_robot_driver' returned '0': AMENT_PREFIX_PATH=/home/stan/workspace/ws_ur_hv/install/ur_controllers:/home/stan/workspace/ws_ur_hv/install/ur_description:/home/stan/workspace/ws_ur_hv/install/ur_dashboard_msgs:${AMENT_PREFIX_PATH} CMAKE_PREFIX_PATH=/home/stan/workspace/ws_ur_hv/install/ur_controllers:/home/stan/workspace/ws_ur_hv/install/ur_description:/home/stan/workspace/ws_ur_hv/install/ur_dashboard_msgs:/opt/ros/humble LD_LIBRARY_PATH=/home/stan/workspace/ws_ur_hv/install/ur_controllers/lib:/home/stan/workspace/ws_ur_hv/install/ur_dashboard_msgs/lib:${LD_LIBRARY_PATH} PYTHONPATH=/home/stan/workspace/ws_ur_hv/install/ur_dashboard_msgs/local/lib/python3.10/dist-packages:${PYTHONPATH} /home/stan/.local/bin/cmake /home/stan/workspace/ws_ur_hv/src/Universal_Robots_ROS2_Driver/ur_robot_driver -DCMAKE_BUILD_TYPE=Release -DCMAKE_INSTALL_PREFIX=/home/stan/workspace/ws_ur_hv/install/ur_robot_driver
[5.682s] Invoking command in '/home/stan/workspace/ws_ur_hv/build/ur_robot_driver': AMENT_PREFIX_PATH=/home/stan/workspace/ws_ur_hv/install/ur_controllers:/home/stan/workspace/ws_ur_hv/install/ur_description:/home/stan/workspace/ws_ur_hv/install/ur_dashboard_msgs:${AMENT_PREFIX_PATH} CMAKE_PREFIX_PATH=/home/stan/workspace/ws_ur_hv/install/ur_controllers:/home/stan/workspace/ws_ur_hv/install/ur_description:/home/stan/workspace/ws_ur_hv/install/ur_dashboard_msgs:/opt/ros/humble LD_LIBRARY_PATH=/home/stan/workspace/ws_ur_hv/install/ur_controllers/lib:/home/stan/workspace/ws_ur_hv/install/ur_dashboard_msgs/lib:${LD_LIBRARY_PATH} PYTHONPATH=/home/stan/workspace/ws_ur_hv/install/ur_dashboard_msgs/local/lib/python3.10/dist-packages:${PYTHONPATH} /home/stan/.local/bin/cmake --build /home/stan/workspace/ws_ur_hv/build/ur_robot_driver -- -j12 -l12
[5.747s] [  0%] Built target ament_cmake_python_copy_ur_robot_driver
[5.757s] [ 15%] Built target ur_ros2_control_node
[5.758s] [ 23%] [32m[1mLinking CXX executable controller_stopper_node[0m
[5.765s] [ 38%] [32mBuilding CXX object CMakeFiles/dashboard_client.dir/src/dashboard_client_ros.cpp.o[0m
[5.765s] [ 38%] [32mBuilding CXX object CMakeFiles/ur_robot_driver_plugin.dir/src/dashboard_client_ros.cpp.o[0m
[5.766s] [ 46%] [32mBuilding CXX object CMakeFiles/dashboard_client.dir/src/dashboard_client_node.cpp.o[0m
[5.768s] [ 53%] [32mBuilding CXX object CMakeFiles/ur_robot_driver_plugin.dir/src/hardware_interface.cpp.o[0m
[6.207s] running egg_info
[6.208s] writing ur_robot_driver.egg-info/PKG-INFO
[6.208s] writing dependency_links to ur_robot_driver.egg-info/dependency_links.txt
[6.209s] writing top-level names to ur_robot_driver.egg-info/top_level.txt
[6.213s] reading manifest file 'ur_robot_driver.egg-info/SOURCES.txt'
[6.225s] writing manifest file 'ur_robot_driver.egg-info/SOURCES.txt'
[6.252s] [ 53%] Built target ament_cmake_python_build_ur_robot_driver_egg
[6.311s] [ 69%] Built target controller_stopper_node
[22.897s] [ 76%] [32m[1mLinking CXX shared library libur_robot_driver_plugin.so[0m
[23.009s] [ 84%] [32m[1mLinking CXX executable dashboard_client[0m
[23.214s] [ 92%] Built target ur_robot_driver_plugin
[23.271s] [100%] Built target dashboard_client
[23.282s] Invoked command in '/home/stan/workspace/ws_ur_hv/build/ur_robot_driver' returned '0': AMENT_PREFIX_PATH=/home/stan/workspace/ws_ur_hv/install/ur_controllers:/home/stan/workspace/ws_ur_hv/install/ur_description:/home/stan/workspace/ws_ur_hv/install/ur_dashboard_msgs:${AMENT_PREFIX_PATH} CMAKE_PREFIX_PATH=/home/stan/workspace/ws_ur_hv/install/ur_controllers:/home/stan/workspace/ws_ur_hv/install/ur_description:/home/stan/workspace/ws_ur_hv/install/ur_dashboard_msgs:/opt/ros/humble LD_LIBRARY_PATH=/home/stan/workspace/ws_ur_hv/install/ur_controllers/lib:/home/stan/workspace/ws_ur_hv/install/ur_dashboard_msgs/lib:${LD_LIBRARY_PATH} PYTHONPATH=/home/stan/workspace/ws_ur_hv/install/ur_dashboard_msgs/local/lib/python3.10/dist-packages:${PYTHONPATH} /home/stan/.local/bin/cmake --build /home/stan/workspace/ws_ur_hv/build/ur_robot_driver -- -j12 -l12
[23.355s] Invoking command in '/home/stan/workspace/ws_ur_hv/build/ur_robot_driver': AMENT_PREFIX_PATH=/home/stan/workspace/ws_ur_hv/install/ur_controllers:/home/stan/workspace/ws_ur_hv/install/ur_description:/home/stan/workspace/ws_ur_hv/install/ur_dashboard_msgs:${AMENT_PREFIX_PATH} CMAKE_PREFIX_PATH=/home/stan/workspace/ws_ur_hv/install/ur_controllers:/home/stan/workspace/ws_ur_hv/install/ur_description:/home/stan/workspace/ws_ur_hv/install/ur_dashboard_msgs:/opt/ros/humble LD_LIBRARY_PATH=/home/stan/workspace/ws_ur_hv/install/ur_controllers/lib:/home/stan/workspace/ws_ur_hv/install/ur_dashboard_msgs/lib:${LD_LIBRARY_PATH} PYTHONPATH=/home/stan/workspace/ws_ur_hv/install/ur_dashboard_msgs/local/lib/python3.10/dist-packages:${PYTHONPATH} /home/stan/.local/bin/cmake --install /home/stan/workspace/ws_ur_hv/build/ur_robot_driver
[23.383s] -- Install configuration: "Release"
[23.383s] -- Up-to-date: /home/stan/workspace/ws_ur_hv/install/ur_robot_driver/share/ur_robot_driver/hardware_interface_plugin.xml
[23.384s] -- Installing: /home/stan/workspace/ws_ur_hv/install/ur_robot_driver/lib/ur_robot_driver/dashboard_client
[23.386s] -- Set runtime path of "/home/stan/workspace/ws_ur_hv/install/ur_robot_driver/lib/ur_robot_driver/dashboard_client" to ""
[23.386s] -- Up-to-date: /home/stan/workspace/ws_ur_hv/install/ur_robot_driver/lib/ur_robot_driver/ur_ros2_control_node
[23.387s] -- Installing: /home/stan/workspace/ws_ur_hv/install/ur_robot_driver/lib/ur_robot_driver/controller_stopper_node
[23.391s] -- Set runtime path of "/home/stan/workspace/ws_ur_hv/install/ur_robot_driver/lib/ur_robot_driver/controller_stopper_node" to ""
[23.392s] -- Installing: /home/stan/workspace/ws_ur_hv/install/ur_robot_driver/lib/libur_robot_driver_plugin.so
[23.393s] -- Set runtime path of "/home/stan/workspace/ws_ur_hv/install/ur_robot_driver/lib/libur_robot_driver_plugin.so" to ""
[23.394s] -- Up-to-date: /home/stan/workspace/ws_ur_hv/install/ur_robot_driver/include
[23.394s] -- Up-to-date: /home/stan/workspace/ws_ur_hv/install/ur_robot_driver/include/ur_robot_driver
[23.394s] -- Up-to-date: /home/stan/workspace/ws_ur_hv/install/ur_robot_driver/include/ur_robot_driver/hardware_interface.hpp
[23.394s] -- Up-to-date: /home/stan/workspace/ws_ur_hv/install/ur_robot_driver/include/ur_robot_driver/controller_stopper.hpp
[23.395s] -- Up-to-date: /home/stan/workspace/ws_ur_hv/install/ur_robot_driver/include/ur_robot_driver/urcl_log_handler.hpp
[23.395s] -- Up-to-date: /home/stan/workspace/ws_ur_hv/install/ur_robot_driver/include/ur_robot_driver/dashboard_client_ros.hpp
[23.395s] -- Up-to-date: /home/stan/workspace/ws_ur_hv/install/ur_robot_driver/share/ur_robot_driver/environment/library_path.sh
[23.395s] -- Installing: /home/stan/workspace/ws_ur_hv/install/ur_robot_driver/share/ur_robot_driver/environment/library_path.dsv
[23.395s] -- Up-to-date: /home/stan/workspace/ws_ur_hv/install/ur_robot_driver/share/ur_robot_driver/resources
[23.396s] -- Up-to-date: /home/stan/workspace/ws_ur_hv/install/ur_robot_driver/share/ur_robot_driver/resources/rtde_output_recipe.txt
[23.396s] -- Up-to-date: /home/stan/workspace/ws_ur_hv/install/ur_robot_driver/share/ur_robot_driver/resources/rtde_input_recipe.txt
[23.396s] -- Up-to-date: /home/stan/workspace/ws_ur_hv/install/ur_robot_driver/share/ur_robot_driver/resources/rs485-1.0.urcap
[23.396s] -- Up-to-date: /home/stan/workspace/ws_ur_hv/install/ur_robot_driver/share/ur_robot_driver/resources/externalcontrol-1.0.5.urcap
[23.396s] -- Up-to-date: /home/stan/workspace/ws_ur_hv/install/ur_robot_driver/share/ur_robot_driver/resources/ros_control.urscript
[23.396s] -- Up-to-date: /home/stan/workspace/ws_ur_hv/install/ur_robot_driver/include
[23.396s] -- Up-to-date: /home/stan/workspace/ws_ur_hv/install/ur_robot_driver/include/ur_robot_driver
[23.397s] -- Up-to-date: /home/stan/workspace/ws_ur_hv/install/ur_robot_driver/include/ur_robot_driver/hardware_interface.hpp
[23.397s] -- Up-to-date: /home/stan/workspace/ws_ur_hv/install/ur_robot_driver/include/ur_robot_driver/controller_stopper.hpp
[23.397s] -- Up-to-date: /home/stan/workspace/ws_ur_hv/install/ur_robot_driver/include/ur_robot_driver/urcl_log_handler.hpp
[23.397s] -- Up-to-date: /home/stan/workspace/ws_ur_hv/install/ur_robot_driver/include/ur_robot_driver/dashboard_client_ros.hpp
[23.397s] -- Up-to-date: /home/stan/workspace/ws_ur_hv/install/ur_robot_driver/share/ur_robot_driver/environment/pythonpath.sh
[23.397s] -- Installing: /home/stan/workspace/ws_ur_hv/install/ur_robot_driver/share/ur_robot_driver/environment/pythonpath.dsv
[23.397s] -- Up-to-date: /home/stan/workspace/ws_ur_hv/install/ur_robot_driver/local/lib/python3.10/dist-packages/ur_robot_driver-2.2.6-py3.10.egg-info
[23.397s] -- Installing: /home/stan/workspace/ws_ur_hv/install/ur_robot_driver/local/lib/python3.10/dist-packages/ur_robot_driver-2.2.6-py3.10.egg-info/PKG-INFO
[23.397s] -- Installing: /home/stan/workspace/ws_ur_hv/install/ur_robot_driver/local/lib/python3.10/dist-packages/ur_robot_driver-2.2.6-py3.10.egg-info/top_level.txt
[23.397s] -- Installing: /home/stan/workspace/ws_ur_hv/install/ur_robot_driver/local/lib/python3.10/dist-packages/ur_robot_driver-2.2.6-py3.10.egg-info/dependency_links.txt
[23.397s] -- Installing: /home/stan/workspace/ws_ur_hv/install/ur_robot_driver/local/lib/python3.10/dist-packages/ur_robot_driver-2.2.6-py3.10.egg-info/SOURCES.txt
[23.397s] -- Up-to-date: /home/stan/workspace/ws_ur_hv/install/ur_robot_driver/local/lib/python3.10/dist-packages/ur_robot_driver
[23.397s] -- Up-to-date: /home/stan/workspace/ws_ur_hv/install/ur_robot_driver/local/lib/python3.10/dist-packages/ur_robot_driver/__init__.py
[23.428s] Listing '/home/stan/workspace/ws_ur_hv/install/ur_robot_driver/local/lib/python3.10/dist-packages/ur_robot_driver'...
[23.432s] -- Up-to-date: /home/stan/workspace/ws_ur_hv/install/ur_robot_driver/lib/ur_robot_driver/tool_communication.py
[23.432s] -- Up-to-date: /home/stan/workspace/ws_ur_hv/install/ur_robot_driver/bin/wait_dashboard_server.sh
[23.432s] -- Up-to-date: /home/stan/workspace/ws_ur_hv/install/ur_robot_driver/lib/ur_robot_driver/start_ursim.sh
[23.432s] -- Up-to-date: /home/stan/workspace/ws_ur_hv/install/ur_robot_driver/share/ur_robot_driver/config
[23.432s] -- Up-to-date: /home/stan/workspace/ws_ur_hv/install/ur_robot_driver/share/ur_robot_driver/config/ur10_update_rate.yaml
[23.432s] -- Up-to-date: /home/stan/workspace/ws_ur_hv/install/ur_robot_driver/share/ur_robot_driver/config/ur3_update_rate.yaml
[23.432s] -- Up-to-date: /home/stan/workspace/ws_ur_hv/install/ur_robot_driver/share/ur_robot_driver/config/ur5e_update_rate.yaml
[23.432s] -- Up-to-date: /home/stan/workspace/ws_ur_hv/install/ur_robot_driver/share/ur_robot_driver/config/ur5_update_rate.yaml
[23.433s] -- Up-to-date: /home/stan/workspace/ws_ur_hv/install/ur_robot_driver/share/ur_robot_driver/config/ur3e_update_rate.yaml
[23.433s] -- Up-to-date: /home/stan/workspace/ws_ur_hv/install/ur_robot_driver/share/ur_robot_driver/config/ur16e_update_rate.yaml
[23.433s] -- Up-to-date: /home/stan/workspace/ws_ur_hv/install/ur_robot_driver/share/ur_robot_driver/config/test_goal_publishers_config.yaml
[23.433s] -- Up-to-date: /home/stan/workspace/ws_ur_hv/install/ur_robot_driver/share/ur_robot_driver/config/ur_controllers.yaml
[23.433s] -- Up-to-date: /home/stan/workspace/ws_ur_hv/install/ur_robot_driver/share/ur_robot_driver/config/test_velocity_goal_publishers_config.yaml
[23.433s] -- Up-to-date: /home/stan/workspace/ws_ur_hv/install/ur_robot_driver/share/ur_robot_driver/config/ur10e_update_rate.yaml
[23.433s] -- Up-to-date: /home/stan/workspace/ws_ur_hv/install/ur_robot_driver/share/ur_robot_driver/launch
[23.433s] -- Up-to-date: /home/stan/workspace/ws_ur_hv/install/ur_robot_driver/share/ur_robot_driver/launch/ur10e.launch.py
[23.433s] -- Up-to-date: /home/stan/workspace/ws_ur_hv/install/ur_robot_driver/share/ur_robot_driver/launch/ur3e.launch.py
[23.433s] -- Up-to-date: /home/stan/workspace/ws_ur_hv/install/ur_robot_driver/share/ur_robot_driver/launch/ur5.launch.py
[23.433s] -- Up-to-date: /home/stan/workspace/ws_ur_hv/install/ur_robot_driver/share/ur_robot_driver/launch/ur3.launch.py
[23.433s] -- Up-to-date: /home/stan/workspace/ws_ur_hv/install/ur_robot_driver/share/ur_robot_driver/launch/ur5e.launch.py
[23.434s] -- Up-to-date: /home/stan/workspace/ws_ur_hv/install/ur_robot_driver/share/ur_robot_driver/launch/ur10.launch.py
[23.434s] -- Up-to-date: /home/stan/workspace/ws_ur_hv/install/ur_robot_driver/share/ur_robot_driver/launch/test_scaled_joint_trajectory_controller.launch.py
[23.434s] -- Up-to-date: /home/stan/workspace/ws_ur_hv/install/ur_robot_driver/share/ur_robot_driver/launch/ur16e.launch.py
[23.434s] -- Up-to-date: /home/stan/workspace/ws_ur_hv/install/ur_robot_driver/share/ur_robot_driver/launch/ur_dashboard_client.launch.py
[23.434s] -- Up-to-date: /home/stan/workspace/ws_ur_hv/install/ur_robot_driver/share/ur_robot_driver/launch/test_forward_velocity_controller.launch.py
[23.434s] -- Up-to-date: /home/stan/workspace/ws_ur_hv/install/ur_robot_driver/share/ur_robot_driver/launch/ur_control.launch.py
[23.434s] -- Up-to-date: /home/stan/workspace/ws_ur_hv/install/ur_robot_driver/share/ur_robot_driver/launch/test_joint_trajectory_controller.launch.py
[23.434s] -- Up-to-date: /home/stan/workspace/ws_ur_hv/install/ur_robot_driver/share/ament_index/resource_index/package_run_dependencies/ur_robot_driver
[23.434s] -- Up-to-date: /home/stan/workspace/ws_ur_hv/install/ur_robot_driver/share/ament_index/resource_index/parent_prefix_path/ur_robot_driver
[23.434s] -- Up-to-date: /home/stan/workspace/ws_ur_hv/install/ur_robot_driver/share/ur_robot_driver/environment/ament_prefix_path.sh
[23.434s] -- Installing: /home/stan/workspace/ws_ur_hv/install/ur_robot_driver/share/ur_robot_driver/environment/ament_prefix_path.dsv
[23.434s] -- Up-to-date: /home/stan/workspace/ws_ur_hv/install/ur_robot_driver/share/ur_robot_driver/environment/path.sh
[23.435s] -- Installing: /home/stan/workspace/ws_ur_hv/install/ur_robot_driver/share/ur_robot_driver/environment/path.dsv
[23.435s] -- Up-to-date: /home/stan/workspace/ws_ur_hv/install/ur_robot_driver/share/ur_robot_driver/local_setup.bash
[23.435s] -- Up-to-date: /home/stan/workspace/ws_ur_hv/install/ur_robot_driver/share/ur_robot_driver/local_setup.sh
[23.435s] -- Up-to-date: /home/stan/workspace/ws_ur_hv/install/ur_robot_driver/share/ur_robot_driver/local_setup.zsh
[23.435s] -- Installing: /home/stan/workspace/ws_ur_hv/install/ur_robot_driver/share/ur_robot_driver/local_setup.dsv
[23.435s] -- Installing: /home/stan/workspace/ws_ur_hv/install/ur_robot_driver/share/ur_robot_driver/package.dsv
[23.435s] -- Up-to-date: /home/stan/workspace/ws_ur_hv/install/ur_robot_driver/share/ament_index/resource_index/packages/ur_robot_driver
[23.435s] -- Up-to-date: /home/stan/workspace/ws_ur_hv/install/ur_robot_driver/share/ament_index/resource_index/hardware_interface__pluginlib__plugin/ur_robot_driver
[23.435s] -- Up-to-date: /home/stan/workspace/ws_ur_hv/install/ur_robot_driver/share/ur_robot_driver/cmake/ament_cmake_export_include_directories-extras.cmake
[23.435s] -- Up-to-date: /home/stan/workspace/ws_ur_hv/install/ur_robot_driver/share/ur_robot_driver/cmake/ament_cmake_export_libraries-extras.cmake
[23.435s] -- Up-to-date: /home/stan/workspace/ws_ur_hv/install/ur_robot_driver/share/ur_robot_driver/cmake/ament_cmake_export_dependencies-extras.cmake
[23.435s] -- Up-to-date: /home/stan/workspace/ws_ur_hv/install/ur_robot_driver/share/ur_robot_driver/cmake/ur_robot_driverConfig.cmake
[23.435s] -- Up-to-date: /home/stan/workspace/ws_ur_hv/install/ur_robot_driver/share/ur_robot_driver/cmake/ur_robot_driverConfig-version.cmake
[23.435s] -- Up-to-date: /home/stan/workspace/ws_ur_hv/install/ur_robot_driver/share/ur_robot_driver/package.xml
[23.442s] Invoked command in '/home/stan/workspace/ws_ur_hv/build/ur_robot_driver' returned '0': AMENT_PREFIX_PATH=/home/stan/workspace/ws_ur_hv/install/ur_controllers:/home/stan/workspace/ws_ur_hv/install/ur_description:/home/stan/workspace/ws_ur_hv/install/ur_dashboard_msgs:${AMENT_PREFIX_PATH} CMAKE_PREFIX_PATH=/home/stan/workspace/ws_ur_hv/install/ur_controllers:/home/stan/workspace/ws_ur_hv/install/ur_description:/home/stan/workspace/ws_ur_hv/install/ur_dashboard_msgs:/opt/ros/humble LD_LIBRARY_PATH=/home/stan/workspace/ws_ur_hv/install/ur_controllers/lib:/home/stan/workspace/ws_ur_hv/install/ur_dashboard_msgs/lib:${LD_LIBRARY_PATH} PYTHONPATH=/home/stan/workspace/ws_ur_hv/install/ur_dashboard_msgs/local/lib/python3.10/dist-packages:${PYTHONPATH} /home/stan/.local/bin/cmake --install /home/stan/workspace/ws_ur_hv/build/ur_robot_driver
