[0.011s] Invoking command in '/home/stan/workspace/ws_ur_hv/build/workcell_moveit_config': AMENT_PREFIX_PATH=/home/stan/workspace/ws_ur_hv/install/workcell_support:/home/stan/workspace/ws_ur_hv/install/workcell_core:/home/stan/workspace/ws_ur_hv/install/fake_ar_publisher:${AMENT_PREFIX_PATH} CMAKE_PREFIX_PATH=/home/stan/workspace/ws_ur_hv/install/workcell_support:/home/stan/workspace/ws_ur_hv/install/workcell_core:/home/stan/workspace/ws_ur_hv/install/fake_ar_publisher:/opt/ros/humble LD_LIBRARY_PATH=/home/stan/workspace/ws_ur_hv/install/workcell_core/lib:/home/stan/workspace/ws_ur_hv/install/fake_ar_publisher/lib:${LD_LIBRARY_PATH} PYTHONPATH=/home/stan/workspace/ws_ur_hv/install/workcell_core/local/lib/python3.10/dist-packages:/home/stan/workspace/ws_ur_hv/install/fake_ar_publisher/local/lib/python3.10/dist-packages:${PYTHONPATH} /home/stan/.local/bin/cmake --build /home/stan/workspace/ws_ur_hv/build/workcell_moveit_config -- -j12 -l12
[0.058s] Invoked command in '/home/stan/workspace/ws_ur_hv/build/workcell_moveit_config' returned '0': AMENT_PREFIX_PATH=/home/stan/workspace/ws_ur_hv/install/workcell_support:/home/stan/workspace/ws_ur_hv/install/workcell_core:/home/stan/workspace/ws_ur_hv/install/fake_ar_publisher:${AMENT_PREFIX_PATH} CMAKE_PREFIX_PATH=/home/stan/workspace/ws_ur_hv/install/workcell_support:/home/stan/workspace/ws_ur_hv/install/workcell_core:/home/stan/workspace/ws_ur_hv/install/fake_ar_publisher:/opt/ros/humble LD_LIBRARY_PATH=/home/stan/workspace/ws_ur_hv/install/workcell_core/lib:/home/stan/workspace/ws_ur_hv/install/fake_ar_publisher/lib:${LD_LIBRARY_PATH} PYTHONPATH=/home/stan/workspace/ws_ur_hv/install/workcell_core/local/lib/python3.10/dist-packages:/home/stan/workspace/ws_ur_hv/install/fake_ar_publisher/local/lib/python3.10/dist-packages:${PYTHONPATH} /home/stan/.local/bin/cmake --build /home/stan/workspace/ws_ur_hv/build/workcell_moveit_config -- -j12 -l12
[0.102s] Invoking command in '/home/stan/workspace/ws_ur_hv/build/workcell_moveit_config': AMENT_PREFIX_PATH=/home/stan/workspace/ws_ur_hv/install/workcell_support:/home/stan/workspace/ws_ur_hv/install/workcell_core:/home/stan/workspace/ws_ur_hv/install/fake_ar_publisher:${AMENT_PREFIX_PATH} CMAKE_PREFIX_PATH=/home/stan/workspace/ws_ur_hv/install/workcell_support:/home/stan/workspace/ws_ur_hv/install/workcell_core:/home/stan/workspace/ws_ur_hv/install/fake_ar_publisher:/opt/ros/humble LD_LIBRARY_PATH=/home/stan/workspace/ws_ur_hv/install/workcell_core/lib:/home/stan/workspace/ws_ur_hv/install/fake_ar_publisher/lib:${LD_LIBRARY_PATH} PYTHONPATH=/home/stan/workspace/ws_ur_hv/install/workcell_core/local/lib/python3.10/dist-packages:/home/stan/workspace/ws_ur_hv/install/fake_ar_publisher/local/lib/python3.10/dist-packages:${PYTHONPATH} /home/stan/.local/bin/cmake --install /home/stan/workspace/ws_ur_hv/build/workcell_moveit_config
[0.130s] -- Install configuration: ""
[0.130s] -- Up-to-date: /home/stan/workspace/ws_ur_hv/install/workcell_moveit_config/share/ament_index/resource_index/package_run_dependencies/workcell_moveit_config
[0.131s] -- Up-to-date: /home/stan/workspace/ws_ur_hv/install/workcell_moveit_config/share/ament_index/resource_index/parent_prefix_path/workcell_moveit_config
[0.131s] -- Up-to-date: /home/stan/workspace/ws_ur_hv/install/workcell_moveit_config/share/workcell_moveit_config/environment/ament_prefix_path.sh
[0.131s] -- Up-to-date: /home/stan/workspace/ws_ur_hv/install/workcell_moveit_config/share/workcell_moveit_config/environment/ament_prefix_path.dsv
[0.131s] -- Up-to-date: /home/stan/workspace/ws_ur_hv/install/workcell_moveit_config/share/workcell_moveit_config/environment/path.sh
[0.131s] -- Up-to-date: /home/stan/workspace/ws_ur_hv/install/workcell_moveit_config/share/workcell_moveit_config/environment/path.dsv
[0.131s] -- Up-to-date: /home/stan/workspace/ws_ur_hv/install/workcell_moveit_config/share/workcell_moveit_config/local_setup.bash
[0.132s] -- Up-to-date: /home/stan/workspace/ws_ur_hv/install/workcell_moveit_config/share/workcell_moveit_config/local_setup.sh
[0.132s] -- Up-to-date: /home/stan/workspace/ws_ur_hv/install/workcell_moveit_config/share/workcell_moveit_config/local_setup.zsh
[0.132s] -- Up-to-date: /home/stan/workspace/ws_ur_hv/install/workcell_moveit_config/share/workcell_moveit_config/local_setup.dsv
[0.132s] -- Installing: /home/stan/workspace/ws_ur_hv/install/workcell_moveit_config/share/workcell_moveit_config/package.dsv
[0.132s] -- Up-to-date: /home/stan/workspace/ws_ur_hv/install/workcell_moveit_config/share/ament_index/resource_index/packages/workcell_moveit_config
[0.133s] -- Up-to-date: /home/stan/workspace/ws_ur_hv/install/workcell_moveit_config/share/workcell_moveit_config/cmake/workcell_moveit_configConfig.cmake
[0.133s] -- Up-to-date: /home/stan/workspace/ws_ur_hv/install/workcell_moveit_config/share/workcell_moveit_config/cmake/workcell_moveit_configConfig-version.cmake
[0.133s] -- Up-to-date: /home/stan/workspace/ws_ur_hv/install/workcell_moveit_config/share/workcell_moveit_config/package.xml
[0.133s] -- Up-to-date: /home/stan/workspace/ws_ur_hv/install/workcell_moveit_config/share/workcell_moveit_config/launch
[0.133s] -- Up-to-date: /home/stan/workspace/ws_ur_hv/install/workcell_moveit_config/share/workcell_moveit_config/launch/moveit_rviz.launch.py
[0.133s] -- Up-to-date: /home/stan/workspace/ws_ur_hv/install/workcell_moveit_config/share/workcell_moveit_config/launch/spawn_controllers.launch.py
[0.133s] -- Up-to-date: /home/stan/workspace/ws_ur_hv/install/workcell_moveit_config/share/workcell_moveit_config/launch/demo.launch.py
[0.133s] -- Up-to-date: /home/stan/workspace/ws_ur_hv/install/workcell_moveit_config/share/workcell_moveit_config/launch/warehouse_db.launch.py
[0.133s] -- Up-to-date: /home/stan/workspace/ws_ur_hv/install/workcell_moveit_config/share/workcell_moveit_config/launch/move_group.launch.py
[0.133s] -- Up-to-date: /home/stan/workspace/ws_ur_hv/install/workcell_moveit_config/share/workcell_moveit_config/launch/static_virtual_joint_tfs.launch.py
[0.133s] -- Up-to-date: /home/stan/workspace/ws_ur_hv/install/workcell_moveit_config/share/workcell_moveit_config/launch/setup_assistant.launch.py
[0.134s] -- Up-to-date: /home/stan/workspace/ws_ur_hv/install/workcell_moveit_config/share/workcell_moveit_config/launch/rsp.launch.py
[0.134s] -- Up-to-date: /home/stan/workspace/ws_ur_hv/install/workcell_moveit_config/share/workcell_moveit_config/config
[0.134s] -- Up-to-date: /home/stan/workspace/ws_ur_hv/install/workcell_moveit_config/share/workcell_moveit_config/config/ros2_controllers.yaml
[0.134s] -- Up-to-date: /home/stan/workspace/ws_ur_hv/install/workcell_moveit_config/share/workcell_moveit_config/config/moveit_controllers.yaml
[0.134s] -- Up-to-date: /home/stan/workspace/ws_ur_hv/install/workcell_moveit_config/share/workcell_moveit_config/config/pilz_cartesian_limits.yaml
[0.134s] -- Up-to-date: /home/stan/workspace/ws_ur_hv/install/workcell_moveit_config/share/workcell_moveit_config/config/myworkcell.srdf
[0.134s] -- Up-to-date: /home/stan/workspace/ws_ur_hv/install/workcell_moveit_config/share/workcell_moveit_config/config/myworkcell.ros2_control.xacro
[0.134s] -- Up-to-date: /home/stan/workspace/ws_ur_hv/install/workcell_moveit_config/share/workcell_moveit_config/config/moveit.rviz
[0.134s] -- Up-to-date: /home/stan/workspace/ws_ur_hv/install/workcell_moveit_config/share/workcell_moveit_config/config/initial_positions.yaml
[0.134s] -- Up-to-date: /home/stan/workspace/ws_ur_hv/install/workcell_moveit_config/share/workcell_moveit_config/config/joint_limits.yaml
[0.134s] -- Up-to-date: /home/stan/workspace/ws_ur_hv/install/workcell_moveit_config/share/workcell_moveit_config/config/myworkcell.urdf.xacro
[0.134s] -- Up-to-date: /home/stan/workspace/ws_ur_hv/install/workcell_moveit_config/share/workcell_moveit_config/config/kinematics.yaml
[0.134s] -- Up-to-date: /home/stan/workspace/ws_ur_hv/install/workcell_moveit_config/share/workcell_moveit_config/config/ompl_planning.yaml
[0.134s] -- Up-to-date: /home/stan/workspace/ws_ur_hv/install/workcell_moveit_config/share/workcell_moveit_config/.setup_assistant
[0.141s] Invoked command in '/home/stan/workspace/ws_ur_hv/build/workcell_moveit_config' returned '0': AMENT_PREFIX_PATH=/home/stan/workspace/ws_ur_hv/install/workcell_support:/home/stan/workspace/ws_ur_hv/install/workcell_core:/home/stan/workspace/ws_ur_hv/install/fake_ar_publisher:${AMENT_PREFIX_PATH} CMAKE_PREFIX_PATH=/home/stan/workspace/ws_ur_hv/install/workcell_support:/home/stan/workspace/ws_ur_hv/install/workcell_core:/home/stan/workspace/ws_ur_hv/install/fake_ar_publisher:/opt/ros/humble LD_LIBRARY_PATH=/home/stan/workspace/ws_ur_hv/install/workcell_core/lib:/home/stan/workspace/ws_ur_hv/install/fake_ar_publisher/lib:${LD_LIBRARY_PATH} PYTHONPATH=/home/stan/workspace/ws_ur_hv/install/workcell_core/local/lib/python3.10/dist-packages:/home/stan/workspace/ws_ur_hv/install/fake_ar_publisher/local/lib/python3.10/dist-packages:${PYTHONPATH} /home/stan/.local/bin/cmake --install /home/stan/workspace/ws_ur_hv/build/workcell_moveit_config
