[0.022s] Invoking command in '/home/stan/workspace/ws_ur_hv/build/ur_moveit_config': AMENT_PREFIX_PATH=/home/stan/workspace/ws_ur_hv/install/ur_description:${AMENT_PREFIX_PATH} CMAKE_PREFIX_PATH=/home/stan/workspace/ws_ur_hv/install/ur_description:/opt/ros/humble /home/stan/.local/bin/cmake --build /home/stan/workspace/ws_ur_hv/build/ur_moveit_config -- -j12 -l12
[0.090s] Built target ament_cmake_python_copy_ur_moveit_config
[0.495s] running egg_info
[0.496s] writing ur_moveit_config.egg-info/PKG-INFO
[0.497s] writing dependency_links to ur_moveit_config.egg-info/dependency_links.txt
[0.497s] writing top-level names to ur_moveit_config.egg-info/top_level.txt
[0.500s] reading manifest file 'ur_moveit_config.egg-info/SOURCES.txt'
[0.501s] writing manifest file 'ur_moveit_config.egg-info/SOURCES.txt'
[0.529s] Built target ament_cmake_python_build_ur_moveit_config_egg
[0.537s] Invoked command in '/home/stan/workspace/ws_ur_hv/build/ur_moveit_config' returned '0': AMENT_PREFIX_PATH=/home/stan/workspace/ws_ur_hv/install/ur_description:${AMENT_PREFIX_PATH} CMAKE_PREFIX_PATH=/home/stan/workspace/ws_ur_hv/install/ur_description:/opt/ros/humble /home/stan/.local/bin/cmake --build /home/stan/workspace/ws_ur_hv/build/ur_moveit_config -- -j12 -l12
[0.584s] Invoking command in '/home/stan/workspace/ws_ur_hv/build/ur_moveit_config': AMENT_PREFIX_PATH=/home/stan/workspace/ws_ur_hv/install/ur_description:${AMENT_PREFIX_PATH} CMAKE_PREFIX_PATH=/home/stan/workspace/ws_ur_hv/install/ur_description:/opt/ros/humble /home/stan/.local/bin/cmake --install /home/stan/workspace/ws_ur_hv/build/ur_moveit_config
[0.626s] -- Install configuration: "Release"
[0.626s] -- Up-to-date: /home/stan/workspace/ws_ur_hv/install/ur_moveit_config/share/ur_moveit_config/config
[0.627s] -- Up-to-date: /home/stan/workspace/ws_ur_hv/install/ur_moveit_config/share/ur_moveit_config/config/controllers.yaml
[0.627s] -- Up-to-date: /home/stan/workspace/ws_ur_hv/install/ur_moveit_config/share/ur_moveit_config/config/ur_servo.yaml
[0.627s] -- Up-to-date: /home/stan/workspace/ws_ur_hv/install/ur_moveit_config/share/ur_moveit_config/config/kinematics.yaml
[0.627s] -- Up-to-date: /home/stan/workspace/ws_ur_hv/install/ur_moveit_config/share/ur_moveit_config/config/ompl_planning.yaml
[0.627s] -- Up-to-date: /home/stan/workspace/ws_ur_hv/install/ur_moveit_config/share/ur_moveit_config/launch
[0.627s] -- Up-to-date: /home/stan/workspace/ws_ur_hv/install/ur_moveit_config/share/ur_moveit_config/launch/ur_moveit.launch.py
[0.627s] -- Up-to-date: /home/stan/workspace/ws_ur_hv/install/ur_moveit_config/share/ur_moveit_config/rviz
[0.627s] -- Up-to-date: /home/stan/workspace/ws_ur_hv/install/ur_moveit_config/share/ur_moveit_config/rviz/view_robot.rviz
[0.627s] -- Up-to-date: /home/stan/workspace/ws_ur_hv/install/ur_moveit_config/share/ur_moveit_config/srdf
[0.627s] -- Up-to-date: /home/stan/workspace/ws_ur_hv/install/ur_moveit_config/share/ur_moveit_config/srdf/ur_macro.srdf.xacro
[0.627s] -- Up-to-date: /home/stan/workspace/ws_ur_hv/install/ur_moveit_config/share/ur_moveit_config/srdf/ur.srdf.xacro
[0.628s] -- Up-to-date: /home/stan/workspace/ws_ur_hv/install/ur_moveit_config/share/ur_moveit_config/environment/pythonpath.sh
[0.628s] -- Up-to-date: /home/stan/workspace/ws_ur_hv/install/ur_moveit_config/share/ur_moveit_config/environment/pythonpath.dsv
[0.628s] -- Up-to-date: /home/stan/workspace/ws_ur_hv/install/ur_moveit_config/local/lib/python3.10/dist-packages/ur_moveit_config-2.2.6-py3.10.egg-info
[0.628s] -- Installing: /home/stan/workspace/ws_ur_hv/install/ur_moveit_config/local/lib/python3.10/dist-packages/ur_moveit_config-2.2.6-py3.10.egg-info/PKG-INFO
[0.628s] -- Installing: /home/stan/workspace/ws_ur_hv/install/ur_moveit_config/local/lib/python3.10/dist-packages/ur_moveit_config-2.2.6-py3.10.egg-info/top_level.txt
[0.628s] -- Installing: /home/stan/workspace/ws_ur_hv/install/ur_moveit_config/local/lib/python3.10/dist-packages/ur_moveit_config-2.2.6-py3.10.egg-info/dependency_links.txt
[0.628s] -- Installing: /home/stan/workspace/ws_ur_hv/install/ur_moveit_config/local/lib/python3.10/dist-packages/ur_moveit_config-2.2.6-py3.10.egg-info/SOURCES.txt
[0.628s] -- Up-to-date: /home/stan/workspace/ws_ur_hv/install/ur_moveit_config/local/lib/python3.10/dist-packages/ur_moveit_config
[0.628s] -- Up-to-date: /home/stan/workspace/ws_ur_hv/install/ur_moveit_config/local/lib/python3.10/dist-packages/ur_moveit_config/__init__.py
[0.628s] -- Up-to-date: /home/stan/workspace/ws_ur_hv/install/ur_moveit_config/local/lib/python3.10/dist-packages/ur_moveit_config/launch_common.py
[0.643s] Listing '/home/stan/workspace/ws_ur_hv/install/ur_moveit_config/local/lib/python3.10/dist-packages/ur_moveit_config'...
[0.648s] -- Up-to-date: /home/stan/workspace/ws_ur_hv/install/ur_moveit_config/local/lib/python3.10/dist-packages/launch_common.py
[0.690s] -- Up-to-date: /home/stan/workspace/ws_ur_hv/install/ur_moveit_config/share/ament_index/resource_index/package_run_dependencies/ur_moveit_config
[0.690s] -- Up-to-date: /home/stan/workspace/ws_ur_hv/install/ur_moveit_config/share/ament_index/resource_index/parent_prefix_path/ur_moveit_config
[0.691s] -- Up-to-date: /home/stan/workspace/ws_ur_hv/install/ur_moveit_config/share/ur_moveit_config/environment/ament_prefix_path.sh
[0.691s] -- Up-to-date: /home/stan/workspace/ws_ur_hv/install/ur_moveit_config/share/ur_moveit_config/environment/ament_prefix_path.dsv
[0.691s] -- Up-to-date: /home/stan/workspace/ws_ur_hv/install/ur_moveit_config/share/ur_moveit_config/environment/path.sh
[0.691s] -- Up-to-date: /home/stan/workspace/ws_ur_hv/install/ur_moveit_config/share/ur_moveit_config/environment/path.dsv
[0.691s] -- Up-to-date: /home/stan/workspace/ws_ur_hv/install/ur_moveit_config/share/ur_moveit_config/local_setup.bash
[0.691s] -- Up-to-date: /home/stan/workspace/ws_ur_hv/install/ur_moveit_config/share/ur_moveit_config/local_setup.sh
[0.691s] -- Up-to-date: /home/stan/workspace/ws_ur_hv/install/ur_moveit_config/share/ur_moveit_config/local_setup.zsh
[0.692s] -- Up-to-date: /home/stan/workspace/ws_ur_hv/install/ur_moveit_config/share/ur_moveit_config/local_setup.dsv
[0.692s] -- Installing: /home/stan/workspace/ws_ur_hv/install/ur_moveit_config/share/ur_moveit_config/package.dsv
[0.692s] -- Up-to-date: /home/stan/workspace/ws_ur_hv/install/ur_moveit_config/share/ament_index/resource_index/packages/ur_moveit_config
[0.692s] -- Up-to-date: /home/stan/workspace/ws_ur_hv/install/ur_moveit_config/share/ur_moveit_config/cmake/ur_moveit_configConfig.cmake
[0.692s] -- Up-to-date: /home/stan/workspace/ws_ur_hv/install/ur_moveit_config/share/ur_moveit_config/cmake/ur_moveit_configConfig-version.cmake
[0.692s] -- Up-to-date: /home/stan/workspace/ws_ur_hv/install/ur_moveit_config/share/ur_moveit_config/package.xml
[0.723s] Invoked command in '/home/stan/workspace/ws_ur_hv/build/ur_moveit_config' returned '0': AMENT_PREFIX_PATH=/home/stan/workspace/ws_ur_hv/install/ur_description:${AMENT_PREFIX_PATH} CMAKE_PREFIX_PATH=/home/stan/workspace/ws_ur_hv/install/ur_description:/opt/ros/humble /home/stan/.local/bin/cmake --install /home/stan/workspace/ws_ur_hv/build/ur_moveit_config
