[0.017s] Invoking command in '/home/stan/workspace/ws_ur_hv/build/ur_calibration': AMENT_PREFIX_PATH=/home/stan/workspace/ws_ur_hv/install/ur_robot_driver:/home/stan/workspace/ws_ur_hv/install/ur_controllers:/home/stan/workspace/ws_ur_hv/install/ur_description:/home/stan/workspace/ws_ur_hv/install/ur_dashboard_msgs:${AMENT_PREFIX_PATH} CMAKE_PREFIX_PATH=/home/stan/workspace/ws_ur_hv/install/ur_robot_driver:/home/stan/workspace/ws_ur_hv/install/ur_controllers:/home/stan/workspace/ws_ur_hv/install/ur_description:/home/stan/workspace/ws_ur_hv/install/ur_dashboard_msgs:/opt/ros/humble LD_LIBRARY_PATH=/home/stan/workspace/ws_ur_hv/install/ur_robot_driver/lib:/home/stan/workspace/ws_ur_hv/install/ur_controllers/lib:/home/stan/workspace/ws_ur_hv/install/ur_dashboard_msgs/lib:${LD_LIBRARY_PATH} PATH=/home/stan/workspace/ws_ur_hv/install/ur_robot_driver/bin:${PATH} PYTHONPATH=/home/stan/workspace/ws_ur_hv/install/ur_robot_driver/local/lib/python3.10/dist-packages:/home/stan/workspace/ws_ur_hv/install/ur_dashboard_msgs/local/lib/python3.10/dist-packages:${PYTHONPATH} /home/stan/.local/bin/cmake /home/stan/workspace/ws_ur_hv/src/Universal_Robots_ROS2_Driver/ur_calibration -DCMAKE_BUILD_TYPE=Release -DCMAKE_INSTALL_PREFIX=/home/stan/workspace/ws_ur_hv/install/ur_calibration
[0.107s] -- The C compiler identification is GNU 11.3.0
[0.172s] -- The CXX compiler identification is GNU 11.3.0
[0.184s] -- Detecting C compiler ABI info
[0.252s] -- Detecting C compiler ABI info - done
[0.269s] -- Check for working C compiler: /usr/bin/cc - skipped
[0.269s] -- Detecting C compile features
[0.270s] -- Detecting C compile features - done
[0.276s] -- Detecting CXX compiler ABI info
[0.357s] -- Detecting CXX compiler ABI info - done
[0.376s] -- Check for working CXX compiler: /usr/bin/c++ - skipped
[0.376s] -- Detecting CXX compile features
[0.377s] -- Detecting CXX compile features - done
[0.382s] -- Found ament_cmake: 1.3.5 (/opt/ros/humble/share/ament_cmake/cmake)
[0.818s] -- Found Python3: /usr/bin/python3.10 (found version "3.10.6") found components: Interpreter 
[0.972s] -- Found rclcpp: 16.0.4 (/opt/ros/humble/share/rclcpp/cmake)
[1.051s] -- Found rosidl_generator_c: 3.1.4 (/opt/ros/humble/share/rosidl_generator_c/cmake)
[1.058s] -- Found rosidl_adapter: 3.1.4 (/opt/ros/humble/share/rosidl_adapter/cmake)
[1.071s] -- Found rosidl_generator_cpp: 3.1.4 (/opt/ros/humble/share/rosidl_generator_cpp/cmake)
[1.090s] -- Using all available rosidl_typesupport_c: rosidl_typesupport_fastrtps_c;rosidl_typesupport_introspection_c
[1.117s] -- Using all available rosidl_typesupport_cpp: rosidl_typesupport_fastrtps_cpp;rosidl_typesupport_introspection_cpp
[1.211s] -- Found rmw_implementation_cmake: 6.1.1 (/opt/ros/humble/share/rmw_implementation_cmake/cmake)
[1.214s] -- Found rmw_fastrtps_cpp: 6.2.2 (/opt/ros/humble/share/rmw_fastrtps_cpp/cmake)
[1.327s] -- Found OpenSSL: /usr/lib/x86_64-linux-gnu/libcrypto.so (found version "3.0.2")  
[1.360s] -- Found FastRTPS: /opt/ros/humble/include  
[1.417s] -- Using RMW implementation 'rmw_fastrtps_cpp' as default
[1.429s] -- Performing Test CMAKE_HAVE_LIBC_PTHREAD
[1.503s] -- Performing Test CMAKE_HAVE_LIBC_PTHREAD - Success
[1.504s] -- Found Threads: TRUE  
[1.707s] -- Found ur_robot_driver: 2.2.6 (/home/stan/workspace/ws_ur_hv/install/ur_robot_driver/share/ur_robot_driver/cmake)
[3.609s] -- Found eigen3_cmake_module: 0.1.1 (/opt/ros/humble/share/eigen3_cmake_module/cmake)
[3.610s] -- Found Eigen3: TRUE (found version "3.4.0") 
[3.610s] -- Ensuring Eigen3 include directory is part of orocos-kdl CMake target
[5.860s] -- Found ament_cmake_gmock: 1.3.5 (/opt/ros/humble/share/ament_cmake_gmock/cmake)
[5.863s] -- Found gmock sources under '/opt/ros/humble/src/gmock_vendor': C++ tests using 'Google Mock' will be built
[5.869s] -- Found ament_cmake_gtest: 1.3.5 (/opt/ros/humble/share/ament_cmake_gtest/cmake)
[5.870s] -- Found gtest sources under '/opt/ros/humble/src/gtest_vendor': C++ tests using 'Google Test' will be built
[5.946s] -- Configuring done (5.9s)
[6.059s] -- Generating done (0.1s)
[6.062s] -- Build files have been written to: /home/stan/workspace/ws_ur_hv/build/ur_calibration
[6.081s] Invoked command in '/home/stan/workspace/ws_ur_hv/build/ur_calibration' returned '0': AMENT_PREFIX_PATH=/home/stan/workspace/ws_ur_hv/install/ur_robot_driver:/home/stan/workspace/ws_ur_hv/install/ur_controllers:/home/stan/workspace/ws_ur_hv/install/ur_description:/home/stan/workspace/ws_ur_hv/install/ur_dashboard_msgs:${AMENT_PREFIX_PATH} CMAKE_PREFIX_PATH=/home/stan/workspace/ws_ur_hv/install/ur_robot_driver:/home/stan/workspace/ws_ur_hv/install/ur_controllers:/home/stan/workspace/ws_ur_hv/install/ur_description:/home/stan/workspace/ws_ur_hv/install/ur_dashboard_msgs:/opt/ros/humble LD_LIBRARY_PATH=/home/stan/workspace/ws_ur_hv/install/ur_robot_driver/lib:/home/stan/workspace/ws_ur_hv/install/ur_controllers/lib:/home/stan/workspace/ws_ur_hv/install/ur_dashboard_msgs/lib:${LD_LIBRARY_PATH} PATH=/home/stan/workspace/ws_ur_hv/install/ur_robot_driver/bin:${PATH} PYTHONPATH=/home/stan/workspace/ws_ur_hv/install/ur_robot_driver/local/lib/python3.10/dist-packages:/home/stan/workspace/ws_ur_hv/install/ur_dashboard_msgs/local/lib/python3.10/dist-packages:${PYTHONPATH} /home/stan/.local/bin/cmake /home/stan/workspace/ws_ur_hv/src/Universal_Robots_ROS2_Driver/ur_calibration -DCMAKE_BUILD_TYPE=Release -DCMAKE_INSTALL_PREFIX=/home/stan/workspace/ws_ur_hv/install/ur_calibration
[6.084s] Invoking command in '/home/stan/workspace/ws_ur_hv/build/ur_calibration': AMENT_PREFIX_PATH=/home/stan/workspace/ws_ur_hv/install/ur_robot_driver:/home/stan/workspace/ws_ur_hv/install/ur_controllers:/home/stan/workspace/ws_ur_hv/install/ur_description:/home/stan/workspace/ws_ur_hv/install/ur_dashboard_msgs:${AMENT_PREFIX_PATH} CMAKE_PREFIX_PATH=/home/stan/workspace/ws_ur_hv/install/ur_robot_driver:/home/stan/workspace/ws_ur_hv/install/ur_controllers:/home/stan/workspace/ws_ur_hv/install/ur_description:/home/stan/workspace/ws_ur_hv/install/ur_dashboard_msgs:/opt/ros/humble LD_LIBRARY_PATH=/home/stan/workspace/ws_ur_hv/install/ur_robot_driver/lib:/home/stan/workspace/ws_ur_hv/install/ur_controllers/lib:/home/stan/workspace/ws_ur_hv/install/ur_dashboard_msgs/lib:${LD_LIBRARY_PATH} PATH=/home/stan/workspace/ws_ur_hv/install/ur_robot_driver/bin:${PATH} PYTHONPATH=/home/stan/workspace/ws_ur_hv/install/ur_robot_driver/local/lib/python3.10/dist-packages:/home/stan/workspace/ws_ur_hv/install/ur_dashboard_msgs/local/lib/python3.10/dist-packages:${PYTHONPATH} /home/stan/.local/bin/cmake --build /home/stan/workspace/ws_ur_hv/build/ur_calibration -- -j12 -l12
[6.140s] [  8%] [32mBuilding CXX object CMakeFiles/calibration.dir/src/calibration.cpp.o[0m
[6.140s] [ 16%] [32mBuilding CXX object CMakeFiles/calibration.dir/src/calibration_consumer.cpp.o[0m
[6.141s] [ 25%] [32mBuilding CXX object gmock/CMakeFiles/gmock_main.dir/src/gmock_main.cc.o[0m
[6.141s] [ 33%] [32mBuilding CXX object gmock/CMakeFiles/gmock.dir/opt/ros/humble/src/gtest_vendor/src/gtest-all.cc.o[0m
[6.141s] [ 41%] [32mBuilding CXX object gmock/CMakeFiles/gmock.dir/src/gmock-all.cc.o[0m
[7.445s] [ 50%] [32m[1mLinking CXX static library libgmock_main.a[0m
[7.493s] [ 50%] Built target gmock_main
[13.092s] [ 58%] [32m[1mLinking CXX static library libcalibration.a[0m
[13.141s] [ 58%] Built target calibration
[13.154s] [ 66%] [32mBuilding CXX object CMakeFiles/calibration_correction.dir/src/calibration_correction.cpp.o[0m
[14.020s] [ 75%] [32m[1mLinking CXX static library libgmock.a[0m
[14.087s] [ 75%] Built target gmock
[14.100s] [ 83%] [32mBuilding CXX object CMakeFiles/calibration_test.dir/test/calibration_test.cpp.o[0m
[18.854s] [ 91%] [32m[1mLinking CXX executable calibration_correction[0m
[19.069s] [ 91%] Built target calibration_correction
[19.649s] [100%] [32m[1mLinking CXX executable calibration_test[0m
[19.850s] [100%] Built target calibration_test
[19.862s] Invoked command in '/home/stan/workspace/ws_ur_hv/build/ur_calibration' returned '0': AMENT_PREFIX_PATH=/home/stan/workspace/ws_ur_hv/install/ur_robot_driver:/home/stan/workspace/ws_ur_hv/install/ur_controllers:/home/stan/workspace/ws_ur_hv/install/ur_description:/home/stan/workspace/ws_ur_hv/install/ur_dashboard_msgs:${AMENT_PREFIX_PATH} CMAKE_PREFIX_PATH=/home/stan/workspace/ws_ur_hv/install/ur_robot_driver:/home/stan/workspace/ws_ur_hv/install/ur_controllers:/home/stan/workspace/ws_ur_hv/install/ur_description:/home/stan/workspace/ws_ur_hv/install/ur_dashboard_msgs:/opt/ros/humble LD_LIBRARY_PATH=/home/stan/workspace/ws_ur_hv/install/ur_robot_driver/lib:/home/stan/workspace/ws_ur_hv/install/ur_controllers/lib:/home/stan/workspace/ws_ur_hv/install/ur_dashboard_msgs/lib:${LD_LIBRARY_PATH} PATH=/home/stan/workspace/ws_ur_hv/install/ur_robot_driver/bin:${PATH} PYTHONPATH=/home/stan/workspace/ws_ur_hv/install/ur_robot_driver/local/lib/python3.10/dist-packages:/home/stan/workspace/ws_ur_hv/install/ur_dashboard_msgs/local/lib/python3.10/dist-packages:${PYTHONPATH} /home/stan/.local/bin/cmake --build /home/stan/workspace/ws_ur_hv/build/ur_calibration -- -j12 -l12
[19.924s] Invoking command in '/home/stan/workspace/ws_ur_hv/build/ur_calibration': AMENT_PREFIX_PATH=/home/stan/workspace/ws_ur_hv/install/ur_robot_driver:/home/stan/workspace/ws_ur_hv/install/ur_controllers:/home/stan/workspace/ws_ur_hv/install/ur_description:/home/stan/workspace/ws_ur_hv/install/ur_dashboard_msgs:${AMENT_PREFIX_PATH} CMAKE_PREFIX_PATH=/home/stan/workspace/ws_ur_hv/install/ur_robot_driver:/home/stan/workspace/ws_ur_hv/install/ur_controllers:/home/stan/workspace/ws_ur_hv/install/ur_description:/home/stan/workspace/ws_ur_hv/install/ur_dashboard_msgs:/opt/ros/humble LD_LIBRARY_PATH=/home/stan/workspace/ws_ur_hv/install/ur_robot_driver/lib:/home/stan/workspace/ws_ur_hv/install/ur_controllers/lib:/home/stan/workspace/ws_ur_hv/install/ur_dashboard_msgs/lib:${LD_LIBRARY_PATH} PATH=/home/stan/workspace/ws_ur_hv/install/ur_robot_driver/bin:${PATH} PYTHONPATH=/home/stan/workspace/ws_ur_hv/install/ur_robot_driver/local/lib/python3.10/dist-packages:/home/stan/workspace/ws_ur_hv/install/ur_dashboard_msgs/local/lib/python3.10/dist-packages:${PYTHONPATH} /home/stan/.local/bin/cmake --install /home/stan/workspace/ws_ur_hv/build/ur_calibration
[19.951s] -- Install configuration: "Release"
[19.952s] -- Installing: /home/stan/workspace/ws_ur_hv/install/ur_calibration/lib/ur_calibration/calibration_correction
[19.953s] -- Set runtime path of "/home/stan/workspace/ws_ur_hv/install/ur_calibration/lib/ur_calibration/calibration_correction" to ""
[19.953s] -- Installing: /home/stan/workspace/ws_ur_hv/install/ur_calibration/include
[19.953s] -- Installing: /home/stan/workspace/ws_ur_hv/install/ur_calibration/include/ur_calibration
[19.953s] -- Installing: /home/stan/workspace/ws_ur_hv/install/ur_calibration/include/ur_calibration/calibration_consumer.hpp
[19.953s] -- Installing: /home/stan/workspace/ws_ur_hv/install/ur_calibration/include/ur_calibration/calibration.hpp
[19.953s] -- Installing: /home/stan/workspace/ws_ur_hv/install/ur_calibration/share/ur_calibration/launch
[19.954s] -- Installing: /home/stan/workspace/ws_ur_hv/install/ur_calibration/share/ur_calibration/launch/calibration_correction.launch.py
[19.954s] -- Installing: /home/stan/workspace/ws_ur_hv/install/ur_calibration/share/ament_index/resource_index/package_run_dependencies/ur_calibration
[19.954s] -- Installing: /home/stan/workspace/ws_ur_hv/install/ur_calibration/share/ament_index/resource_index/parent_prefix_path/ur_calibration
[19.954s] -- Installing: /home/stan/workspace/ws_ur_hv/install/ur_calibration/share/ur_calibration/environment/ament_prefix_path.sh
[19.954s] -- Installing: /home/stan/workspace/ws_ur_hv/install/ur_calibration/share/ur_calibration/environment/ament_prefix_path.dsv
[19.954s] -- Installing: /home/stan/workspace/ws_ur_hv/install/ur_calibration/share/ur_calibration/environment/path.sh
[19.954s] -- Installing: /home/stan/workspace/ws_ur_hv/install/ur_calibration/share/ur_calibration/environment/path.dsv
[19.954s] -- Installing: /home/stan/workspace/ws_ur_hv/install/ur_calibration/share/ur_calibration/local_setup.bash
[19.954s] -- Installing: /home/stan/workspace/ws_ur_hv/install/ur_calibration/share/ur_calibration/local_setup.sh
[19.955s] -- Installing: /home/stan/workspace/ws_ur_hv/install/ur_calibration/share/ur_calibration/local_setup.zsh
[19.955s] -- Installing: /home/stan/workspace/ws_ur_hv/install/ur_calibration/share/ur_calibration/local_setup.dsv
[19.955s] -- Installing: /home/stan/workspace/ws_ur_hv/install/ur_calibration/share/ur_calibration/package.dsv
[19.955s] -- Installing: /home/stan/workspace/ws_ur_hv/install/ur_calibration/share/ament_index/resource_index/packages/ur_calibration
[19.955s] -- Installing: /home/stan/workspace/ws_ur_hv/install/ur_calibration/share/ur_calibration/cmake/ament_cmake_export_include_directories-extras.cmake
[19.955s] -- Installing: /home/stan/workspace/ws_ur_hv/install/ur_calibration/share/ur_calibration/cmake/ament_cmake_export_dependencies-extras.cmake
[19.956s] -- Installing: /home/stan/workspace/ws_ur_hv/install/ur_calibration/share/ur_calibration/cmake/ur_calibrationConfig.cmake
[19.956s] -- Installing: /home/stan/workspace/ws_ur_hv/install/ur_calibration/share/ur_calibration/cmake/ur_calibrationConfig-version.cmake
[19.956s] -- Installing: /home/stan/workspace/ws_ur_hv/install/ur_calibration/share/ur_calibration/package.xml
[19.964s] Invoked command in '/home/stan/workspace/ws_ur_hv/build/ur_calibration' returned '0': AMENT_PREFIX_PATH=/home/stan/workspace/ws_ur_hv/install/ur_robot_driver:/home/stan/workspace/ws_ur_hv/install/ur_controllers:/home/stan/workspace/ws_ur_hv/install/ur_description:/home/stan/workspace/ws_ur_hv/install/ur_dashboard_msgs:${AMENT_PREFIX_PATH} CMAKE_PREFIX_PATH=/home/stan/workspace/ws_ur_hv/install/ur_robot_driver:/home/stan/workspace/ws_ur_hv/install/ur_controllers:/home/stan/workspace/ws_ur_hv/install/ur_description:/home/stan/workspace/ws_ur_hv/install/ur_dashboard_msgs:/opt/ros/humble LD_LIBRARY_PATH=/home/stan/workspace/ws_ur_hv/install/ur_robot_driver/lib:/home/stan/workspace/ws_ur_hv/install/ur_controllers/lib:/home/stan/workspace/ws_ur_hv/install/ur_dashboard_msgs/lib:${LD_LIBRARY_PATH} PATH=/home/stan/workspace/ws_ur_hv/install/ur_robot_driver/bin:${PATH} PYTHONPATH=/home/stan/workspace/ws_ur_hv/install/ur_robot_driver/local/lib/python3.10/dist-packages:/home/stan/workspace/ws_ur_hv/install/ur_dashboard_msgs/local/lib/python3.10/dist-packages:${PYTHONPATH} /home/stan/.local/bin/cmake --install /home/stan/workspace/ws_ur_hv/build/ur_calibration
