[0.037s] Invoking command in '/home/stan/workspace/ws_ur_hv/build/ur_description': CMAKE_PREFIX_PATH=/opt/ros/humble /home/stan/.local/bin/cmake /home/stan/workspace/ws_ur_hv/src/Universal_Robots_ROS2_Description -DCMAKE_INSTALL_PREFIX=/home/stan/workspace/ws_ur_hv/install/ur_description
[0.106s] -- Found ament_cmake: 1.3.5 (/opt/ros/humble/share/ament_cmake/cmake)
[0.245s] -- Found ament_cmake_pytest: 1.3.5 (/opt/ros/humble/share/ament_cmake_pytest/cmake)
[1.808s] -- Configuring done (1.7s)
[1.814s] -- Generating done (0.0s)
[1.816s] -- Build files have been written to: /home/stan/workspace/ws_ur_hv/build/ur_description
[1.825s] Invoked command in '/home/stan/workspace/ws_ur_hv/build/ur_description' returned '0': CMAKE_PREFIX_PATH=/opt/ros/humble /home/stan/.local/bin/cmake /home/stan/workspace/ws_ur_hv/src/Universal_Robots_ROS2_Description -DCMAKE_INSTALL_PREFIX=/home/stan/workspace/ws_ur_hv/install/ur_description
[1.828s] Invoking command in '/home/stan/workspace/ws_ur_hv/build/ur_description': CMAKE_PREFIX_PATH=/opt/ros/humble /home/stan/.local/bin/cmake --build /home/stan/workspace/ws_ur_hv/build/ur_description -- -j12 -l12
[1.914s] Invoked command in '/home/stan/workspace/ws_ur_hv/build/ur_description' returned '0': CMAKE_PREFIX_PATH=/opt/ros/humble /home/stan/.local/bin/cmake --build /home/stan/workspace/ws_ur_hv/build/ur_description -- -j12 -l12
[1.988s] Invoking command in '/home/stan/workspace/ws_ur_hv/build/ur_description': CMAKE_PREFIX_PATH=/opt/ros/humble /home/stan/.local/bin/cmake --install /home/stan/workspace/ws_ur_hv/build/ur_description
[2.032s] -- Install configuration: "Release"
[2.040s] -- Up-to-date: /home/stan/workspace/ws_ur_hv/install/ur_description/share/ur_description/config
[2.041s] -- Up-to-date: /home/stan/workspace/ws_ur_hv/install/ur_description/share/ur_description/config/ur16e
[2.042s] -- Up-to-date: /home/stan/workspace/ws_ur_hv/install/ur_description/share/ur_description/config/ur16e/default_kinematics.yaml
[2.042s] -- Up-to-date: /home/stan/workspace/ws_ur_hv/install/ur_description/share/ur_description/config/ur16e/visual_parameters.yaml
[2.042s] -- Up-to-date: /home/stan/workspace/ws_ur_hv/install/ur_description/share/ur_description/config/ur16e/joint_limits.yaml
[2.042s] -- Up-to-date: /home/stan/workspace/ws_ur_hv/install/ur_description/share/ur_description/config/ur16e/physical_parameters.yaml
[2.042s] -- Up-to-date: /home/stan/workspace/ws_ur_hv/install/ur_description/share/ur_description/config/ur5e
[2.042s] -- Up-to-date: /home/stan/workspace/ws_ur_hv/install/ur_description/share/ur_description/config/ur5e/default_kinematics.yaml
[2.043s] -- Up-to-date: /home/stan/workspace/ws_ur_hv/install/ur_description/share/ur_description/config/ur5e/visual_parameters.yaml
[2.053s] -- Up-to-date: /home/stan/workspace/ws_ur_hv/install/ur_description/share/ur_description/config/ur5e/joint_limits.yaml
[2.059s] -- Up-to-date: /home/stan/workspace/ws_ur_hv/install/ur_description/share/ur_description/config/ur5e/physical_parameters.yaml
[2.059s] -- Up-to-date: /home/stan/workspace/ws_ur_hv/install/ur_description/share/ur_description/config/ur3e
[2.059s] -- Up-to-date: /home/stan/workspace/ws_ur_hv/install/ur_description/share/ur_description/config/ur3e/default_kinematics.yaml
[2.060s] -- Up-to-date: /home/stan/workspace/ws_ur_hv/install/ur_description/share/ur_description/config/ur3e/visual_parameters.yaml
[2.060s] -- Up-to-date: /home/stan/workspace/ws_ur_hv/install/ur_description/share/ur_description/config/ur3e/joint_limits.yaml
[2.060s] -- Up-to-date: /home/stan/workspace/ws_ur_hv/install/ur_description/share/ur_description/config/ur3e/physical_parameters.yaml
[2.060s] -- Up-to-date: /home/stan/workspace/ws_ur_hv/install/ur_description/share/ur_description/config/ur10
[2.061s] -- Up-to-date: /home/stan/workspace/ws_ur_hv/install/ur_description/share/ur_description/config/ur10/default_kinematics.yaml
[2.061s] -- Up-to-date: /home/stan/workspace/ws_ur_hv/install/ur_description/share/ur_description/config/ur10/visual_parameters.yaml
[2.061s] -- Up-to-date: /home/stan/workspace/ws_ur_hv/install/ur_description/share/ur_description/config/ur10/joint_limits.yaml
[2.061s] -- Up-to-date: /home/stan/workspace/ws_ur_hv/install/ur_description/share/ur_description/config/ur10/physical_parameters.yaml
[2.062s] -- Up-to-date: /home/stan/workspace/ws_ur_hv/install/ur_description/share/ur_description/config/ur3
[2.062s] -- Up-to-date: /home/stan/workspace/ws_ur_hv/install/ur_description/share/ur_description/config/ur3/default_kinematics.yaml
[2.062s] -- Up-to-date: /home/stan/workspace/ws_ur_hv/install/ur_description/share/ur_description/config/ur3/visual_parameters.yaml
[2.062s] -- Up-to-date: /home/stan/workspace/ws_ur_hv/install/ur_description/share/ur_description/config/ur3/joint_limits.yaml
[2.062s] -- Up-to-date: /home/stan/workspace/ws_ur_hv/install/ur_description/share/ur_description/config/ur3/physical_parameters.yaml
[2.063s] -- Up-to-date: /home/stan/workspace/ws_ur_hv/install/ur_description/share/ur_description/config/ur5
[2.065s] -- Up-to-date: /home/stan/workspace/ws_ur_hv/install/ur_description/share/ur_description/config/ur5/default_kinematics.yaml
[2.066s] -- Up-to-date: /home/stan/workspace/ws_ur_hv/install/ur_description/share/ur_description/config/ur5/visual_parameters.yaml
[2.066s] -- Up-to-date: /home/stan/workspace/ws_ur_hv/install/ur_description/share/ur_description/config/ur5/joint_limits.yaml
[2.066s] -- Up-to-date: /home/stan/workspace/ws_ur_hv/install/ur_description/share/ur_description/config/ur5/physical_parameters.yaml
[2.067s] -- Up-to-date: /home/stan/workspace/ws_ur_hv/install/ur_description/share/ur_description/config/initial_positions.yaml
[2.067s] -- Up-to-date: /home/stan/workspace/ws_ur_hv/install/ur_description/share/ur_description/config/ur10e
[2.067s] -- Up-to-date: /home/stan/workspace/ws_ur_hv/install/ur_description/share/ur_description/config/ur10e/default_kinematics.yaml
[2.068s] -- Up-to-date: /home/stan/workspace/ws_ur_hv/install/ur_description/share/ur_description/config/ur10e/visual_parameters.yaml
[2.068s] -- Up-to-date: /home/stan/workspace/ws_ur_hv/install/ur_description/share/ur_description/config/ur10e/joint_limits.yaml
[2.069s] -- Up-to-date: /home/stan/workspace/ws_ur_hv/install/ur_description/share/ur_description/config/ur10e/physical_parameters.yaml
[2.069s] -- Up-to-date: /home/stan/workspace/ws_ur_hv/install/ur_description/share/ur_description/launch
[2.070s] -- Up-to-date: /home/stan/workspace/ws_ur_hv/install/ur_description/share/ur_description/launch/view_ur.launch.py
[2.073s] -- Up-to-date: /home/stan/workspace/ws_ur_hv/install/ur_description/share/ur_description/meshes
[2.074s] -- Up-to-date: /home/stan/workspace/ws_ur_hv/install/ur_description/share/ur_description/meshes/ur16e
[2.074s] -- Up-to-date: /home/stan/workspace/ws_ur_hv/install/ur_description/share/ur_description/meshes/ur16e/collision
[2.074s] -- Up-to-date: /home/stan/workspace/ws_ur_hv/install/ur_description/share/ur_description/meshes/ur16e/collision/forearm.stl
[2.075s] -- Up-to-date: /home/stan/workspace/ws_ur_hv/install/ur_description/share/ur_description/meshes/ur16e/collision/upperarm.stl
[2.075s] -- Up-to-date: /home/stan/workspace/ws_ur_hv/install/ur_description/share/ur_description/meshes/ur16e/visual
[2.076s] -- Up-to-date: /home/stan/workspace/ws_ur_hv/install/ur_description/share/ur_description/meshes/ur16e/visual/forearm.dae
[2.076s] -- Up-to-date: /home/stan/workspace/ws_ur_hv/install/ur_description/share/ur_description/meshes/ur16e/visual/upperarm.dae
[2.076s] -- Up-to-date: /home/stan/workspace/ws_ur_hv/install/ur_description/share/ur_description/meshes/ur5e
[2.077s] -- Up-to-date: /home/stan/workspace/ws_ur_hv/install/ur_description/share/ur_description/meshes/ur5e/collision
[2.077s] -- Up-to-date: /home/stan/workspace/ws_ur_hv/install/ur_description/share/ur_description/meshes/ur5e/collision/wrist3.stl
[2.077s] -- Up-to-date: /home/stan/workspace/ws_ur_hv/install/ur_description/share/ur_description/meshes/ur5e/collision/forearm.stl
[2.078s] -- Up-to-date: /home/stan/workspace/ws_ur_hv/install/ur_description/share/ur_description/meshes/ur5e/collision/shoulder.stl
[2.078s] -- Up-to-date: /home/stan/workspace/ws_ur_hv/install/ur_description/share/ur_description/meshes/ur5e/collision/upperarm.stl
[2.078s] -- Up-to-date: /home/stan/workspace/ws_ur_hv/install/ur_description/share/ur_description/meshes/ur5e/collision/base.stl
[2.079s] -- Up-to-date: /home/stan/workspace/ws_ur_hv/install/ur_description/share/ur_description/meshes/ur5e/collision/wrist2.stl
[2.079s] -- Up-to-date: /home/stan/workspace/ws_ur_hv/install/ur_description/share/ur_description/meshes/ur5e/collision/wrist1.stl
[2.079s] -- Up-to-date: /home/stan/workspace/ws_ur_hv/install/ur_description/share/ur_description/meshes/ur5e/visual
[2.080s] -- Up-to-date: /home/stan/workspace/ws_ur_hv/install/ur_description/share/ur_description/meshes/ur5e/visual/wrist2.dae
[2.080s] -- Up-to-date: /home/stan/workspace/ws_ur_hv/install/ur_description/share/ur_description/meshes/ur5e/visual/forearm.dae
[2.081s] -- Up-to-date: /home/stan/workspace/ws_ur_hv/install/ur_description/share/ur_description/meshes/ur5e/visual/upperarm.dae
[2.081s] -- Up-to-date: /home/stan/workspace/ws_ur_hv/install/ur_description/share/ur_description/meshes/ur5e/visual/shoulder.dae
[2.081s] -- Up-to-date: /home/stan/workspace/ws_ur_hv/install/ur_description/share/ur_description/meshes/ur5e/visual/wrist1.dae
[2.081s] -- Up-to-date: /home/stan/workspace/ws_ur_hv/install/ur_description/share/ur_description/meshes/ur5e/visual/base.dae
[2.081s] -- Up-to-date: /home/stan/workspace/ws_ur_hv/install/ur_description/share/ur_description/meshes/ur5e/visual/wrist3.dae
[2.081s] -- Up-to-date: /home/stan/workspace/ws_ur_hv/install/ur_description/share/ur_description/meshes/ur3e
[2.082s] -- Up-to-date: /home/stan/workspace/ws_ur_hv/install/ur_description/share/ur_description/meshes/ur3e/collision
[2.082s] -- Up-to-date: /home/stan/workspace/ws_ur_hv/install/ur_description/share/ur_description/meshes/ur3e/collision/wrist3.stl
[2.082s] -- Up-to-date: /home/stan/workspace/ws_ur_hv/install/ur_description/share/ur_description/meshes/ur3e/collision/forearm.stl
[2.082s] -- Up-to-date: /home/stan/workspace/ws_ur_hv/install/ur_description/share/ur_description/meshes/ur3e/collision/shoulder.stl
[2.083s] -- Up-to-date: /home/stan/workspace/ws_ur_hv/install/ur_description/share/ur_description/meshes/ur3e/collision/upperarm.stl
[2.083s] -- Up-to-date: /home/stan/workspace/ws_ur_hv/install/ur_description/share/ur_description/meshes/ur3e/collision/base.stl
[2.083s] -- Up-to-date: /home/stan/workspace/ws_ur_hv/install/ur_description/share/ur_description/meshes/ur3e/collision/wrist2.stl
[2.083s] -- Up-to-date: /home/stan/workspace/ws_ur_hv/install/ur_description/share/ur_description/meshes/ur3e/collision/wrist1.stl
[2.083s] -- Up-to-date: /home/stan/workspace/ws_ur_hv/install/ur_description/share/ur_description/meshes/ur3e/visual
[2.083s] -- Up-to-date: /home/stan/workspace/ws_ur_hv/install/ur_description/share/ur_description/meshes/ur3e/visual/wrist2.dae
[2.084s] -- Up-to-date: /home/stan/workspace/ws_ur_hv/install/ur_description/share/ur_description/meshes/ur3e/visual/forearm.dae
[2.084s] -- Up-to-date: /home/stan/workspace/ws_ur_hv/install/ur_description/share/ur_description/meshes/ur3e/visual/upperarm.dae
[2.084s] -- Up-to-date: /home/stan/workspace/ws_ur_hv/install/ur_description/share/ur_description/meshes/ur3e/visual/shoulder.dae
[2.084s] -- Up-to-date: /home/stan/workspace/ws_ur_hv/install/ur_description/share/ur_description/meshes/ur3e/visual/wrist1.dae
[2.084s] -- Up-to-date: /home/stan/workspace/ws_ur_hv/install/ur_description/share/ur_description/meshes/ur3e/visual/base.dae
[2.084s] -- Up-to-date: /home/stan/workspace/ws_ur_hv/install/ur_description/share/ur_description/meshes/ur3e/visual/wrist3.dae
[2.084s] -- Up-to-date: /home/stan/workspace/ws_ur_hv/install/ur_description/share/ur_description/meshes/ur10
[2.085s] -- Up-to-date: /home/stan/workspace/ws_ur_hv/install/ur_description/share/ur_description/meshes/ur10/collision
[2.085s] -- Up-to-date: /home/stan/workspace/ws_ur_hv/install/ur_description/share/ur_description/meshes/ur10/collision/wrist3.stl
[2.085s] -- Up-to-date: /home/stan/workspace/ws_ur_hv/install/ur_description/share/ur_description/meshes/ur10/collision/forearm.stl
[2.085s] -- Up-to-date: /home/stan/workspace/ws_ur_hv/install/ur_description/share/ur_description/meshes/ur10/collision/shoulder.stl
[2.085s] -- Up-to-date: /home/stan/workspace/ws_ur_hv/install/ur_description/share/ur_description/meshes/ur10/collision/upperarm.stl
[2.085s] -- Up-to-date: /home/stan/workspace/ws_ur_hv/install/ur_description/share/ur_description/meshes/ur10/collision/base.stl
[2.085s] -- Up-to-date: /home/stan/workspace/ws_ur_hv/install/ur_description/share/ur_description/meshes/ur10/collision/wrist2.stl
[2.086s] -- Up-to-date: /home/stan/workspace/ws_ur_hv/install/ur_description/share/ur_description/meshes/ur10/collision/wrist1.stl
[2.086s] -- Up-to-date: /home/stan/workspace/ws_ur_hv/install/ur_description/share/ur_description/meshes/ur10/visual
[2.086s] -- Up-to-date: /home/stan/workspace/ws_ur_hv/install/ur_description/share/ur_description/meshes/ur10/visual/wrist2.dae
[2.086s] -- Up-to-date: /home/stan/workspace/ws_ur_hv/install/ur_description/share/ur_description/meshes/ur10/visual/forearm.dae
[2.086s] -- Up-to-date: /home/stan/workspace/ws_ur_hv/install/ur_description/share/ur_description/meshes/ur10/visual/upperarm.dae
[2.087s] -- Up-to-date: /home/stan/workspace/ws_ur_hv/install/ur_description/share/ur_description/meshes/ur10/visual/shoulder.dae
[2.087s] -- Up-to-date: /home/stan/workspace/ws_ur_hv/install/ur_description/share/ur_description/meshes/ur10/visual/wrist1.dae
[2.087s] -- Up-to-date: /home/stan/workspace/ws_ur_hv/install/ur_description/share/ur_description/meshes/ur10/visual/base.dae
[2.087s] -- Up-to-date: /home/stan/workspace/ws_ur_hv/install/ur_description/share/ur_description/meshes/ur10/visual/wrist3.dae
[2.087s] -- Up-to-date: /home/stan/workspace/ws_ur_hv/install/ur_description/share/ur_description/meshes/ur3
[2.087s] -- Up-to-date: /home/stan/workspace/ws_ur_hv/install/ur_description/share/ur_description/meshes/ur3/collision
[2.088s] -- Up-to-date: /home/stan/workspace/ws_ur_hv/install/ur_description/share/ur_description/meshes/ur3/collision/wrist3.stl
[2.088s] -- Up-to-date: /home/stan/workspace/ws_ur_hv/install/ur_description/share/ur_description/meshes/ur3/collision/forearm.stl
[2.088s] -- Up-to-date: /home/stan/workspace/ws_ur_hv/install/ur_description/share/ur_description/meshes/ur3/collision/shoulder.stl
[2.088s] -- Up-to-date: /home/stan/workspace/ws_ur_hv/install/ur_description/share/ur_description/meshes/ur3/collision/upperarm.stl
[2.088s] -- Up-to-date: /home/stan/workspace/ws_ur_hv/install/ur_description/share/ur_description/meshes/ur3/collision/base.stl
[2.088s] -- Up-to-date: /home/stan/workspace/ws_ur_hv/install/ur_description/share/ur_description/meshes/ur3/collision/wrist2.stl
[2.088s] -- Up-to-date: /home/stan/workspace/ws_ur_hv/install/ur_description/share/ur_description/meshes/ur3/collision/wrist1.stl
[2.089s] -- Up-to-date: /home/stan/workspace/ws_ur_hv/install/ur_description/share/ur_description/meshes/ur3/visual
[2.089s] -- Up-to-date: /home/stan/workspace/ws_ur_hv/install/ur_description/share/ur_description/meshes/ur3/visual/wrist2.dae
[2.089s] -- Up-to-date: /home/stan/workspace/ws_ur_hv/install/ur_description/share/ur_description/meshes/ur3/visual/forearm.dae
[2.089s] -- Up-to-date: /home/stan/workspace/ws_ur_hv/install/ur_description/share/ur_description/meshes/ur3/visual/upperarm.dae
[2.089s] -- Up-to-date: /home/stan/workspace/ws_ur_hv/install/ur_description/share/ur_description/meshes/ur3/visual/shoulder.dae
[2.090s] -- Up-to-date: /home/stan/workspace/ws_ur_hv/install/ur_description/share/ur_description/meshes/ur3/visual/wrist1.dae
[2.090s] -- Up-to-date: /home/stan/workspace/ws_ur_hv/install/ur_description/share/ur_description/meshes/ur3/visual/base.dae
[2.090s] -- Up-to-date: /home/stan/workspace/ws_ur_hv/install/ur_description/share/ur_description/meshes/ur3/visual/wrist3.dae
[2.090s] -- Up-to-date: /home/stan/workspace/ws_ur_hv/install/ur_description/share/ur_description/meshes/ur5
[2.090s] -- Up-to-date: /home/stan/workspace/ws_ur_hv/install/ur_description/share/ur_description/meshes/ur5/collision
[2.090s] -- Up-to-date: /home/stan/workspace/ws_ur_hv/install/ur_description/share/ur_description/meshes/ur5/collision/wrist3.stl
[2.090s] -- Up-to-date: /home/stan/workspace/ws_ur_hv/install/ur_description/share/ur_description/meshes/ur5/collision/forearm.stl
[2.091s] -- Up-to-date: /home/stan/workspace/ws_ur_hv/install/ur_description/share/ur_description/meshes/ur5/collision/shoulder.stl
[2.091s] -- Up-to-date: /home/stan/workspace/ws_ur_hv/install/ur_description/share/ur_description/meshes/ur5/collision/upperarm.stl
[2.091s] -- Up-to-date: /home/stan/workspace/ws_ur_hv/install/ur_description/share/ur_description/meshes/ur5/collision/base.stl
[2.091s] -- Up-to-date: /home/stan/workspace/ws_ur_hv/install/ur_description/share/ur_description/meshes/ur5/collision/wrist2.stl
[2.091s] -- Up-to-date: /home/stan/workspace/ws_ur_hv/install/ur_description/share/ur_description/meshes/ur5/collision/wrist1.stl
[2.091s] -- Up-to-date: /home/stan/workspace/ws_ur_hv/install/ur_description/share/ur_description/meshes/ur5/visual
[2.091s] -- Up-to-date: /home/stan/workspace/ws_ur_hv/install/ur_description/share/ur_description/meshes/ur5/visual/wrist2.dae
[2.092s] -- Up-to-date: /home/stan/workspace/ws_ur_hv/install/ur_description/share/ur_description/meshes/ur5/visual/forearm.dae
[2.092s] -- Up-to-date: /home/stan/workspace/ws_ur_hv/install/ur_description/share/ur_description/meshes/ur5/visual/upperarm.dae
[2.092s] -- Up-to-date: /home/stan/workspace/ws_ur_hv/install/ur_description/share/ur_description/meshes/ur5/visual/shoulder.dae
[2.092s] -- Up-to-date: /home/stan/workspace/ws_ur_hv/install/ur_description/share/ur_description/meshes/ur5/visual/wrist1.dae
[2.092s] -- Up-to-date: /home/stan/workspace/ws_ur_hv/install/ur_description/share/ur_description/meshes/ur5/visual/base.dae
[2.092s] -- Up-to-date: /home/stan/workspace/ws_ur_hv/install/ur_description/share/ur_description/meshes/ur5/visual/wrist3.dae
[2.093s] -- Up-to-date: /home/stan/workspace/ws_ur_hv/install/ur_description/share/ur_description/meshes/ur10e
[2.093s] -- Up-to-date: /home/stan/workspace/ws_ur_hv/install/ur_description/share/ur_description/meshes/ur10e/collision
[2.093s] -- Up-to-date: /home/stan/workspace/ws_ur_hv/install/ur_description/share/ur_description/meshes/ur10e/collision/wrist3.stl
[2.093s] -- Up-to-date: /home/stan/workspace/ws_ur_hv/install/ur_description/share/ur_description/meshes/ur10e/collision/forearm.stl
[2.093s] -- Up-to-date: /home/stan/workspace/ws_ur_hv/install/ur_description/share/ur_description/meshes/ur10e/collision/shoulder.stl
[2.093s] -- Up-to-date: /home/stan/workspace/ws_ur_hv/install/ur_description/share/ur_description/meshes/ur10e/collision/upperarm.stl
[2.093s] -- Up-to-date: /home/stan/workspace/ws_ur_hv/install/ur_description/share/ur_description/meshes/ur10e/collision/base.stl
[2.094s] -- Up-to-date: /home/stan/workspace/ws_ur_hv/install/ur_description/share/ur_description/meshes/ur10e/collision/wrist2.stl
[2.094s] -- Up-to-date: /home/stan/workspace/ws_ur_hv/install/ur_description/share/ur_description/meshes/ur10e/collision/wrist1.stl
[2.094s] -- Up-to-date: /home/stan/workspace/ws_ur_hv/install/ur_description/share/ur_description/meshes/ur10e/visual
[2.094s] -- Up-to-date: /home/stan/workspace/ws_ur_hv/install/ur_description/share/ur_description/meshes/ur10e/visual/wrist2.dae
[2.094s] -- Up-to-date: /home/stan/workspace/ws_ur_hv/install/ur_description/share/ur_description/meshes/ur10e/visual/forearm.dae
[2.094s] -- Up-to-date: /home/stan/workspace/ws_ur_hv/install/ur_description/share/ur_description/meshes/ur10e/visual/upperarm.dae
[2.094s] -- Up-to-date: /home/stan/workspace/ws_ur_hv/install/ur_description/share/ur_description/meshes/ur10e/visual/shoulder.dae
[2.095s] -- Up-to-date: /home/stan/workspace/ws_ur_hv/install/ur_description/share/ur_description/meshes/ur10e/visual/wrist1.dae
[2.095s] -- Up-to-date: /home/stan/workspace/ws_ur_hv/install/ur_description/share/ur_description/meshes/ur10e/visual/base.dae
[2.095s] -- Up-to-date: /home/stan/workspace/ws_ur_hv/install/ur_description/share/ur_description/meshes/ur10e/visual/wrist3.dae
[2.095s] -- Up-to-date: /home/stan/workspace/ws_ur_hv/install/ur_description/share/ur_description/rviz
[2.095s] -- Up-to-date: /home/stan/workspace/ws_ur_hv/install/ur_description/share/ur_description/rviz/view_robot.rviz
[2.095s] -- Up-to-date: /home/stan/workspace/ws_ur_hv/install/ur_description/share/ur_description/urdf
[2.096s] -- Up-to-date: /home/stan/workspace/ws_ur_hv/install/ur_description/share/ur_description/urdf/ur.ros2_control.xacro
[2.096s] -- Up-to-date: /home/stan/workspace/ws_ur_hv/install/ur_description/share/ur_description/urdf/ur.urdf.xacro
[2.096s] -- Up-to-date: /home/stan/workspace/ws_ur_hv/install/ur_description/share/ur_description/urdf/inc
[2.096s] -- Up-to-date: /home/stan/workspace/ws_ur_hv/install/ur_description/share/ur_description/urdf/inc/ur_common.xacro
[2.096s] -- Up-to-date: /home/stan/workspace/ws_ur_hv/install/ur_description/share/ur_description/urdf/inc/ur_transmissions.xacro
[2.096s] -- Up-to-date: /home/stan/workspace/ws_ur_hv/install/ur_description/share/ur_description/urdf/ur_macro.xacro
[2.096s] -- Up-to-date: /home/stan/workspace/ws_ur_hv/install/ur_description/share/ur_description/test
[2.097s] -- Up-to-date: /home/stan/workspace/ws_ur_hv/install/ur_description/share/ur_description/test/test_ur_urdf_xacro.py
[2.097s] -- Up-to-date: /home/stan/workspace/ws_ur_hv/install/ur_description/share/ur_description/test/test_view_ur_launch.py
[2.097s] -- Up-to-date: /home/stan/workspace/ws_ur_hv/install/ur_description/share/ament_index/resource_index/package_run_dependencies/ur_description
[2.097s] -- Up-to-date: /home/stan/workspace/ws_ur_hv/install/ur_description/share/ament_index/resource_index/parent_prefix_path/ur_description
[2.097s] -- Up-to-date: /home/stan/workspace/ws_ur_hv/install/ur_description/share/ur_description/environment/ament_prefix_path.sh
[2.097s] -- Installing: /home/stan/workspace/ws_ur_hv/install/ur_description/share/ur_description/environment/ament_prefix_path.dsv
[2.097s] -- Up-to-date: /home/stan/workspace/ws_ur_hv/install/ur_description/share/ur_description/environment/path.sh
[2.098s] -- Installing: /home/stan/workspace/ws_ur_hv/install/ur_description/share/ur_description/environment/path.dsv
[2.098s] -- Up-to-date: /home/stan/workspace/ws_ur_hv/install/ur_description/share/ur_description/local_setup.bash
[2.098s] -- Up-to-date: /home/stan/workspace/ws_ur_hv/install/ur_description/share/ur_description/local_setup.sh
[2.098s] -- Up-to-date: /home/stan/workspace/ws_ur_hv/install/ur_description/share/ur_description/local_setup.zsh
[2.098s] -- Installing: /home/stan/workspace/ws_ur_hv/install/ur_description/share/ur_description/local_setup.dsv
[2.098s] -- Installing: /home/stan/workspace/ws_ur_hv/install/ur_description/share/ur_description/package.dsv
[2.098s] -- Up-to-date: /home/stan/workspace/ws_ur_hv/install/ur_description/share/ament_index/resource_index/packages/ur_description
[2.099s] -- Up-to-date: /home/stan/workspace/ws_ur_hv/install/ur_description/share/ur_description/cmake/ur_descriptionConfig.cmake
[2.099s] -- Up-to-date: /home/stan/workspace/ws_ur_hv/install/ur_description/share/ur_description/cmake/ur_descriptionConfig-version.cmake
[2.099s] -- Up-to-date: /home/stan/workspace/ws_ur_hv/install/ur_description/share/ur_description/package.xml
[2.099s] Invoked command in '/home/stan/workspace/ws_ur_hv/build/ur_description' returned '0': CMAKE_PREFIX_PATH=/opt/ros/humble /home/stan/.local/bin/cmake --install /home/stan/workspace/ws_ur_hv/build/ur_description
