[0.036s] Invoking command in '/home/stan/workspace/ws_ur_hv/build/workcell_core': CMAKE_PREFIX_PATH=/opt/ros/humble /home/stan/.local/bin/cmake /home/stan/workspace/ws_ur_hv/src/workcell_core -DCMAKE_INSTALL_PREFIX=/home/stan/workspace/ws_ur_hv/install/workcell_core
[0.076s] -- Found ament_cmake: 1.3.5 (/opt/ros/humble/share/ament_cmake/cmake)
[0.355s] -- Found rclcpp: 16.0.4 (/opt/ros/humble/share/rclcpp/cmake)
[0.382s] -- Found rosidl_generator_c: 3.1.4 (/opt/ros/humble/share/rosidl_generator_c/cmake)
[0.382s] -- Found rosidl_adapter: 3.1.4 (/opt/ros/humble/share/rosidl_adapter/cmake)
[0.383s] -- Found rosidl_generator_cpp: 3.1.4 (/opt/ros/humble/share/rosidl_generator_cpp/cmake)
[0.385s] -- Using all available rosidl_typesupport_c: rosidl_typesupport_fastrtps_c;rosidl_typesupport_introspection_c
[0.397s] -- Using all available rosidl_typesupport_cpp: rosidl_typesupport_fastrtps_cpp;rosidl_typesupport_introspection_cpp
[0.547s] -- Found rmw_implementation_cmake: 6.1.1 (/opt/ros/humble/share/rmw_implementation_cmake/cmake)
[0.550s] -- Found rmw_fastrtps_cpp: 6.2.2 (/opt/ros/humble/share/rmw_fastrtps_cpp/cmake)
[0.804s] -- Using RMW implementation 'rmw_fastrtps_cpp' as default
[1.186s] [31mCMake Error at CMakeLists.txt:11 (find_package):
[1.186s]   By not providing "Findfake_ar_publisher.cmake" in CMAKE_MODULE_PATH this
[1.186s]   project has asked CMake to find a package configuration file provided by
[1.186s]   "fake_ar_publisher", but CMake did not find one.
[1.187s] 
[1.187s]   Could not find a package configuration file provided by "fake_ar_publisher"
[1.187s]   with any of the following names:
[1.187s] 
[1.187s]     fake_ar_publisherConfig.cmake
[1.187s]     fake_ar_publisher-config.cmake
[1.187s] 
[1.187s]   Add the installation prefix of "fake_ar_publisher" to CMAKE_PREFIX_PATH or
[1.187s]   set "fake_ar_publisher_DIR" to a directory containing one of the above
[1.187s]   files.  If "fake_ar_publisher" provides a separate development package or
[1.187s]   SDK, be sure it has been installed.
[1.187s] 
[1.187s] [0m
[1.188s] -- Configuring incomplete, errors occurred!
[1.202s] Invoked command in '/home/stan/workspace/ws_ur_hv/build/workcell_core' returned '1': CMAKE_PREFIX_PATH=/opt/ros/humble /home/stan/.local/bin/cmake /home/stan/workspace/ws_ur_hv/src/workcell_core -DCMAKE_INSTALL_PREFIX=/home/stan/workspace/ws_ur_hv/install/workcell_core
