[0.015s] Invoking command in '/home/stan/workspace/ws_ur_hv/build/ur_bringup': AMENT_PREFIX_PATH=/home/stan/workspace/ws_ur_hv/install/ur_controllers:/home/stan/workspace/ws_ur_hv/install/ur_description:/home/stan/workspace/ws_ur_hv/install/ur_dashboard_msgs:${AMENT_PREFIX_PATH} CMAKE_PREFIX_PATH=/home/stan/workspace/ws_ur_hv/install/ur_controllers:/home/stan/workspace/ws_ur_hv/install/ur_description:/home/stan/workspace/ws_ur_hv/install/ur_dashboard_msgs:/opt/ros/humble LD_LIBRARY_PATH=/home/stan/workspace/ws_ur_hv/install/ur_controllers/lib:/home/stan/workspace/ws_ur_hv/install/ur_dashboard_msgs/lib:${LD_LIBRARY_PATH} PYTHONPATH=/home/stan/workspace/ws_ur_hv/install/ur_dashboard_msgs/local/lib/python3.10/dist-packages:${PYTHONPATH} /home/stan/.local/bin/cmake /home/stan/workspace/ws_ur_hv/src/Universal_Robots_ROS2_Driver/ur_bringup -DCMAKE_INSTALL_PREFIX=/home/stan/workspace/ws_ur_hv/install/ur_bringup
[0.050s] -- Found ament_cmake: 1.3.5 (/opt/ros/humble/share/ament_cmake/cmake)
[0.248s] -- Configuring done (0.2s)
[0.253s] -- Generating done (0.0s)
[0.254s] -- Build files have been written to: /home/stan/workspace/ws_ur_hv/build/ur_bringup
[0.260s] Invoked command in '/home/stan/workspace/ws_ur_hv/build/ur_bringup' returned '0': AMENT_PREFIX_PATH=/home/stan/workspace/ws_ur_hv/install/ur_controllers:/home/stan/workspace/ws_ur_hv/install/ur_description:/home/stan/workspace/ws_ur_hv/install/ur_dashboard_msgs:${AMENT_PREFIX_PATH} CMAKE_PREFIX_PATH=/home/stan/workspace/ws_ur_hv/install/ur_controllers:/home/stan/workspace/ws_ur_hv/install/ur_description:/home/stan/workspace/ws_ur_hv/install/ur_dashboard_msgs:/opt/ros/humble LD_LIBRARY_PATH=/home/stan/workspace/ws_ur_hv/install/ur_controllers/lib:/home/stan/workspace/ws_ur_hv/install/ur_dashboard_msgs/lib:${LD_LIBRARY_PATH} PYTHONPATH=/home/stan/workspace/ws_ur_hv/install/ur_dashboard_msgs/local/lib/python3.10/dist-packages:${PYTHONPATH} /home/stan/.local/bin/cmake /home/stan/workspace/ws_ur_hv/src/Universal_Robots_ROS2_Driver/ur_bringup -DCMAKE_INSTALL_PREFIX=/home/stan/workspace/ws_ur_hv/install/ur_bringup
[0.262s] Invoking command in '/home/stan/workspace/ws_ur_hv/build/ur_bringup': AMENT_PREFIX_PATH=/home/stan/workspace/ws_ur_hv/install/ur_controllers:/home/stan/workspace/ws_ur_hv/install/ur_description:/home/stan/workspace/ws_ur_hv/install/ur_dashboard_msgs:${AMENT_PREFIX_PATH} CMAKE_PREFIX_PATH=/home/stan/workspace/ws_ur_hv/install/ur_controllers:/home/stan/workspace/ws_ur_hv/install/ur_description:/home/stan/workspace/ws_ur_hv/install/ur_dashboard_msgs:/opt/ros/humble LD_LIBRARY_PATH=/home/stan/workspace/ws_ur_hv/install/ur_controllers/lib:/home/stan/workspace/ws_ur_hv/install/ur_dashboard_msgs/lib:${LD_LIBRARY_PATH} PYTHONPATH=/home/stan/workspace/ws_ur_hv/install/ur_dashboard_msgs/local/lib/python3.10/dist-packages:${PYTHONPATH} /home/stan/.local/bin/cmake --build /home/stan/workspace/ws_ur_hv/build/ur_bringup -- -j12 -l12
[0.307s] Invoked command in '/home/stan/workspace/ws_ur_hv/build/ur_bringup' returned '0': AMENT_PREFIX_PATH=/home/stan/workspace/ws_ur_hv/install/ur_controllers:/home/stan/workspace/ws_ur_hv/install/ur_description:/home/stan/workspace/ws_ur_hv/install/ur_dashboard_msgs:${AMENT_PREFIX_PATH} CMAKE_PREFIX_PATH=/home/stan/workspace/ws_ur_hv/install/ur_controllers:/home/stan/workspace/ws_ur_hv/install/ur_description:/home/stan/workspace/ws_ur_hv/install/ur_dashboard_msgs:/opt/ros/humble LD_LIBRARY_PATH=/home/stan/workspace/ws_ur_hv/install/ur_controllers/lib:/home/stan/workspace/ws_ur_hv/install/ur_dashboard_msgs/lib:${LD_LIBRARY_PATH} PYTHONPATH=/home/stan/workspace/ws_ur_hv/install/ur_dashboard_msgs/local/lib/python3.10/dist-packages:${PYTHONPATH} /home/stan/.local/bin/cmake --build /home/stan/workspace/ws_ur_hv/build/ur_bringup -- -j12 -l12
[0.358s] Invoking command in '/home/stan/workspace/ws_ur_hv/build/ur_bringup': AMENT_PREFIX_PATH=/home/stan/workspace/ws_ur_hv/install/ur_controllers:/home/stan/workspace/ws_ur_hv/install/ur_description:/home/stan/workspace/ws_ur_hv/install/ur_dashboard_msgs:${AMENT_PREFIX_PATH} CMAKE_PREFIX_PATH=/home/stan/workspace/ws_ur_hv/install/ur_controllers:/home/stan/workspace/ws_ur_hv/install/ur_description:/home/stan/workspace/ws_ur_hv/install/ur_dashboard_msgs:/opt/ros/humble LD_LIBRARY_PATH=/home/stan/workspace/ws_ur_hv/install/ur_controllers/lib:/home/stan/workspace/ws_ur_hv/install/ur_dashboard_msgs/lib:${LD_LIBRARY_PATH} PYTHONPATH=/home/stan/workspace/ws_ur_hv/install/ur_dashboard_msgs/local/lib/python3.10/dist-packages:${PYTHONPATH} /home/stan/.local/bin/cmake --install /home/stan/workspace/ws_ur_hv/build/ur_bringup
[0.389s] -- Install configuration: "Release"
[0.389s] -- Up-to-date: /home/stan/workspace/ws_ur_hv/install/ur_bringup/share/ur_bringup/config
[0.389s] -- Up-to-date: /home/stan/workspace/ws_ur_hv/install/ur_bringup/share/ur_bringup/config/ur10_update_rate.yaml
[0.389s] -- Up-to-date: /home/stan/workspace/ws_ur_hv/install/ur_bringup/share/ur_bringup/config/ur3_update_rate.yaml
[0.390s] -- Up-to-date: /home/stan/workspace/ws_ur_hv/install/ur_bringup/share/ur_bringup/config/ur5e_update_rate.yaml
[0.390s] -- Up-to-date: /home/stan/workspace/ws_ur_hv/install/ur_bringup/share/ur_bringup/config/ur5_update_rate.yaml
[0.390s] -- Up-to-date: /home/stan/workspace/ws_ur_hv/install/ur_bringup/share/ur_bringup/config/ur3e_update_rate.yaml
[0.390s] -- Up-to-date: /home/stan/workspace/ws_ur_hv/install/ur_bringup/share/ur_bringup/config/ur16e_update_rate.yaml
[0.390s] -- Up-to-date: /home/stan/workspace/ws_ur_hv/install/ur_bringup/share/ur_bringup/config/test_goal_publishers_config.yaml
[0.390s] -- Up-to-date: /home/stan/workspace/ws_ur_hv/install/ur_bringup/share/ur_bringup/config/ur_controllers.yaml
[0.390s] -- Up-to-date: /home/stan/workspace/ws_ur_hv/install/ur_bringup/share/ur_bringup/config/test_velocity_goal_publishers_config.yaml
[0.390s] -- Up-to-date: /home/stan/workspace/ws_ur_hv/install/ur_bringup/share/ur_bringup/config/ur10e_update_rate.yaml
[0.390s] -- Up-to-date: /home/stan/workspace/ws_ur_hv/install/ur_bringup/share/ur_bringup/launch
[0.390s] -- Up-to-date: /home/stan/workspace/ws_ur_hv/install/ur_bringup/share/ur_bringup/launch/ur10e.launch.py
[0.390s] -- Up-to-date: /home/stan/workspace/ws_ur_hv/install/ur_bringup/share/ur_bringup/launch/ur3e.launch.py
[0.391s] -- Up-to-date: /home/stan/workspace/ws_ur_hv/install/ur_bringup/share/ur_bringup/launch/ur5.launch.py
[0.391s] -- Up-to-date: /home/stan/workspace/ws_ur_hv/install/ur_bringup/share/ur_bringup/launch/ur3.launch.py
[0.391s] -- Up-to-date: /home/stan/workspace/ws_ur_hv/install/ur_bringup/share/ur_bringup/launch/ur5e.launch.py
[0.391s] -- Up-to-date: /home/stan/workspace/ws_ur_hv/install/ur_bringup/share/ur_bringup/launch/ur10.launch.py
[0.391s] -- Up-to-date: /home/stan/workspace/ws_ur_hv/install/ur_bringup/share/ur_bringup/launch/test_scaled_joint_trajectory_controller.launch.py
[0.391s] -- Up-to-date: /home/stan/workspace/ws_ur_hv/install/ur_bringup/share/ur_bringup/launch/ur16e.launch.py
[0.391s] -- Up-to-date: /home/stan/workspace/ws_ur_hv/install/ur_bringup/share/ur_bringup/launch/ur_dashboard_client.launch.py
[0.391s] -- Up-to-date: /home/stan/workspace/ws_ur_hv/install/ur_bringup/share/ur_bringup/launch/test_forward_velocity_controller.launch.py
[0.391s] -- Up-to-date: /home/stan/workspace/ws_ur_hv/install/ur_bringup/share/ur_bringup/launch/ur_control.launch.py
[0.391s] -- Up-to-date: /home/stan/workspace/ws_ur_hv/install/ur_bringup/share/ur_bringup/launch/test_joint_trajectory_controller.launch.py
[0.391s] -- Up-to-date: /home/stan/workspace/ws_ur_hv/install/ur_bringup/lib/ur_bringup/start_ursim.sh
[0.391s] -- Up-to-date: /home/stan/workspace/ws_ur_hv/install/ur_bringup/share/ament_index/resource_index/package_run_dependencies/ur_bringup
[0.392s] -- Up-to-date: /home/stan/workspace/ws_ur_hv/install/ur_bringup/share/ament_index/resource_index/parent_prefix_path/ur_bringup
[0.392s] -- Up-to-date: /home/stan/workspace/ws_ur_hv/install/ur_bringup/share/ur_bringup/environment/ament_prefix_path.sh
[0.392s] -- Installing: /home/stan/workspace/ws_ur_hv/install/ur_bringup/share/ur_bringup/environment/ament_prefix_path.dsv
[0.392s] -- Up-to-date: /home/stan/workspace/ws_ur_hv/install/ur_bringup/share/ur_bringup/environment/path.sh
[0.392s] -- Installing: /home/stan/workspace/ws_ur_hv/install/ur_bringup/share/ur_bringup/environment/path.dsv
[0.392s] -- Up-to-date: /home/stan/workspace/ws_ur_hv/install/ur_bringup/share/ur_bringup/local_setup.bash
[0.392s] -- Up-to-date: /home/stan/workspace/ws_ur_hv/install/ur_bringup/share/ur_bringup/local_setup.sh
[0.392s] -- Up-to-date: /home/stan/workspace/ws_ur_hv/install/ur_bringup/share/ur_bringup/local_setup.zsh
[0.392s] -- Installing: /home/stan/workspace/ws_ur_hv/install/ur_bringup/share/ur_bringup/local_setup.dsv
[0.392s] -- Installing: /home/stan/workspace/ws_ur_hv/install/ur_bringup/share/ur_bringup/package.dsv
[0.392s] -- Up-to-date: /home/stan/workspace/ws_ur_hv/install/ur_bringup/share/ament_index/resource_index/packages/ur_bringup
[0.392s] -- Up-to-date: /home/stan/workspace/ws_ur_hv/install/ur_bringup/share/ur_bringup/cmake/ur_bringupConfig.cmake
[0.392s] -- Up-to-date: /home/stan/workspace/ws_ur_hv/install/ur_bringup/share/ur_bringup/cmake/ur_bringupConfig-version.cmake
[0.392s] -- Up-to-date: /home/stan/workspace/ws_ur_hv/install/ur_bringup/share/ur_bringup/package.xml
[0.400s] Invoked command in '/home/stan/workspace/ws_ur_hv/build/ur_bringup' returned '0': AMENT_PREFIX_PATH=/home/stan/workspace/ws_ur_hv/install/ur_controllers:/home/stan/workspace/ws_ur_hv/install/ur_description:/home/stan/workspace/ws_ur_hv/install/ur_dashboard_msgs:${AMENT_PREFIX_PATH} CMAKE_PREFIX_PATH=/home/stan/workspace/ws_ur_hv/install/ur_controllers:/home/stan/workspace/ws_ur_hv/install/ur_description:/home/stan/workspace/ws_ur_hv/install/ur_dashboard_msgs:/opt/ros/humble LD_LIBRARY_PATH=/home/stan/workspace/ws_ur_hv/install/ur_controllers/lib:/home/stan/workspace/ws_ur_hv/install/ur_dashboard_msgs/lib:${LD_LIBRARY_PATH} PYTHONPATH=/home/stan/workspace/ws_ur_hv/install/ur_dashboard_msgs/local/lib/python3.10/dist-packages:${PYTHONPATH} /home/stan/.local/bin/cmake --install /home/stan/workspace/ws_ur_hv/build/ur_bringup
