[0.009s] Invoking command in '/home/stan/workspace/ws_ur_hv/build/ur_controllers': AMENT_PREFIX_PATH=/home/stan/workspace/ws_ur_hv/install/ur_dashboard_msgs:${AMENT_PREFIX_PATH} CMAKE_PREFIX_PATH=/home/stan/workspace/ws_ur_hv/install/ur_dashboard_msgs:/opt/ros/humble LD_LIBRARY_PATH=/home/stan/workspace/ws_ur_hv/install/ur_dashboard_msgs/lib:${LD_LIBRARY_PATH} PYTHONPATH=/home/stan/workspace/ws_ur_hv/install/ur_dashboard_msgs/local/lib/python3.10/dist-packages:${PYTHONPATH} /home/stan/.local/bin/cmake /home/stan/workspace/ws_ur_hv/src/Universal_Robots_ROS2_Driver/ur_controllers -DCMAKE_BUILD_TYPE=Release -DCMAKE_INSTALL_PREFIX=/home/stan/workspace/ws_ur_hv/install/ur_controllers
[0.094s] -- The C compiler identification is GNU 11.3.0
[0.162s] -- The CXX compiler identification is GNU 11.3.0
[0.174s] -- Detecting C compiler ABI info
[0.236s] -- Detecting C compiler ABI info - done
[0.250s] -- Check for working C compiler: /usr/bin/cc - skipped
[0.251s] -- Detecting C compile features
[0.251s] -- Detecting C compile features - done
[0.256s] -- Detecting CXX compiler ABI info
[0.332s] -- Detecting CXX compiler ABI info - done
[0.362s] -- Check for working CXX compiler: /usr/bin/c++ - skipped
[0.363s] -- Detecting CXX compile features
[0.364s] -- Detecting CXX compile features - done
[0.370s] -- Found ament_cmake: 1.3.5 (/opt/ros/humble/share/ament_cmake/cmake)
[0.821s] -- Found Python3: /usr/bin/python3.10 (found version "3.10.6") found components: Interpreter 
[0.964s] -- Found angles: 1.15.0 (/opt/ros/humble/share/angles/cmake)
[0.969s] -- Found controller_interface: 2.28.0 (/opt/ros/humble/share/controller_interface/cmake)
[1.039s] -- Found rosidl_generator_c: 3.1.4 (/opt/ros/humble/share/rosidl_generator_c/cmake)
[1.045s] -- Found rosidl_adapter: 3.1.4 (/opt/ros/humble/share/rosidl_adapter/cmake)
[1.057s] -- Found rosidl_generator_cpp: 3.1.4 (/opt/ros/humble/share/rosidl_generator_cpp/cmake)
[1.075s] -- Using all available rosidl_typesupport_c: rosidl_typesupport_fastrtps_c;rosidl_typesupport_introspection_c
[1.101s] -- Using all available rosidl_typesupport_cpp: rosidl_typesupport_fastrtps_cpp;rosidl_typesupport_introspection_cpp
[1.902s] -- Found rmw_implementation_cmake: 6.1.1 (/opt/ros/humble/share/rmw_implementation_cmake/cmake)
[1.905s] -- Found rmw_fastrtps_cpp: 6.2.2 (/opt/ros/humble/share/rmw_fastrtps_cpp/cmake)
[2.019s] -- Found OpenSSL: /usr/lib/x86_64-linux-gnu/libcrypto.so (found version "3.0.2")  
[2.052s] -- Found FastRTPS: /opt/ros/humble/include  
[2.108s] -- Using RMW implementation 'rmw_fastrtps_cpp' as default
[2.120s] -- Performing Test CMAKE_HAVE_LIBC_PTHREAD
[2.192s] -- Performing Test CMAKE_HAVE_LIBC_PTHREAD - Success
[2.193s] -- Found Threads: TRUE  
[2.502s] -- Found joint_trajectory_controller: 2.23.0 (/opt/ros/humble/share/joint_trajectory_controller/cmake)
[2.709s] -- Found parameter_traits: 0.3.3 (/opt/ros/humble/share/parameter_traits/cmake)
[2.927s] -- Found std_srvs: 4.2.3 (/opt/ros/humble/share/std_srvs/cmake)
[2.949s] -- Found ur_dashboard_msgs: 2.2.6 (/home/stan/workspace/ws_ur_hv/install/ur_dashboard_msgs/share/ur_dashboard_msgs/cmake)
[3.041s] -- Found ur_msgs: 2.0.0 (/opt/ros/humble/share/ur_msgs/cmake)
[3.296s] -- Configuring done (3.3s)
[3.334s] -- Generating done (0.0s)
[3.336s] -- Build files have been written to: /home/stan/workspace/ws_ur_hv/build/ur_controllers
[3.354s] Invoked command in '/home/stan/workspace/ws_ur_hv/build/ur_controllers' returned '0': AMENT_PREFIX_PATH=/home/stan/workspace/ws_ur_hv/install/ur_dashboard_msgs:${AMENT_PREFIX_PATH} CMAKE_PREFIX_PATH=/home/stan/workspace/ws_ur_hv/install/ur_dashboard_msgs:/opt/ros/humble LD_LIBRARY_PATH=/home/stan/workspace/ws_ur_hv/install/ur_dashboard_msgs/lib:${LD_LIBRARY_PATH} PYTHONPATH=/home/stan/workspace/ws_ur_hv/install/ur_dashboard_msgs/local/lib/python3.10/dist-packages:${PYTHONPATH} /home/stan/.local/bin/cmake /home/stan/workspace/ws_ur_hv/src/Universal_Robots_ROS2_Driver/ur_controllers -DCMAKE_BUILD_TYPE=Release -DCMAKE_INSTALL_PREFIX=/home/stan/workspace/ws_ur_hv/install/ur_controllers
[3.357s] Invoking command in '/home/stan/workspace/ws_ur_hv/build/ur_controllers': AMENT_PREFIX_PATH=/home/stan/workspace/ws_ur_hv/install/ur_dashboard_msgs:${AMENT_PREFIX_PATH} CMAKE_PREFIX_PATH=/home/stan/workspace/ws_ur_hv/install/ur_dashboard_msgs:/opt/ros/humble LD_LIBRARY_PATH=/home/stan/workspace/ws_ur_hv/install/ur_dashboard_msgs/lib:${LD_LIBRARY_PATH} PYTHONPATH=/home/stan/workspace/ws_ur_hv/install/ur_dashboard_msgs/local/lib/python3.10/dist-packages:${PYTHONPATH} /home/stan/.local/bin/cmake --build /home/stan/workspace/ws_ur_hv/build/ur_controllers -- -j12 -l12
[3.410s] [ 25%] [32mBuilding CXX object CMakeFiles/ur_controllers.dir/src/scaled_joint_trajectory_controller.cpp.o[0m
[3.410s] [ 50%] [32mBuilding CXX object CMakeFiles/ur_controllers.dir/src/speed_scaling_state_broadcaster.cpp.o[0m
[3.410s] [ 75%] [32mBuilding CXX object CMakeFiles/ur_controllers.dir/src/gpio_controller.cpp.o[0m
[15.559s] [100%] [32m[1mLinking CXX shared library libur_controllers.so[0m
[15.791s] [100%] Built target ur_controllers
[15.800s] Invoked command in '/home/stan/workspace/ws_ur_hv/build/ur_controllers' returned '0': AMENT_PREFIX_PATH=/home/stan/workspace/ws_ur_hv/install/ur_dashboard_msgs:${AMENT_PREFIX_PATH} CMAKE_PREFIX_PATH=/home/stan/workspace/ws_ur_hv/install/ur_dashboard_msgs:/opt/ros/humble LD_LIBRARY_PATH=/home/stan/workspace/ws_ur_hv/install/ur_dashboard_msgs/lib:${LD_LIBRARY_PATH} PYTHONPATH=/home/stan/workspace/ws_ur_hv/install/ur_dashboard_msgs/local/lib/python3.10/dist-packages:${PYTHONPATH} /home/stan/.local/bin/cmake --build /home/stan/workspace/ws_ur_hv/build/ur_controllers -- -j12 -l12
[15.854s] Invoking command in '/home/stan/workspace/ws_ur_hv/build/ur_controllers': AMENT_PREFIX_PATH=/home/stan/workspace/ws_ur_hv/install/ur_dashboard_msgs:${AMENT_PREFIX_PATH} CMAKE_PREFIX_PATH=/home/stan/workspace/ws_ur_hv/install/ur_dashboard_msgs:/opt/ros/humble LD_LIBRARY_PATH=/home/stan/workspace/ws_ur_hv/install/ur_dashboard_msgs/lib:${LD_LIBRARY_PATH} PYTHONPATH=/home/stan/workspace/ws_ur_hv/install/ur_dashboard_msgs/local/lib/python3.10/dist-packages:${PYTHONPATH} /home/stan/.local/bin/cmake --install /home/stan/workspace/ws_ur_hv/build/ur_controllers
[15.886s] -- Install configuration: "Release"
[15.886s] -- Installing: /home/stan/workspace/ws_ur_hv/install/ur_controllers/share/ur_controllers/controller_plugins.xml
[15.887s] -- Installing: /home/stan/workspace/ws_ur_hv/install/ur_controllers/lib/libur_controllers.so
[15.888s] -- Set runtime path of "/home/stan/workspace/ws_ur_hv/install/ur_controllers/lib/libur_controllers.so" to ""
[15.888s] -- Installing: /home/stan/workspace/ws_ur_hv/install/ur_controllers/include
[15.889s] -- Installing: /home/stan/workspace/ws_ur_hv/install/ur_controllers/include/ur_controllers
[15.889s] -- Installing: /home/stan/workspace/ws_ur_hv/install/ur_controllers/include/ur_controllers/gpio_controller.hpp
[15.889s] -- Installing: /home/stan/workspace/ws_ur_hv/install/ur_controllers/include/ur_controllers/scaled_joint_trajectory_controller.hpp
[15.889s] -- Installing: /home/stan/workspace/ws_ur_hv/install/ur_controllers/include/ur_controllers/speed_scaling_state_broadcaster.hpp
[15.889s] -- Up-to-date: /home/stan/workspace/ws_ur_hv/install/ur_controllers/share/ur_controllers/controller_plugins.xml
[15.889s] -- Installing: /home/stan/workspace/ws_ur_hv/install/ur_controllers/share/ur_controllers/environment/library_path.sh
[15.889s] -- Installing: /home/stan/workspace/ws_ur_hv/install/ur_controllers/share/ur_controllers/environment/library_path.dsv
[15.889s] -- Installing: /home/stan/workspace/ws_ur_hv/install/ur_controllers/share/ament_index/resource_index/package_run_dependencies/ur_controllers
[15.889s] -- Installing: /home/stan/workspace/ws_ur_hv/install/ur_controllers/share/ament_index/resource_index/parent_prefix_path/ur_controllers
[15.890s] -- Installing: /home/stan/workspace/ws_ur_hv/install/ur_controllers/share/ur_controllers/environment/ament_prefix_path.sh
[15.890s] -- Installing: /home/stan/workspace/ws_ur_hv/install/ur_controllers/share/ur_controllers/environment/ament_prefix_path.dsv
[15.890s] -- Installing: /home/stan/workspace/ws_ur_hv/install/ur_controllers/share/ur_controllers/environment/path.sh
[15.890s] -- Installing: /home/stan/workspace/ws_ur_hv/install/ur_controllers/share/ur_controllers/environment/path.dsv
[15.890s] -- Installing: /home/stan/workspace/ws_ur_hv/install/ur_controllers/share/ur_controllers/local_setup.bash
[15.890s] -- Installing: /home/stan/workspace/ws_ur_hv/install/ur_controllers/share/ur_controllers/local_setup.sh
[15.890s] -- Installing: /home/stan/workspace/ws_ur_hv/install/ur_controllers/share/ur_controllers/local_setup.zsh
[15.891s] -- Installing: /home/stan/workspace/ws_ur_hv/install/ur_controllers/share/ur_controllers/local_setup.dsv
[15.891s] -- Installing: /home/stan/workspace/ws_ur_hv/install/ur_controllers/share/ur_controllers/package.dsv
[15.891s] -- Installing: /home/stan/workspace/ws_ur_hv/install/ur_controllers/share/ament_index/resource_index/packages/ur_controllers
[15.891s] -- Installing: /home/stan/workspace/ws_ur_hv/install/ur_controllers/share/ament_index/resource_index/controller_interface__pluginlib__plugin/ur_controllers
[15.891s] -- Installing: /home/stan/workspace/ws_ur_hv/install/ur_controllers/share/ur_controllers/cmake/ament_cmake_export_dependencies-extras.cmake
[15.891s] -- Installing: /home/stan/workspace/ws_ur_hv/install/ur_controllers/share/ur_controllers/cmake/ament_cmake_export_include_directories-extras.cmake
[15.892s] -- Installing: /home/stan/workspace/ws_ur_hv/install/ur_controllers/share/ur_controllers/cmake/ament_cmake_export_libraries-extras.cmake
[15.892s] -- Installing: /home/stan/workspace/ws_ur_hv/install/ur_controllers/share/ur_controllers/cmake/ur_controllersConfig.cmake
[15.892s] -- Installing: /home/stan/workspace/ws_ur_hv/install/ur_controllers/share/ur_controllers/cmake/ur_controllersConfig-version.cmake
[15.892s] -- Installing: /home/stan/workspace/ws_ur_hv/install/ur_controllers/share/ur_controllers/package.xml
[15.901s] Invoked command in '/home/stan/workspace/ws_ur_hv/build/ur_controllers' returned '0': AMENT_PREFIX_PATH=/home/stan/workspace/ws_ur_hv/install/ur_dashboard_msgs:${AMENT_PREFIX_PATH} CMAKE_PREFIX_PATH=/home/stan/workspace/ws_ur_hv/install/ur_dashboard_msgs:/opt/ros/humble LD_LIBRARY_PATH=/home/stan/workspace/ws_ur_hv/install/ur_dashboard_msgs/lib:${LD_LIBRARY_PATH} PYTHONPATH=/home/stan/workspace/ws_ur_hv/install/ur_dashboard_msgs/local/lib/python3.10/dist-packages:${PYTHONPATH} /home/stan/.local/bin/cmake --install /home/stan/workspace/ws_ur_hv/build/ur_controllers
