[ 12%] Built target workcell_core__rosidl_generator_c
[ 12%] Built target workcell_core__cpp
[ 12%] Built target ament_cmake_python_copy_workcell_core
[ 21%] Built target workcell_core__rosidl_typesupport_cpp
[ 30%] Built target workcell_core__rosidl_typesupport_introspection_cpp
[ 39%] Built target workcell_core__rosidl_typesupport_fastrtps_cpp
[ 48%] Built target workcell_core__rosidl_typesupport_introspection_c
[ 57%] Built target workcell_core__rosidl_typesupport_c
[ 66%] Built target workcell_core__rosidl_typesupport_fastrtps_c
[ 69%] [32mBuilding CXX object CMakeFiles/vision_node.dir/src/vision_node.cpp.o[0m
[ 69%] Built target workcell_core
[ 72%] Built target workcell_core__py
[ 75%] [32mBuilding C object CMakeFiles/workcell_core__rosidl_generator_py.dir/rosidl_generator_py/workcell_core/srv/_localize_part_s.c.o[0m
[ 78%] [32m[1mLinking C shared library rosidl_generator_py/workcell_core/libworkcell_core__rosidl_generator_py.so[0m
[ 78%] Built target workcell_core__rosidl_generator_py
[ 81%] [32mBuilding C object CMakeFiles/workcell_core__rosidl_typesupport_introspection_c__pyext.dir/rosidl_generator_py/workcell_core/_workcell_core_s.ep.rosidl_typesupport_introspection_c.c.o[0m
[ 84%] [32mBuilding C object CMakeFiles/workcell_core__rosidl_typesupport_fastrtps_c__pyext.dir/rosidl_generator_py/workcell_core/_workcell_core_s.ep.rosidl_typesupport_fastrtps_c.c.o[0m
[ 87%] [32mBuilding C object CMakeFiles/workcell_core__rosidl_typesupport_c__pyext.dir/rosidl_generator_py/workcell_core/_workcell_core_s.ep.rosidl_typesupport_c.c.o[0m
[ 90%] [32m[1mLinking C shared library rosidl_generator_py/workcell_core/workcell_core_s__rosidl_typesupport_introspection_c.cpython-310-x86_64-linux-gnu.so[0m
[ 93%] [32m[1mLinking C shared library rosidl_generator_py/workcell_core/workcell_core_s__rosidl_typesupport_fastrtps_c.cpython-310-x86_64-linux-gnu.so[0m
running egg_info
writing workcell_core.egg-info/PKG-INFO
writing dependency_links to workcell_core.egg-info/dependency_links.txt
writing top-level names to workcell_core.egg-info/top_level.txt
[ 96%] [32m[1mLinking C shared library rosidl_generator_py/workcell_core/workcell_core_s__rosidl_typesupport_c.cpython-310-x86_64-linux-gnu.so[0m
reading manifest file 'workcell_core.egg-info/SOURCES.txt'
writing manifest file 'workcell_core.egg-info/SOURCES.txt'
[ 96%] Built target workcell_core__rosidl_typesupport_introspection_c__pyext
[ 96%] Built target workcell_core__rosidl_typesupport_fastrtps_c__pyext
[ 96%] Built target ament_cmake_python_build_workcell_core_egg
[ 96%] Built target workcell_core__rosidl_typesupport_c__pyext
