[0.094s] Invoking command in '/home/stan/workspace/ws_ur_hv/build/workcell_support': AMENT_PREFIX_PATH=/home/stan/workspace/ws_ur_hv/install/workcell_core:${AMENT_PREFIX_PATH} CMAKE_PREFIX_PATH=/home/stan/workspace/ws_ur_hv/install/workcell_core:/opt/ros/humble /home/stan/.local/bin/cmake --build /home/stan/workspace/ws_ur_hv/build/workcell_support -- -j12 -l12
[0.134s] Invoked command in '/home/stan/workspace/ws_ur_hv/build/workcell_support' returned '0': AMENT_PREFIX_PATH=/home/stan/workspace/ws_ur_hv/install/workcell_core:${AMENT_PREFIX_PATH} CMAKE_PREFIX_PATH=/home/stan/workspace/ws_ur_hv/install/workcell_core:/opt/ros/humble /home/stan/.local/bin/cmake --build /home/stan/workspace/ws_ur_hv/build/workcell_support -- -j12 -l12
[0.181s] Invoking command in '/home/stan/workspace/ws_ur_hv/build/workcell_support': AMENT_PREFIX_PATH=/home/stan/workspace/ws_ur_hv/install/workcell_core:${AMENT_PREFIX_PATH} CMAKE_PREFIX_PATH=/home/stan/workspace/ws_ur_hv/install/workcell_core:/opt/ros/humble /home/stan/.local/bin/cmake --install /home/stan/workspace/ws_ur_hv/build/workcell_support
[0.214s] -- Install configuration: ""
[0.214s] -- Up-to-date: /home/stan/workspace/ws_ur_hv/install/workcell_support/share/workcell_support/urdf
[0.214s] -- Installing: /home/stan/workspace/ws_ur_hv/install/workcell_support/share/workcell_support/urdf/workcell.urdf.xacro
[0.214s] -- Installing: /home/stan/workspace/ws_ur_hv/install/workcell_support/share/workcell_support/urdf/ur_robotique.urdf.xacro
[0.214s] -- Up-to-date: /home/stan/workspace/ws_ur_hv/install/workcell_support/share/workcell_support/launch
[0.215s] -- Installing: /home/stan/workspace/ws_ur_hv/install/workcell_support/share/workcell_support/launch/workcell.launch.py
[0.215s] -- Installing: /home/stan/workspace/ws_ur_hv/install/workcell_support/share/workcell_support/launch/urdf.launch.py
[0.215s] -- Up-to-date: /home/stan/workspace/ws_ur_hv/install/workcell_support/share/ament_index/resource_index/package_run_dependencies/workcell_support
[0.215s] -- Up-to-date: /home/stan/workspace/ws_ur_hv/install/workcell_support/share/ament_index/resource_index/parent_prefix_path/workcell_support
[0.215s] -- Up-to-date: /home/stan/workspace/ws_ur_hv/install/workcell_support/share/workcell_support/environment/ament_prefix_path.sh
[0.215s] -- Up-to-date: /home/stan/workspace/ws_ur_hv/install/workcell_support/share/workcell_support/environment/ament_prefix_path.dsv
[0.216s] -- Up-to-date: /home/stan/workspace/ws_ur_hv/install/workcell_support/share/workcell_support/environment/path.sh
[0.216s] -- Up-to-date: /home/stan/workspace/ws_ur_hv/install/workcell_support/share/workcell_support/environment/path.dsv
[0.216s] -- Up-to-date: /home/stan/workspace/ws_ur_hv/install/workcell_support/share/workcell_support/local_setup.bash
[0.216s] -- Up-to-date: /home/stan/workspace/ws_ur_hv/install/workcell_support/share/workcell_support/local_setup.sh
[0.216s] -- Up-to-date: /home/stan/workspace/ws_ur_hv/install/workcell_support/share/workcell_support/local_setup.zsh
[0.216s] -- Up-to-date: /home/stan/workspace/ws_ur_hv/install/workcell_support/share/workcell_support/local_setup.dsv
[0.216s] -- Installing: /home/stan/workspace/ws_ur_hv/install/workcell_support/share/workcell_support/package.dsv
[0.216s] -- Up-to-date: /home/stan/workspace/ws_ur_hv/install/workcell_support/share/ament_index/resource_index/packages/workcell_support
[0.217s] -- Up-to-date: /home/stan/workspace/ws_ur_hv/install/workcell_support/share/workcell_support/cmake/workcell_supportConfig.cmake
[0.217s] -- Up-to-date: /home/stan/workspace/ws_ur_hv/install/workcell_support/share/workcell_support/cmake/workcell_supportConfig-version.cmake
[0.217s] -- Up-to-date: /home/stan/workspace/ws_ur_hv/install/workcell_support/share/workcell_support/package.xml
[0.225s] Invoked command in '/home/stan/workspace/ws_ur_hv/build/workcell_support' returned '0': AMENT_PREFIX_PATH=/home/stan/workspace/ws_ur_hv/install/workcell_core:${AMENT_PREFIX_PATH} CMAKE_PREFIX_PATH=/home/stan/workspace/ws_ur_hv/install/workcell_core:/opt/ros/humble /home/stan/.local/bin/cmake --install /home/stan/workspace/ws_ur_hv/build/workcell_support
