[0.011s] Invoking command in '/home/stan/workspace/ws_ur_hv/build/robotiq_description': CMAKE_PREFIX_PATH=${CMAKE_PREFIX_PATH}:/opt/ros/humble /home/stan/.local/bin/cmake /home/stan/workspace/ws_ur_hv/src/ros2_robotiq_gripper/robotiq_description -DCMAKE_BUILD_TYPE=Release -DCMAKE_INSTALL_PREFIX=/home/stan/workspace/ws_ur_hv/install/robotiq_description
[0.097s] -- The C compiler identification is GNU 11.3.0
[0.165s] -- The CXX compiler identification is GNU 11.3.0
[0.179s] -- Detecting C compiler ABI info
[0.252s] -- Detecting C compiler ABI info - done
[0.269s] -- Check for working C compiler: /usr/bin/cc - skipped
[0.269s] -- Detecting C compile features
[0.270s] -- Detecting C compile features - done
[0.278s] -- Detecting CXX compiler ABI info
[0.370s] -- Detecting CXX compiler ABI info - done
[0.393s] -- Check for working CXX compiler: /usr/bin/c++ - skipped
[0.393s] -- Detecting CXX compile features
[0.394s] -- Detecting CXX compile features - done
[0.400s] -- Found ament_cmake: 1.3.5 (/opt/ros/humble/share/ament_cmake/cmake)
[0.873s] -- Found Python3: /usr/bin/python3.10 (found version "3.10.6") found components: Interpreter 
[1.108s] -- Configuring done (1.1s)
[1.115s] -- Generating done (0.0s)
[1.117s] -- Build files have been written to: /home/stan/workspace/ws_ur_hv/build/robotiq_description
[1.130s] Invoked command in '/home/stan/workspace/ws_ur_hv/build/robotiq_description' returned '0': CMAKE_PREFIX_PATH=${CMAKE_PREFIX_PATH}:/opt/ros/humble /home/stan/.local/bin/cmake /home/stan/workspace/ws_ur_hv/src/ros2_robotiq_gripper/robotiq_description -DCMAKE_BUILD_TYPE=Release -DCMAKE_INSTALL_PREFIX=/home/stan/workspace/ws_ur_hv/install/robotiq_description
[1.132s] Invoking command in '/home/stan/workspace/ws_ur_hv/build/robotiq_description': CMAKE_PREFIX_PATH=${CMAKE_PREFIX_PATH}:/opt/ros/humble /home/stan/.local/bin/cmake --build /home/stan/workspace/ws_ur_hv/build/robotiq_description -- -j12 -l12
[1.191s] Invoked command in '/home/stan/workspace/ws_ur_hv/build/robotiq_description' returned '0': CMAKE_PREFIX_PATH=${CMAKE_PREFIX_PATH}:/opt/ros/humble /home/stan/.local/bin/cmake --build /home/stan/workspace/ws_ur_hv/build/robotiq_description -- -j12 -l12
[1.241s] Invoking command in '/home/stan/workspace/ws_ur_hv/build/robotiq_description': CMAKE_PREFIX_PATH=${CMAKE_PREFIX_PATH}:/opt/ros/humble /home/stan/.local/bin/cmake --install /home/stan/workspace/ws_ur_hv/build/robotiq_description
[1.271s] -- Install configuration: "Release"
[1.271s] -- Installing: /home/stan/workspace/ws_ur_hv/install/robotiq_description/share/robotiq_description/urdf
[1.271s] -- Installing: /home/stan/workspace/ws_ur_hv/install/robotiq_description/share/robotiq_description/urdf/ur_to_robotiq_adapter.urdf.xacro
[1.271s] -- Installing: /home/stan/workspace/ws_ur_hv/install/robotiq_description/share/robotiq_description/urdf/robotiq_gripper.ros2_control.xacro
[1.271s] -- Installing: /home/stan/workspace/ws_ur_hv/install/robotiq_description/share/robotiq_description/urdf/robotiq_2f_85_gripper.urdf.xacro
[1.272s] -- Installing: /home/stan/workspace/ws_ur_hv/install/robotiq_description/share/robotiq_description/urdf/robotiq_2f_85_macro.urdf.xacro
[1.272s] -- Installing: /home/stan/workspace/ws_ur_hv/install/robotiq_description/share/robotiq_description/launch
[1.272s] -- Installing: /home/stan/workspace/ws_ur_hv/install/robotiq_description/share/robotiq_description/launch/view_gripper.launch.py
[1.272s] -- Installing: /home/stan/workspace/ws_ur_hv/install/robotiq_description/share/robotiq_description/rviz
[1.272s] -- Installing: /home/stan/workspace/ws_ur_hv/install/robotiq_description/share/robotiq_description/rviz/view_urdf.rviz
[1.272s] -- Installing: /home/stan/workspace/ws_ur_hv/install/robotiq_description/share/robotiq_description/meshes
[1.272s] -- Installing: /home/stan/workspace/ws_ur_hv/install/robotiq_description/share/robotiq_description/meshes/collision
[1.272s] -- Installing: /home/stan/workspace/ws_ur_hv/install/robotiq_description/share/robotiq_description/meshes/collision/right_knuckle.stl
[1.273s] -- Installing: /home/stan/workspace/ws_ur_hv/install/robotiq_description/share/robotiq_description/meshes/collision/robotiq_base.stl
[1.273s] -- Installing: /home/stan/workspace/ws_ur_hv/install/robotiq_description/share/robotiq_description/meshes/collision/right_finger_tip.stl
[1.273s] -- Installing: /home/stan/workspace/ws_ur_hv/install/robotiq_description/share/robotiq_description/meshes/collision/left_knuckle.stl
[1.273s] -- Installing: /home/stan/workspace/ws_ur_hv/install/robotiq_description/share/robotiq_description/meshes/collision/left_inner_knuckle.stl
[1.273s] -- Installing: /home/stan/workspace/ws_ur_hv/install/robotiq_description/share/robotiq_description/meshes/collision/right_inner_knuckle.stl
[1.273s] -- Installing: /home/stan/workspace/ws_ur_hv/install/robotiq_description/share/robotiq_description/meshes/collision/right_finger.stl
[1.273s] -- Installing: /home/stan/workspace/ws_ur_hv/install/robotiq_description/share/robotiq_description/meshes/collision/left_finger.stl
[1.274s] -- Installing: /home/stan/workspace/ws_ur_hv/install/robotiq_description/share/robotiq_description/meshes/collision/ur_to_robotiq_adapter.stl
[1.274s] -- Installing: /home/stan/workspace/ws_ur_hv/install/robotiq_description/share/robotiq_description/meshes/collision/left_finger_tip.stl
[1.274s] -- Installing: /home/stan/workspace/ws_ur_hv/install/robotiq_description/share/robotiq_description/meshes/visual
[1.274s] -- Installing: /home/stan/workspace/ws_ur_hv/install/robotiq_description/share/robotiq_description/meshes/visual/right_finger_tip.dae
[1.274s] -- Installing: /home/stan/workspace/ws_ur_hv/install/robotiq_description/share/robotiq_description/meshes/visual/right_knuckle.dae
[1.274s] -- Installing: /home/stan/workspace/ws_ur_hv/install/robotiq_description/share/robotiq_description/meshes/visual/right_inner_knuckle.dae
[1.275s] -- Installing: /home/stan/workspace/ws_ur_hv/install/robotiq_description/share/robotiq_description/meshes/visual/left_finger.dae
[1.275s] -- Installing: /home/stan/workspace/ws_ur_hv/install/robotiq_description/share/robotiq_description/meshes/visual/right_finger.dae
[1.275s] -- Installing: /home/stan/workspace/ws_ur_hv/install/robotiq_description/share/robotiq_description/meshes/visual/robotiq_base.dae
[1.278s] -- Installing: /home/stan/workspace/ws_ur_hv/install/robotiq_description/share/robotiq_description/meshes/visual/left_finger_tip.dae
[1.279s] -- Installing: /home/stan/workspace/ws_ur_hv/install/robotiq_description/share/robotiq_description/meshes/visual/ur_to_robotiq_adapter.dae
[1.279s] -- Installing: /home/stan/workspace/ws_ur_hv/install/robotiq_description/share/robotiq_description/meshes/visual/left_knuckle.dae
[1.279s] -- Installing: /home/stan/workspace/ws_ur_hv/install/robotiq_description/share/robotiq_description/meshes/visual/left_inner_knuckle.dae
[1.280s] -- Installing: /home/stan/workspace/ws_ur_hv/install/robotiq_description/share/ament_index/resource_index/package_run_dependencies/robotiq_description
[1.280s] -- Installing: /home/stan/workspace/ws_ur_hv/install/robotiq_description/share/ament_index/resource_index/parent_prefix_path/robotiq_description
[1.280s] -- Installing: /home/stan/workspace/ws_ur_hv/install/robotiq_description/share/robotiq_description/environment/ament_prefix_path.sh
[1.280s] -- Installing: /home/stan/workspace/ws_ur_hv/install/robotiq_description/share/robotiq_description/environment/ament_prefix_path.dsv
[1.281s] -- Installing: /home/stan/workspace/ws_ur_hv/install/robotiq_description/share/robotiq_description/environment/path.sh
[1.281s] -- Installing: /home/stan/workspace/ws_ur_hv/install/robotiq_description/share/robotiq_description/environment/path.dsv
[1.281s] -- Installing: /home/stan/workspace/ws_ur_hv/install/robotiq_description/share/robotiq_description/local_setup.bash
[1.281s] -- Installing: /home/stan/workspace/ws_ur_hv/install/robotiq_description/share/robotiq_description/local_setup.sh
[1.281s] -- Installing: /home/stan/workspace/ws_ur_hv/install/robotiq_description/share/robotiq_description/local_setup.zsh
[1.281s] -- Installing: /home/stan/workspace/ws_ur_hv/install/robotiq_description/share/robotiq_description/local_setup.dsv
[1.281s] -- Installing: /home/stan/workspace/ws_ur_hv/install/robotiq_description/share/robotiq_description/package.dsv
[1.282s] -- Installing: /home/stan/workspace/ws_ur_hv/install/robotiq_description/share/ament_index/resource_index/packages/robotiq_description
[1.282s] -- Installing: /home/stan/workspace/ws_ur_hv/install/robotiq_description/share/robotiq_description/cmake/robotiq_descriptionConfig.cmake
[1.282s] -- Installing: /home/stan/workspace/ws_ur_hv/install/robotiq_description/share/robotiq_description/cmake/robotiq_descriptionConfig-version.cmake
[1.282s] -- Installing: /home/stan/workspace/ws_ur_hv/install/robotiq_description/share/robotiq_description/package.xml
[1.291s] Invoked command in '/home/stan/workspace/ws_ur_hv/build/robotiq_description' returned '0': CMAKE_PREFIX_PATH=${CMAKE_PREFIX_PATH}:/opt/ros/humble /home/stan/.local/bin/cmake --install /home/stan/workspace/ws_ur_hv/build/robotiq_description
