[0.013s] Invoking command in '/home/stan/workspace/ws_ur_hv/build/ur_controllers': CMAKE_PREFIX_PATH=/home/stan/workspace/ws_ur_hv/install/ur_dashboard_msgs:/home/stan/workspace/ws_ur_hv/install/ur:/home/stan/workspace/ws_ur_hv/install/ur_calibration:/home/stan/workspace/ws_ur_hv/install/hello_moveit_ur:/home/stan/workspace/ws_ur_hv/install/ur_robot_driver:/home/stan/workspace/ws_ur_hv/install/ur_moveit_config:/home/stan/workspace/ws_ur_hv/install/ur_bringup:/home/stan/workspace/ws_ur_hv/install/ur_description:/home/stan/workspace/ws_ur_hv/install/ur_controllers:/opt/ros/humble LD_LIBRARY_PATH=/home/stan/workspace/ws_ur_hv/install/ur_dashboard_msgs/lib:/home/stan/workspace/ws_ur_hv/install/ur_robot_driver/lib:/home/stan/workspace/ws_ur_hv/install/ur_controllers/lib:/usr/lib/x86_64-linux-gnu/gazebo-11/plugins:/opt/ros/humble/opt/rviz_ogre_vendor/lib:/opt/ros/humble/lib/x86_64-linux-gnu:/opt/ros/humble/lib /home/stan/.local/bin/cmake --build /home/stan/workspace/ws_ur_hv/build/ur_controllers -- -j12 -l12
[0.092s] [100%] Built target ur_controllers
[0.102s] Invoked command in '/home/stan/workspace/ws_ur_hv/build/ur_controllers' returned '0': CMAKE_PREFIX_PATH=/home/stan/workspace/ws_ur_hv/install/ur_dashboard_msgs:/home/stan/workspace/ws_ur_hv/install/ur:/home/stan/workspace/ws_ur_hv/install/ur_calibration:/home/stan/workspace/ws_ur_hv/install/hello_moveit_ur:/home/stan/workspace/ws_ur_hv/install/ur_robot_driver:/home/stan/workspace/ws_ur_hv/install/ur_moveit_config:/home/stan/workspace/ws_ur_hv/install/ur_bringup:/home/stan/workspace/ws_ur_hv/install/ur_description:/home/stan/workspace/ws_ur_hv/install/ur_controllers:/opt/ros/humble LD_LIBRARY_PATH=/home/stan/workspace/ws_ur_hv/install/ur_dashboard_msgs/lib:/home/stan/workspace/ws_ur_hv/install/ur_robot_driver/lib:/home/stan/workspace/ws_ur_hv/install/ur_controllers/lib:/usr/lib/x86_64-linux-gnu/gazebo-11/plugins:/opt/ros/humble/opt/rviz_ogre_vendor/lib:/opt/ros/humble/lib/x86_64-linux-gnu:/opt/ros/humble/lib /home/stan/.local/bin/cmake --build /home/stan/workspace/ws_ur_hv/build/ur_controllers -- -j12 -l12
[0.165s] Invoking command in '/home/stan/workspace/ws_ur_hv/build/ur_controllers': CMAKE_PREFIX_PATH=/home/stan/workspace/ws_ur_hv/install/ur_dashboard_msgs:/home/stan/workspace/ws_ur_hv/install/ur:/home/stan/workspace/ws_ur_hv/install/ur_calibration:/home/stan/workspace/ws_ur_hv/install/hello_moveit_ur:/home/stan/workspace/ws_ur_hv/install/ur_robot_driver:/home/stan/workspace/ws_ur_hv/install/ur_moveit_config:/home/stan/workspace/ws_ur_hv/install/ur_bringup:/home/stan/workspace/ws_ur_hv/install/ur_description:/home/stan/workspace/ws_ur_hv/install/ur_controllers:/opt/ros/humble LD_LIBRARY_PATH=/home/stan/workspace/ws_ur_hv/install/ur_dashboard_msgs/lib:/home/stan/workspace/ws_ur_hv/install/ur_robot_driver/lib:/home/stan/workspace/ws_ur_hv/install/ur_controllers/lib:/usr/lib/x86_64-linux-gnu/gazebo-11/plugins:/opt/ros/humble/opt/rviz_ogre_vendor/lib:/opt/ros/humble/lib/x86_64-linux-gnu:/opt/ros/humble/lib /home/stan/.local/bin/cmake --install /home/stan/workspace/ws_ur_hv/build/ur_controllers
[0.193s] -- Install configuration: "Release"
[0.193s] -- Up-to-date: /home/stan/workspace/ws_ur_hv/install/ur_controllers/share/ur_controllers/controller_plugins.xml
[0.193s] -- Up-to-date: /home/stan/workspace/ws_ur_hv/install/ur_controllers/lib/libur_controllers.so
[0.194s] -- Up-to-date: /home/stan/workspace/ws_ur_hv/install/ur_controllers/include
[0.194s] -- Up-to-date: /home/stan/workspace/ws_ur_hv/install/ur_controllers/include/ur_controllers
[0.194s] -- Up-to-date: /home/stan/workspace/ws_ur_hv/install/ur_controllers/include/ur_controllers/gpio_controller.hpp
[0.194s] -- Up-to-date: /home/stan/workspace/ws_ur_hv/install/ur_controllers/include/ur_controllers/scaled_joint_trajectory_controller.hpp
[0.194s] -- Up-to-date: /home/stan/workspace/ws_ur_hv/install/ur_controllers/include/ur_controllers/speed_scaling_state_broadcaster.hpp
[0.194s] -- Up-to-date: /home/stan/workspace/ws_ur_hv/install/ur_controllers/share/ur_controllers/controller_plugins.xml
[0.195s] -- Up-to-date: /home/stan/workspace/ws_ur_hv/install/ur_controllers/share/ur_controllers/environment/library_path.sh
[0.195s] -- Up-to-date: /home/stan/workspace/ws_ur_hv/install/ur_controllers/share/ur_controllers/environment/library_path.dsv
[0.195s] -- Up-to-date: /home/stan/workspace/ws_ur_hv/install/ur_controllers/share/ament_index/resource_index/package_run_dependencies/ur_controllers
[0.195s] -- Up-to-date: /home/stan/workspace/ws_ur_hv/install/ur_controllers/share/ament_index/resource_index/parent_prefix_path/ur_controllers
[0.195s] -- Up-to-date: /home/stan/workspace/ws_ur_hv/install/ur_controllers/share/ur_controllers/environment/ament_prefix_path.sh
[0.195s] -- Up-to-date: /home/stan/workspace/ws_ur_hv/install/ur_controllers/share/ur_controllers/environment/ament_prefix_path.dsv
[0.195s] -- Up-to-date: /home/stan/workspace/ws_ur_hv/install/ur_controllers/share/ur_controllers/environment/path.sh
[0.195s] -- Up-to-date: /home/stan/workspace/ws_ur_hv/install/ur_controllers/share/ur_controllers/environment/path.dsv
[0.195s] -- Up-to-date: /home/stan/workspace/ws_ur_hv/install/ur_controllers/share/ur_controllers/local_setup.bash
[0.195s] -- Up-to-date: /home/stan/workspace/ws_ur_hv/install/ur_controllers/share/ur_controllers/local_setup.sh
[0.196s] -- Up-to-date: /home/stan/workspace/ws_ur_hv/install/ur_controllers/share/ur_controllers/local_setup.zsh
[0.196s] -- Up-to-date: /home/stan/workspace/ws_ur_hv/install/ur_controllers/share/ur_controllers/local_setup.dsv
[0.196s] -- Installing: /home/stan/workspace/ws_ur_hv/install/ur_controllers/share/ur_controllers/package.dsv
[0.196s] -- Up-to-date: /home/stan/workspace/ws_ur_hv/install/ur_controllers/share/ament_index/resource_index/packages/ur_controllers
[0.196s] -- Up-to-date: /home/stan/workspace/ws_ur_hv/install/ur_controllers/share/ament_index/resource_index/controller_interface__pluginlib__plugin/ur_controllers
[0.196s] -- Up-to-date: /home/stan/workspace/ws_ur_hv/install/ur_controllers/share/ur_controllers/cmake/ament_cmake_export_dependencies-extras.cmake
[0.196s] -- Up-to-date: /home/stan/workspace/ws_ur_hv/install/ur_controllers/share/ur_controllers/cmake/ament_cmake_export_include_directories-extras.cmake
[0.197s] -- Up-to-date: /home/stan/workspace/ws_ur_hv/install/ur_controllers/share/ur_controllers/cmake/ament_cmake_export_libraries-extras.cmake
[0.197s] -- Up-to-date: /home/stan/workspace/ws_ur_hv/install/ur_controllers/share/ur_controllers/cmake/ur_controllersConfig.cmake
[0.197s] -- Up-to-date: /home/stan/workspace/ws_ur_hv/install/ur_controllers/share/ur_controllers/cmake/ur_controllersConfig-version.cmake
[0.197s] -- Up-to-date: /home/stan/workspace/ws_ur_hv/install/ur_controllers/share/ur_controllers/package.xml
[0.204s] Invoked command in '/home/stan/workspace/ws_ur_hv/build/ur_controllers' returned '0': CMAKE_PREFIX_PATH=/home/stan/workspace/ws_ur_hv/install/ur_dashboard_msgs:/home/stan/workspace/ws_ur_hv/install/ur:/home/stan/workspace/ws_ur_hv/install/ur_calibration:/home/stan/workspace/ws_ur_hv/install/hello_moveit_ur:/home/stan/workspace/ws_ur_hv/install/ur_robot_driver:/home/stan/workspace/ws_ur_hv/install/ur_moveit_config:/home/stan/workspace/ws_ur_hv/install/ur_bringup:/home/stan/workspace/ws_ur_hv/install/ur_description:/home/stan/workspace/ws_ur_hv/install/ur_controllers:/opt/ros/humble LD_LIBRARY_PATH=/home/stan/workspace/ws_ur_hv/install/ur_dashboard_msgs/lib:/home/stan/workspace/ws_ur_hv/install/ur_robot_driver/lib:/home/stan/workspace/ws_ur_hv/install/ur_controllers/lib:/usr/lib/x86_64-linux-gnu/gazebo-11/plugins:/opt/ros/humble/opt/rviz_ogre_vendor/lib:/opt/ros/humble/lib/x86_64-linux-gnu:/opt/ros/humble/lib /home/stan/.local/bin/cmake --install /home/stan/workspace/ws_ur_hv/build/ur_controllers
