[0.039s] Invoking command in '/home/stan/workspace/ws_ur_hv/build/robotiq_driver': AMENT_PREFIX_PATH=/home/stan/workspace/ws_ur_hv/install/serial:${AMENT_PREFIX_PATH} CMAKE_PREFIX_PATH=/home/stan/workspace/ws_ur_hv/install/serial:/opt/ros/humble LD_LIBRARY_PATH=/home/stan/workspace/ws_ur_hv/install/serial/lib:${LD_LIBRARY_PATH} /home/stan/.local/bin/cmake --build /home/stan/workspace/ws_ur_hv/build/robotiq_driver -- -j12 -l12
[0.097s] [ 66%] Built target robotiq_driver
[0.108s] [100%] Built target gripper_interface_test
[0.118s] Invoked command in '/home/stan/workspace/ws_ur_hv/build/robotiq_driver' returned '0': AMENT_PREFIX_PATH=/home/stan/workspace/ws_ur_hv/install/serial:${AMENT_PREFIX_PATH} CMAKE_PREFIX_PATH=/home/stan/workspace/ws_ur_hv/install/serial:/opt/ros/humble LD_LIBRARY_PATH=/home/stan/workspace/ws_ur_hv/install/serial/lib:${LD_LIBRARY_PATH} /home/stan/.local/bin/cmake --build /home/stan/workspace/ws_ur_hv/build/robotiq_driver -- -j12 -l12
[0.171s] Invoking command in '/home/stan/workspace/ws_ur_hv/build/robotiq_driver': AMENT_PREFIX_PATH=/home/stan/workspace/ws_ur_hv/install/serial:${AMENT_PREFIX_PATH} CMAKE_PREFIX_PATH=/home/stan/workspace/ws_ur_hv/install/serial:/opt/ros/humble LD_LIBRARY_PATH=/home/stan/workspace/ws_ur_hv/install/serial/lib:${LD_LIBRARY_PATH} /home/stan/.local/bin/cmake --install /home/stan/workspace/ws_ur_hv/build/robotiq_driver
[0.197s] -- Install configuration: "Release"
[0.197s] -- Up-to-date: /home/stan/workspace/ws_ur_hv/install/robotiq_driver/share/robotiq_driver/hardware_interface_plugin.xml
[0.197s] -- Up-to-date: /home/stan/workspace/ws_ur_hv/install/robotiq_driver/lib/librobotiq_driver.so
[0.197s] -- Up-to-date: /home/stan/workspace/ws_ur_hv/install/robotiq_driver/lib/robotiq_driver/gripper_interface_test
[0.197s] -- Up-to-date: /home/stan/workspace/ws_ur_hv/install/robotiq_driver/include
[0.197s] -- Up-to-date: /home/stan/workspace/ws_ur_hv/install/robotiq_driver/include/robotiq_driver
[0.198s] -- Up-to-date: /home/stan/workspace/ws_ur_hv/install/robotiq_driver/include/robotiq_driver/hardware_interface.hpp
[0.198s] -- Up-to-date: /home/stan/workspace/ws_ur_hv/install/robotiq_driver/include/robotiq_driver/crc.hpp
[0.198s] -- Up-to-date: /home/stan/workspace/ws_ur_hv/install/robotiq_driver/include/robotiq_driver/robotiq_gripper_interface.hpp
[0.198s] -- Up-to-date: /home/stan/workspace/ws_ur_hv/install/robotiq_driver/include/robotiq_driver/visibility_control.h
[0.198s] -- Up-to-date: /home/stan/workspace/ws_ur_hv/install/robotiq_driver/share/robotiq_driver/config
[0.199s] -- Up-to-date: /home/stan/workspace/ws_ur_hv/install/robotiq_driver/share/robotiq_driver/config/robotiq_controllers.yaml
[0.199s] -- Up-to-date: /home/stan/workspace/ws_ur_hv/install/robotiq_driver/share/robotiq_driver/launch
[0.199s] -- Up-to-date: /home/stan/workspace/ws_ur_hv/install/robotiq_driver/share/robotiq_driver/launch/robotiq_control.launch.py
[0.199s] -- Up-to-date: /home/stan/workspace/ws_ur_hv/install/robotiq_driver/share/robotiq_driver/environment/library_path.sh
[0.199s] -- Up-to-date: /home/stan/workspace/ws_ur_hv/install/robotiq_driver/share/robotiq_driver/environment/library_path.dsv
[0.199s] -- Up-to-date: /home/stan/workspace/ws_ur_hv/install/robotiq_driver/share/ament_index/resource_index/package_run_dependencies/robotiq_driver
[0.200s] -- Up-to-date: /home/stan/workspace/ws_ur_hv/install/robotiq_driver/share/ament_index/resource_index/parent_prefix_path/robotiq_driver
[0.200s] -- Up-to-date: /home/stan/workspace/ws_ur_hv/install/robotiq_driver/share/robotiq_driver/environment/ament_prefix_path.sh
[0.200s] -- Up-to-date: /home/stan/workspace/ws_ur_hv/install/robotiq_driver/share/robotiq_driver/environment/ament_prefix_path.dsv
[0.200s] -- Up-to-date: /home/stan/workspace/ws_ur_hv/install/robotiq_driver/share/robotiq_driver/environment/path.sh
[0.200s] -- Up-to-date: /home/stan/workspace/ws_ur_hv/install/robotiq_driver/share/robotiq_driver/environment/path.dsv
[0.200s] -- Up-to-date: /home/stan/workspace/ws_ur_hv/install/robotiq_driver/share/robotiq_driver/local_setup.bash
[0.200s] -- Up-to-date: /home/stan/workspace/ws_ur_hv/install/robotiq_driver/share/robotiq_driver/local_setup.sh
[0.200s] -- Up-to-date: /home/stan/workspace/ws_ur_hv/install/robotiq_driver/share/robotiq_driver/local_setup.zsh
[0.200s] -- Up-to-date: /home/stan/workspace/ws_ur_hv/install/robotiq_driver/share/robotiq_driver/local_setup.dsv
[0.200s] -- Installing: /home/stan/workspace/ws_ur_hv/install/robotiq_driver/share/robotiq_driver/package.dsv
[0.201s] -- Up-to-date: /home/stan/workspace/ws_ur_hv/install/robotiq_driver/share/ament_index/resource_index/packages/robotiq_driver
[0.201s] -- Up-to-date: /home/stan/workspace/ws_ur_hv/install/robotiq_driver/share/ament_index/resource_index/hardware_interface__pluginlib__plugin/robotiq_driver
[0.201s] -- Up-to-date: /home/stan/workspace/ws_ur_hv/install/robotiq_driver/share/robotiq_driver/cmake/export_robotiq_driverExport.cmake
[0.201s] -- Up-to-date: /home/stan/workspace/ws_ur_hv/install/robotiq_driver/share/robotiq_driver/cmake/export_robotiq_driverExport-release.cmake
[0.201s] -- Up-to-date: /home/stan/workspace/ws_ur_hv/install/robotiq_driver/share/robotiq_driver/cmake/ament_cmake_export_include_directories-extras.cmake
[0.201s] -- Up-to-date: /home/stan/workspace/ws_ur_hv/install/robotiq_driver/share/robotiq_driver/cmake/ament_cmake_export_libraries-extras.cmake
[0.201s] -- Up-to-date: /home/stan/workspace/ws_ur_hv/install/robotiq_driver/share/robotiq_driver/cmake/ament_cmake_export_targets-extras.cmake
[0.201s] -- Up-to-date: /home/stan/workspace/ws_ur_hv/install/robotiq_driver/share/robotiq_driver/cmake/ament_cmake_export_dependencies-extras.cmake
[0.202s] -- Up-to-date: /home/stan/workspace/ws_ur_hv/install/robotiq_driver/share/robotiq_driver/cmake/robotiq_driverConfig.cmake
[0.202s] -- Up-to-date: /home/stan/workspace/ws_ur_hv/install/robotiq_driver/share/robotiq_driver/cmake/robotiq_driverConfig-version.cmake
[0.202s] -- Up-to-date: /home/stan/workspace/ws_ur_hv/install/robotiq_driver/share/robotiq_driver/package.xml
[0.209s] Invoked command in '/home/stan/workspace/ws_ur_hv/build/robotiq_driver' returned '0': AMENT_PREFIX_PATH=/home/stan/workspace/ws_ur_hv/install/serial:${AMENT_PREFIX_PATH} CMAKE_PREFIX_PATH=/home/stan/workspace/ws_ur_hv/install/serial:/opt/ros/humble LD_LIBRARY_PATH=/home/stan/workspace/ws_ur_hv/install/serial/lib:${LD_LIBRARY_PATH} /home/stan/.local/bin/cmake --install /home/stan/workspace/ws_ur_hv/build/robotiq_driver
