[0.014s] Invoking command in '/home/stan/workspace/ws_ur_hv/build/workcell_support': AMENT_PREFIX_PATH=/home/stan/workspace/ws_ur_hv/install/workcell_core:${AMENT_PREFIX_PATH} CMAKE_PREFIX_PATH=/home/stan/workspace/ws_ur_hv/install/workcell_core:/opt/ros/humble /home/stan/.local/bin/cmake --build /home/stan/workspace/ws_ur_hv/build/workcell_support -- -j12 -l12
[0.058s] -- Found ament_cmake: 1.3.5 (/opt/ros/humble/share/ament_cmake/cmake)
[0.200s] -- Found workcell_core: 0.0.0 (/home/stan/workspace/ws_ur_hv/install/workcell_core/share/workcell_core/cmake)
[0.200s] -- Found ament_lint_auto: 0.12.6 (/opt/ros/humble/share/ament_lint_auto/cmake)
[0.285s] -- Added test 'lint_cmake' to check CMake code style
[0.287s] -- Added test 'xmllint' to check XML markup files
[0.289s] -- Configuring done (0.2s)
[0.294s] -- Generating done (0.0s)
[0.296s] -- Build files have been written to: /home/stan/workspace/ws_ur_hv/build/workcell_support
[0.311s] Invoked command in '/home/stan/workspace/ws_ur_hv/build/workcell_support' returned '0': AMENT_PREFIX_PATH=/home/stan/workspace/ws_ur_hv/install/workcell_core:${AMENT_PREFIX_PATH} CMAKE_PREFIX_PATH=/home/stan/workspace/ws_ur_hv/install/workcell_core:/opt/ros/humble /home/stan/.local/bin/cmake --build /home/stan/workspace/ws_ur_hv/build/workcell_support -- -j12 -l12
[0.353s] Invoking command in '/home/stan/workspace/ws_ur_hv/build/workcell_support': AMENT_PREFIX_PATH=/home/stan/workspace/ws_ur_hv/install/workcell_core:${AMENT_PREFIX_PATH} CMAKE_PREFIX_PATH=/home/stan/workspace/ws_ur_hv/install/workcell_core:/opt/ros/humble /home/stan/.local/bin/cmake --install /home/stan/workspace/ws_ur_hv/build/workcell_support
[0.385s] -- Install configuration: ""
[0.385s] -- Installing: /home/stan/workspace/ws_ur_hv/install/workcell_support/share/workcell_support/urdf
[0.385s] -- Installing: /home/stan/workspace/ws_ur_hv/install/workcell_support/share/workcell_support/urdf/ur_robotique.urdf.xacro
[0.385s] -- Installing: /home/stan/workspace/ws_ur_hv/install/workcell_support/share/workcell_support/launch
[0.386s] -- Installing: /home/stan/workspace/ws_ur_hv/install/workcell_support/share/ament_index/resource_index/package_run_dependencies/workcell_support
[0.386s] -- Up-to-date: /home/stan/workspace/ws_ur_hv/install/workcell_support/share/ament_index/resource_index/parent_prefix_path/workcell_support
[0.386s] -- Up-to-date: /home/stan/workspace/ws_ur_hv/install/workcell_support/share/workcell_support/environment/ament_prefix_path.sh
[0.386s] -- Installing: /home/stan/workspace/ws_ur_hv/install/workcell_support/share/workcell_support/environment/ament_prefix_path.dsv
[0.386s] -- Up-to-date: /home/stan/workspace/ws_ur_hv/install/workcell_support/share/workcell_support/environment/path.sh
[0.386s] -- Installing: /home/stan/workspace/ws_ur_hv/install/workcell_support/share/workcell_support/environment/path.dsv
[0.386s] -- Up-to-date: /home/stan/workspace/ws_ur_hv/install/workcell_support/share/workcell_support/local_setup.bash
[0.386s] -- Up-to-date: /home/stan/workspace/ws_ur_hv/install/workcell_support/share/workcell_support/local_setup.sh
[0.387s] -- Up-to-date: /home/stan/workspace/ws_ur_hv/install/workcell_support/share/workcell_support/local_setup.zsh
[0.387s] -- Installing: /home/stan/workspace/ws_ur_hv/install/workcell_support/share/workcell_support/local_setup.dsv
[0.387s] -- Installing: /home/stan/workspace/ws_ur_hv/install/workcell_support/share/workcell_support/package.dsv
[0.387s] -- Up-to-date: /home/stan/workspace/ws_ur_hv/install/workcell_support/share/ament_index/resource_index/packages/workcell_support
[0.387s] -- Up-to-date: /home/stan/workspace/ws_ur_hv/install/workcell_support/share/workcell_support/cmake/workcell_supportConfig.cmake
[0.387s] -- Up-to-date: /home/stan/workspace/ws_ur_hv/install/workcell_support/share/workcell_support/cmake/workcell_supportConfig-version.cmake
[0.387s] -- Installing: /home/stan/workspace/ws_ur_hv/install/workcell_support/share/workcell_support/package.xml
[0.427s] Invoked command in '/home/stan/workspace/ws_ur_hv/build/workcell_support' returned '0': AMENT_PREFIX_PATH=/home/stan/workspace/ws_ur_hv/install/workcell_core:${AMENT_PREFIX_PATH} CMAKE_PREFIX_PATH=/home/stan/workspace/ws_ur_hv/install/workcell_core:/opt/ros/humble /home/stan/.local/bin/cmake --install /home/stan/workspace/ws_ur_hv/build/workcell_support
