[  3%] Built target workcell_core__cpp
[ 12%] Built target workcell_core__rosidl_generator_c
[ 21%] Built target workcell_core__rosidl_typesupport_cpp
[ 21%] Built target ament_cmake_python_copy_workcell_core
[ 39%] Built target workcell_core__rosidl_typesupport_introspection_cpp
[ 39%] Built target workcell_core__rosidl_typesupport_fastrtps_cpp
[ 48%] Built target workcell_core__rosidl_typesupport_fastrtps_c
[ 57%] Built target workcell_core__rosidl_typesupport_introspection_c
[ 66%] Built target workcell_core__rosidl_typesupport_c
[ 66%] Built target workcell_core
[ 69%] [32mBuilding CXX object CMakeFiles/vision_node.dir/src/vision_node.cpp.o[0m
[ 72%] Built target workcell_core__py
[ 78%] Built target workcell_core__rosidl_generator_py
[ 84%] Built target workcell_core__rosidl_typesupport_fastrtps_c__pyext
[ 90%] Built target workcell_core__rosidl_typesupport_c__pyext
[ 96%] Built target workcell_core__rosidl_typesupport_introspection_c__pyext
running egg_info
writing workcell_core.egg-info/PKG-INFO
writing dependency_links to workcell_core.egg-info/dependency_links.txt
writing top-level names to workcell_core.egg-info/top_level.txt
reading manifest file 'workcell_core.egg-info/SOURCES.txt'
writing manifest file 'workcell_core.egg-info/SOURCES.txt'
[ 96%] Built target ament_cmake_python_build_workcell_core_egg
