[0.032s] Invoking command in '/home/stan/workspace/ws_ur_hv/build/fake_ar_publisher': CMAKE_PREFIX_PATH=/opt/ros/humble /home/stan/.local/bin/cmake --build /home/stan/workspace/ws_ur_hv/build/fake_ar_publisher -- -j12 -l12
[0.091s] [  3%] Built target fake_ar_publisher__cpp
[0.094s] [ 12%] Built target fake_ar_publisher__rosidl_generator_c
[0.094s] [ 12%] Built target ament_cmake_python_copy_fake_ar_publisher
[0.119s] [ 21%] Built target fake_ar_publisher__rosidl_typesupport_cpp
[0.135s] [ 30%] Built target fake_ar_publisher__rosidl_typesupport_fastrtps_cpp
[0.139s] [ 39%] Built target fake_ar_publisher__rosidl_typesupport_introspection_c
[0.143s] [ 48%] Built target fake_ar_publisher__rosidl_typesupport_introspection_cpp
[0.146s] [ 66%] Built target fake_ar_publisher__rosidl_typesupport_c
[0.146s] [ 66%] Built target fake_ar_publisher__rosidl_typesupport_fastrtps_c
[0.162s] [ 66%] Built target fake_ar_publisher
[0.177s] [ 69%] Built target fake_ar_publisher__py
[0.191s] [ 75%] Built target fake_ar_publisher__rosidl_generator_py
[0.193s] [ 81%] Built target fake_ar_publisher_node
[0.206s] [ 90%] Built target fake_ar_publisher__rosidl_typesupport_introspection_c__pyext
[0.207s] [ 96%] Built target fake_ar_publisher__rosidl_typesupport_c__pyext
[0.208s] [100%] Built target fake_ar_publisher__rosidl_typesupport_fastrtps_c__pyext
[0.502s] running egg_info
[0.503s] writing fake_ar_publisher.egg-info/PKG-INFO
[0.503s] writing dependency_links to fake_ar_publisher.egg-info/dependency_links.txt
[0.503s] writing top-level names to fake_ar_publisher.egg-info/top_level.txt
[0.508s] reading manifest file 'fake_ar_publisher.egg-info/SOURCES.txt'
[0.509s] writing manifest file 'fake_ar_publisher.egg-info/SOURCES.txt'
[0.534s] [100%] Built target ament_cmake_python_build_fake_ar_publisher_egg
[0.543s] Invoked command in '/home/stan/workspace/ws_ur_hv/build/fake_ar_publisher' returned '0': CMAKE_PREFIX_PATH=/opt/ros/humble /home/stan/.local/bin/cmake --build /home/stan/workspace/ws_ur_hv/build/fake_ar_publisher -- -j12 -l12
[0.622s] Invoking command in '/home/stan/workspace/ws_ur_hv/build/fake_ar_publisher': CMAKE_PREFIX_PATH=/opt/ros/humble /home/stan/.local/bin/cmake --install /home/stan/workspace/ws_ur_hv/build/fake_ar_publisher
[0.651s] -- Install configuration: ""
[0.652s] -- Up-to-date: /home/stan/workspace/ws_ur_hv/install/fake_ar_publisher/share/ament_index/resource_index/rosidl_interfaces/fake_ar_publisher
[0.652s] -- Up-to-date: /home/stan/workspace/ws_ur_hv/install/fake_ar_publisher/include/fake_ar_publisher/fake_ar_publisher
[0.652s] -- Up-to-date: /home/stan/workspace/ws_ur_hv/install/fake_ar_publisher/include/fake_ar_publisher/fake_ar_publisher/msg
[0.652s] -- Up-to-date: /home/stan/workspace/ws_ur_hv/install/fake_ar_publisher/include/fake_ar_publisher/fake_ar_publisher/msg/detail
[0.652s] -- Up-to-date: /home/stan/workspace/ws_ur_hv/install/fake_ar_publisher/include/fake_ar_publisher/fake_ar_publisher/msg/detail/ar_marker__type_support.h
[0.653s] -- Up-to-date: /home/stan/workspace/ws_ur_hv/install/fake_ar_publisher/include/fake_ar_publisher/fake_ar_publisher/msg/detail/ar_marker__functions.h
[0.654s] -- Up-to-date: /home/stan/workspace/ws_ur_hv/install/fake_ar_publisher/include/fake_ar_publisher/fake_ar_publisher/msg/detail/ar_marker__functions.c
[0.654s] -- Up-to-date: /home/stan/workspace/ws_ur_hv/install/fake_ar_publisher/include/fake_ar_publisher/fake_ar_publisher/msg/detail/ar_marker__struct.h
[0.654s] -- Up-to-date: /home/stan/workspace/ws_ur_hv/install/fake_ar_publisher/include/fake_ar_publisher/fake_ar_publisher/msg/ar_marker.h
[0.654s] -- Up-to-date: /home/stan/workspace/ws_ur_hv/install/fake_ar_publisher/include/fake_ar_publisher/fake_ar_publisher/msg/rosidl_generator_c__visibility_control.h
[0.654s] -- Up-to-date: /home/stan/workspace/ws_ur_hv/install/fake_ar_publisher/share/fake_ar_publisher/environment/library_path.sh
[0.654s] -- Up-to-date: /home/stan/workspace/ws_ur_hv/install/fake_ar_publisher/share/fake_ar_publisher/environment/library_path.dsv
[0.654s] -- Up-to-date: /home/stan/workspace/ws_ur_hv/install/fake_ar_publisher/lib/libfake_ar_publisher__rosidl_generator_c.so
[0.655s] -- Up-to-date: /home/stan/workspace/ws_ur_hv/install/fake_ar_publisher/include/fake_ar_publisher/fake_ar_publisher
[0.655s] -- Up-to-date: /home/stan/workspace/ws_ur_hv/install/fake_ar_publisher/include/fake_ar_publisher/fake_ar_publisher/msg
[0.655s] -- Up-to-date: /home/stan/workspace/ws_ur_hv/install/fake_ar_publisher/include/fake_ar_publisher/fake_ar_publisher/msg/detail
[0.655s] -- Up-to-date: /home/stan/workspace/ws_ur_hv/install/fake_ar_publisher/include/fake_ar_publisher/fake_ar_publisher/msg/detail/ar_marker__rosidl_typesupport_fastrtps_c.h
[0.655s] -- Up-to-date: /home/stan/workspace/ws_ur_hv/install/fake_ar_publisher/include/fake_ar_publisher/fake_ar_publisher/msg/rosidl_typesupport_fastrtps_c__visibility_control.h
[0.655s] -- Up-to-date: /home/stan/workspace/ws_ur_hv/install/fake_ar_publisher/lib/libfake_ar_publisher__rosidl_typesupport_fastrtps_c.so
[0.655s] -- Up-to-date: /home/stan/workspace/ws_ur_hv/install/fake_ar_publisher/include/fake_ar_publisher/fake_ar_publisher
[0.655s] -- Up-to-date: /home/stan/workspace/ws_ur_hv/install/fake_ar_publisher/include/fake_ar_publisher/fake_ar_publisher/msg
[0.655s] -- Up-to-date: /home/stan/workspace/ws_ur_hv/install/fake_ar_publisher/include/fake_ar_publisher/fake_ar_publisher/msg/detail
[0.655s] -- Up-to-date: /home/stan/workspace/ws_ur_hv/install/fake_ar_publisher/include/fake_ar_publisher/fake_ar_publisher/msg/detail/ar_marker__struct.hpp
[0.655s] -- Up-to-date: /home/stan/workspace/ws_ur_hv/install/fake_ar_publisher/include/fake_ar_publisher/fake_ar_publisher/msg/detail/ar_marker__builder.hpp
[0.655s] -- Up-to-date: /home/stan/workspace/ws_ur_hv/install/fake_ar_publisher/include/fake_ar_publisher/fake_ar_publisher/msg/detail/ar_marker__traits.hpp
[0.655s] -- Up-to-date: /home/stan/workspace/ws_ur_hv/install/fake_ar_publisher/include/fake_ar_publisher/fake_ar_publisher/msg/ar_marker.hpp
[0.656s] -- Up-to-date: /home/stan/workspace/ws_ur_hv/install/fake_ar_publisher/include/fake_ar_publisher/fake_ar_publisher
[0.656s] -- Up-to-date: /home/stan/workspace/ws_ur_hv/install/fake_ar_publisher/include/fake_ar_publisher/fake_ar_publisher/msg
[0.656s] -- Up-to-date: /home/stan/workspace/ws_ur_hv/install/fake_ar_publisher/include/fake_ar_publisher/fake_ar_publisher/msg/detail
[0.656s] -- Up-to-date: /home/stan/workspace/ws_ur_hv/install/fake_ar_publisher/include/fake_ar_publisher/fake_ar_publisher/msg/detail/dds_fastrtps
[0.656s] -- Up-to-date: /home/stan/workspace/ws_ur_hv/install/fake_ar_publisher/include/fake_ar_publisher/fake_ar_publisher/msg/detail/ar_marker__rosidl_typesupport_fastrtps_cpp.hpp
[0.656s] -- Up-to-date: /home/stan/workspace/ws_ur_hv/install/fake_ar_publisher/include/fake_ar_publisher/fake_ar_publisher/msg/rosidl_typesupport_fastrtps_cpp__visibility_control.h
[0.656s] -- Up-to-date: /home/stan/workspace/ws_ur_hv/install/fake_ar_publisher/lib/libfake_ar_publisher__rosidl_typesupport_fastrtps_cpp.so
[0.656s] -- Up-to-date: /home/stan/workspace/ws_ur_hv/install/fake_ar_publisher/include/fake_ar_publisher/fake_ar_publisher
[0.656s] -- Up-to-date: /home/stan/workspace/ws_ur_hv/install/fake_ar_publisher/include/fake_ar_publisher/fake_ar_publisher/msg
[0.656s] -- Up-to-date: /home/stan/workspace/ws_ur_hv/install/fake_ar_publisher/include/fake_ar_publisher/fake_ar_publisher/msg/rosidl_typesupport_introspection_c__visibility_control.h
[0.656s] -- Up-to-date: /home/stan/workspace/ws_ur_hv/install/fake_ar_publisher/include/fake_ar_publisher/fake_ar_publisher/msg/detail
[0.656s] -- Up-to-date: /home/stan/workspace/ws_ur_hv/install/fake_ar_publisher/include/fake_ar_publisher/fake_ar_publisher/msg/detail/ar_marker__type_support.c
[0.656s] -- Up-to-date: /home/stan/workspace/ws_ur_hv/install/fake_ar_publisher/include/fake_ar_publisher/fake_ar_publisher/msg/detail/ar_marker__rosidl_typesupport_introspection_c.h
[0.657s] -- Up-to-date: /home/stan/workspace/ws_ur_hv/install/fake_ar_publisher/lib/libfake_ar_publisher__rosidl_typesupport_introspection_c.so
[0.657s] -- Up-to-date: /home/stan/workspace/ws_ur_hv/install/fake_ar_publisher/lib/libfake_ar_publisher__rosidl_typesupport_c.so
[0.657s] -- Up-to-date: /home/stan/workspace/ws_ur_hv/install/fake_ar_publisher/include/fake_ar_publisher/fake_ar_publisher
[0.657s] -- Up-to-date: /home/stan/workspace/ws_ur_hv/install/fake_ar_publisher/include/fake_ar_publisher/fake_ar_publisher/msg
[0.657s] -- Up-to-date: /home/stan/workspace/ws_ur_hv/install/fake_ar_publisher/include/fake_ar_publisher/fake_ar_publisher/msg/detail
[0.657s] -- Up-to-date: /home/stan/workspace/ws_ur_hv/install/fake_ar_publisher/include/fake_ar_publisher/fake_ar_publisher/msg/detail/ar_marker__type_support.cpp
[0.657s] -- Up-to-date: /home/stan/workspace/ws_ur_hv/install/fake_ar_publisher/include/fake_ar_publisher/fake_ar_publisher/msg/detail/ar_marker__rosidl_typesupport_introspection_cpp.hpp
[0.657s] -- Up-to-date: /home/stan/workspace/ws_ur_hv/install/fake_ar_publisher/lib/libfake_ar_publisher__rosidl_typesupport_introspection_cpp.so
[0.657s] -- Up-to-date: /home/stan/workspace/ws_ur_hv/install/fake_ar_publisher/lib/libfake_ar_publisher__rosidl_typesupport_cpp.so
[0.657s] -- Up-to-date: /home/stan/workspace/ws_ur_hv/install/fake_ar_publisher/share/fake_ar_publisher/environment/pythonpath.sh
[0.657s] -- Up-to-date: /home/stan/workspace/ws_ur_hv/install/fake_ar_publisher/share/fake_ar_publisher/environment/pythonpath.dsv
[0.658s] -- Up-to-date: /home/stan/workspace/ws_ur_hv/install/fake_ar_publisher/local/lib/python3.10/dist-packages/fake_ar_publisher-0.0.0-py3.10.egg-info
[0.658s] -- Installing: /home/stan/workspace/ws_ur_hv/install/fake_ar_publisher/local/lib/python3.10/dist-packages/fake_ar_publisher-0.0.0-py3.10.egg-info/PKG-INFO
[0.658s] -- Installing: /home/stan/workspace/ws_ur_hv/install/fake_ar_publisher/local/lib/python3.10/dist-packages/fake_ar_publisher-0.0.0-py3.10.egg-info/top_level.txt
[0.658s] -- Installing: /home/stan/workspace/ws_ur_hv/install/fake_ar_publisher/local/lib/python3.10/dist-packages/fake_ar_publisher-0.0.0-py3.10.egg-info/dependency_links.txt
[0.658s] -- Installing: /home/stan/workspace/ws_ur_hv/install/fake_ar_publisher/local/lib/python3.10/dist-packages/fake_ar_publisher-0.0.0-py3.10.egg-info/SOURCES.txt
[0.658s] -- Up-to-date: /home/stan/workspace/ws_ur_hv/install/fake_ar_publisher/local/lib/python3.10/dist-packages/fake_ar_publisher
[0.658s] -- Up-to-date: /home/stan/workspace/ws_ur_hv/install/fake_ar_publisher/local/lib/python3.10/dist-packages/fake_ar_publisher/fake_ar_publisher_s__rosidl_typesupport_c.cpython-310-x86_64-linux-gnu.so
[0.658s] -- Up-to-date: /home/stan/workspace/ws_ur_hv/install/fake_ar_publisher/local/lib/python3.10/dist-packages/fake_ar_publisher/__init__.py
[0.658s] -- Up-to-date: /home/stan/workspace/ws_ur_hv/install/fake_ar_publisher/local/lib/python3.10/dist-packages/fake_ar_publisher/fake_ar_publisher_s__rosidl_typesupport_introspection_c.cpython-310-x86_64-linux-gnu.so
[0.658s] -- Up-to-date: /home/stan/workspace/ws_ur_hv/install/fake_ar_publisher/local/lib/python3.10/dist-packages/fake_ar_publisher/_fake_ar_publisher_s.ep.rosidl_typesupport_introspection_c.c
[0.658s] -- Up-to-date: /home/stan/workspace/ws_ur_hv/install/fake_ar_publisher/local/lib/python3.10/dist-packages/fake_ar_publisher/fake_ar_publisher_s__rosidl_typesupport_fastrtps_c.cpython-310-x86_64-linux-gnu.so
[0.658s] -- Up-to-date: /home/stan/workspace/ws_ur_hv/install/fake_ar_publisher/local/lib/python3.10/dist-packages/fake_ar_publisher/_fake_ar_publisher_s.ep.rosidl_typesupport_c.c
[0.658s] -- Up-to-date: /home/stan/workspace/ws_ur_hv/install/fake_ar_publisher/local/lib/python3.10/dist-packages/fake_ar_publisher/msg
[0.659s] -- Up-to-date: /home/stan/workspace/ws_ur_hv/install/fake_ar_publisher/local/lib/python3.10/dist-packages/fake_ar_publisher/msg/_ar_marker.py
[0.659s] -- Up-to-date: /home/stan/workspace/ws_ur_hv/install/fake_ar_publisher/local/lib/python3.10/dist-packages/fake_ar_publisher/msg/__init__.py
[0.659s] -- Up-to-date: /home/stan/workspace/ws_ur_hv/install/fake_ar_publisher/local/lib/python3.10/dist-packages/fake_ar_publisher/msg/_ar_marker_s.c
[0.659s] -- Up-to-date: /home/stan/workspace/ws_ur_hv/install/fake_ar_publisher/local/lib/python3.10/dist-packages/fake_ar_publisher/_fake_ar_publisher_s.ep.rosidl_typesupport_fastrtps_c.c
[0.659s] -- Up-to-date: /home/stan/workspace/ws_ur_hv/install/fake_ar_publisher/local/lib/python3.10/dist-packages/fake_ar_publisher/libfake_ar_publisher__rosidl_generator_py.so
[0.698s] Listing '/home/stan/workspace/ws_ur_hv/install/fake_ar_publisher/local/lib/python3.10/dist-packages/fake_ar_publisher'...
[0.699s] Listing '/home/stan/workspace/ws_ur_hv/install/fake_ar_publisher/local/lib/python3.10/dist-packages/fake_ar_publisher/msg'...
[0.703s] -- Up-to-date: /home/stan/workspace/ws_ur_hv/install/fake_ar_publisher/local/lib/python3.10/dist-packages/fake_ar_publisher/fake_ar_publisher_s__rosidl_typesupport_fastrtps_c.cpython-310-x86_64-linux-gnu.so
[0.704s] -- Up-to-date: /home/stan/workspace/ws_ur_hv/install/fake_ar_publisher/local/lib/python3.10/dist-packages/fake_ar_publisher/fake_ar_publisher_s__rosidl_typesupport_introspection_c.cpython-310-x86_64-linux-gnu.so
[0.704s] -- Up-to-date: /home/stan/workspace/ws_ur_hv/install/fake_ar_publisher/local/lib/python3.10/dist-packages/fake_ar_publisher/fake_ar_publisher_s__rosidl_typesupport_c.cpython-310-x86_64-linux-gnu.so
[0.705s] -- Up-to-date: /home/stan/workspace/ws_ur_hv/install/fake_ar_publisher/lib/libfake_ar_publisher__rosidl_generator_py.so
[0.705s] -- Up-to-date: /home/stan/workspace/ws_ur_hv/install/fake_ar_publisher/share/fake_ar_publisher/msg/ARMarker.idl
[0.706s] -- Up-to-date: /home/stan/workspace/ws_ur_hv/install/fake_ar_publisher/share/fake_ar_publisher/msg/ARMarker.msg
[0.706s] -- Up-to-date: /home/stan/workspace/ws_ur_hv/install/fake_ar_publisher/lib/fake_ar_publisher/fake_ar_publisher_node
[0.706s] -- Up-to-date: /home/stan/workspace/ws_ur_hv/install/fake_ar_publisher/share/ament_index/resource_index/package_run_dependencies/fake_ar_publisher
[0.707s] -- Up-to-date: /home/stan/workspace/ws_ur_hv/install/fake_ar_publisher/share/ament_index/resource_index/parent_prefix_path/fake_ar_publisher
[0.707s] -- Up-to-date: /home/stan/workspace/ws_ur_hv/install/fake_ar_publisher/share/fake_ar_publisher/environment/ament_prefix_path.sh
[0.707s] -- Up-to-date: /home/stan/workspace/ws_ur_hv/install/fake_ar_publisher/share/fake_ar_publisher/environment/ament_prefix_path.dsv
[0.707s] -- Up-to-date: /home/stan/workspace/ws_ur_hv/install/fake_ar_publisher/share/fake_ar_publisher/environment/path.sh
[0.708s] -- Up-to-date: /home/stan/workspace/ws_ur_hv/install/fake_ar_publisher/share/fake_ar_publisher/environment/path.dsv
[0.708s] -- Up-to-date: /home/stan/workspace/ws_ur_hv/install/fake_ar_publisher/share/fake_ar_publisher/local_setup.bash
[0.708s] -- Up-to-date: /home/stan/workspace/ws_ur_hv/install/fake_ar_publisher/share/fake_ar_publisher/local_setup.sh
[0.708s] -- Up-to-date: /home/stan/workspace/ws_ur_hv/install/fake_ar_publisher/share/fake_ar_publisher/local_setup.zsh
[0.709s] -- Up-to-date: /home/stan/workspace/ws_ur_hv/install/fake_ar_publisher/share/fake_ar_publisher/local_setup.dsv
[0.709s] -- Installing: /home/stan/workspace/ws_ur_hv/install/fake_ar_publisher/share/fake_ar_publisher/package.dsv
[0.709s] -- Up-to-date: /home/stan/workspace/ws_ur_hv/install/fake_ar_publisher/share/ament_index/resource_index/packages/fake_ar_publisher
[0.709s] -- Up-to-date: /home/stan/workspace/ws_ur_hv/install/fake_ar_publisher/share/fake_ar_publisher/cmake/export_fake_ar_publisher__rosidl_generator_cExport.cmake
[0.709s] -- Up-to-date: /home/stan/workspace/ws_ur_hv/install/fake_ar_publisher/share/fake_ar_publisher/cmake/export_fake_ar_publisher__rosidl_generator_cExport-noconfig.cmake
[0.709s] -- Up-to-date: /home/stan/workspace/ws_ur_hv/install/fake_ar_publisher/share/fake_ar_publisher/cmake/export_fake_ar_publisher__rosidl_typesupport_fastrtps_cExport.cmake
[0.710s] -- Up-to-date: /home/stan/workspace/ws_ur_hv/install/fake_ar_publisher/share/fake_ar_publisher/cmake/export_fake_ar_publisher__rosidl_typesupport_fastrtps_cExport-noconfig.cmake
[0.710s] -- Up-to-date: /home/stan/workspace/ws_ur_hv/install/fake_ar_publisher/share/fake_ar_publisher/cmake/export_fake_ar_publisher__rosidl_generator_cppExport.cmake
[0.710s] -- Up-to-date: /home/stan/workspace/ws_ur_hv/install/fake_ar_publisher/share/fake_ar_publisher/cmake/export_fake_ar_publisher__rosidl_typesupport_fastrtps_cppExport.cmake
[0.710s] -- Up-to-date: /home/stan/workspace/ws_ur_hv/install/fake_ar_publisher/share/fake_ar_publisher/cmake/export_fake_ar_publisher__rosidl_typesupport_fastrtps_cppExport-noconfig.cmake
[0.710s] -- Up-to-date: /home/stan/workspace/ws_ur_hv/install/fake_ar_publisher/share/fake_ar_publisher/cmake/fake_ar_publisher__rosidl_typesupport_introspection_cExport.cmake
[0.710s] -- Up-to-date: /home/stan/workspace/ws_ur_hv/install/fake_ar_publisher/share/fake_ar_publisher/cmake/fake_ar_publisher__rosidl_typesupport_introspection_cExport-noconfig.cmake
[0.711s] -- Up-to-date: /home/stan/workspace/ws_ur_hv/install/fake_ar_publisher/share/fake_ar_publisher/cmake/fake_ar_publisher__rosidl_typesupport_cExport.cmake
[0.711s] -- Up-to-date: /home/stan/workspace/ws_ur_hv/install/fake_ar_publisher/share/fake_ar_publisher/cmake/fake_ar_publisher__rosidl_typesupport_cExport-noconfig.cmake
[0.711s] -- Up-to-date: /home/stan/workspace/ws_ur_hv/install/fake_ar_publisher/share/fake_ar_publisher/cmake/fake_ar_publisher__rosidl_typesupport_introspection_cppExport.cmake
[0.711s] -- Up-to-date: /home/stan/workspace/ws_ur_hv/install/fake_ar_publisher/share/fake_ar_publisher/cmake/fake_ar_publisher__rosidl_typesupport_introspection_cppExport-noconfig.cmake
[0.711s] -- Up-to-date: /home/stan/workspace/ws_ur_hv/install/fake_ar_publisher/share/fake_ar_publisher/cmake/fake_ar_publisher__rosidl_typesupport_cppExport.cmake
[0.712s] -- Up-to-date: /home/stan/workspace/ws_ur_hv/install/fake_ar_publisher/share/fake_ar_publisher/cmake/fake_ar_publisher__rosidl_typesupport_cppExport-noconfig.cmake
[0.712s] -- Up-to-date: /home/stan/workspace/ws_ur_hv/install/fake_ar_publisher/share/fake_ar_publisher/cmake/export_fake_ar_publisher__rosidl_generator_pyExport.cmake
[0.712s] -- Up-to-date: /home/stan/workspace/ws_ur_hv/install/fake_ar_publisher/share/fake_ar_publisher/cmake/export_fake_ar_publisher__rosidl_generator_pyExport-noconfig.cmake
[0.712s] -- Up-to-date: /home/stan/workspace/ws_ur_hv/install/fake_ar_publisher/share/fake_ar_publisher/cmake/rosidl_cmake-extras.cmake
[0.713s] -- Up-to-date: /home/stan/workspace/ws_ur_hv/install/fake_ar_publisher/share/fake_ar_publisher/cmake/ament_cmake_export_dependencies-extras.cmake
[0.713s] -- Up-to-date: /home/stan/workspace/ws_ur_hv/install/fake_ar_publisher/share/fake_ar_publisher/cmake/ament_cmake_export_include_directories-extras.cmake
[0.713s] -- Up-to-date: /home/stan/workspace/ws_ur_hv/install/fake_ar_publisher/share/fake_ar_publisher/cmake/ament_cmake_export_libraries-extras.cmake
[0.713s] -- Up-to-date: /home/stan/workspace/ws_ur_hv/install/fake_ar_publisher/share/fake_ar_publisher/cmake/ament_cmake_export_targets-extras.cmake
[0.713s] -- Up-to-date: /home/stan/workspace/ws_ur_hv/install/fake_ar_publisher/share/fake_ar_publisher/cmake/rosidl_cmake_export_typesupport_targets-extras.cmake
[0.714s] -- Up-to-date: /home/stan/workspace/ws_ur_hv/install/fake_ar_publisher/share/fake_ar_publisher/cmake/rosidl_cmake_export_typesupport_libraries-extras.cmake
[0.714s] -- Up-to-date: /home/stan/workspace/ws_ur_hv/install/fake_ar_publisher/share/fake_ar_publisher/cmake/fake_ar_publisherConfig.cmake
[0.714s] -- Up-to-date: /home/stan/workspace/ws_ur_hv/install/fake_ar_publisher/share/fake_ar_publisher/cmake/fake_ar_publisherConfig-version.cmake
[0.714s] -- Up-to-date: /home/stan/workspace/ws_ur_hv/install/fake_ar_publisher/share/fake_ar_publisher/package.xml
[0.720s] Invoked command in '/home/stan/workspace/ws_ur_hv/build/fake_ar_publisher' returned '0': CMAKE_PREFIX_PATH=/opt/ros/humble /home/stan/.local/bin/cmake --install /home/stan/workspace/ws_ur_hv/build/fake_ar_publisher
