[0.016s] Invoking command in '/home/stan/workspace/ws_ur_hv/build/ur_bringup': CMAKE_PREFIX_PATH=/home/stan/workspace/ws_ur_hv/install/ur_controllers:/home/stan/workspace/ws_ur_hv/install/ur_description:/home/stan/workspace/ws_ur_hv/install/ur_dashboard_msgs:/home/stan/workspace/ws_ur_hv/install/ur:/home/stan/workspace/ws_ur_hv/install/ur_calibration:/home/stan/workspace/ws_ur_hv/install/hello_moveit_ur:/home/stan/workspace/ws_ur_hv/install/ur_robot_driver:/home/stan/workspace/ws_ur_hv/install/ur_moveit_config:/home/stan/workspace/ws_ur_hv/install/ur_bringup:/opt/ros/humble LD_LIBRARY_PATH=/home/stan/workspace/ws_ur_hv/install/ur_controllers/lib:/home/stan/workspace/ws_ur_hv/install/ur_dashboard_msgs/lib:/home/stan/workspace/ws_ur_hv/install/ur_robot_driver/lib:/usr/lib/x86_64-linux-gnu/gazebo-11/plugins:/opt/ros/humble/opt/rviz_ogre_vendor/lib:/opt/ros/humble/lib/x86_64-linux-gnu:/opt/ros/humble/lib /home/stan/.local/bin/cmake --build /home/stan/workspace/ws_ur_hv/build/ur_bringup -- -j12 -l12
[0.059s] Invoked command in '/home/stan/workspace/ws_ur_hv/build/ur_bringup' returned '0': CMAKE_PREFIX_PATH=/home/stan/workspace/ws_ur_hv/install/ur_controllers:/home/stan/workspace/ws_ur_hv/install/ur_description:/home/stan/workspace/ws_ur_hv/install/ur_dashboard_msgs:/home/stan/workspace/ws_ur_hv/install/ur:/home/stan/workspace/ws_ur_hv/install/ur_calibration:/home/stan/workspace/ws_ur_hv/install/hello_moveit_ur:/home/stan/workspace/ws_ur_hv/install/ur_robot_driver:/home/stan/workspace/ws_ur_hv/install/ur_moveit_config:/home/stan/workspace/ws_ur_hv/install/ur_bringup:/opt/ros/humble LD_LIBRARY_PATH=/home/stan/workspace/ws_ur_hv/install/ur_controllers/lib:/home/stan/workspace/ws_ur_hv/install/ur_dashboard_msgs/lib:/home/stan/workspace/ws_ur_hv/install/ur_robot_driver/lib:/usr/lib/x86_64-linux-gnu/gazebo-11/plugins:/opt/ros/humble/opt/rviz_ogre_vendor/lib:/opt/ros/humble/lib/x86_64-linux-gnu:/opt/ros/humble/lib /home/stan/.local/bin/cmake --build /home/stan/workspace/ws_ur_hv/build/ur_bringup -- -j12 -l12
[0.113s] Invoking command in '/home/stan/workspace/ws_ur_hv/build/ur_bringup': CMAKE_PREFIX_PATH=/home/stan/workspace/ws_ur_hv/install/ur_controllers:/home/stan/workspace/ws_ur_hv/install/ur_description:/home/stan/workspace/ws_ur_hv/install/ur_dashboard_msgs:/home/stan/workspace/ws_ur_hv/install/ur:/home/stan/workspace/ws_ur_hv/install/ur_calibration:/home/stan/workspace/ws_ur_hv/install/hello_moveit_ur:/home/stan/workspace/ws_ur_hv/install/ur_robot_driver:/home/stan/workspace/ws_ur_hv/install/ur_moveit_config:/home/stan/workspace/ws_ur_hv/install/ur_bringup:/opt/ros/humble LD_LIBRARY_PATH=/home/stan/workspace/ws_ur_hv/install/ur_controllers/lib:/home/stan/workspace/ws_ur_hv/install/ur_dashboard_msgs/lib:/home/stan/workspace/ws_ur_hv/install/ur_robot_driver/lib:/usr/lib/x86_64-linux-gnu/gazebo-11/plugins:/opt/ros/humble/opt/rviz_ogre_vendor/lib:/opt/ros/humble/lib/x86_64-linux-gnu:/opt/ros/humble/lib /home/stan/.local/bin/cmake --install /home/stan/workspace/ws_ur_hv/build/ur_bringup
[0.142s] -- Install configuration: "Release"
[0.142s] -- Up-to-date: /home/stan/workspace/ws_ur_hv/install/ur_bringup/share/ur_bringup/config
[0.142s] -- Up-to-date: /home/stan/workspace/ws_ur_hv/install/ur_bringup/share/ur_bringup/config/ur10_update_rate.yaml
[0.142s] -- Up-to-date: /home/stan/workspace/ws_ur_hv/install/ur_bringup/share/ur_bringup/config/ur3_update_rate.yaml
[0.142s] -- Up-to-date: /home/stan/workspace/ws_ur_hv/install/ur_bringup/share/ur_bringup/config/ur5e_update_rate.yaml
[0.142s] -- Up-to-date: /home/stan/workspace/ws_ur_hv/install/ur_bringup/share/ur_bringup/config/ur5_update_rate.yaml
[0.142s] -- Up-to-date: /home/stan/workspace/ws_ur_hv/install/ur_bringup/share/ur_bringup/config/ur3e_update_rate.yaml
[0.142s] -- Up-to-date: /home/stan/workspace/ws_ur_hv/install/ur_bringup/share/ur_bringup/config/ur16e_update_rate.yaml
[0.143s] -- Up-to-date: /home/stan/workspace/ws_ur_hv/install/ur_bringup/share/ur_bringup/config/test_goal_publishers_config.yaml
[0.143s] -- Up-to-date: /home/stan/workspace/ws_ur_hv/install/ur_bringup/share/ur_bringup/config/ur_controllers.yaml
[0.143s] -- Up-to-date: /home/stan/workspace/ws_ur_hv/install/ur_bringup/share/ur_bringup/config/test_velocity_goal_publishers_config.yaml
[0.143s] -- Up-to-date: /home/stan/workspace/ws_ur_hv/install/ur_bringup/share/ur_bringup/config/ur10e_update_rate.yaml
[0.143s] -- Up-to-date: /home/stan/workspace/ws_ur_hv/install/ur_bringup/share/ur_bringup/launch
[0.143s] -- Up-to-date: /home/stan/workspace/ws_ur_hv/install/ur_bringup/share/ur_bringup/launch/ur10e.launch.py
[0.143s] -- Up-to-date: /home/stan/workspace/ws_ur_hv/install/ur_bringup/share/ur_bringup/launch/ur3e.launch.py
[0.143s] -- Up-to-date: /home/stan/workspace/ws_ur_hv/install/ur_bringup/share/ur_bringup/launch/ur5.launch.py
[0.143s] -- Up-to-date: /home/stan/workspace/ws_ur_hv/install/ur_bringup/share/ur_bringup/launch/ur3.launch.py
[0.144s] -- Up-to-date: /home/stan/workspace/ws_ur_hv/install/ur_bringup/share/ur_bringup/launch/ur5e.launch.py
[0.144s] -- Up-to-date: /home/stan/workspace/ws_ur_hv/install/ur_bringup/share/ur_bringup/launch/ur10.launch.py
[0.144s] -- Up-to-date: /home/stan/workspace/ws_ur_hv/install/ur_bringup/share/ur_bringup/launch/test_scaled_joint_trajectory_controller.launch.py
[0.144s] -- Up-to-date: /home/stan/workspace/ws_ur_hv/install/ur_bringup/share/ur_bringup/launch/ur16e.launch.py
[0.144s] -- Up-to-date: /home/stan/workspace/ws_ur_hv/install/ur_bringup/share/ur_bringup/launch/ur_dashboard_client.launch.py
[0.144s] -- Up-to-date: /home/stan/workspace/ws_ur_hv/install/ur_bringup/share/ur_bringup/launch/test_forward_velocity_controller.launch.py
[0.144s] -- Up-to-date: /home/stan/workspace/ws_ur_hv/install/ur_bringup/share/ur_bringup/launch/ur_control.launch.py
[0.144s] -- Up-to-date: /home/stan/workspace/ws_ur_hv/install/ur_bringup/share/ur_bringup/launch/test_joint_trajectory_controller.launch.py
[0.144s] -- Up-to-date: /home/stan/workspace/ws_ur_hv/install/ur_bringup/lib/ur_bringup/start_ursim.sh
[0.144s] -- Up-to-date: /home/stan/workspace/ws_ur_hv/install/ur_bringup/share/ament_index/resource_index/package_run_dependencies/ur_bringup
[0.144s] -- Up-to-date: /home/stan/workspace/ws_ur_hv/install/ur_bringup/share/ament_index/resource_index/parent_prefix_path/ur_bringup
[0.144s] -- Up-to-date: /home/stan/workspace/ws_ur_hv/install/ur_bringup/share/ur_bringup/environment/ament_prefix_path.sh
[0.145s] -- Up-to-date: /home/stan/workspace/ws_ur_hv/install/ur_bringup/share/ur_bringup/environment/ament_prefix_path.dsv
[0.145s] -- Up-to-date: /home/stan/workspace/ws_ur_hv/install/ur_bringup/share/ur_bringup/environment/path.sh
[0.145s] -- Up-to-date: /home/stan/workspace/ws_ur_hv/install/ur_bringup/share/ur_bringup/environment/path.dsv
[0.145s] -- Up-to-date: /home/stan/workspace/ws_ur_hv/install/ur_bringup/share/ur_bringup/local_setup.bash
[0.145s] -- Up-to-date: /home/stan/workspace/ws_ur_hv/install/ur_bringup/share/ur_bringup/local_setup.sh
[0.145s] -- Up-to-date: /home/stan/workspace/ws_ur_hv/install/ur_bringup/share/ur_bringup/local_setup.zsh
[0.145s] -- Up-to-date: /home/stan/workspace/ws_ur_hv/install/ur_bringup/share/ur_bringup/local_setup.dsv
[0.145s] -- Up-to-date: /home/stan/workspace/ws_ur_hv/install/ur_bringup/share/ur_bringup/package.dsv
[0.145s] -- Up-to-date: /home/stan/workspace/ws_ur_hv/install/ur_bringup/share/ament_index/resource_index/packages/ur_bringup
[0.145s] -- Up-to-date: /home/stan/workspace/ws_ur_hv/install/ur_bringup/share/ur_bringup/cmake/ur_bringupConfig.cmake
[0.145s] -- Up-to-date: /home/stan/workspace/ws_ur_hv/install/ur_bringup/share/ur_bringup/cmake/ur_bringupConfig-version.cmake
[0.145s] -- Up-to-date: /home/stan/workspace/ws_ur_hv/install/ur_bringup/share/ur_bringup/package.xml
[0.150s] Invoked command in '/home/stan/workspace/ws_ur_hv/build/ur_bringup' returned '0': CMAKE_PREFIX_PATH=/home/stan/workspace/ws_ur_hv/install/ur_controllers:/home/stan/workspace/ws_ur_hv/install/ur_description:/home/stan/workspace/ws_ur_hv/install/ur_dashboard_msgs:/home/stan/workspace/ws_ur_hv/install/ur:/home/stan/workspace/ws_ur_hv/install/ur_calibration:/home/stan/workspace/ws_ur_hv/install/hello_moveit_ur:/home/stan/workspace/ws_ur_hv/install/ur_robot_driver:/home/stan/workspace/ws_ur_hv/install/ur_moveit_config:/home/stan/workspace/ws_ur_hv/install/ur_bringup:/opt/ros/humble LD_LIBRARY_PATH=/home/stan/workspace/ws_ur_hv/install/ur_controllers/lib:/home/stan/workspace/ws_ur_hv/install/ur_dashboard_msgs/lib:/home/stan/workspace/ws_ur_hv/install/ur_robot_driver/lib:/usr/lib/x86_64-linux-gnu/gazebo-11/plugins:/opt/ros/humble/opt/rviz_ogre_vendor/lib:/opt/ros/humble/lib/x86_64-linux-gnu:/opt/ros/humble/lib /home/stan/.local/bin/cmake --install /home/stan/workspace/ws_ur_hv/build/ur_bringup
