[0.014s] Invoking command in '/home/stan/workspace/ws_ur_hv/build/ur_robot_driver': AMENT_PREFIX_PATH=/home/stan/workspace/ws_ur_hv/install/ur_controllers:/home/stan/workspace/ws_ur_hv/install/ur_description:/home/stan/workspace/ws_ur_hv/install/ur_dashboard_msgs:${AMENT_PREFIX_PATH} CMAKE_PREFIX_PATH=/home/stan/workspace/ws_ur_hv/install/ur_controllers:/home/stan/workspace/ws_ur_hv/install/ur_description:/home/stan/workspace/ws_ur_hv/install/ur_dashboard_msgs:/opt/ros/humble LD_LIBRARY_PATH=/home/stan/workspace/ws_ur_hv/install/ur_controllers/lib:/home/stan/workspace/ws_ur_hv/install/ur_dashboard_msgs/lib:${LD_LIBRARY_PATH} PYTHONPATH=/home/stan/workspace/ws_ur_hv/install/ur_dashboard_msgs/local/lib/python3.10/dist-packages:${PYTHONPATH} /home/stan/.local/bin/cmake /home/stan/workspace/ws_ur_hv/src/Universal_Robots_ROS2_Driver/ur_robot_driver -DCMAKE_INSTALL_PREFIX=/home/stan/workspace/ws_ur_hv/install/ur_robot_driver
[0.050s] -- Found ament_cmake: 1.3.5 (/opt/ros/humble/share/ament_cmake/cmake)
[0.176s] -- Found controller_manager: 2.28.0 (/opt/ros/humble/share/controller_manager/cmake)
[0.224s] -- Found rosidl_generator_c: 3.1.4 (/opt/ros/humble/share/rosidl_generator_c/cmake)
[0.228s] -- Found rosidl_adapter: 3.1.4 (/opt/ros/humble/share/rosidl_adapter/cmake)
[0.238s] -- Found rosidl_generator_cpp: 3.1.4 (/opt/ros/humble/share/rosidl_generator_cpp/cmake)
[0.259s] -- Using all available rosidl_typesupport_c: rosidl_typesupport_fastrtps_c;rosidl_typesupport_introspection_c
[0.286s] -- Using all available rosidl_typesupport_cpp: rosidl_typesupport_fastrtps_cpp;rosidl_typesupport_introspection_cpp
[1.135s] -- Found rmw_implementation_cmake: 6.1.1 (/opt/ros/humble/share/rmw_implementation_cmake/cmake)
[1.136s] -- Found rmw_fastrtps_cpp: 6.2.2 (/opt/ros/humble/share/rmw_fastrtps_cpp/cmake)
[1.292s] -- Using RMW implementation 'rmw_fastrtps_cpp' as default
[1.996s] -- Found rclpy: 3.3.8 (/opt/ros/humble/share/rclpy/cmake)
[1.996s] -- Found std_srvs: 4.2.3 (/opt/ros/humble/share/std_srvs/cmake)
[2.019s] -- Found tf2_geometry_msgs: 0.25.2 (/opt/ros/humble/share/tf2_geometry_msgs/cmake)
[2.025s] -- Found eigen3_cmake_module: 0.1.1 (/opt/ros/humble/share/eigen3_cmake_module/cmake)
[2.027s] -- Ensuring Eigen3 include directory is part of orocos-kdl CMake target
[2.332s] -- Found ur_dashboard_msgs: 2.2.6 (/home/stan/workspace/ws_ur_hv/install/ur_dashboard_msgs/share/ur_dashboard_msgs/cmake)
[4.162s] -- Found ur_controllers: 2.2.6 (/home/stan/workspace/ws_ur_hv/install/ur_controllers/share/ur_controllers/cmake)
[4.433s] -- Found parameter_traits: 0.3.3 (/opt/ros/humble/share/parameter_traits/cmake)
[5.007s] -- Found ur_description: 2.0.1 (/home/stan/workspace/ws_ur_hv/install/ur_description/share/ur_description/cmake)
[5.008s] -- Found launch_testing_ament_cmake: 1.0.4 (/opt/ros/humble/share/launch_testing_ament_cmake/cmake)
[5.009s] -- Found python_cmake_module: 0.10.0 (/opt/ros/humble/share/python_cmake_module/cmake)
[5.038s] -- Using PYTHON_EXECUTABLE: /usr/bin/python3
[5.038s] -- Using PYTHON_INCLUDE_DIRS: /usr/include/python3.10
[5.038s] -- Using PYTHON_LIBRARIES: /usr/lib/x86_64-linux-gnu/libpython3.10.so
[5.040s] -- Configuring done (5.0s)
[5.185s] -- Generating done (0.1s)
[5.188s] -- Build files have been written to: /home/stan/workspace/ws_ur_hv/build/ur_robot_driver
[5.206s] Invoked command in '/home/stan/workspace/ws_ur_hv/build/ur_robot_driver' returned '0': AMENT_PREFIX_PATH=/home/stan/workspace/ws_ur_hv/install/ur_controllers:/home/stan/workspace/ws_ur_hv/install/ur_description:/home/stan/workspace/ws_ur_hv/install/ur_dashboard_msgs:${AMENT_PREFIX_PATH} CMAKE_PREFIX_PATH=/home/stan/workspace/ws_ur_hv/install/ur_controllers:/home/stan/workspace/ws_ur_hv/install/ur_description:/home/stan/workspace/ws_ur_hv/install/ur_dashboard_msgs:/opt/ros/humble LD_LIBRARY_PATH=/home/stan/workspace/ws_ur_hv/install/ur_controllers/lib:/home/stan/workspace/ws_ur_hv/install/ur_dashboard_msgs/lib:${LD_LIBRARY_PATH} PYTHONPATH=/home/stan/workspace/ws_ur_hv/install/ur_dashboard_msgs/local/lib/python3.10/dist-packages:${PYTHONPATH} /home/stan/.local/bin/cmake /home/stan/workspace/ws_ur_hv/src/Universal_Robots_ROS2_Driver/ur_robot_driver -DCMAKE_INSTALL_PREFIX=/home/stan/workspace/ws_ur_hv/install/ur_robot_driver
[5.208s] Invoking command in '/home/stan/workspace/ws_ur_hv/build/ur_robot_driver': AMENT_PREFIX_PATH=/home/stan/workspace/ws_ur_hv/install/ur_controllers:/home/stan/workspace/ws_ur_hv/install/ur_description:/home/stan/workspace/ws_ur_hv/install/ur_dashboard_msgs:${AMENT_PREFIX_PATH} CMAKE_PREFIX_PATH=/home/stan/workspace/ws_ur_hv/install/ur_controllers:/home/stan/workspace/ws_ur_hv/install/ur_description:/home/stan/workspace/ws_ur_hv/install/ur_dashboard_msgs:/opt/ros/humble LD_LIBRARY_PATH=/home/stan/workspace/ws_ur_hv/install/ur_controllers/lib:/home/stan/workspace/ws_ur_hv/install/ur_dashboard_msgs/lib:${LD_LIBRARY_PATH} PYTHONPATH=/home/stan/workspace/ws_ur_hv/install/ur_dashboard_msgs/local/lib/python3.10/dist-packages:${PYTHONPATH} /home/stan/.local/bin/cmake --build /home/stan/workspace/ws_ur_hv/build/ur_robot_driver -- -j12 -l12
[5.266s] [  0%] Built target ament_cmake_python_copy_ur_robot_driver
[5.277s] [  7%] [32m[1mLinking CXX executable controller_stopper_node[0m
[5.277s] [ 23%] Built target ur_ros2_control_node
[5.282s] [ 30%] [32m[1mLinking CXX executable dashboard_client[0m
[5.290s] [ 38%] [32m[1mLinking CXX shared library libur_robot_driver_plugin.so[0m
[5.667s] [ 53%] Built target controller_stopper_node
[5.677s] [ 76%] Built target dashboard_client
[5.690s] running egg_info
[5.691s] writing ur_robot_driver.egg-info/PKG-INFO
[5.692s] writing dependency_links to ur_robot_driver.egg-info/dependency_links.txt
[5.692s] writing top-level names to ur_robot_driver.egg-info/top_level.txt
[5.692s] [100%] Built target ur_robot_driver_plugin
[5.696s] reading manifest file 'ur_robot_driver.egg-info/SOURCES.txt'
[5.697s] writing manifest file 'ur_robot_driver.egg-info/SOURCES.txt'
[5.727s] [100%] Built target ament_cmake_python_build_ur_robot_driver_egg
[5.737s] Invoked command in '/home/stan/workspace/ws_ur_hv/build/ur_robot_driver' returned '0': AMENT_PREFIX_PATH=/home/stan/workspace/ws_ur_hv/install/ur_controllers:/home/stan/workspace/ws_ur_hv/install/ur_description:/home/stan/workspace/ws_ur_hv/install/ur_dashboard_msgs:${AMENT_PREFIX_PATH} CMAKE_PREFIX_PATH=/home/stan/workspace/ws_ur_hv/install/ur_controllers:/home/stan/workspace/ws_ur_hv/install/ur_description:/home/stan/workspace/ws_ur_hv/install/ur_dashboard_msgs:/opt/ros/humble LD_LIBRARY_PATH=/home/stan/workspace/ws_ur_hv/install/ur_controllers/lib:/home/stan/workspace/ws_ur_hv/install/ur_dashboard_msgs/lib:${LD_LIBRARY_PATH} PYTHONPATH=/home/stan/workspace/ws_ur_hv/install/ur_dashboard_msgs/local/lib/python3.10/dist-packages:${PYTHONPATH} /home/stan/.local/bin/cmake --build /home/stan/workspace/ws_ur_hv/build/ur_robot_driver -- -j12 -l12
[5.803s] Invoking command in '/home/stan/workspace/ws_ur_hv/build/ur_robot_driver': AMENT_PREFIX_PATH=/home/stan/workspace/ws_ur_hv/install/ur_controllers:/home/stan/workspace/ws_ur_hv/install/ur_description:/home/stan/workspace/ws_ur_hv/install/ur_dashboard_msgs:${AMENT_PREFIX_PATH} CMAKE_PREFIX_PATH=/home/stan/workspace/ws_ur_hv/install/ur_controllers:/home/stan/workspace/ws_ur_hv/install/ur_description:/home/stan/workspace/ws_ur_hv/install/ur_dashboard_msgs:/opt/ros/humble LD_LIBRARY_PATH=/home/stan/workspace/ws_ur_hv/install/ur_controllers/lib:/home/stan/workspace/ws_ur_hv/install/ur_dashboard_msgs/lib:${LD_LIBRARY_PATH} PYTHONPATH=/home/stan/workspace/ws_ur_hv/install/ur_dashboard_msgs/local/lib/python3.10/dist-packages:${PYTHONPATH} /home/stan/.local/bin/cmake --install /home/stan/workspace/ws_ur_hv/build/ur_robot_driver
[5.844s] -- Install configuration: "Release"
[5.844s] -- Up-to-date: /home/stan/workspace/ws_ur_hv/install/ur_robot_driver/share/ur_robot_driver/hardware_interface_plugin.xml
[5.845s] -- Installing: /home/stan/workspace/ws_ur_hv/install/ur_robot_driver/lib/ur_robot_driver/dashboard_client
[5.847s] -- Set runtime path of "/home/stan/workspace/ws_ur_hv/install/ur_robot_driver/lib/ur_robot_driver/dashboard_client" to ""
[5.848s] -- Up-to-date: /home/stan/workspace/ws_ur_hv/install/ur_robot_driver/lib/ur_robot_driver/ur_ros2_control_node
[5.849s] -- Installing: /home/stan/workspace/ws_ur_hv/install/ur_robot_driver/lib/ur_robot_driver/controller_stopper_node
[5.851s] -- Set runtime path of "/home/stan/workspace/ws_ur_hv/install/ur_robot_driver/lib/ur_robot_driver/controller_stopper_node" to ""
[5.852s] -- Installing: /home/stan/workspace/ws_ur_hv/install/ur_robot_driver/lib/libur_robot_driver_plugin.so
[5.855s] -- Set runtime path of "/home/stan/workspace/ws_ur_hv/install/ur_robot_driver/lib/libur_robot_driver_plugin.so" to ""
[5.855s] -- Up-to-date: /home/stan/workspace/ws_ur_hv/install/ur_robot_driver/include
[5.856s] -- Up-to-date: /home/stan/workspace/ws_ur_hv/install/ur_robot_driver/include/ur_robot_driver
[5.856s] -- Up-to-date: /home/stan/workspace/ws_ur_hv/install/ur_robot_driver/include/ur_robot_driver/hardware_interface.hpp
[5.856s] -- Up-to-date: /home/stan/workspace/ws_ur_hv/install/ur_robot_driver/include/ur_robot_driver/controller_stopper.hpp
[5.856s] -- Up-to-date: /home/stan/workspace/ws_ur_hv/install/ur_robot_driver/include/ur_robot_driver/urcl_log_handler.hpp
[5.856s] -- Up-to-date: /home/stan/workspace/ws_ur_hv/install/ur_robot_driver/include/ur_robot_driver/dashboard_client_ros.hpp
[5.856s] -- Up-to-date: /home/stan/workspace/ws_ur_hv/install/ur_robot_driver/share/ur_robot_driver/environment/library_path.sh
[5.856s] -- Installing: /home/stan/workspace/ws_ur_hv/install/ur_robot_driver/share/ur_robot_driver/environment/library_path.dsv
[5.856s] -- Up-to-date: /home/stan/workspace/ws_ur_hv/install/ur_robot_driver/share/ur_robot_driver/resources
[5.856s] -- Up-to-date: /home/stan/workspace/ws_ur_hv/install/ur_robot_driver/share/ur_robot_driver/resources/rtde_output_recipe.txt
[5.857s] -- Up-to-date: /home/stan/workspace/ws_ur_hv/install/ur_robot_driver/share/ur_robot_driver/resources/rtde_input_recipe.txt
[5.857s] -- Up-to-date: /home/stan/workspace/ws_ur_hv/install/ur_robot_driver/share/ur_robot_driver/resources/rs485-1.0.urcap
[5.857s] -- Up-to-date: /home/stan/workspace/ws_ur_hv/install/ur_robot_driver/share/ur_robot_driver/resources/externalcontrol-1.0.5.urcap
[5.857s] -- Up-to-date: /home/stan/workspace/ws_ur_hv/install/ur_robot_driver/share/ur_robot_driver/resources/ros_control.urscript
[5.857s] -- Up-to-date: /home/stan/workspace/ws_ur_hv/install/ur_robot_driver/include
[5.857s] -- Up-to-date: /home/stan/workspace/ws_ur_hv/install/ur_robot_driver/include/ur_robot_driver
[5.857s] -- Up-to-date: /home/stan/workspace/ws_ur_hv/install/ur_robot_driver/include/ur_robot_driver/hardware_interface.hpp
[5.857s] -- Up-to-date: /home/stan/workspace/ws_ur_hv/install/ur_robot_driver/include/ur_robot_driver/controller_stopper.hpp
[5.857s] -- Up-to-date: /home/stan/workspace/ws_ur_hv/install/ur_robot_driver/include/ur_robot_driver/urcl_log_handler.hpp
[5.857s] -- Up-to-date: /home/stan/workspace/ws_ur_hv/install/ur_robot_driver/include/ur_robot_driver/dashboard_client_ros.hpp
[5.857s] -- Up-to-date: /home/stan/workspace/ws_ur_hv/install/ur_robot_driver/share/ur_robot_driver/environment/pythonpath.sh
[5.858s] -- Installing: /home/stan/workspace/ws_ur_hv/install/ur_robot_driver/share/ur_robot_driver/environment/pythonpath.dsv
[5.858s] -- Up-to-date: /home/stan/workspace/ws_ur_hv/install/ur_robot_driver/local/lib/python3.10/dist-packages/ur_robot_driver-2.2.6-py3.10.egg-info
[5.858s] -- Installing: /home/stan/workspace/ws_ur_hv/install/ur_robot_driver/local/lib/python3.10/dist-packages/ur_robot_driver-2.2.6-py3.10.egg-info/PKG-INFO
[5.858s] -- Installing: /home/stan/workspace/ws_ur_hv/install/ur_robot_driver/local/lib/python3.10/dist-packages/ur_robot_driver-2.2.6-py3.10.egg-info/top_level.txt
[5.858s] -- Installing: /home/stan/workspace/ws_ur_hv/install/ur_robot_driver/local/lib/python3.10/dist-packages/ur_robot_driver-2.2.6-py3.10.egg-info/dependency_links.txt
[5.858s] -- Installing: /home/stan/workspace/ws_ur_hv/install/ur_robot_driver/local/lib/python3.10/dist-packages/ur_robot_driver-2.2.6-py3.10.egg-info/SOURCES.txt
[5.858s] -- Up-to-date: /home/stan/workspace/ws_ur_hv/install/ur_robot_driver/local/lib/python3.10/dist-packages/ur_robot_driver
[5.858s] -- Up-to-date: /home/stan/workspace/ws_ur_hv/install/ur_robot_driver/local/lib/python3.10/dist-packages/ur_robot_driver/__init__.py
[5.892s] Listing '/home/stan/workspace/ws_ur_hv/install/ur_robot_driver/local/lib/python3.10/dist-packages/ur_robot_driver'...
[5.896s] -- Up-to-date: /home/stan/workspace/ws_ur_hv/install/ur_robot_driver/lib/ur_robot_driver/tool_communication.py
[5.897s] -- Up-to-date: /home/stan/workspace/ws_ur_hv/install/ur_robot_driver/bin/wait_dashboard_server.sh
[5.897s] -- Up-to-date: /home/stan/workspace/ws_ur_hv/install/ur_robot_driver/lib/ur_robot_driver/start_ursim.sh
[5.897s] -- Up-to-date: /home/stan/workspace/ws_ur_hv/install/ur_robot_driver/share/ur_robot_driver/config
[5.897s] -- Up-to-date: /home/stan/workspace/ws_ur_hv/install/ur_robot_driver/share/ur_robot_driver/config/ur10_update_rate.yaml
[5.898s] -- Up-to-date: /home/stan/workspace/ws_ur_hv/install/ur_robot_driver/share/ur_robot_driver/config/ur3_update_rate.yaml
[5.898s] -- Up-to-date: /home/stan/workspace/ws_ur_hv/install/ur_robot_driver/share/ur_robot_driver/config/ur5e_update_rate.yaml
[5.898s] -- Up-to-date: /home/stan/workspace/ws_ur_hv/install/ur_robot_driver/share/ur_robot_driver/config/ur5_update_rate.yaml
[5.898s] -- Up-to-date: /home/stan/workspace/ws_ur_hv/install/ur_robot_driver/share/ur_robot_driver/config/ur3e_update_rate.yaml
[5.898s] -- Up-to-date: /home/stan/workspace/ws_ur_hv/install/ur_robot_driver/share/ur_robot_driver/config/ur16e_update_rate.yaml
[5.898s] -- Up-to-date: /home/stan/workspace/ws_ur_hv/install/ur_robot_driver/share/ur_robot_driver/config/test_goal_publishers_config.yaml
[5.898s] -- Up-to-date: /home/stan/workspace/ws_ur_hv/install/ur_robot_driver/share/ur_robot_driver/config/ur_controllers.yaml
[5.898s] -- Up-to-date: /home/stan/workspace/ws_ur_hv/install/ur_robot_driver/share/ur_robot_driver/config/test_velocity_goal_publishers_config.yaml
[5.898s] -- Up-to-date: /home/stan/workspace/ws_ur_hv/install/ur_robot_driver/share/ur_robot_driver/config/ur10e_update_rate.yaml
[5.898s] -- Up-to-date: /home/stan/workspace/ws_ur_hv/install/ur_robot_driver/share/ur_robot_driver/launch
[5.898s] -- Up-to-date: /home/stan/workspace/ws_ur_hv/install/ur_robot_driver/share/ur_robot_driver/launch/ur10e.launch.py
[5.899s] -- Up-to-date: /home/stan/workspace/ws_ur_hv/install/ur_robot_driver/share/ur_robot_driver/launch/ur3e.launch.py
[5.899s] -- Up-to-date: /home/stan/workspace/ws_ur_hv/install/ur_robot_driver/share/ur_robot_driver/launch/ur5.launch.py
[5.899s] -- Up-to-date: /home/stan/workspace/ws_ur_hv/install/ur_robot_driver/share/ur_robot_driver/launch/ur3.launch.py
[5.899s] -- Up-to-date: /home/stan/workspace/ws_ur_hv/install/ur_robot_driver/share/ur_robot_driver/launch/ur5e.launch.py
[5.899s] -- Up-to-date: /home/stan/workspace/ws_ur_hv/install/ur_robot_driver/share/ur_robot_driver/launch/ur10.launch.py
[5.899s] -- Up-to-date: /home/stan/workspace/ws_ur_hv/install/ur_robot_driver/share/ur_robot_driver/launch/test_scaled_joint_trajectory_controller.launch.py
[5.899s] -- Up-to-date: /home/stan/workspace/ws_ur_hv/install/ur_robot_driver/share/ur_robot_driver/launch/ur16e.launch.py
[5.899s] -- Up-to-date: /home/stan/workspace/ws_ur_hv/install/ur_robot_driver/share/ur_robot_driver/launch/ur_dashboard_client.launch.py
[5.899s] -- Up-to-date: /home/stan/workspace/ws_ur_hv/install/ur_robot_driver/share/ur_robot_driver/launch/test_forward_velocity_controller.launch.py
[5.899s] -- Up-to-date: /home/stan/workspace/ws_ur_hv/install/ur_robot_driver/share/ur_robot_driver/launch/ur_control.launch.py
[5.900s] -- Up-to-date: /home/stan/workspace/ws_ur_hv/install/ur_robot_driver/share/ur_robot_driver/launch/test_joint_trajectory_controller.launch.py
[5.900s] -- Up-to-date: /home/stan/workspace/ws_ur_hv/install/ur_robot_driver/share/ament_index/resource_index/package_run_dependencies/ur_robot_driver
[5.900s] -- Up-to-date: /home/stan/workspace/ws_ur_hv/install/ur_robot_driver/share/ament_index/resource_index/parent_prefix_path/ur_robot_driver
[5.900s] -- Up-to-date: /home/stan/workspace/ws_ur_hv/install/ur_robot_driver/share/ur_robot_driver/environment/ament_prefix_path.sh
[5.900s] -- Installing: /home/stan/workspace/ws_ur_hv/install/ur_robot_driver/share/ur_robot_driver/environment/ament_prefix_path.dsv
[5.900s] -- Up-to-date: /home/stan/workspace/ws_ur_hv/install/ur_robot_driver/share/ur_robot_driver/environment/path.sh
[5.900s] -- Installing: /home/stan/workspace/ws_ur_hv/install/ur_robot_driver/share/ur_robot_driver/environment/path.dsv
[5.900s] -- Up-to-date: /home/stan/workspace/ws_ur_hv/install/ur_robot_driver/share/ur_robot_driver/local_setup.bash
[5.900s] -- Up-to-date: /home/stan/workspace/ws_ur_hv/install/ur_robot_driver/share/ur_robot_driver/local_setup.sh
[5.900s] -- Up-to-date: /home/stan/workspace/ws_ur_hv/install/ur_robot_driver/share/ur_robot_driver/local_setup.zsh
[5.900s] -- Installing: /home/stan/workspace/ws_ur_hv/install/ur_robot_driver/share/ur_robot_driver/local_setup.dsv
[5.900s] -- Installing: /home/stan/workspace/ws_ur_hv/install/ur_robot_driver/share/ur_robot_driver/package.dsv
[5.900s] -- Up-to-date: /home/stan/workspace/ws_ur_hv/install/ur_robot_driver/share/ament_index/resource_index/packages/ur_robot_driver
[5.901s] -- Up-to-date: /home/stan/workspace/ws_ur_hv/install/ur_robot_driver/share/ament_index/resource_index/hardware_interface__pluginlib__plugin/ur_robot_driver
[5.901s] -- Up-to-date: /home/stan/workspace/ws_ur_hv/install/ur_robot_driver/share/ur_robot_driver/cmake/ament_cmake_export_include_directories-extras.cmake
[5.901s] -- Up-to-date: /home/stan/workspace/ws_ur_hv/install/ur_robot_driver/share/ur_robot_driver/cmake/ament_cmake_export_libraries-extras.cmake
[5.901s] -- Up-to-date: /home/stan/workspace/ws_ur_hv/install/ur_robot_driver/share/ur_robot_driver/cmake/ament_cmake_export_dependencies-extras.cmake
[5.901s] -- Up-to-date: /home/stan/workspace/ws_ur_hv/install/ur_robot_driver/share/ur_robot_driver/cmake/ur_robot_driverConfig.cmake
[5.901s] -- Up-to-date: /home/stan/workspace/ws_ur_hv/install/ur_robot_driver/share/ur_robot_driver/cmake/ur_robot_driverConfig-version.cmake
[5.901s] -- Up-to-date: /home/stan/workspace/ws_ur_hv/install/ur_robot_driver/share/ur_robot_driver/package.xml
[5.910s] Invoked command in '/home/stan/workspace/ws_ur_hv/build/ur_robot_driver' returned '0': AMENT_PREFIX_PATH=/home/stan/workspace/ws_ur_hv/install/ur_controllers:/home/stan/workspace/ws_ur_hv/install/ur_description:/home/stan/workspace/ws_ur_hv/install/ur_dashboard_msgs:${AMENT_PREFIX_PATH} CMAKE_PREFIX_PATH=/home/stan/workspace/ws_ur_hv/install/ur_controllers:/home/stan/workspace/ws_ur_hv/install/ur_description:/home/stan/workspace/ws_ur_hv/install/ur_dashboard_msgs:/opt/ros/humble LD_LIBRARY_PATH=/home/stan/workspace/ws_ur_hv/install/ur_controllers/lib:/home/stan/workspace/ws_ur_hv/install/ur_dashboard_msgs/lib:${LD_LIBRARY_PATH} PYTHONPATH=/home/stan/workspace/ws_ur_hv/install/ur_dashboard_msgs/local/lib/python3.10/dist-packages:${PYTHONPATH} /home/stan/.local/bin/cmake --install /home/stan/workspace/ws_ur_hv/build/ur_robot_driver
