[0.035s] Invoking command in '/home/stan/workspace/ws_ur_hv/build/serial': CMAKE_PREFIX_PATH=/opt/ros/humble /home/stan/.local/bin/cmake --build /home/stan/workspace/ws_ur_hv/build/serial -- -j12 -l12
[0.097s] [100%] Built target serial
[0.115s] Invoked command in '/home/stan/workspace/ws_ur_hv/build/serial' returned '0': CMAKE_PREFIX_PATH=/opt/ros/humble /home/stan/.local/bin/cmake --build /home/stan/workspace/ws_ur_hv/build/serial -- -j12 -l12
[0.211s] Invoking command in '/home/stan/workspace/ws_ur_hv/build/serial': CMAKE_PREFIX_PATH=/opt/ros/humble /home/stan/.local/bin/cmake --install /home/stan/workspace/ws_ur_hv/build/serial
[0.252s] -- Install configuration: "Release"
[0.282s] -- Up-to-date: /home/stan/workspace/ws_ur_hv/install/serial/lib/libserial.a
[0.282s] -- Up-to-date: /home/stan/workspace/ws_ur_hv/install/serial/include
[0.283s] -- Up-to-date: /home/stan/workspace/ws_ur_hv/install/serial/include/serial
[0.283s] -- Up-to-date: /home/stan/workspace/ws_ur_hv/install/serial/include/serial/serial.h
[0.283s] -- Up-to-date: /home/stan/workspace/ws_ur_hv/install/serial/include/serial/impl
[0.283s] -- Up-to-date: /home/stan/workspace/ws_ur_hv/install/serial/include/serial/impl/win.h
[0.283s] -- Up-to-date: /home/stan/workspace/ws_ur_hv/install/serial/include/serial/impl/unix.h
[0.283s] -- Up-to-date: /home/stan/workspace/ws_ur_hv/install/serial/include/serial/v8stdint.h
[0.283s] -- Up-to-date: /home/stan/workspace/ws_ur_hv/install/serial/share/serial/environment/library_path.sh
[0.283s] -- Up-to-date: /home/stan/workspace/ws_ur_hv/install/serial/share/serial/environment/library_path.dsv
[0.283s] -- Up-to-date: /home/stan/workspace/ws_ur_hv/install/serial/share/ament_index/resource_index/package_run_dependencies/serial
[0.284s] -- Up-to-date: /home/stan/workspace/ws_ur_hv/install/serial/share/ament_index/resource_index/parent_prefix_path/serial
[0.284s] -- Up-to-date: /home/stan/workspace/ws_ur_hv/install/serial/share/serial/environment/ament_prefix_path.sh
[0.284s] -- Up-to-date: /home/stan/workspace/ws_ur_hv/install/serial/share/serial/environment/ament_prefix_path.dsv
[0.284s] -- Up-to-date: /home/stan/workspace/ws_ur_hv/install/serial/share/serial/environment/path.sh
[0.284s] -- Up-to-date: /home/stan/workspace/ws_ur_hv/install/serial/share/serial/environment/path.dsv
[0.284s] -- Up-to-date: /home/stan/workspace/ws_ur_hv/install/serial/share/serial/local_setup.bash
[0.284s] -- Up-to-date: /home/stan/workspace/ws_ur_hv/install/serial/share/serial/local_setup.sh
[0.284s] -- Up-to-date: /home/stan/workspace/ws_ur_hv/install/serial/share/serial/local_setup.zsh
[0.284s] -- Up-to-date: /home/stan/workspace/ws_ur_hv/install/serial/share/serial/local_setup.dsv
[0.290s] -- Installing: /home/stan/workspace/ws_ur_hv/install/serial/share/serial/package.dsv
[0.291s] -- Up-to-date: /home/stan/workspace/ws_ur_hv/install/serial/share/ament_index/resource_index/packages/serial
[0.291s] -- Up-to-date: /home/stan/workspace/ws_ur_hv/install/serial/share/serial/cmake/export_serialExport.cmake
[0.292s] -- Up-to-date: /home/stan/workspace/ws_ur_hv/install/serial/share/serial/cmake/export_serialExport-release.cmake
[0.296s] -- Up-to-date: /home/stan/workspace/ws_ur_hv/install/serial/share/serial/cmake/ament_cmake_export_include_directories-extras.cmake
[0.298s] -- Up-to-date: /home/stan/workspace/ws_ur_hv/install/serial/share/serial/cmake/ament_cmake_export_libraries-extras.cmake
[0.298s] -- Up-to-date: /home/stan/workspace/ws_ur_hv/install/serial/share/serial/cmake/ament_cmake_export_targets-extras.cmake
[0.298s] -- Up-to-date: /home/stan/workspace/ws_ur_hv/install/serial/share/serial/cmake/serialConfig.cmake
[0.298s] -- Up-to-date: /home/stan/workspace/ws_ur_hv/install/serial/share/serial/cmake/serialConfig-version.cmake
[0.298s] -- Up-to-date: /home/stan/workspace/ws_ur_hv/install/serial/share/serial/package.xml
[0.354s] Invoked command in '/home/stan/workspace/ws_ur_hv/build/serial' returned '0': CMAKE_PREFIX_PATH=/opt/ros/humble /home/stan/.local/bin/cmake --install /home/stan/workspace/ws_ur_hv/build/serial
