[0.036s] Invoking command in '/home/stan/workspace/ws_ur_hv/build/fake_ar_publisher': CMAKE_PREFIX_PATH=/opt/ros/humble /home/stan/.local/bin/cmake --build /home/stan/workspace/ws_ur_hv/build/fake_ar_publisher -- -j12 -l12
[0.093s] [  3%] [34m[1mGenerating C code for ROS interfaces[0m
[0.098s] [  6%] [34m[1mGenerating C++ code for ROS interfaces[0m
[0.105s] [  6%] Built target ament_cmake_python_copy_fake_ar_publisher
[0.504s] [  6%] Built target fake_ar_publisher__cpp
[0.516s] [  9%] [34m[1mGenerating C++ type support dispatch for ROS interfaces[0m
[0.538s] [ 12%] [34m[1mGenerating C++ type support for eProsima Fast-RTPS[0m
[0.557s] [ 15%] [34m[1mGenerating C++ introspection for ROS interfaces[0m
[0.610s] running egg_info
[0.610s] creating fake_ar_publisher.egg-info
[0.611s] writing fake_ar_publisher.egg-info/PKG-INFO
[0.611s] writing dependency_links to fake_ar_publisher.egg-info/dependency_links.txt
[0.611s] writing top-level names to fake_ar_publisher.egg-info/top_level.txt
[0.611s] writing manifest file 'fake_ar_publisher.egg-info/SOURCES.txt'
[0.618s] reading manifest file 'fake_ar_publisher.egg-info/SOURCES.txt'
[0.618s] writing manifest file 'fake_ar_publisher.egg-info/SOURCES.txt'
[0.619s] [ 18%] [32mBuilding C object CMakeFiles/fake_ar_publisher__rosidl_generator_c.dir/rosidl_generator_c/fake_ar_publisher/msg/detail/ar_marker__functions.c.o[0m
[0.654s] [ 18%] Built target ament_cmake_python_build_fake_ar_publisher_egg
[0.722s] [ 21%] [32m[1mLinking C shared library libfake_ar_publisher__rosidl_generator_c.so[0m
[0.758s] [ 21%] Built target fake_ar_publisher__rosidl_generator_c
[0.764s] [ 30%] [34m[1mGenerating C type support for eProsima Fast-RTPS[0m
[0.764s] [ 30%] [34m[1mGenerating C introspection for ROS interfaces[0m
[0.765s] [ 30%] [34m[1mGenerating C type support dispatch for ROS interfaces[0m
[0.908s] [ 33%] [32mBuilding CXX object CMakeFiles/fake_ar_publisher__rosidl_typesupport_cpp.dir/rosidl_typesupport_cpp/fake_ar_publisher/msg/ar_marker__type_support.cpp.o[0m
[1.001s] [ 36%] [32mBuilding CXX object CMakeFiles/fake_ar_publisher__rosidl_typesupport_fastrtps_cpp.dir/rosidl_typesupport_fastrtps_cpp/fake_ar_publisher/msg/detail/dds_fastrtps/ar_marker__type_support.cpp.o[0m
[1.024s] [ 39%] [32mBuilding CXX object CMakeFiles/fake_ar_publisher__rosidl_typesupport_introspection_cpp.dir/rosidl_typesupport_introspection_cpp/fake_ar_publisher/msg/detail/ar_marker__type_support.cpp.o[0m
[1.178s] [ 42%] [32mBuilding CXX object CMakeFiles/fake_ar_publisher__rosidl_typesupport_c.dir/rosidl_typesupport_c/fake_ar_publisher/msg/ar_marker__type_support.cpp.o[0m
[1.209s] [ 45%] [32mBuilding CXX object CMakeFiles/fake_ar_publisher__rosidl_typesupport_fastrtps_c.dir/rosidl_typesupport_fastrtps_c/fake_ar_publisher/msg/detail/ar_marker__type_support_c.cpp.o[0m
[1.232s] [ 48%] [32m[1mLinking CXX shared library libfake_ar_publisher__rosidl_typesupport_c.so[0m
[1.246s] [ 51%] [32mBuilding C object CMakeFiles/fake_ar_publisher__rosidl_typesupport_introspection_c.dir/rosidl_typesupport_introspection_c/fake_ar_publisher/msg/detail/ar_marker__type_support.c.o[0m
[1.279s] [ 51%] Built target fake_ar_publisher__rosidl_typesupport_c
[1.297s] [ 54%] [32m[1mLinking C shared library libfake_ar_publisher__rosidl_typesupport_introspection_c.so[0m
[1.330s] [ 54%] Built target fake_ar_publisher__rosidl_typesupport_introspection_c
[1.361s] [ 57%] [32m[1mLinking CXX shared library libfake_ar_publisher__rosidl_typesupport_cpp.so[0m
[1.390s] [ 57%] Built target fake_ar_publisher__rosidl_typesupport_cpp
[1.669s] [ 60%] [32m[1mLinking CXX shared library libfake_ar_publisher__rosidl_typesupport_introspection_cpp.so[0m
[1.699s] [ 63%] [32m[1mLinking CXX shared library libfake_ar_publisher__rosidl_typesupport_fastrtps_cpp.so[0m
[1.742s] [ 63%] Built target fake_ar_publisher__rosidl_typesupport_introspection_cpp
[1.769s] [ 63%] Built target fake_ar_publisher__rosidl_typesupport_fastrtps_cpp
[1.774s] [ 66%] [32m[1mLinking CXX shared library libfake_ar_publisher__rosidl_typesupport_fastrtps_c.so[0m
[1.851s] [ 66%] Built target fake_ar_publisher__rosidl_typesupport_fastrtps_c
[1.859s] [ 66%] Built target fake_ar_publisher
[1.867s] [ 69%] [32mBuilding CXX object CMakeFiles/fake_ar_publisher_node.dir/src/fake_ar_publisher.cpp.o[0m
[1.869s] [ 72%] [34m[1mGenerating Python code for ROS interfaces[0m
[2.182s] [ 72%] Built target fake_ar_publisher__py
[2.191s] [ 75%] [32mBuilding C object CMakeFiles/fake_ar_publisher__rosidl_generator_py.dir/rosidl_generator_py/fake_ar_publisher/msg/_ar_marker_s.c.o[0m
[2.317s] [ 78%] [32m[1mLinking C shared library rosidl_generator_py/fake_ar_publisher/libfake_ar_publisher__rosidl_generator_py.so[0m
[2.348s] [ 78%] Built target fake_ar_publisher__rosidl_generator_py
[2.356s] [ 81%] [32mBuilding C object CMakeFiles/fake_ar_publisher__rosidl_typesupport_introspection_c__pyext.dir/rosidl_generator_py/fake_ar_publisher/_fake_ar_publisher_s.ep.rosidl_typesupport_introspection_c.c.o[0m
[2.357s] [ 84%] [32mBuilding C object CMakeFiles/fake_ar_publisher__rosidl_typesupport_fastrtps_c__pyext.dir/rosidl_generator_py/fake_ar_publisher/_fake_ar_publisher_s.ep.rosidl_typesupport_fastrtps_c.c.o[0m
[2.357s] [ 87%] [32mBuilding C object CMakeFiles/fake_ar_publisher__rosidl_typesupport_c__pyext.dir/rosidl_generator_py/fake_ar_publisher/_fake_ar_publisher_s.ep.rosidl_typesupport_c.c.o[0m
[2.482s] [ 90%] [32m[1mLinking C shared library rosidl_generator_py/fake_ar_publisher/fake_ar_publisher_s__rosidl_typesupport_fastrtps_c.cpython-310-x86_64-linux-gnu.so[0m
[2.487s] [ 93%] [32m[1mLinking C shared library rosidl_generator_py/fake_ar_publisher/fake_ar_publisher_s__rosidl_typesupport_c.cpython-310-x86_64-linux-gnu.so[0m
[2.501s] [ 96%] [32m[1mLinking C shared library rosidl_generator_py/fake_ar_publisher/fake_ar_publisher_s__rosidl_typesupport_introspection_c.cpython-310-x86_64-linux-gnu.so[0m
[2.515s] [ 96%] Built target fake_ar_publisher__rosidl_typesupport_fastrtps_c__pyext
[2.529s] [ 96%] Built target fake_ar_publisher__rosidl_typesupport_c__pyext
[2.535s] [ 96%] Built target fake_ar_publisher__rosidl_typesupport_introspection_c__pyext
[6.926s] [100%] [32m[1mLinking CXX executable fake_ar_publisher_node[0m
[7.123s] [100%] Built target fake_ar_publisher_node
