[0.010s] Invoking command in '/home/stan/workspace/ws_ur_hv/build/ur_controllers': AMENT_PREFIX_PATH=/home/stan/workspace/ws_ur_hv/install/ur_dashboard_msgs:${AMENT_PREFIX_PATH} CMAKE_PREFIX_PATH=/home/stan/workspace/ws_ur_hv/install/ur_dashboard_msgs:/opt/ros/humble LD_LIBRARY_PATH=/home/stan/workspace/ws_ur_hv/install/ur_dashboard_msgs/lib:${LD_LIBRARY_PATH} PYTHONPATH=/home/stan/workspace/ws_ur_hv/install/ur_dashboard_msgs/local/lib/python3.10/dist-packages:${PYTHONPATH} /home/stan/.local/bin/cmake /home/stan/workspace/ws_ur_hv/src/Universal_Robots_ROS2_Driver/ur_controllers -DCMAKE_BUILD_TYPE=Release -DCMAKE_INSTALL_PREFIX=/home/stan/workspace/ws_ur_hv/install/ur_controllers
[0.042s] -- Found ament_cmake: 1.3.5 (/opt/ros/humble/share/ament_cmake/cmake)
[0.160s] -- Found angles: 1.15.0 (/opt/ros/humble/share/angles/cmake)
[0.162s] -- Found controller_interface: 2.28.0 (/opt/ros/humble/share/controller_interface/cmake)
[0.200s] -- Found rosidl_generator_c: 3.1.4 (/opt/ros/humble/share/rosidl_generator_c/cmake)
[0.204s] -- Found rosidl_adapter: 3.1.4 (/opt/ros/humble/share/rosidl_adapter/cmake)
[0.212s] -- Found rosidl_generator_cpp: 3.1.4 (/opt/ros/humble/share/rosidl_generator_cpp/cmake)
[0.228s] -- Using all available rosidl_typesupport_c: rosidl_typesupport_fastrtps_c;rosidl_typesupport_introspection_c
[0.249s] -- Using all available rosidl_typesupport_cpp: rosidl_typesupport_fastrtps_cpp;rosidl_typesupport_introspection_cpp
[1.079s] -- Found rmw_implementation_cmake: 6.1.1 (/opt/ros/humble/share/rmw_implementation_cmake/cmake)
[1.081s] -- Found rmw_fastrtps_cpp: 6.2.2 (/opt/ros/humble/share/rmw_fastrtps_cpp/cmake)
[1.238s] -- Using RMW implementation 'rmw_fastrtps_cpp' as default
[1.571s] -- Found joint_trajectory_controller: 2.23.0 (/opt/ros/humble/share/joint_trajectory_controller/cmake)
[1.810s] -- Found parameter_traits: 0.3.3 (/opt/ros/humble/share/parameter_traits/cmake)
[2.036s] -- Found std_srvs: 4.2.3 (/opt/ros/humble/share/std_srvs/cmake)
[2.060s] -- Found ur_dashboard_msgs: 2.2.6 (/home/stan/workspace/ws_ur_hv/install/ur_dashboard_msgs/share/ur_dashboard_msgs/cmake)
[2.161s] -- Found ur_msgs: 2.0.0 (/opt/ros/humble/share/ur_msgs/cmake)
[2.458s] -- Configuring done (2.4s)
[2.530s] -- Generating done (0.0s)
[2.534s] -- Build files have been written to: /home/stan/workspace/ws_ur_hv/build/ur_controllers
[2.556s] Invoked command in '/home/stan/workspace/ws_ur_hv/build/ur_controllers' returned '0': AMENT_PREFIX_PATH=/home/stan/workspace/ws_ur_hv/install/ur_dashboard_msgs:${AMENT_PREFIX_PATH} CMAKE_PREFIX_PATH=/home/stan/workspace/ws_ur_hv/install/ur_dashboard_msgs:/opt/ros/humble LD_LIBRARY_PATH=/home/stan/workspace/ws_ur_hv/install/ur_dashboard_msgs/lib:${LD_LIBRARY_PATH} PYTHONPATH=/home/stan/workspace/ws_ur_hv/install/ur_dashboard_msgs/local/lib/python3.10/dist-packages:${PYTHONPATH} /home/stan/.local/bin/cmake /home/stan/workspace/ws_ur_hv/src/Universal_Robots_ROS2_Driver/ur_controllers -DCMAKE_BUILD_TYPE=Release -DCMAKE_INSTALL_PREFIX=/home/stan/workspace/ws_ur_hv/install/ur_controllers
[2.558s] Invoking command in '/home/stan/workspace/ws_ur_hv/build/ur_controllers': AMENT_PREFIX_PATH=/home/stan/workspace/ws_ur_hv/install/ur_dashboard_msgs:${AMENT_PREFIX_PATH} CMAKE_PREFIX_PATH=/home/stan/workspace/ws_ur_hv/install/ur_dashboard_msgs:/opt/ros/humble LD_LIBRARY_PATH=/home/stan/workspace/ws_ur_hv/install/ur_dashboard_msgs/lib:${LD_LIBRARY_PATH} PYTHONPATH=/home/stan/workspace/ws_ur_hv/install/ur_dashboard_msgs/local/lib/python3.10/dist-packages:${PYTHONPATH} /home/stan/.local/bin/cmake --build /home/stan/workspace/ws_ur_hv/build/ur_controllers -- -j12 -l12
[2.649s] [ 25%] [32mBuilding CXX object CMakeFiles/ur_controllers.dir/src/gpio_controller.cpp.o[0m
[19.392s] [ 50%] [32m[1mLinking CXX shared library libur_controllers.so[0m
[19.777s] [100%] Built target ur_controllers
[19.789s] Invoked command in '/home/stan/workspace/ws_ur_hv/build/ur_controllers' returned '0': AMENT_PREFIX_PATH=/home/stan/workspace/ws_ur_hv/install/ur_dashboard_msgs:${AMENT_PREFIX_PATH} CMAKE_PREFIX_PATH=/home/stan/workspace/ws_ur_hv/install/ur_dashboard_msgs:/opt/ros/humble LD_LIBRARY_PATH=/home/stan/workspace/ws_ur_hv/install/ur_dashboard_msgs/lib:${LD_LIBRARY_PATH} PYTHONPATH=/home/stan/workspace/ws_ur_hv/install/ur_dashboard_msgs/local/lib/python3.10/dist-packages:${PYTHONPATH} /home/stan/.local/bin/cmake --build /home/stan/workspace/ws_ur_hv/build/ur_controllers -- -j12 -l12
[19.856s] Invoking command in '/home/stan/workspace/ws_ur_hv/build/ur_controllers': AMENT_PREFIX_PATH=/home/stan/workspace/ws_ur_hv/install/ur_dashboard_msgs:${AMENT_PREFIX_PATH} CMAKE_PREFIX_PATH=/home/stan/workspace/ws_ur_hv/install/ur_dashboard_msgs:/opt/ros/humble LD_LIBRARY_PATH=/home/stan/workspace/ws_ur_hv/install/ur_dashboard_msgs/lib:${LD_LIBRARY_PATH} PYTHONPATH=/home/stan/workspace/ws_ur_hv/install/ur_dashboard_msgs/local/lib/python3.10/dist-packages:${PYTHONPATH} /home/stan/.local/bin/cmake --install /home/stan/workspace/ws_ur_hv/build/ur_controllers
[19.886s] -- Install configuration: "Release"
[19.886s] -- Up-to-date: /home/stan/workspace/ws_ur_hv/install/ur_controllers/share/ur_controllers/controller_plugins.xml
[19.887s] -- Installing: /home/stan/workspace/ws_ur_hv/install/ur_controllers/lib/libur_controllers.so
[19.890s] -- Set runtime path of "/home/stan/workspace/ws_ur_hv/install/ur_controllers/lib/libur_controllers.so" to ""
[19.890s] -- Up-to-date: /home/stan/workspace/ws_ur_hv/install/ur_controllers/include
[19.890s] -- Up-to-date: /home/stan/workspace/ws_ur_hv/install/ur_controllers/include/ur_controllers
[19.890s] -- Up-to-date: /home/stan/workspace/ws_ur_hv/install/ur_controllers/include/ur_controllers/gpio_controller.hpp
[19.890s] -- Up-to-date: /home/stan/workspace/ws_ur_hv/install/ur_controllers/include/ur_controllers/scaled_joint_trajectory_controller.hpp
[19.890s] -- Up-to-date: /home/stan/workspace/ws_ur_hv/install/ur_controllers/include/ur_controllers/speed_scaling_state_broadcaster.hpp
[19.890s] -- Up-to-date: /home/stan/workspace/ws_ur_hv/install/ur_controllers/share/ur_controllers/controller_plugins.xml
[19.890s] -- Up-to-date: /home/stan/workspace/ws_ur_hv/install/ur_controllers/share/ur_controllers/environment/library_path.sh
[19.891s] -- Installing: /home/stan/workspace/ws_ur_hv/install/ur_controllers/share/ur_controllers/environment/library_path.dsv
[19.891s] -- Up-to-date: /home/stan/workspace/ws_ur_hv/install/ur_controllers/share/ament_index/resource_index/package_run_dependencies/ur_controllers
[19.891s] -- Up-to-date: /home/stan/workspace/ws_ur_hv/install/ur_controllers/share/ament_index/resource_index/parent_prefix_path/ur_controllers
[19.891s] -- Up-to-date: /home/stan/workspace/ws_ur_hv/install/ur_controllers/share/ur_controllers/environment/ament_prefix_path.sh
[19.891s] -- Installing: /home/stan/workspace/ws_ur_hv/install/ur_controllers/share/ur_controllers/environment/ament_prefix_path.dsv
[19.891s] -- Up-to-date: /home/stan/workspace/ws_ur_hv/install/ur_controllers/share/ur_controllers/environment/path.sh
[19.891s] -- Installing: /home/stan/workspace/ws_ur_hv/install/ur_controllers/share/ur_controllers/environment/path.dsv
[19.892s] -- Up-to-date: /home/stan/workspace/ws_ur_hv/install/ur_controllers/share/ur_controllers/local_setup.bash
[19.892s] -- Up-to-date: /home/stan/workspace/ws_ur_hv/install/ur_controllers/share/ur_controllers/local_setup.sh
[19.892s] -- Up-to-date: /home/stan/workspace/ws_ur_hv/install/ur_controllers/share/ur_controllers/local_setup.zsh
[19.892s] -- Installing: /home/stan/workspace/ws_ur_hv/install/ur_controllers/share/ur_controllers/local_setup.dsv
[19.893s] -- Installing: /home/stan/workspace/ws_ur_hv/install/ur_controllers/share/ur_controllers/package.dsv
[19.893s] -- Up-to-date: /home/stan/workspace/ws_ur_hv/install/ur_controllers/share/ament_index/resource_index/packages/ur_controllers
[19.893s] -- Up-to-date: /home/stan/workspace/ws_ur_hv/install/ur_controllers/share/ament_index/resource_index/controller_interface__pluginlib__plugin/ur_controllers
[19.893s] -- Up-to-date: /home/stan/workspace/ws_ur_hv/install/ur_controllers/share/ur_controllers/cmake/ament_cmake_export_dependencies-extras.cmake
[19.894s] -- Up-to-date: /home/stan/workspace/ws_ur_hv/install/ur_controllers/share/ur_controllers/cmake/ament_cmake_export_include_directories-extras.cmake
[19.894s] -- Up-to-date: /home/stan/workspace/ws_ur_hv/install/ur_controllers/share/ur_controllers/cmake/ament_cmake_export_libraries-extras.cmake
[19.894s] -- Up-to-date: /home/stan/workspace/ws_ur_hv/install/ur_controllers/share/ur_controllers/cmake/ur_controllersConfig.cmake
[19.894s] -- Up-to-date: /home/stan/workspace/ws_ur_hv/install/ur_controllers/share/ur_controllers/cmake/ur_controllersConfig-version.cmake
[19.894s] -- Up-to-date: /home/stan/workspace/ws_ur_hv/install/ur_controllers/share/ur_controllers/package.xml
[19.905s] Invoked command in '/home/stan/workspace/ws_ur_hv/build/ur_controllers' returned '0': AMENT_PREFIX_PATH=/home/stan/workspace/ws_ur_hv/install/ur_dashboard_msgs:${AMENT_PREFIX_PATH} CMAKE_PREFIX_PATH=/home/stan/workspace/ws_ur_hv/install/ur_dashboard_msgs:/opt/ros/humble LD_LIBRARY_PATH=/home/stan/workspace/ws_ur_hv/install/ur_dashboard_msgs/lib:${LD_LIBRARY_PATH} PYTHONPATH=/home/stan/workspace/ws_ur_hv/install/ur_dashboard_msgs/local/lib/python3.10/dist-packages:${PYTHONPATH} /home/stan/.local/bin/cmake --install /home/stan/workspace/ws_ur_hv/build/ur_controllers
