[0.032s] Invoking command in '/home/stan/workspace/ws_ur_hv/build/robotiq_controllers': CMAKE_PREFIX_PATH=/opt/ros/humble /home/stan/.local/bin/cmake /home/stan/workspace/ws_ur_hv/src/ros2_robotiq_gripper/robotiq_controllers -DCMAKE_BUILD_TYPE=Release -DAMENT_CMAKE_SYMLINK_INSTALL=1 -DCMAKE_INSTALL_PREFIX=/home/stan/workspace/ws_ur_hv/install/robotiq_controllers
[0.107s] -- Found ament_cmake: 1.3.5 (/opt/ros/humble/share/ament_cmake/cmake)
[0.242s] -- Override CMake install command with custom implementation using symlinks instead of copying resources
[0.271s] -- Found controller_interface: 2.28.0 (/opt/ros/humble/share/controller_interface/cmake)
[0.366s] -- Found rosidl_generator_c: 3.1.4 (/opt/ros/humble/share/rosidl_generator_c/cmake)
[0.370s] -- Found rosidl_adapter: 3.1.4 (/opt/ros/humble/share/rosidl_adapter/cmake)
[0.384s] -- Found rosidl_generator_cpp: 3.1.4 (/opt/ros/humble/share/rosidl_generator_cpp/cmake)
[0.409s] -- Using all available rosidl_typesupport_c: rosidl_typesupport_fastrtps_c;rosidl_typesupport_introspection_c
[0.442s] -- Using all available rosidl_typesupport_cpp: rosidl_typesupport_fastrtps_cpp;rosidl_typesupport_introspection_cpp
[1.526s] -- Found rmw_implementation_cmake: 6.1.1 (/opt/ros/humble/share/rmw_implementation_cmake/cmake)
[1.527s] -- Found rmw_fastrtps_cpp: 6.2.2 (/opt/ros/humble/share/rmw_fastrtps_cpp/cmake)
[1.697s] -- Using RMW implementation 'rmw_fastrtps_cpp' as default
[2.089s] -- Found std_srvs: 4.2.3 (/opt/ros/humble/share/std_srvs/cmake)
[2.265s] -- Found ament_lint_auto: 0.12.6 (/opt/ros/humble/share/ament_lint_auto/cmake)
[2.356s] -- Added test 'cppcheck' to perform static code analysis on C / C++ code
[2.356s] -- Configured cppcheck include dirs: /home/stan/workspace/ws_ur_hv/src/ros2_robotiq_gripper/robotiq_controllers/include
[2.356s] -- Configured cppcheck exclude dirs and/or files: 
[2.357s] -- Added test 'lint_cmake' to check CMake code style
[2.358s] -- Added test 'xmllint' to check XML markup files
[2.365s] -- Configuring done (2.3s)
[2.474s] -- Generating done (0.1s)
[2.476s] -- Build files have been written to: /home/stan/workspace/ws_ur_hv/build/robotiq_controllers
