[0.046s] Invoking command in '/home/stan/workspace/ws_ur_hv/build/ur_dashboard_msgs': CMAKE_PREFIX_PATH=/opt/ros/humble /home/stan/.local/bin/cmake --build /home/stan/workspace/ws_ur_hv/build/ur_dashboard_msgs -- -j12 -l12
[0.104s] [  0%] Built target ur_dashboard_msgs__cpp
[0.114s] [ 12%] Built target ur_dashboard_msgs__rosidl_generator_c
[0.125s] [ 12%] Built target ament_cmake_python_copy_ur_dashboard_msgs
[0.147s] [ 24%] Built target ur_dashboard_msgs__rosidl_typesupport_cpp
[0.155s] [ 36%] Built target ur_dashboard_msgs__rosidl_typesupport_fastrtps_cpp
[0.156s] [ 48%] Built target ur_dashboard_msgs__rosidl_typesupport_introspection_cpp
[0.157s] [ 60%] Built target ur_dashboard_msgs__rosidl_typesupport_fastrtps_c
[0.161s] [ 72%] Built target ur_dashboard_msgs__rosidl_typesupport_introspection_c
[0.166s] [ 84%] Built target ur_dashboard_msgs__rosidl_typesupport_c
[0.182s] [ 84%] Built target ur_dashboard_msgs
[0.198s] [ 85%] Built target ur_dashboard_msgs__py
[0.258s] [ 96%] Built target ur_dashboard_msgs__rosidl_generator_py
[0.299s] [ 98%] Built target ur_dashboard_msgs__rosidl_typesupport_introspection_c__pyext
[0.382s] [ 99%] Built target ur_dashboard_msgs__rosidl_typesupport_c__pyext
[0.384s] [100%] Built target ur_dashboard_msgs__rosidl_typesupport_fastrtps_c__pyext
[0.663s] running egg_info
[0.664s] writing ur_dashboard_msgs.egg-info/PKG-INFO
[0.665s] writing dependency_links to ur_dashboard_msgs.egg-info/dependency_links.txt
[0.665s] writing top-level names to ur_dashboard_msgs.egg-info/top_level.txt
[0.672s] reading manifest file 'ur_dashboard_msgs.egg-info/SOURCES.txt'
[0.674s] writing manifest file 'ur_dashboard_msgs.egg-info/SOURCES.txt'
[0.718s] [100%] Built target ament_cmake_python_build_ur_dashboard_msgs_egg
[0.728s] Invoked command in '/home/stan/workspace/ws_ur_hv/build/ur_dashboard_msgs' returned '0': CMAKE_PREFIX_PATH=/opt/ros/humble /home/stan/.local/bin/cmake --build /home/stan/workspace/ws_ur_hv/build/ur_dashboard_msgs -- -j12 -l12
