[0.011s] Invoking command in '/home/stan/workspace/ws_ur_hv/build/robotiq_driver': AMENT_PREFIX_PATH=/home/stan/workspace/ws_ur_hv/install/serial:${AMENT_PREFIX_PATH} CMAKE_PREFIX_PATH=/home/stan/workspace/ws_ur_hv/install/serial:/home/stan/workspace/ws_ur_hv/install/ur:/home/stan/workspace/ws_ur_hv/install/ur_calibration:/home/stan/workspace/ws_ur_hv/install/hello_moveit_ur:/home/stan/workspace/ws_ur_hv/install/ur_robot_driver:/home/stan/workspace/ws_ur_hv/install/ur_moveit_config:/home/stan/workspace/ws_ur_hv/install/ur_bringup:/home/stan/workspace/ws_ur_hv/install/ur_description:/home/stan/workspace/ws_ur_hv/install/ur_controllers:/home/stan/workspace/ws_ur_hv/install/ur_dashboard_msgs:/opt/ros/humble LD_LIBRARY_PATH=/home/stan/workspace/ws_ur_hv/install/serial/lib:${LD_LIBRARY_PATH} /home/stan/.local/bin/cmake /home/stan/workspace/ws_ur_hv/src/ros2_robotiq_gripper/robotiq_driver -DCMAKE_BUILD_TYPE=Release -DCMAKE_INSTALL_PREFIX=/home/stan/workspace/ws_ur_hv/install/robotiq_driver
[0.095s] -- The C compiler identification is GNU 11.3.0
[0.162s] -- The CXX compiler identification is GNU 11.3.0
[0.174s] -- Detecting C compiler ABI info
[0.247s] -- Detecting C compiler ABI info - done
[0.260s] -- Check for working C compiler: /usr/bin/cc - skipped
[0.261s] -- Detecting C compile features
[0.261s] -- Detecting C compile features - done
[0.265s] -- Detecting CXX compiler ABI info
[0.335s] -- Detecting CXX compiler ABI info - done
[0.349s] -- Check for working CXX compiler: /usr/bin/c++ - skipped
[0.350s] -- Detecting CXX compile features
[0.350s] -- Detecting CXX compile features - done
[0.355s] -- Found ament_cmake: 1.3.5 (/opt/ros/humble/share/ament_cmake/cmake)
[0.798s] -- Found Python3: /usr/bin/python3.10 (found version "3.10.6") found components: Interpreter 
[0.956s] -- Found hardware_interface: 2.28.0 (/opt/ros/humble/share/hardware_interface/cmake)
[1.034s] -- Found rosidl_generator_c: 3.1.4 (/opt/ros/humble/share/rosidl_generator_c/cmake)
[1.042s] -- Found rosidl_adapter: 3.1.4 (/opt/ros/humble/share/rosidl_adapter/cmake)
[1.054s] -- Found rosidl_generator_cpp: 3.1.4 (/opt/ros/humble/share/rosidl_generator_cpp/cmake)
[1.074s] -- Using all available rosidl_typesupport_c: rosidl_typesupport_fastrtps_c;rosidl_typesupport_introspection_c
[1.103s] -- Using all available rosidl_typesupport_cpp: rosidl_typesupport_fastrtps_cpp;rosidl_typesupport_introspection_cpp
[1.926s] -- Found rmw_implementation_cmake: 6.1.1 (/opt/ros/humble/share/rmw_implementation_cmake/cmake)
[1.930s] -- Found rmw_fastrtps_cpp: 6.2.2 (/opt/ros/humble/share/rmw_fastrtps_cpp/cmake)
[2.051s] -- Found OpenSSL: /usr/lib/x86_64-linux-gnu/libcrypto.so (found version "3.0.2")  
[2.085s] -- Found FastRTPS: /opt/ros/humble/include  
[2.144s] -- Using RMW implementation 'rmw_fastrtps_cpp' as default
[2.157s] -- Performing Test CMAKE_HAVE_LIBC_PTHREAD
[2.227s] -- Performing Test CMAKE_HAVE_LIBC_PTHREAD - Success
[2.229s] -- Found Threads: TRUE  
[2.426s] -- Found serial: 1.2.1 (/home/stan/workspace/ws_ur_hv/install/serial/share/serial/cmake)
[2.498s] -- Found ament_lint_auto: 0.12.6 (/opt/ros/humble/share/ament_lint_auto/cmake)
[2.587s] -- Added test 'cppcheck' to perform static code analysis on C / C++ code
[2.587s] -- Configured cppcheck include dirs: $<BUILD_INTERFACE:/home/stan/workspace/ws_ur_hv/src/ros2_robotiq_gripper/robotiq_driver/include>;/home/stan/workspace/ws_ur_hv/src/ros2_robotiq_gripper/robotiq_driver/include
[2.588s] -- Configured cppcheck exclude dirs and/or files: 
[2.588s] -- Added test 'lint_cmake' to check CMake code style
[2.589s] -- Added test 'pep257' to check Python code against some of the docstring style conventions in PEP 257
[2.590s] -- Added test 'xmllint' to check XML markup files
[2.594s] -- Configuring done (2.6s)
[2.646s] -- Generating done (0.0s)
[2.648s] -- Build files have been written to: /home/stan/workspace/ws_ur_hv/build/robotiq_driver
[2.665s] Invoked command in '/home/stan/workspace/ws_ur_hv/build/robotiq_driver' returned '0': AMENT_PREFIX_PATH=/home/stan/workspace/ws_ur_hv/install/serial:${AMENT_PREFIX_PATH} CMAKE_PREFIX_PATH=/home/stan/workspace/ws_ur_hv/install/serial:/home/stan/workspace/ws_ur_hv/install/ur:/home/stan/workspace/ws_ur_hv/install/ur_calibration:/home/stan/workspace/ws_ur_hv/install/hello_moveit_ur:/home/stan/workspace/ws_ur_hv/install/ur_robot_driver:/home/stan/workspace/ws_ur_hv/install/ur_moveit_config:/home/stan/workspace/ws_ur_hv/install/ur_bringup:/home/stan/workspace/ws_ur_hv/install/ur_description:/home/stan/workspace/ws_ur_hv/install/ur_controllers:/home/stan/workspace/ws_ur_hv/install/ur_dashboard_msgs:/opt/ros/humble LD_LIBRARY_PATH=/home/stan/workspace/ws_ur_hv/install/serial/lib:${LD_LIBRARY_PATH} /home/stan/.local/bin/cmake /home/stan/workspace/ws_ur_hv/src/ros2_robotiq_gripper/robotiq_driver -DCMAKE_BUILD_TYPE=Release -DCMAKE_INSTALL_PREFIX=/home/stan/workspace/ws_ur_hv/install/robotiq_driver
[2.668s] Invoking command in '/home/stan/workspace/ws_ur_hv/build/robotiq_driver': AMENT_PREFIX_PATH=/home/stan/workspace/ws_ur_hv/install/serial:${AMENT_PREFIX_PATH} CMAKE_PREFIX_PATH=/home/stan/workspace/ws_ur_hv/install/serial:/home/stan/workspace/ws_ur_hv/install/ur:/home/stan/workspace/ws_ur_hv/install/ur_calibration:/home/stan/workspace/ws_ur_hv/install/hello_moveit_ur:/home/stan/workspace/ws_ur_hv/install/ur_robot_driver:/home/stan/workspace/ws_ur_hv/install/ur_moveit_config:/home/stan/workspace/ws_ur_hv/install/ur_bringup:/home/stan/workspace/ws_ur_hv/install/ur_description:/home/stan/workspace/ws_ur_hv/install/ur_controllers:/home/stan/workspace/ws_ur_hv/install/ur_dashboard_msgs:/opt/ros/humble LD_LIBRARY_PATH=/home/stan/workspace/ws_ur_hv/install/serial/lib:${LD_LIBRARY_PATH} /home/stan/.local/bin/cmake --build /home/stan/workspace/ws_ur_hv/build/robotiq_driver -- -j12 -l12
[2.723s] [ 16%] [32mBuilding CXX object CMakeFiles/robotiq_driver.dir/src/crc.cpp.o[0m
[2.723s] [ 33%] [32mBuilding CXX object CMakeFiles/robotiq_driver.dir/src/hardware_interface.cpp.o[0m
[2.724s] [ 50%] [32mBuilding CXX object CMakeFiles/robotiq_driver.dir/src/robotiq_gripper_interface.cpp.o[0m
[7.627s] [ 66%] [32m[1mLinking CXX shared library librobotiq_driver.so[0m
[7.755s] [ 66%] Built target robotiq_driver
[7.769s] [ 83%] [32mBuilding CXX object CMakeFiles/gripper_interface_test.dir/src/gripper_interface_test.cpp.o[0m
[8.245s] [100%] [32m[1mLinking CXX executable gripper_interface_test[0m
[8.365s] [100%] Built target gripper_interface_test
[8.374s] Invoked command in '/home/stan/workspace/ws_ur_hv/build/robotiq_driver' returned '0': AMENT_PREFIX_PATH=/home/stan/workspace/ws_ur_hv/install/serial:${AMENT_PREFIX_PATH} CMAKE_PREFIX_PATH=/home/stan/workspace/ws_ur_hv/install/serial:/home/stan/workspace/ws_ur_hv/install/ur:/home/stan/workspace/ws_ur_hv/install/ur_calibration:/home/stan/workspace/ws_ur_hv/install/hello_moveit_ur:/home/stan/workspace/ws_ur_hv/install/ur_robot_driver:/home/stan/workspace/ws_ur_hv/install/ur_moveit_config:/home/stan/workspace/ws_ur_hv/install/ur_bringup:/home/stan/workspace/ws_ur_hv/install/ur_description:/home/stan/workspace/ws_ur_hv/install/ur_controllers:/home/stan/workspace/ws_ur_hv/install/ur_dashboard_msgs:/opt/ros/humble LD_LIBRARY_PATH=/home/stan/workspace/ws_ur_hv/install/serial/lib:${LD_LIBRARY_PATH} /home/stan/.local/bin/cmake --build /home/stan/workspace/ws_ur_hv/build/robotiq_driver -- -j12 -l12
[8.439s] Invoking command in '/home/stan/workspace/ws_ur_hv/build/robotiq_driver': AMENT_PREFIX_PATH=/home/stan/workspace/ws_ur_hv/install/serial:${AMENT_PREFIX_PATH} CMAKE_PREFIX_PATH=/home/stan/workspace/ws_ur_hv/install/serial:/home/stan/workspace/ws_ur_hv/install/ur:/home/stan/workspace/ws_ur_hv/install/ur_calibration:/home/stan/workspace/ws_ur_hv/install/hello_moveit_ur:/home/stan/workspace/ws_ur_hv/install/ur_robot_driver:/home/stan/workspace/ws_ur_hv/install/ur_moveit_config:/home/stan/workspace/ws_ur_hv/install/ur_bringup:/home/stan/workspace/ws_ur_hv/install/ur_description:/home/stan/workspace/ws_ur_hv/install/ur_controllers:/home/stan/workspace/ws_ur_hv/install/ur_dashboard_msgs:/opt/ros/humble LD_LIBRARY_PATH=/home/stan/workspace/ws_ur_hv/install/serial/lib:${LD_LIBRARY_PATH} /home/stan/.local/bin/cmake --install /home/stan/workspace/ws_ur_hv/build/robotiq_driver
[8.466s] -- Install configuration: "Release"
[8.467s] -- Installing: /home/stan/workspace/ws_ur_hv/install/robotiq_driver/share/robotiq_driver/hardware_interface_plugin.xml
[8.467s] -- Installing: /home/stan/workspace/ws_ur_hv/install/robotiq_driver/lib/librobotiq_driver.so
[8.468s] -- Set runtime path of "/home/stan/workspace/ws_ur_hv/install/robotiq_driver/lib/librobotiq_driver.so" to ""
[8.468s] -- Installing: /home/stan/workspace/ws_ur_hv/install/robotiq_driver/lib/robotiq_driver/gripper_interface_test
[8.469s] -- Set runtime path of "/home/stan/workspace/ws_ur_hv/install/robotiq_driver/lib/robotiq_driver/gripper_interface_test" to ""
[8.469s] -- Installing: /home/stan/workspace/ws_ur_hv/install/robotiq_driver/include
[8.469s] -- Installing: /home/stan/workspace/ws_ur_hv/install/robotiq_driver/include/robotiq_driver
[8.469s] -- Installing: /home/stan/workspace/ws_ur_hv/install/robotiq_driver/include/robotiq_driver/hardware_interface.hpp
[8.469s] -- Installing: /home/stan/workspace/ws_ur_hv/install/robotiq_driver/include/robotiq_driver/crc.hpp
[8.469s] -- Installing: /home/stan/workspace/ws_ur_hv/install/robotiq_driver/include/robotiq_driver/robotiq_gripper_interface.hpp
[8.469s] -- Installing: /home/stan/workspace/ws_ur_hv/install/robotiq_driver/include/robotiq_driver/visibility_control.h
[8.470s] -- Installing: /home/stan/workspace/ws_ur_hv/install/robotiq_driver/share/robotiq_driver/config
[8.470s] -- Installing: /home/stan/workspace/ws_ur_hv/install/robotiq_driver/share/robotiq_driver/config/robotiq_controllers.yaml
[8.470s] -- Installing: /home/stan/workspace/ws_ur_hv/install/robotiq_driver/share/robotiq_driver/launch
[8.470s] -- Installing: /home/stan/workspace/ws_ur_hv/install/robotiq_driver/share/robotiq_driver/launch/robotiq_control.launch.py
[8.470s] -- Installing: /home/stan/workspace/ws_ur_hv/install/robotiq_driver/share/robotiq_driver/environment/library_path.sh
[8.470s] -- Installing: /home/stan/workspace/ws_ur_hv/install/robotiq_driver/share/robotiq_driver/environment/library_path.dsv
[8.470s] -- Installing: /home/stan/workspace/ws_ur_hv/install/robotiq_driver/share/ament_index/resource_index/package_run_dependencies/robotiq_driver
[8.471s] -- Installing: /home/stan/workspace/ws_ur_hv/install/robotiq_driver/share/ament_index/resource_index/parent_prefix_path/robotiq_driver
[8.471s] -- Installing: /home/stan/workspace/ws_ur_hv/install/robotiq_driver/share/robotiq_driver/environment/ament_prefix_path.sh
[8.471s] -- Installing: /home/stan/workspace/ws_ur_hv/install/robotiq_driver/share/robotiq_driver/environment/ament_prefix_path.dsv
[8.471s] -- Installing: /home/stan/workspace/ws_ur_hv/install/robotiq_driver/share/robotiq_driver/environment/path.sh
[8.471s] -- Installing: /home/stan/workspace/ws_ur_hv/install/robotiq_driver/share/robotiq_driver/environment/path.dsv
[8.472s] -- Installing: /home/stan/workspace/ws_ur_hv/install/robotiq_driver/share/robotiq_driver/local_setup.bash
[8.472s] -- Installing: /home/stan/workspace/ws_ur_hv/install/robotiq_driver/share/robotiq_driver/local_setup.sh
[8.472s] -- Installing: /home/stan/workspace/ws_ur_hv/install/robotiq_driver/share/robotiq_driver/local_setup.zsh
[8.472s] -- Installing: /home/stan/workspace/ws_ur_hv/install/robotiq_driver/share/robotiq_driver/local_setup.dsv
[8.472s] -- Installing: /home/stan/workspace/ws_ur_hv/install/robotiq_driver/share/robotiq_driver/package.dsv
[8.472s] -- Installing: /home/stan/workspace/ws_ur_hv/install/robotiq_driver/share/ament_index/resource_index/packages/robotiq_driver
[8.473s] -- Installing: /home/stan/workspace/ws_ur_hv/install/robotiq_driver/share/ament_index/resource_index/hardware_interface__pluginlib__plugin/robotiq_driver
[8.473s] -- Installing: /home/stan/workspace/ws_ur_hv/install/robotiq_driver/share/robotiq_driver/cmake/export_robotiq_driverExport.cmake
[8.473s] -- Installing: /home/stan/workspace/ws_ur_hv/install/robotiq_driver/share/robotiq_driver/cmake/export_robotiq_driverExport-release.cmake
[8.473s] -- Installing: /home/stan/workspace/ws_ur_hv/install/robotiq_driver/share/robotiq_driver/cmake/ament_cmake_export_include_directories-extras.cmake
[8.473s] -- Installing: /home/stan/workspace/ws_ur_hv/install/robotiq_driver/share/robotiq_driver/cmake/ament_cmake_export_libraries-extras.cmake
[8.474s] -- Installing: /home/stan/workspace/ws_ur_hv/install/robotiq_driver/share/robotiq_driver/cmake/ament_cmake_export_targets-extras.cmake
[8.474s] -- Installing: /home/stan/workspace/ws_ur_hv/install/robotiq_driver/share/robotiq_driver/cmake/ament_cmake_export_dependencies-extras.cmake
[8.474s] -- Installing: /home/stan/workspace/ws_ur_hv/install/robotiq_driver/share/robotiq_driver/cmake/robotiq_driverConfig.cmake
[8.474s] -- Installing: /home/stan/workspace/ws_ur_hv/install/robotiq_driver/share/robotiq_driver/cmake/robotiq_driverConfig-version.cmake
[8.474s] -- Installing: /home/stan/workspace/ws_ur_hv/install/robotiq_driver/share/robotiq_driver/package.xml
[8.482s] Invoked command in '/home/stan/workspace/ws_ur_hv/build/robotiq_driver' returned '0': AMENT_PREFIX_PATH=/home/stan/workspace/ws_ur_hv/install/serial:${AMENT_PREFIX_PATH} CMAKE_PREFIX_PATH=/home/stan/workspace/ws_ur_hv/install/serial:/home/stan/workspace/ws_ur_hv/install/ur:/home/stan/workspace/ws_ur_hv/install/ur_calibration:/home/stan/workspace/ws_ur_hv/install/hello_moveit_ur:/home/stan/workspace/ws_ur_hv/install/ur_robot_driver:/home/stan/workspace/ws_ur_hv/install/ur_moveit_config:/home/stan/workspace/ws_ur_hv/install/ur_bringup:/home/stan/workspace/ws_ur_hv/install/ur_description:/home/stan/workspace/ws_ur_hv/install/ur_controllers:/home/stan/workspace/ws_ur_hv/install/ur_dashboard_msgs:/opt/ros/humble LD_LIBRARY_PATH=/home/stan/workspace/ws_ur_hv/install/serial/lib:${LD_LIBRARY_PATH} /home/stan/.local/bin/cmake --install /home/stan/workspace/ws_ur_hv/build/robotiq_driver
