[0.011s] Invoking command in '/home/stan/workspace/ws_ur_hv/build/robotiq_driver': AMENT_PREFIX_PATH=/home/stan/workspace/ws_ur_hv/install/serial:${AMENT_PREFIX_PATH} CMAKE_PREFIX_PATH=/home/stan/workspace/ws_ur_hv/install/serial:/opt/ros/humble LD_LIBRARY_PATH=/home/stan/workspace/ws_ur_hv/install/serial/lib:${LD_LIBRARY_PATH} /home/stan/.local/bin/cmake /home/stan/workspace/ws_ur_hv/src/ros2_robotiq_gripper/robotiq_driver -DCMAKE_BUILD_TYPE=Release -DCMAKE_INSTALL_PREFIX=/home/stan/workspace/ws_ur_hv/install/robotiq_driver
[0.044s] -- Found ament_cmake: 1.3.5 (/opt/ros/humble/share/ament_cmake/cmake)
[0.202s] -- Override CMake install command with custom implementation using symlinks instead of copying resources
[0.216s] -- Found hardware_interface: 2.28.0 (/opt/ros/humble/share/hardware_interface/cmake)
[0.281s] -- Found rosidl_generator_c: 3.1.4 (/opt/ros/humble/share/rosidl_generator_c/cmake)
[0.287s] -- Found rosidl_adapter: 3.1.4 (/opt/ros/humble/share/rosidl_adapter/cmake)
[0.296s] -- Found rosidl_generator_cpp: 3.1.4 (/opt/ros/humble/share/rosidl_generator_cpp/cmake)
[0.313s] -- Using all available rosidl_typesupport_c: rosidl_typesupport_fastrtps_c;rosidl_typesupport_introspection_c
[0.339s] -- Using all available rosidl_typesupport_cpp: rosidl_typesupport_fastrtps_cpp;rosidl_typesupport_introspection_cpp
[1.496s] -- Found rmw_implementation_cmake: 6.1.1 (/opt/ros/humble/share/rmw_implementation_cmake/cmake)
[1.498s] -- Found rmw_fastrtps_cpp: 6.2.2 (/opt/ros/humble/share/rmw_fastrtps_cpp/cmake)
[1.655s] -- Using RMW implementation 'rmw_fastrtps_cpp' as default
[1.869s] -- Found serial: 1.2.1 (/home/stan/workspace/ws_ur_hv/install/serial/share/serial/cmake)
[1.942s] -- Found ament_lint_auto: 0.12.6 (/opt/ros/humble/share/ament_lint_auto/cmake)
[2.023s] -- Added test 'cppcheck' to perform static code analysis on C / C++ code
[2.023s] -- Configured cppcheck include dirs: $<BUILD_INTERFACE:/home/stan/workspace/ws_ur_hv/src/ros2_robotiq_gripper/robotiq_driver/include>;/home/stan/workspace/ws_ur_hv/src/ros2_robotiq_gripper/robotiq_driver/include
[2.023s] -- Configured cppcheck exclude dirs and/or files: 
[2.024s] -- Added test 'lint_cmake' to check CMake code style
[2.024s] -- Added test 'pep257' to check Python code against some of the docstring style conventions in PEP 257
[2.025s] -- Added test 'xmllint' to check XML markup files
[2.028s] -- Configuring done (2.0s)
[2.080s] -- Generating done (0.0s)
[2.082s] -- Build files have been written to: /home/stan/workspace/ws_ur_hv/build/robotiq_driver
