[0.702s] DEBUG:colcon:Command line arguments: ['/usr/bin/colcon', 'list', '-p', '--base-paths', '/home/stan/workspace/ws_ur_hv']
[0.702s] DEBUG:colcon:Parsed command line arguments: Namespace(log_base=None, log_level=None, verb_name='list', build_base='build', ignore_user_meta=False, metas=['./colcon.meta'], base_paths=['/home/stan/workspace/ws_ur_hv'], packages_ignore=None, packages_ignore_regex=None, paths=None, packages_up_to=None, packages_up_to_regex=None, packages_above=None, packages_above_and_dependencies=None, packages_above_depth=None, packages_select_by_dep=None, packages_skip_by_dep=None, packages_skip_up_to=None, packages_select_build_failed=False, packages_skip_build_finished=False, packages_select_test_failures=False, packages_skip_test_passed=False, packages_select=None, packages_skip=None, packages_select_regex=None, packages_skip_regex=None, packages_start=None, packages_end=None, allow_overriding=[], topological_order=False, names_only=False, paths_only=True, topological_graph=False, topological_graph_dot=False, topological_graph_density=False, topological_graph_legend=False, topological_graph_dot_cluster=False, topological_graph_dot_include_skipped=False, mixin_files=None, mixin=None, verb_parser=<colcon_mixin.mixin.mixin_argument.MixinArgumentDecorator object at 0x7fc72e1df8e0>, verb_extension=<colcon_package_information.verb.list.ListVerb object at 0x7fc72e0d6470>, main=<bound method ListVerb.main of <colcon_package_information.verb.list.ListVerb object at 0x7fc72e0d6470>>, mixin_verb=('list',))
[0.757s] Level 1:colcon.colcon_core.package_discovery:discover_packages(colcon_meta) check parameters
[0.757s] Level 1:colcon.colcon_core.package_discovery:discover_packages(recursive) check parameters
[0.758s] Level 1:colcon.colcon_core.package_discovery:discover_packages(ignore) check parameters
[0.758s] Level 1:colcon.colcon_core.package_discovery:discover_packages(path) check parameters
[0.758s] Level 1:colcon.colcon_core.package_discovery:discover_packages(recursive) discover
[0.758s] INFO:colcon.colcon_core.package_discovery:Crawling recursively for packages in '/home/stan/workspace/ws_ur_hv'
[0.758s] Level 1:colcon.colcon_core.package_identification:_identify(/home/stan/workspace/ws_ur_hv) by extensions ['ignore', 'ignore_ament_install']
[0.758s] Level 1:colcon.colcon_core.package_identification:_identify(/home/stan/workspace/ws_ur_hv) by extension 'ignore'
[0.758s] Level 1:colcon.colcon_core.package_identification:_identify(/home/stan/workspace/ws_ur_hv) by extension 'ignore_ament_install'
[0.758s] Level 1:colcon.colcon_core.package_identification:_identify(/home/stan/workspace/ws_ur_hv) by extensions ['colcon_pkg']
[0.758s] Level 1:colcon.colcon_core.package_identification:_identify(/home/stan/workspace/ws_ur_hv) by extension 'colcon_pkg'
[0.758s] Level 1:colcon.colcon_core.package_identification:_identify(/home/stan/workspace/ws_ur_hv) by extensions ['colcon_meta']
[0.758s] Level 1:colcon.colcon_core.package_identification:_identify(/home/stan/workspace/ws_ur_hv) by extension 'colcon_meta'
[0.758s] Level 1:colcon.colcon_core.package_identification:_identify(/home/stan/workspace/ws_ur_hv) by extensions ['ros']
[0.758s] Level 1:colcon.colcon_core.package_identification:_identify(/home/stan/workspace/ws_ur_hv) by extension 'ros'
[0.772s] Level 1:colcon.colcon_core.package_identification:_identify(/home/stan/workspace/ws_ur_hv) by extensions ['cmake', 'python']
[0.772s] Level 1:colcon.colcon_core.package_identification:_identify(/home/stan/workspace/ws_ur_hv) by extension 'cmake'
[0.772s] Level 1:colcon.colcon_core.package_identification:_identify(/home/stan/workspace/ws_ur_hv) by extension 'python'
[0.773s] Level 1:colcon.colcon_core.package_identification:_identify(/home/stan/workspace/ws_ur_hv) by extensions ['python_setup_py']
[0.773s] Level 1:colcon.colcon_core.package_identification:_identify(/home/stan/workspace/ws_ur_hv) by extension 'python_setup_py'
[0.773s] Level 1:colcon.colcon_core.package_identification:_identify(/home/stan/workspace/ws_ur_hv/build) by extensions ['ignore', 'ignore_ament_install']
[0.773s] Level 1:colcon.colcon_core.package_identification:_identify(/home/stan/workspace/ws_ur_hv/build) by extension 'ignore'
[0.773s] Level 1:colcon.colcon_core.package_identification:_identify(/home/stan/workspace/ws_ur_hv/build) ignored
[0.773s] Level 1:colcon.colcon_core.package_identification:_identify(/home/stan/workspace/ws_ur_hv/install) by extensions ['ignore', 'ignore_ament_install']
[0.773s] Level 1:colcon.colcon_core.package_identification:_identify(/home/stan/workspace/ws_ur_hv/install) by extension 'ignore'
[0.773s] Level 1:colcon.colcon_core.package_identification:_identify(/home/stan/workspace/ws_ur_hv/install) ignored
[0.773s] Level 1:colcon.colcon_core.package_identification:_identify(/home/stan/workspace/ws_ur_hv/log) by extensions ['ignore', 'ignore_ament_install']
[0.774s] Level 1:colcon.colcon_core.package_identification:_identify(/home/stan/workspace/ws_ur_hv/log) by extension 'ignore'
[0.774s] Level 1:colcon.colcon_core.package_identification:_identify(/home/stan/workspace/ws_ur_hv/log) ignored
[0.774s] Level 1:colcon.colcon_core.package_identification:_identify(/home/stan/workspace/ws_ur_hv/src) by extensions ['ignore', 'ignore_ament_install']
[0.774s] Level 1:colcon.colcon_core.package_identification:_identify(/home/stan/workspace/ws_ur_hv/src) by extension 'ignore'
[0.774s] Level 1:colcon.colcon_core.package_identification:_identify(/home/stan/workspace/ws_ur_hv/src) by extension 'ignore_ament_install'
[0.774s] Level 1:colcon.colcon_core.package_identification:_identify(/home/stan/workspace/ws_ur_hv/src) by extensions ['colcon_pkg']
[0.774s] Level 1:colcon.colcon_core.package_identification:_identify(/home/stan/workspace/ws_ur_hv/src) by extension 'colcon_pkg'
[0.774s] Level 1:colcon.colcon_core.package_identification:_identify(/home/stan/workspace/ws_ur_hv/src) by extensions ['colcon_meta']
[0.774s] Level 1:colcon.colcon_core.package_identification:_identify(/home/stan/workspace/ws_ur_hv/src) by extension 'colcon_meta'
[0.774s] Level 1:colcon.colcon_core.package_identification:_identify(/home/stan/workspace/ws_ur_hv/src) by extensions ['ros']
[0.774s] Level 1:colcon.colcon_core.package_identification:_identify(/home/stan/workspace/ws_ur_hv/src) by extension 'ros'
[0.774s] Level 1:colcon.colcon_core.package_identification:_identify(/home/stan/workspace/ws_ur_hv/src) by extensions ['cmake', 'python']
[0.774s] Level 1:colcon.colcon_core.package_identification:_identify(/home/stan/workspace/ws_ur_hv/src) by extension 'cmake'
[0.774s] Level 1:colcon.colcon_core.package_identification:_identify(/home/stan/workspace/ws_ur_hv/src) by extension 'python'
[0.774s] Level 1:colcon.colcon_core.package_identification:_identify(/home/stan/workspace/ws_ur_hv/src) by extensions ['python_setup_py']
[0.775s] Level 1:colcon.colcon_core.package_identification:_identify(/home/stan/workspace/ws_ur_hv/src) by extension 'python_setup_py'
[0.775s] Level 1:colcon.colcon_core.package_identification:_identify(/home/stan/workspace/ws_ur_hv/src/Universal_Robots_ROS2_Description) by extensions ['ignore', 'ignore_ament_install']
[0.775s] Level 1:colcon.colcon_core.package_identification:_identify(/home/stan/workspace/ws_ur_hv/src/Universal_Robots_ROS2_Description) by extension 'ignore'
[0.775s] Level 1:colcon.colcon_core.package_identification:_identify(/home/stan/workspace/ws_ur_hv/src/Universal_Robots_ROS2_Description) by extension 'ignore_ament_install'
[0.775s] Level 1:colcon.colcon_core.package_identification:_identify(/home/stan/workspace/ws_ur_hv/src/Universal_Robots_ROS2_Description) by extensions ['colcon_pkg']
[0.775s] Level 1:colcon.colcon_core.package_identification:_identify(/home/stan/workspace/ws_ur_hv/src/Universal_Robots_ROS2_Description) by extension 'colcon_pkg'
[0.775s] Level 1:colcon.colcon_core.package_identification:_identify(/home/stan/workspace/ws_ur_hv/src/Universal_Robots_ROS2_Description) by extensions ['colcon_meta']
[0.775s] Level 1:colcon.colcon_core.package_identification:_identify(/home/stan/workspace/ws_ur_hv/src/Universal_Robots_ROS2_Description) by extension 'colcon_meta'
[0.775s] Level 1:colcon.colcon_core.package_identification:_identify(/home/stan/workspace/ws_ur_hv/src/Universal_Robots_ROS2_Description) by extensions ['ros']
[0.775s] Level 1:colcon.colcon_core.package_identification:_identify(/home/stan/workspace/ws_ur_hv/src/Universal_Robots_ROS2_Description) by extension 'ros'
[0.780s] DEBUG:colcon.colcon_core.package_identification:Package '/home/stan/workspace/ws_ur_hv/src/Universal_Robots_ROS2_Description' with type 'ros.ament_cmake' and name 'ur_description'
[0.780s] Level 1:colcon.colcon_core.package_identification:_identify(/home/stan/workspace/ws_ur_hv/src/Universal_Robots_ROS2_Driver) by extensions ['ignore', 'ignore_ament_install']
[0.780s] Level 1:colcon.colcon_core.package_identification:_identify(/home/stan/workspace/ws_ur_hv/src/Universal_Robots_ROS2_Driver) by extension 'ignore'
[0.780s] Level 1:colcon.colcon_core.package_identification:_identify(/home/stan/workspace/ws_ur_hv/src/Universal_Robots_ROS2_Driver) by extension 'ignore_ament_install'
[0.780s] Level 1:colcon.colcon_core.package_identification:_identify(/home/stan/workspace/ws_ur_hv/src/Universal_Robots_ROS2_Driver) by extensions ['colcon_pkg']
[0.780s] Level 1:colcon.colcon_core.package_identification:_identify(/home/stan/workspace/ws_ur_hv/src/Universal_Robots_ROS2_Driver) by extension 'colcon_pkg'
[0.780s] Level 1:colcon.colcon_core.package_identification:_identify(/home/stan/workspace/ws_ur_hv/src/Universal_Robots_ROS2_Driver) by extensions ['colcon_meta']
[0.780s] Level 1:colcon.colcon_core.package_identification:_identify(/home/stan/workspace/ws_ur_hv/src/Universal_Robots_ROS2_Driver) by extension 'colcon_meta'
[0.780s] Level 1:colcon.colcon_core.package_identification:_identify(/home/stan/workspace/ws_ur_hv/src/Universal_Robots_ROS2_Driver) by extensions ['ros']
[0.780s] Level 1:colcon.colcon_core.package_identification:_identify(/home/stan/workspace/ws_ur_hv/src/Universal_Robots_ROS2_Driver) by extension 'ros'
[0.781s] Level 1:colcon.colcon_core.package_identification:_identify(/home/stan/workspace/ws_ur_hv/src/Universal_Robots_ROS2_Driver) by extensions ['cmake', 'python']
[0.781s] Level 1:colcon.colcon_core.package_identification:_identify(/home/stan/workspace/ws_ur_hv/src/Universal_Robots_ROS2_Driver) by extension 'cmake'
[0.781s] Level 1:colcon.colcon_core.package_identification:_identify(/home/stan/workspace/ws_ur_hv/src/Universal_Robots_ROS2_Driver) by extension 'python'
[0.781s] Level 1:colcon.colcon_core.package_identification:_identify(/home/stan/workspace/ws_ur_hv/src/Universal_Robots_ROS2_Driver) by extensions ['python_setup_py']
[0.781s] Level 1:colcon.colcon_core.package_identification:_identify(/home/stan/workspace/ws_ur_hv/src/Universal_Robots_ROS2_Driver) by extension 'python_setup_py'
[0.781s] Level 1:colcon.colcon_core.package_identification:_identify(/home/stan/workspace/ws_ur_hv/src/Universal_Robots_ROS2_Driver/ur) by extensions ['ignore', 'ignore_ament_install']
[0.781s] Level 1:colcon.colcon_core.package_identification:_identify(/home/stan/workspace/ws_ur_hv/src/Universal_Robots_ROS2_Driver/ur) by extension 'ignore'
[0.781s] Level 1:colcon.colcon_core.package_identification:_identify(/home/stan/workspace/ws_ur_hv/src/Universal_Robots_ROS2_Driver/ur) by extension 'ignore_ament_install'
[0.781s] Level 1:colcon.colcon_core.package_identification:_identify(/home/stan/workspace/ws_ur_hv/src/Universal_Robots_ROS2_Driver/ur) by extensions ['colcon_pkg']
[0.781s] Level 1:colcon.colcon_core.package_identification:_identify(/home/stan/workspace/ws_ur_hv/src/Universal_Robots_ROS2_Driver/ur) by extension 'colcon_pkg'
[0.781s] Level 1:colcon.colcon_core.package_identification:_identify(/home/stan/workspace/ws_ur_hv/src/Universal_Robots_ROS2_Driver/ur) by extensions ['colcon_meta']
[0.782s] Level 1:colcon.colcon_core.package_identification:_identify(/home/stan/workspace/ws_ur_hv/src/Universal_Robots_ROS2_Driver/ur) by extension 'colcon_meta'
[0.782s] Level 1:colcon.colcon_core.package_identification:_identify(/home/stan/workspace/ws_ur_hv/src/Universal_Robots_ROS2_Driver/ur) by extensions ['ros']
[0.782s] Level 1:colcon.colcon_core.package_identification:_identify(/home/stan/workspace/ws_ur_hv/src/Universal_Robots_ROS2_Driver/ur) by extension 'ros'
[0.783s] DEBUG:colcon.colcon_core.package_identification:Package '/home/stan/workspace/ws_ur_hv/src/Universal_Robots_ROS2_Driver/ur' with type 'ros.ament_cmake' and name 'ur'
[0.783s] Level 1:colcon.colcon_core.package_identification:_identify(/home/stan/workspace/ws_ur_hv/src/Universal_Robots_ROS2_Driver/ur_bringup) by extensions ['ignore', 'ignore_ament_install']
[0.783s] Level 1:colcon.colcon_core.package_identification:_identify(/home/stan/workspace/ws_ur_hv/src/Universal_Robots_ROS2_Driver/ur_bringup) by extension 'ignore'
[0.783s] Level 1:colcon.colcon_core.package_identification:_identify(/home/stan/workspace/ws_ur_hv/src/Universal_Robots_ROS2_Driver/ur_bringup) by extension 'ignore_ament_install'
[0.783s] Level 1:colcon.colcon_core.package_identification:_identify(/home/stan/workspace/ws_ur_hv/src/Universal_Robots_ROS2_Driver/ur_bringup) by extensions ['colcon_pkg']
[0.783s] Level 1:colcon.colcon_core.package_identification:_identify(/home/stan/workspace/ws_ur_hv/src/Universal_Robots_ROS2_Driver/ur_bringup) by extension 'colcon_pkg'
[0.783s] Level 1:colcon.colcon_core.package_identification:_identify(/home/stan/workspace/ws_ur_hv/src/Universal_Robots_ROS2_Driver/ur_bringup) by extensions ['colcon_meta']
[0.783s] Level 1:colcon.colcon_core.package_identification:_identify(/home/stan/workspace/ws_ur_hv/src/Universal_Robots_ROS2_Driver/ur_bringup) by extension 'colcon_meta'
[0.783s] Level 1:colcon.colcon_core.package_identification:_identify(/home/stan/workspace/ws_ur_hv/src/Universal_Robots_ROS2_Driver/ur_bringup) by extensions ['ros']
[0.783s] Level 1:colcon.colcon_core.package_identification:_identify(/home/stan/workspace/ws_ur_hv/src/Universal_Robots_ROS2_Driver/ur_bringup) by extension 'ros'
[0.784s] DEBUG:colcon.colcon_core.package_identification:Package '/home/stan/workspace/ws_ur_hv/src/Universal_Robots_ROS2_Driver/ur_bringup' with type 'ros.ament_cmake' and name 'ur_bringup'
[0.784s] Level 1:colcon.colcon_core.package_identification:_identify(/home/stan/workspace/ws_ur_hv/src/Universal_Robots_ROS2_Driver/ur_calibration) by extensions ['ignore', 'ignore_ament_install']
[0.784s] Level 1:colcon.colcon_core.package_identification:_identify(/home/stan/workspace/ws_ur_hv/src/Universal_Robots_ROS2_Driver/ur_calibration) by extension 'ignore'
[0.785s] Level 1:colcon.colcon_core.package_identification:_identify(/home/stan/workspace/ws_ur_hv/src/Universal_Robots_ROS2_Driver/ur_calibration) by extension 'ignore_ament_install'
[0.785s] Level 1:colcon.colcon_core.package_identification:_identify(/home/stan/workspace/ws_ur_hv/src/Universal_Robots_ROS2_Driver/ur_calibration) by extensions ['colcon_pkg']
[0.785s] Level 1:colcon.colcon_core.package_identification:_identify(/home/stan/workspace/ws_ur_hv/src/Universal_Robots_ROS2_Driver/ur_calibration) by extension 'colcon_pkg'
[0.785s] Level 1:colcon.colcon_core.package_identification:_identify(/home/stan/workspace/ws_ur_hv/src/Universal_Robots_ROS2_Driver/ur_calibration) by extensions ['colcon_meta']
[0.785s] Level 1:colcon.colcon_core.package_identification:_identify(/home/stan/workspace/ws_ur_hv/src/Universal_Robots_ROS2_Driver/ur_calibration) by extension 'colcon_meta'
[0.785s] Level 1:colcon.colcon_core.package_identification:_identify(/home/stan/workspace/ws_ur_hv/src/Universal_Robots_ROS2_Driver/ur_calibration) by extensions ['ros']
[0.785s] Level 1:colcon.colcon_core.package_identification:_identify(/home/stan/workspace/ws_ur_hv/src/Universal_Robots_ROS2_Driver/ur_calibration) by extension 'ros'
[0.786s] DEBUG:colcon.colcon_core.package_identification:Package '/home/stan/workspace/ws_ur_hv/src/Universal_Robots_ROS2_Driver/ur_calibration' with type 'ros.ament_cmake' and name 'ur_calibration'
[0.786s] Level 1:colcon.colcon_core.package_identification:_identify(/home/stan/workspace/ws_ur_hv/src/Universal_Robots_ROS2_Driver/ur_controllers) by extensions ['ignore', 'ignore_ament_install']
[0.786s] Level 1:colcon.colcon_core.package_identification:_identify(/home/stan/workspace/ws_ur_hv/src/Universal_Robots_ROS2_Driver/ur_controllers) by extension 'ignore'
[0.786s] Level 1:colcon.colcon_core.package_identification:_identify(/home/stan/workspace/ws_ur_hv/src/Universal_Robots_ROS2_Driver/ur_controllers) by extension 'ignore_ament_install'
[0.786s] Level 1:colcon.colcon_core.package_identification:_identify(/home/stan/workspace/ws_ur_hv/src/Universal_Robots_ROS2_Driver/ur_controllers) by extensions ['colcon_pkg']
[0.786s] Level 1:colcon.colcon_core.package_identification:_identify(/home/stan/workspace/ws_ur_hv/src/Universal_Robots_ROS2_Driver/ur_controllers) by extension 'colcon_pkg'
[0.786s] Level 1:colcon.colcon_core.package_identification:_identify(/home/stan/workspace/ws_ur_hv/src/Universal_Robots_ROS2_Driver/ur_controllers) by extensions ['colcon_meta']
[0.786s] Level 1:colcon.colcon_core.package_identification:_identify(/home/stan/workspace/ws_ur_hv/src/Universal_Robots_ROS2_Driver/ur_controllers) by extension 'colcon_meta'
[0.786s] Level 1:colcon.colcon_core.package_identification:_identify(/home/stan/workspace/ws_ur_hv/src/Universal_Robots_ROS2_Driver/ur_controllers) by extensions ['ros']
[0.786s] Level 1:colcon.colcon_core.package_identification:_identify(/home/stan/workspace/ws_ur_hv/src/Universal_Robots_ROS2_Driver/ur_controllers) by extension 'ros'
[0.788s] DEBUG:colcon.colcon_core.package_identification:Package '/home/stan/workspace/ws_ur_hv/src/Universal_Robots_ROS2_Driver/ur_controllers' with type 'ros.ament_cmake' and name 'ur_controllers'
[0.788s] Level 1:colcon.colcon_core.package_identification:_identify(/home/stan/workspace/ws_ur_hv/src/Universal_Robots_ROS2_Driver/ur_dashboard_msgs) by extensions ['ignore', 'ignore_ament_install']
[0.788s] Level 1:colcon.colcon_core.package_identification:_identify(/home/stan/workspace/ws_ur_hv/src/Universal_Robots_ROS2_Driver/ur_dashboard_msgs) by extension 'ignore'
[0.788s] Level 1:colcon.colcon_core.package_identification:_identify(/home/stan/workspace/ws_ur_hv/src/Universal_Robots_ROS2_Driver/ur_dashboard_msgs) by extension 'ignore_ament_install'
[0.788s] Level 1:colcon.colcon_core.package_identification:_identify(/home/stan/workspace/ws_ur_hv/src/Universal_Robots_ROS2_Driver/ur_dashboard_msgs) by extensions ['colcon_pkg']
[0.788s] Level 1:colcon.colcon_core.package_identification:_identify(/home/stan/workspace/ws_ur_hv/src/Universal_Robots_ROS2_Driver/ur_dashboard_msgs) by extension 'colcon_pkg'
[0.788s] Level 1:colcon.colcon_core.package_identification:_identify(/home/stan/workspace/ws_ur_hv/src/Universal_Robots_ROS2_Driver/ur_dashboard_msgs) by extensions ['colcon_meta']
[0.789s] Level 1:colcon.colcon_core.package_identification:_identify(/home/stan/workspace/ws_ur_hv/src/Universal_Robots_ROS2_Driver/ur_dashboard_msgs) by extension 'colcon_meta'
[0.789s] Level 1:colcon.colcon_core.package_identification:_identify(/home/stan/workspace/ws_ur_hv/src/Universal_Robots_ROS2_Driver/ur_dashboard_msgs) by extensions ['ros']
[0.789s] Level 1:colcon.colcon_core.package_identification:_identify(/home/stan/workspace/ws_ur_hv/src/Universal_Robots_ROS2_Driver/ur_dashboard_msgs) by extension 'ros'
[0.789s] DEBUG:colcon.colcon_core.package_identification:Package '/home/stan/workspace/ws_ur_hv/src/Universal_Robots_ROS2_Driver/ur_dashboard_msgs' with type 'ros.ament_cmake' and name 'ur_dashboard_msgs'
[0.789s] Level 1:colcon.colcon_core.package_identification:_identify(/home/stan/workspace/ws_ur_hv/src/Universal_Robots_ROS2_Driver/ur_moveit_config) by extensions ['ignore', 'ignore_ament_install']
[0.789s] Level 1:colcon.colcon_core.package_identification:_identify(/home/stan/workspace/ws_ur_hv/src/Universal_Robots_ROS2_Driver/ur_moveit_config) by extension 'ignore'
[0.790s] Level 1:colcon.colcon_core.package_identification:_identify(/home/stan/workspace/ws_ur_hv/src/Universal_Robots_ROS2_Driver/ur_moveit_config) by extension 'ignore_ament_install'
[0.790s] Level 1:colcon.colcon_core.package_identification:_identify(/home/stan/workspace/ws_ur_hv/src/Universal_Robots_ROS2_Driver/ur_moveit_config) by extensions ['colcon_pkg']
[0.790s] Level 1:colcon.colcon_core.package_identification:_identify(/home/stan/workspace/ws_ur_hv/src/Universal_Robots_ROS2_Driver/ur_moveit_config) by extension 'colcon_pkg'
[0.790s] Level 1:colcon.colcon_core.package_identification:_identify(/home/stan/workspace/ws_ur_hv/src/Universal_Robots_ROS2_Driver/ur_moveit_config) by extensions ['colcon_meta']
[0.790s] Level 1:colcon.colcon_core.package_identification:_identify(/home/stan/workspace/ws_ur_hv/src/Universal_Robots_ROS2_Driver/ur_moveit_config) by extension 'colcon_meta'
[0.790s] Level 1:colcon.colcon_core.package_identification:_identify(/home/stan/workspace/ws_ur_hv/src/Universal_Robots_ROS2_Driver/ur_moveit_config) by extensions ['ros']
[0.790s] Level 1:colcon.colcon_core.package_identification:_identify(/home/stan/workspace/ws_ur_hv/src/Universal_Robots_ROS2_Driver/ur_moveit_config) by extension 'ros'
[0.791s] DEBUG:colcon.colcon_core.package_identification:Package '/home/stan/workspace/ws_ur_hv/src/Universal_Robots_ROS2_Driver/ur_moveit_config' with type 'ros.ament_cmake' and name 'ur_moveit_config'
[0.791s] Level 1:colcon.colcon_core.package_identification:_identify(/home/stan/workspace/ws_ur_hv/src/Universal_Robots_ROS2_Driver/ur_robot_driver) by extensions ['ignore', 'ignore_ament_install']
[0.791s] Level 1:colcon.colcon_core.package_identification:_identify(/home/stan/workspace/ws_ur_hv/src/Universal_Robots_ROS2_Driver/ur_robot_driver) by extension 'ignore'
[0.791s] Level 1:colcon.colcon_core.package_identification:_identify(/home/stan/workspace/ws_ur_hv/src/Universal_Robots_ROS2_Driver/ur_robot_driver) by extension 'ignore_ament_install'
[0.791s] Level 1:colcon.colcon_core.package_identification:_identify(/home/stan/workspace/ws_ur_hv/src/Universal_Robots_ROS2_Driver/ur_robot_driver) by extensions ['colcon_pkg']
[0.791s] Level 1:colcon.colcon_core.package_identification:_identify(/home/stan/workspace/ws_ur_hv/src/Universal_Robots_ROS2_Driver/ur_robot_driver) by extension 'colcon_pkg'
[0.791s] Level 1:colcon.colcon_core.package_identification:_identify(/home/stan/workspace/ws_ur_hv/src/Universal_Robots_ROS2_Driver/ur_robot_driver) by extensions ['colcon_meta']
[0.791s] Level 1:colcon.colcon_core.package_identification:_identify(/home/stan/workspace/ws_ur_hv/src/Universal_Robots_ROS2_Driver/ur_robot_driver) by extension 'colcon_meta'
[0.791s] Level 1:colcon.colcon_core.package_identification:_identify(/home/stan/workspace/ws_ur_hv/src/Universal_Robots_ROS2_Driver/ur_robot_driver) by extensions ['ros']
[0.791s] Level 1:colcon.colcon_core.package_identification:_identify(/home/stan/workspace/ws_ur_hv/src/Universal_Robots_ROS2_Driver/ur_robot_driver) by extension 'ros'
[0.795s] DEBUG:colcon.colcon_core.package_identification:Package '/home/stan/workspace/ws_ur_hv/src/Universal_Robots_ROS2_Driver/ur_robot_driver' with type 'ros.ament_cmake' and name 'ur_robot_driver'
[0.795s] Level 1:colcon.colcon_core.package_identification:_identify(/home/stan/workspace/ws_ur_hv/src/hello_moveit_ur) by extensions ['ignore', 'ignore_ament_install']
[0.795s] Level 1:colcon.colcon_core.package_identification:_identify(/home/stan/workspace/ws_ur_hv/src/hello_moveit_ur) by extension 'ignore'
[0.795s] Level 1:colcon.colcon_core.package_identification:_identify(/home/stan/workspace/ws_ur_hv/src/hello_moveit_ur) by extension 'ignore_ament_install'
[0.795s] Level 1:colcon.colcon_core.package_identification:_identify(/home/stan/workspace/ws_ur_hv/src/hello_moveit_ur) by extensions ['colcon_pkg']
[0.795s] Level 1:colcon.colcon_core.package_identification:_identify(/home/stan/workspace/ws_ur_hv/src/hello_moveit_ur) by extension 'colcon_pkg'
[0.796s] Level 1:colcon.colcon_core.package_identification:_identify(/home/stan/workspace/ws_ur_hv/src/hello_moveit_ur) by extensions ['colcon_meta']
[0.796s] Level 1:colcon.colcon_core.package_identification:_identify(/home/stan/workspace/ws_ur_hv/src/hello_moveit_ur) by extension 'colcon_meta'
[0.796s] Level 1:colcon.colcon_core.package_identification:_identify(/home/stan/workspace/ws_ur_hv/src/hello_moveit_ur) by extensions ['ros']
[0.796s] Level 1:colcon.colcon_core.package_identification:_identify(/home/stan/workspace/ws_ur_hv/src/hello_moveit_ur) by extension 'ros'
[0.797s] DEBUG:colcon.colcon_core.package_identification:Package '/home/stan/workspace/ws_ur_hv/src/hello_moveit_ur' with type 'ros.ament_cmake' and name 'hello_moveit_ur'
[0.797s] Level 1:colcon.colcon_core.package_identification:_identify(/home/stan/workspace/ws_ur_hv/src/ros2_robotiq_gripper) by extensions ['ignore', 'ignore_ament_install']
[0.797s] Level 1:colcon.colcon_core.package_identification:_identify(/home/stan/workspace/ws_ur_hv/src/ros2_robotiq_gripper) by extension 'ignore'
[0.797s] Level 1:colcon.colcon_core.package_identification:_identify(/home/stan/workspace/ws_ur_hv/src/ros2_robotiq_gripper) by extension 'ignore_ament_install'
[0.797s] Level 1:colcon.colcon_core.package_identification:_identify(/home/stan/workspace/ws_ur_hv/src/ros2_robotiq_gripper) by extensions ['colcon_pkg']
[0.797s] Level 1:colcon.colcon_core.package_identification:_identify(/home/stan/workspace/ws_ur_hv/src/ros2_robotiq_gripper) by extension 'colcon_pkg'
[0.797s] Level 1:colcon.colcon_core.package_identification:_identify(/home/stan/workspace/ws_ur_hv/src/ros2_robotiq_gripper) by extensions ['colcon_meta']
[0.797s] Level 1:colcon.colcon_core.package_identification:_identify(/home/stan/workspace/ws_ur_hv/src/ros2_robotiq_gripper) by extension 'colcon_meta'
[0.797s] Level 1:colcon.colcon_core.package_identification:_identify(/home/stan/workspace/ws_ur_hv/src/ros2_robotiq_gripper) by extensions ['ros']
[0.798s] Level 1:colcon.colcon_core.package_identification:_identify(/home/stan/workspace/ws_ur_hv/src/ros2_robotiq_gripper) by extension 'ros'
[0.798s] Level 1:colcon.colcon_core.package_identification:_identify(/home/stan/workspace/ws_ur_hv/src/ros2_robotiq_gripper) by extensions ['cmake', 'python']
[0.798s] Level 1:colcon.colcon_core.package_identification:_identify(/home/stan/workspace/ws_ur_hv/src/ros2_robotiq_gripper) by extension 'cmake'
[0.798s] Level 1:colcon.colcon_core.package_identification:_identify(/home/stan/workspace/ws_ur_hv/src/ros2_robotiq_gripper) by extension 'python'
[0.798s] Level 1:colcon.colcon_core.package_identification:_identify(/home/stan/workspace/ws_ur_hv/src/ros2_robotiq_gripper) by extensions ['python_setup_py']
[0.798s] Level 1:colcon.colcon_core.package_identification:_identify(/home/stan/workspace/ws_ur_hv/src/ros2_robotiq_gripper) by extension 'python_setup_py'
[0.798s] Level 1:colcon.colcon_core.package_identification:_identify(/home/stan/workspace/ws_ur_hv/src/ros2_robotiq_gripper/robotiq_controllers) by extensions ['ignore', 'ignore_ament_install']
[0.798s] Level 1:colcon.colcon_core.package_identification:_identify(/home/stan/workspace/ws_ur_hv/src/ros2_robotiq_gripper/robotiq_controllers) by extension 'ignore'
[0.798s] Level 1:colcon.colcon_core.package_identification:_identify(/home/stan/workspace/ws_ur_hv/src/ros2_robotiq_gripper/robotiq_controllers) by extension 'ignore_ament_install'
[0.798s] Level 1:colcon.colcon_core.package_identification:_identify(/home/stan/workspace/ws_ur_hv/src/ros2_robotiq_gripper/robotiq_controllers) by extensions ['colcon_pkg']
[0.798s] Level 1:colcon.colcon_core.package_identification:_identify(/home/stan/workspace/ws_ur_hv/src/ros2_robotiq_gripper/robotiq_controllers) by extension 'colcon_pkg'
[0.798s] Level 1:colcon.colcon_core.package_identification:_identify(/home/stan/workspace/ws_ur_hv/src/ros2_robotiq_gripper/robotiq_controllers) by extensions ['colcon_meta']
[0.798s] Level 1:colcon.colcon_core.package_identification:_identify(/home/stan/workspace/ws_ur_hv/src/ros2_robotiq_gripper/robotiq_controllers) by extension 'colcon_meta'
[0.798s] Level 1:colcon.colcon_core.package_identification:_identify(/home/stan/workspace/ws_ur_hv/src/ros2_robotiq_gripper/robotiq_controllers) by extensions ['ros']
[0.798s] Level 1:colcon.colcon_core.package_identification:_identify(/home/stan/workspace/ws_ur_hv/src/ros2_robotiq_gripper/robotiq_controllers) by extension 'ros'
[0.800s] DEBUG:colcon.colcon_core.package_identification:Package '/home/stan/workspace/ws_ur_hv/src/ros2_robotiq_gripper/robotiq_controllers' with type 'ros.ament_cmake' and name 'robotiq_controllers'
[0.800s] Level 1:colcon.colcon_core.package_identification:_identify(/home/stan/workspace/ws_ur_hv/src/ros2_robotiq_gripper/robotiq_description) by extensions ['ignore', 'ignore_ament_install']
[0.800s] Level 1:colcon.colcon_core.package_identification:_identify(/home/stan/workspace/ws_ur_hv/src/ros2_robotiq_gripper/robotiq_description) by extension 'ignore'
[0.800s] Level 1:colcon.colcon_core.package_identification:_identify(/home/stan/workspace/ws_ur_hv/src/ros2_robotiq_gripper/robotiq_description) by extension 'ignore_ament_install'
[0.800s] Level 1:colcon.colcon_core.package_identification:_identify(/home/stan/workspace/ws_ur_hv/src/ros2_robotiq_gripper/robotiq_description) by extensions ['colcon_pkg']
[0.800s] Level 1:colcon.colcon_core.package_identification:_identify(/home/stan/workspace/ws_ur_hv/src/ros2_robotiq_gripper/robotiq_description) by extension 'colcon_pkg'
[0.800s] Level 1:colcon.colcon_core.package_identification:_identify(/home/stan/workspace/ws_ur_hv/src/ros2_robotiq_gripper/robotiq_description) by extensions ['colcon_meta']
[0.800s] Level 1:colcon.colcon_core.package_identification:_identify(/home/stan/workspace/ws_ur_hv/src/ros2_robotiq_gripper/robotiq_description) by extension 'colcon_meta'
[0.800s] Level 1:colcon.colcon_core.package_identification:_identify(/home/stan/workspace/ws_ur_hv/src/ros2_robotiq_gripper/robotiq_description) by extensions ['ros']
[0.800s] Level 1:colcon.colcon_core.package_identification:_identify(/home/stan/workspace/ws_ur_hv/src/ros2_robotiq_gripper/robotiq_description) by extension 'ros'
[0.802s] DEBUG:colcon.colcon_core.package_identification:Package '/home/stan/workspace/ws_ur_hv/src/ros2_robotiq_gripper/robotiq_description' with type 'ros.ament_cmake' and name 'robotiq_description'
[0.802s] Level 1:colcon.colcon_core.package_identification:_identify(/home/stan/workspace/ws_ur_hv/src/ros2_robotiq_gripper/robotiq_driver) by extensions ['ignore', 'ignore_ament_install']
[0.802s] Level 1:colcon.colcon_core.package_identification:_identify(/home/stan/workspace/ws_ur_hv/src/ros2_robotiq_gripper/robotiq_driver) by extension 'ignore'
[0.802s] Level 1:colcon.colcon_core.package_identification:_identify(/home/stan/workspace/ws_ur_hv/src/ros2_robotiq_gripper/robotiq_driver) by extension 'ignore_ament_install'
[0.802s] Level 1:colcon.colcon_core.package_identification:_identify(/home/stan/workspace/ws_ur_hv/src/ros2_robotiq_gripper/robotiq_driver) by extensions ['colcon_pkg']
[0.802s] Level 1:colcon.colcon_core.package_identification:_identify(/home/stan/workspace/ws_ur_hv/src/ros2_robotiq_gripper/robotiq_driver) by extension 'colcon_pkg'
[0.802s] Level 1:colcon.colcon_core.package_identification:_identify(/home/stan/workspace/ws_ur_hv/src/ros2_robotiq_gripper/robotiq_driver) by extensions ['colcon_meta']
[0.802s] Level 1:colcon.colcon_core.package_identification:_identify(/home/stan/workspace/ws_ur_hv/src/ros2_robotiq_gripper/robotiq_driver) by extension 'colcon_meta'
[0.803s] Level 1:colcon.colcon_core.package_identification:_identify(/home/stan/workspace/ws_ur_hv/src/ros2_robotiq_gripper/robotiq_driver) by extensions ['ros']
[0.803s] Level 1:colcon.colcon_core.package_identification:_identify(/home/stan/workspace/ws_ur_hv/src/ros2_robotiq_gripper/robotiq_driver) by extension 'ros'
[0.804s] DEBUG:colcon.colcon_core.package_identification:Package '/home/stan/workspace/ws_ur_hv/src/ros2_robotiq_gripper/robotiq_driver' with type 'ros.ament_cmake' and name 'robotiq_driver'
[0.804s] Level 1:colcon.colcon_core.package_identification:_identify(/home/stan/workspace/ws_ur_hv/src/serial) by extensions ['ignore', 'ignore_ament_install']
[0.804s] Level 1:colcon.colcon_core.package_identification:_identify(/home/stan/workspace/ws_ur_hv/src/serial) by extension 'ignore'
[0.804s] Level 1:colcon.colcon_core.package_identification:_identify(/home/stan/workspace/ws_ur_hv/src/serial) by extension 'ignore_ament_install'
[0.804s] Level 1:colcon.colcon_core.package_identification:_identify(/home/stan/workspace/ws_ur_hv/src/serial) by extensions ['colcon_pkg']
[0.805s] Level 1:colcon.colcon_core.package_identification:_identify(/home/stan/workspace/ws_ur_hv/src/serial) by extension 'colcon_pkg'
[0.805s] Level 1:colcon.colcon_core.package_identification:_identify(/home/stan/workspace/ws_ur_hv/src/serial) by extensions ['colcon_meta']
[0.805s] Level 1:colcon.colcon_core.package_identification:_identify(/home/stan/workspace/ws_ur_hv/src/serial) by extension 'colcon_meta'
[0.805s] Level 1:colcon.colcon_core.package_identification:_identify(/home/stan/workspace/ws_ur_hv/src/serial) by extensions ['ros']
[0.805s] Level 1:colcon.colcon_core.package_identification:_identify(/home/stan/workspace/ws_ur_hv/src/serial) by extension 'ros'
[0.805s] DEBUG:colcon.colcon_core.package_identification:Package '/home/stan/workspace/ws_ur_hv/src/serial' with type 'ros.ament_cmake' and name 'serial'
[0.806s] Level 1:colcon.colcon_core.package_identification:_identify(/home/stan/workspace/ws_ur_hv/src/workcell_core) by extensions ['ignore', 'ignore_ament_install']
[0.806s] Level 1:colcon.colcon_core.package_identification:_identify(/home/stan/workspace/ws_ur_hv/src/workcell_core) by extension 'ignore'
[0.806s] Level 1:colcon.colcon_core.package_identification:_identify(/home/stan/workspace/ws_ur_hv/src/workcell_core) by extension 'ignore_ament_install'
[0.806s] Level 1:colcon.colcon_core.package_identification:_identify(/home/stan/workspace/ws_ur_hv/src/workcell_core) by extensions ['colcon_pkg']
[0.806s] Level 1:colcon.colcon_core.package_identification:_identify(/home/stan/workspace/ws_ur_hv/src/workcell_core) by extension 'colcon_pkg'
[0.806s] Level 1:colcon.colcon_core.package_identification:_identify(/home/stan/workspace/ws_ur_hv/src/workcell_core) by extensions ['colcon_meta']
[0.806s] Level 1:colcon.colcon_core.package_identification:_identify(/home/stan/workspace/ws_ur_hv/src/workcell_core) by extension 'colcon_meta'
[0.806s] Level 1:colcon.colcon_core.package_identification:_identify(/home/stan/workspace/ws_ur_hv/src/workcell_core) by extensions ['ros']
[0.806s] Level 1:colcon.colcon_core.package_identification:_identify(/home/stan/workspace/ws_ur_hv/src/workcell_core) by extension 'ros'
[0.807s] DEBUG:colcon.colcon_core.package_identification:Package '/home/stan/workspace/ws_ur_hv/src/workcell_core' with type 'ros.ament_cmake' and name 'workcell_core'
[0.807s] Level 1:colcon.colcon_core.package_discovery:discover_packages(recursive) using defaults
