[0.008s] Invoking command in '/home/stan/workspace/ws_ur_hv/build/robotiq_controllers': CMAKE_PREFIX_PATH=${CMAKE_PREFIX_PATH}:/opt/ros/humble /home/stan/.local/bin/cmake /home/stan/workspace/ws_ur_hv/src/ros2_robotiq_gripper/robotiq_controllers -DCMAKE_BUILD_TYPE=Release -DCMAKE_INSTALL_PREFIX=/home/stan/workspace/ws_ur_hv/install/robotiq_controllers
[0.090s] -- The C compiler identification is GNU 11.3.0
[0.152s] -- The CXX compiler identification is GNU 11.3.0
[0.162s] -- Detecting C compiler ABI info
[0.224s] -- Detecting C compiler ABI info - done
[0.241s] -- Check for working C compiler: /usr/bin/cc - skipped
[0.242s] -- Detecting C compile features
[0.242s] -- Detecting C compile features - done
[0.247s] -- Detecting CXX compiler ABI info
[0.316s] -- Detecting CXX compiler ABI info - done
[0.334s] -- Check for working CXX compiler: /usr/bin/c++ - skipped
[0.335s] -- Detecting CXX compile features
[0.336s] -- Detecting CXX compile features - done
[0.341s] -- Found ament_cmake: 1.3.5 (/opt/ros/humble/share/ament_cmake/cmake)
[0.777s] -- Found Python3: /usr/bin/python3.10 (found version "3.10.6") found components: Interpreter 
[0.937s] -- Found controller_interface: 2.28.0 (/opt/ros/humble/share/controller_interface/cmake)
[1.018s] -- Found rosidl_generator_c: 3.1.4 (/opt/ros/humble/share/rosidl_generator_c/cmake)
[1.026s] -- Found rosidl_adapter: 3.1.4 (/opt/ros/humble/share/rosidl_adapter/cmake)
[1.038s] -- Found rosidl_generator_cpp: 3.1.4 (/opt/ros/humble/share/rosidl_generator_cpp/cmake)
[1.059s] -- Using all available rosidl_typesupport_c: rosidl_typesupport_fastrtps_c;rosidl_typesupport_introspection_c
[1.088s] -- Using all available rosidl_typesupport_cpp: rosidl_typesupport_fastrtps_cpp;rosidl_typesupport_introspection_cpp
[1.924s] -- Found rmw_implementation_cmake: 6.1.1 (/opt/ros/humble/share/rmw_implementation_cmake/cmake)
[1.928s] -- Found rmw_fastrtps_cpp: 6.2.2 (/opt/ros/humble/share/rmw_fastrtps_cpp/cmake)
[2.048s] -- Found OpenSSL: /usr/lib/x86_64-linux-gnu/libcrypto.so (found version "3.0.2")  
[2.083s] -- Found FastRTPS: /opt/ros/humble/include  
[2.142s] -- Using RMW implementation 'rmw_fastrtps_cpp' as default
[2.155s] -- Performing Test CMAKE_HAVE_LIBC_PTHREAD
[2.229s] -- Performing Test CMAKE_HAVE_LIBC_PTHREAD - Success
[2.230s] -- Found Threads: TRUE  
[2.547s] -- Found std_srvs: 4.2.3 (/opt/ros/humble/share/std_srvs/cmake)
[2.670s] -- Found ament_lint_auto: 0.12.6 (/opt/ros/humble/share/ament_lint_auto/cmake)
[2.764s] -- Added test 'cppcheck' to perform static code analysis on C / C++ code
[2.764s] -- Configured cppcheck include dirs: /home/stan/workspace/ws_ur_hv/src/ros2_robotiq_gripper/robotiq_controllers/include
[2.764s] -- Configured cppcheck exclude dirs and/or files: 
[2.765s] -- Added test 'lint_cmake' to check CMake code style
[2.766s] -- Added test 'xmllint' to check XML markup files
[2.770s] -- Configuring done (2.7s)
[2.804s] -- Generating done (0.0s)
[2.806s] -- Build files have been written to: /home/stan/workspace/ws_ur_hv/build/robotiq_controllers
[2.823s] Invoked command in '/home/stan/workspace/ws_ur_hv/build/robotiq_controllers' returned '0': CMAKE_PREFIX_PATH=${CMAKE_PREFIX_PATH}:/opt/ros/humble /home/stan/.local/bin/cmake /home/stan/workspace/ws_ur_hv/src/ros2_robotiq_gripper/robotiq_controllers -DCMAKE_BUILD_TYPE=Release -DCMAKE_INSTALL_PREFIX=/home/stan/workspace/ws_ur_hv/install/robotiq_controllers
[2.826s] Invoking command in '/home/stan/workspace/ws_ur_hv/build/robotiq_controllers': CMAKE_PREFIX_PATH=${CMAKE_PREFIX_PATH}:/opt/ros/humble /home/stan/.local/bin/cmake --build /home/stan/workspace/ws_ur_hv/build/robotiq_controllers -- -j12 -l12
[2.882s] [ 50%] [32mBuilding CXX object CMakeFiles/robotiq_controllers.dir/src/robotiq_activation_controller.cpp.o[0m
[6.882s] [100%] [32m[1mLinking CXX shared library librobotiq_controllers.so[0m
[7.013s] [100%] Built target robotiq_controllers
[7.022s] Invoked command in '/home/stan/workspace/ws_ur_hv/build/robotiq_controllers' returned '0': CMAKE_PREFIX_PATH=${CMAKE_PREFIX_PATH}:/opt/ros/humble /home/stan/.local/bin/cmake --build /home/stan/workspace/ws_ur_hv/build/robotiq_controllers -- -j12 -l12
[7.082s] Invoking command in '/home/stan/workspace/ws_ur_hv/build/robotiq_controllers': CMAKE_PREFIX_PATH=${CMAKE_PREFIX_PATH}:/opt/ros/humble /home/stan/.local/bin/cmake --install /home/stan/workspace/ws_ur_hv/build/robotiq_controllers
[7.110s] -- Install configuration: "Release"
[7.110s] -- Installing: /home/stan/workspace/ws_ur_hv/install/robotiq_controllers/share/robotiq_controllers/controller_plugins.xml
[7.111s] -- Installing: /home/stan/workspace/ws_ur_hv/install/robotiq_controllers/lib/librobotiq_controllers.so
[7.111s] -- Set runtime path of "/home/stan/workspace/ws_ur_hv/install/robotiq_controllers/lib/librobotiq_controllers.so" to ""
[7.112s] -- Installing: /home/stan/workspace/ws_ur_hv/install/robotiq_controllers/include
[7.112s] -- Installing: /home/stan/workspace/ws_ur_hv/install/robotiq_controllers/include/robotiq_controllers
[7.112s] -- Installing: /home/stan/workspace/ws_ur_hv/install/robotiq_controllers/include/robotiq_controllers/robotiq_activation_controller.hpp
[7.112s] -- Installing: /home/stan/workspace/ws_ur_hv/install/robotiq_controllers/share/robotiq_controllers/environment/library_path.sh
[7.112s] -- Installing: /home/stan/workspace/ws_ur_hv/install/robotiq_controllers/share/robotiq_controllers/environment/library_path.dsv
[7.113s] -- Installing: /home/stan/workspace/ws_ur_hv/install/robotiq_controllers/share/ament_index/resource_index/package_run_dependencies/robotiq_controllers
[7.113s] -- Installing: /home/stan/workspace/ws_ur_hv/install/robotiq_controllers/share/ament_index/resource_index/parent_prefix_path/robotiq_controllers
[7.113s] -- Installing: /home/stan/workspace/ws_ur_hv/install/robotiq_controllers/share/robotiq_controllers/environment/ament_prefix_path.sh
[7.113s] -- Installing: /home/stan/workspace/ws_ur_hv/install/robotiq_controllers/share/robotiq_controllers/environment/ament_prefix_path.dsv
[7.113s] -- Installing: /home/stan/workspace/ws_ur_hv/install/robotiq_controllers/share/robotiq_controllers/environment/path.sh
[7.114s] -- Installing: /home/stan/workspace/ws_ur_hv/install/robotiq_controllers/share/robotiq_controllers/environment/path.dsv
[7.114s] -- Installing: /home/stan/workspace/ws_ur_hv/install/robotiq_controllers/share/robotiq_controllers/local_setup.bash
[7.114s] -- Installing: /home/stan/workspace/ws_ur_hv/install/robotiq_controllers/share/robotiq_controllers/local_setup.sh
[7.114s] -- Installing: /home/stan/workspace/ws_ur_hv/install/robotiq_controllers/share/robotiq_controllers/local_setup.zsh
[7.114s] -- Installing: /home/stan/workspace/ws_ur_hv/install/robotiq_controllers/share/robotiq_controllers/local_setup.dsv
[7.114s] -- Installing: /home/stan/workspace/ws_ur_hv/install/robotiq_controllers/share/robotiq_controllers/package.dsv
[7.114s] -- Installing: /home/stan/workspace/ws_ur_hv/install/robotiq_controllers/share/ament_index/resource_index/packages/robotiq_controllers
[7.115s] -- Installing: /home/stan/workspace/ws_ur_hv/install/robotiq_controllers/share/ament_index/resource_index/controller_interface__pluginlib__plugin/robotiq_controllers
[7.115s] -- Installing: /home/stan/workspace/ws_ur_hv/install/robotiq_controllers/share/robotiq_controllers/cmake/export_robotiq_controllersExport.cmake
[7.115s] -- Installing: /home/stan/workspace/ws_ur_hv/install/robotiq_controllers/share/robotiq_controllers/cmake/export_robotiq_controllersExport-release.cmake
[7.115s] -- Installing: /home/stan/workspace/ws_ur_hv/install/robotiq_controllers/share/robotiq_controllers/cmake/ament_cmake_export_include_directories-extras.cmake
[7.115s] -- Installing: /home/stan/workspace/ws_ur_hv/install/robotiq_controllers/share/robotiq_controllers/cmake/ament_cmake_export_libraries-extras.cmake
[7.115s] -- Installing: /home/stan/workspace/ws_ur_hv/install/robotiq_controllers/share/robotiq_controllers/cmake/ament_cmake_export_targets-extras.cmake
[7.115s] -- Installing: /home/stan/workspace/ws_ur_hv/install/robotiq_controllers/share/robotiq_controllers/cmake/ament_cmake_export_dependencies-extras.cmake
[7.115s] -- Installing: /home/stan/workspace/ws_ur_hv/install/robotiq_controllers/share/robotiq_controllers/cmake/robotiq_controllersConfig.cmake
[7.115s] -- Installing: /home/stan/workspace/ws_ur_hv/install/robotiq_controllers/share/robotiq_controllers/cmake/robotiq_controllersConfig-version.cmake
[7.116s] -- Installing: /home/stan/workspace/ws_ur_hv/install/robotiq_controllers/share/robotiq_controllers/package.xml
[7.124s] Invoked command in '/home/stan/workspace/ws_ur_hv/build/robotiq_controllers' returned '0': CMAKE_PREFIX_PATH=${CMAKE_PREFIX_PATH}:/opt/ros/humble /home/stan/.local/bin/cmake --install /home/stan/workspace/ws_ur_hv/build/robotiq_controllers
