[0.027s] Invoking command in '/home/stan/workspace/ws_ur_hv/build/workcell_support': AMENT_PREFIX_PATH=/home/stan/workspace/ws_ur_hv/install/workcell_core:/home/stan/workspace/ws_ur_hv/install/fake_ar_publisher:${AMENT_PREFIX_PATH} CMAKE_PREFIX_PATH=/home/stan/workspace/ws_ur_hv/install/workcell_core:/home/stan/workspace/ws_ur_hv/install/fake_ar_publisher:/opt/ros/humble LD_LIBRARY_PATH=/home/stan/workspace/ws_ur_hv/install/workcell_core/lib:/home/stan/workspace/ws_ur_hv/install/fake_ar_publisher/lib:${LD_LIBRARY_PATH} PYTHONPATH=/home/stan/workspace/ws_ur_hv/install/workcell_core/local/lib/python3.10/dist-packages:/home/stan/workspace/ws_ur_hv/install/fake_ar_publisher/local/lib/python3.10/dist-packages:${PYTHONPATH} /home/stan/.local/bin/cmake /home/stan/workspace/ws_ur_hv/src/workcell_support -DCMAKE_BUILD_TYPE=Release -DCMAKE_INSTALL_PREFIX=/home/stan/workspace/ws_ur_hv/install/workcell_support
[0.087s] -- Found ament_cmake: 1.3.5 (/opt/ros/humble/share/ament_cmake/cmake)
[0.283s] -- Found workcell_core: 0.0.0 (/home/stan/workspace/ws_ur_hv/install/workcell_core/share/workcell_core/cmake)
[0.346s] -- Found rosidl_generator_c: 3.1.4 (/opt/ros/humble/share/rosidl_generator_c/cmake)
[0.353s] -- Found rosidl_adapter: 3.1.4 (/opt/ros/humble/share/rosidl_adapter/cmake)
[0.365s] -- Found rosidl_generator_cpp: 3.1.4 (/opt/ros/humble/share/rosidl_generator_cpp/cmake)
[0.388s] -- Using all available rosidl_typesupport_c: rosidl_typesupport_fastrtps_c;rosidl_typesupport_introspection_c
[0.420s] -- Using all available rosidl_typesupport_cpp: rosidl_typesupport_fastrtps_cpp;rosidl_typesupport_introspection_cpp
[0.718s] -- Found ament_lint_auto: 0.12.6 (/opt/ros/humble/share/ament_lint_auto/cmake)
[0.839s] -- Added test 'flake8' to check Python code syntax and style conventions
[0.840s] -- Added test 'lint_cmake' to check CMake code style
[0.841s] -- Added test 'pep257' to check Python code against some of the docstring style conventions in PEP 257
[0.846s] -- Added test 'xmllint' to check XML markup files
[0.848s] -- Configuring done (0.8s)
[0.861s] -- Generating done (0.0s)
[0.863s] -- Build files have been written to: /home/stan/workspace/ws_ur_hv/build/workcell_support
[0.878s] Invoked command in '/home/stan/workspace/ws_ur_hv/build/workcell_support' returned '0': AMENT_PREFIX_PATH=/home/stan/workspace/ws_ur_hv/install/workcell_core:/home/stan/workspace/ws_ur_hv/install/fake_ar_publisher:${AMENT_PREFIX_PATH} CMAKE_PREFIX_PATH=/home/stan/workspace/ws_ur_hv/install/workcell_core:/home/stan/workspace/ws_ur_hv/install/fake_ar_publisher:/opt/ros/humble LD_LIBRARY_PATH=/home/stan/workspace/ws_ur_hv/install/workcell_core/lib:/home/stan/workspace/ws_ur_hv/install/fake_ar_publisher/lib:${LD_LIBRARY_PATH} PYTHONPATH=/home/stan/workspace/ws_ur_hv/install/workcell_core/local/lib/python3.10/dist-packages:/home/stan/workspace/ws_ur_hv/install/fake_ar_publisher/local/lib/python3.10/dist-packages:${PYTHONPATH} /home/stan/.local/bin/cmake /home/stan/workspace/ws_ur_hv/src/workcell_support -DCMAKE_BUILD_TYPE=Release -DCMAKE_INSTALL_PREFIX=/home/stan/workspace/ws_ur_hv/install/workcell_support
[0.880s] Invoking command in '/home/stan/workspace/ws_ur_hv/build/workcell_support': AMENT_PREFIX_PATH=/home/stan/workspace/ws_ur_hv/install/workcell_core:/home/stan/workspace/ws_ur_hv/install/fake_ar_publisher:${AMENT_PREFIX_PATH} CMAKE_PREFIX_PATH=/home/stan/workspace/ws_ur_hv/install/workcell_core:/home/stan/workspace/ws_ur_hv/install/fake_ar_publisher:/opt/ros/humble LD_LIBRARY_PATH=/home/stan/workspace/ws_ur_hv/install/workcell_core/lib:/home/stan/workspace/ws_ur_hv/install/fake_ar_publisher/lib:${LD_LIBRARY_PATH} PYTHONPATH=/home/stan/workspace/ws_ur_hv/install/workcell_core/local/lib/python3.10/dist-packages:/home/stan/workspace/ws_ur_hv/install/fake_ar_publisher/local/lib/python3.10/dist-packages:${PYTHONPATH} /home/stan/.local/bin/cmake --build /home/stan/workspace/ws_ur_hv/build/workcell_support -- -j12 -l12
[0.933s] Invoked command in '/home/stan/workspace/ws_ur_hv/build/workcell_support' returned '0': AMENT_PREFIX_PATH=/home/stan/workspace/ws_ur_hv/install/workcell_core:/home/stan/workspace/ws_ur_hv/install/fake_ar_publisher:${AMENT_PREFIX_PATH} CMAKE_PREFIX_PATH=/home/stan/workspace/ws_ur_hv/install/workcell_core:/home/stan/workspace/ws_ur_hv/install/fake_ar_publisher:/opt/ros/humble LD_LIBRARY_PATH=/home/stan/workspace/ws_ur_hv/install/workcell_core/lib:/home/stan/workspace/ws_ur_hv/install/fake_ar_publisher/lib:${LD_LIBRARY_PATH} PYTHONPATH=/home/stan/workspace/ws_ur_hv/install/workcell_core/local/lib/python3.10/dist-packages:/home/stan/workspace/ws_ur_hv/install/fake_ar_publisher/local/lib/python3.10/dist-packages:${PYTHONPATH} /home/stan/.local/bin/cmake --build /home/stan/workspace/ws_ur_hv/build/workcell_support -- -j12 -l12
[0.979s] Invoking command in '/home/stan/workspace/ws_ur_hv/build/workcell_support': AMENT_PREFIX_PATH=/home/stan/workspace/ws_ur_hv/install/workcell_core:/home/stan/workspace/ws_ur_hv/install/fake_ar_publisher:${AMENT_PREFIX_PATH} CMAKE_PREFIX_PATH=/home/stan/workspace/ws_ur_hv/install/workcell_core:/home/stan/workspace/ws_ur_hv/install/fake_ar_publisher:/opt/ros/humble LD_LIBRARY_PATH=/home/stan/workspace/ws_ur_hv/install/workcell_core/lib:/home/stan/workspace/ws_ur_hv/install/fake_ar_publisher/lib:${LD_LIBRARY_PATH} PYTHONPATH=/home/stan/workspace/ws_ur_hv/install/workcell_core/local/lib/python3.10/dist-packages:/home/stan/workspace/ws_ur_hv/install/fake_ar_publisher/local/lib/python3.10/dist-packages:${PYTHONPATH} /home/stan/.local/bin/cmake --install /home/stan/workspace/ws_ur_hv/build/workcell_support
[1.007s] -- Install configuration: "Release"
[1.007s] -- Up-to-date: /home/stan/workspace/ws_ur_hv/install/workcell_support/share/workcell_support/config
[1.007s] -- Up-to-date: /home/stan/workspace/ws_ur_hv/install/workcell_support/share/workcell_support/config/ur16e
[1.008s] -- Up-to-date: /home/stan/workspace/ws_ur_hv/install/workcell_support/share/workcell_support/config/ur16e/default_kinematics.yaml
[1.008s] -- Up-to-date: /home/stan/workspace/ws_ur_hv/install/workcell_support/share/workcell_support/config/ur16e/visual_parameters.yaml
[1.008s] -- Up-to-date: /home/stan/workspace/ws_ur_hv/install/workcell_support/share/workcell_support/config/ur16e/joint_limits.yaml
[1.008s] -- Up-to-date: /home/stan/workspace/ws_ur_hv/install/workcell_support/share/workcell_support/config/ur16e/physical_parameters.yaml
[1.008s] -- Up-to-date: /home/stan/workspace/ws_ur_hv/install/workcell_support/share/workcell_support/config/ur5e
[1.008s] -- Up-to-date: /home/stan/workspace/ws_ur_hv/install/workcell_support/share/workcell_support/config/ur5e/default_kinematics.yaml
[1.008s] -- Up-to-date: /home/stan/workspace/ws_ur_hv/install/workcell_support/share/workcell_support/config/ur5e/visual_parameters.yaml
[1.008s] -- Up-to-date: /home/stan/workspace/ws_ur_hv/install/workcell_support/share/workcell_support/config/ur5e/joint_limits.yaml
[1.008s] -- Up-to-date: /home/stan/workspace/ws_ur_hv/install/workcell_support/share/workcell_support/config/ur5e/physical_parameters.yaml
[1.009s] -- Up-to-date: /home/stan/workspace/ws_ur_hv/install/workcell_support/share/workcell_support/config/ur3e
[1.009s] -- Up-to-date: /home/stan/workspace/ws_ur_hv/install/workcell_support/share/workcell_support/config/ur3e/default_kinematics.yaml
[1.009s] -- Up-to-date: /home/stan/workspace/ws_ur_hv/install/workcell_support/share/workcell_support/config/ur3e/visual_parameters.yaml
[1.009s] -- Up-to-date: /home/stan/workspace/ws_ur_hv/install/workcell_support/share/workcell_support/config/ur3e/joint_limits.yaml
[1.009s] -- Up-to-date: /home/stan/workspace/ws_ur_hv/install/workcell_support/share/workcell_support/config/ur3e/physical_parameters.yaml
[1.009s] -- Up-to-date: /home/stan/workspace/ws_ur_hv/install/workcell_support/share/workcell_support/config/ur10
[1.009s] -- Up-to-date: /home/stan/workspace/ws_ur_hv/install/workcell_support/share/workcell_support/config/ur10/default_kinematics.yaml
[1.009s] -- Up-to-date: /home/stan/workspace/ws_ur_hv/install/workcell_support/share/workcell_support/config/ur10/visual_parameters.yaml
[1.009s] -- Up-to-date: /home/stan/workspace/ws_ur_hv/install/workcell_support/share/workcell_support/config/ur10/joint_limits.yaml
[1.009s] -- Up-to-date: /home/stan/workspace/ws_ur_hv/install/workcell_support/share/workcell_support/config/ur10/physical_parameters.yaml
[1.010s] -- Up-to-date: /home/stan/workspace/ws_ur_hv/install/workcell_support/share/workcell_support/config/ur3
[1.010s] -- Up-to-date: /home/stan/workspace/ws_ur_hv/install/workcell_support/share/workcell_support/config/ur3/default_kinematics.yaml
[1.010s] -- Up-to-date: /home/stan/workspace/ws_ur_hv/install/workcell_support/share/workcell_support/config/ur3/visual_parameters.yaml
[1.010s] -- Up-to-date: /home/stan/workspace/ws_ur_hv/install/workcell_support/share/workcell_support/config/ur3/joint_limits.yaml
[1.010s] -- Up-to-date: /home/stan/workspace/ws_ur_hv/install/workcell_support/share/workcell_support/config/ur3/physical_parameters.yaml
[1.010s] -- Up-to-date: /home/stan/workspace/ws_ur_hv/install/workcell_support/share/workcell_support/config/ur5
[1.010s] -- Up-to-date: /home/stan/workspace/ws_ur_hv/install/workcell_support/share/workcell_support/config/ur5/default_kinematics.yaml
[1.010s] -- Up-to-date: /home/stan/workspace/ws_ur_hv/install/workcell_support/share/workcell_support/config/ur5/visual_parameters.yaml
[1.010s] -- Up-to-date: /home/stan/workspace/ws_ur_hv/install/workcell_support/share/workcell_support/config/ur5/joint_limits.yaml
[1.011s] -- Up-to-date: /home/stan/workspace/ws_ur_hv/install/workcell_support/share/workcell_support/config/ur5/physical_parameters.yaml
[1.011s] -- Up-to-date: /home/stan/workspace/ws_ur_hv/install/workcell_support/share/workcell_support/config/initial_positions.yaml
[1.011s] -- Up-to-date: /home/stan/workspace/ws_ur_hv/install/workcell_support/share/workcell_support/config/ur10e
[1.011s] -- Up-to-date: /home/stan/workspace/ws_ur_hv/install/workcell_support/share/workcell_support/config/ur10e/default_kinematics.yaml
[1.011s] -- Up-to-date: /home/stan/workspace/ws_ur_hv/install/workcell_support/share/workcell_support/config/ur10e/visual_parameters.yaml
[1.011s] -- Up-to-date: /home/stan/workspace/ws_ur_hv/install/workcell_support/share/workcell_support/config/ur10e/joint_limits.yaml
[1.011s] -- Up-to-date: /home/stan/workspace/ws_ur_hv/install/workcell_support/share/workcell_support/config/ur10e/physical_parameters.yaml
[1.011s] -- Up-to-date: /home/stan/workspace/ws_ur_hv/install/workcell_support/share/workcell_support/urdf
[1.011s] -- Up-to-date: /home/stan/workspace/ws_ur_hv/install/workcell_support/share/workcell_support/urdf/ur.ros2_control.xacro
[1.011s] -- Up-to-date: /home/stan/workspace/ws_ur_hv/install/workcell_support/share/workcell_support/urdf/workcell.urdf.xacro
[1.011s] -- Up-to-date: /home/stan/workspace/ws_ur_hv/install/workcell_support/share/workcell_support/urdf/ur.urdf.xacro
[1.011s] -- Up-to-date: /home/stan/workspace/ws_ur_hv/install/workcell_support/share/workcell_support/urdf/robotiq_2f_85_gripper.urdf.xacro
[1.012s] -- Up-to-date: /home/stan/workspace/ws_ur_hv/install/workcell_support/share/workcell_support/urdf/inc
[1.012s] -- Up-to-date: /home/stan/workspace/ws_ur_hv/install/workcell_support/share/workcell_support/urdf/inc/ur_common.xacro
[1.012s] -- Up-to-date: /home/stan/workspace/ws_ur_hv/install/workcell_support/share/workcell_support/urdf/inc/ur_transmissions.xacro
[1.012s] -- Up-to-date: /home/stan/workspace/ws_ur_hv/install/workcell_support/share/workcell_support/urdf/ur_macro.xacro
[1.012s] -- Up-to-date: /home/stan/workspace/ws_ur_hv/install/workcell_support/share/workcell_support/launch
[1.012s] -- Up-to-date: /home/stan/workspace/ws_ur_hv/install/workcell_support/share/workcell_support/launch/workcell.launch.py
[1.012s] -- Up-to-date: /home/stan/workspace/ws_ur_hv/install/workcell_support/share/workcell_support/launch/urdf.launch.py
[1.012s] -- Up-to-date: /home/stan/workspace/ws_ur_hv/install/workcell_support/share/ament_index/resource_index/package_run_dependencies/workcell_support
[1.012s] -- Up-to-date: /home/stan/workspace/ws_ur_hv/install/workcell_support/share/ament_index/resource_index/parent_prefix_path/workcell_support
[1.012s] -- Up-to-date: /home/stan/workspace/ws_ur_hv/install/workcell_support/share/workcell_support/environment/ament_prefix_path.sh
[1.012s] -- Installing: /home/stan/workspace/ws_ur_hv/install/workcell_support/share/workcell_support/environment/ament_prefix_path.dsv
[1.012s] -- Up-to-date: /home/stan/workspace/ws_ur_hv/install/workcell_support/share/workcell_support/environment/path.sh
[1.013s] -- Installing: /home/stan/workspace/ws_ur_hv/install/workcell_support/share/workcell_support/environment/path.dsv
[1.013s] -- Up-to-date: /home/stan/workspace/ws_ur_hv/install/workcell_support/share/workcell_support/local_setup.bash
[1.013s] -- Up-to-date: /home/stan/workspace/ws_ur_hv/install/workcell_support/share/workcell_support/local_setup.sh
[1.013s] -- Up-to-date: /home/stan/workspace/ws_ur_hv/install/workcell_support/share/workcell_support/local_setup.zsh
[1.013s] -- Installing: /home/stan/workspace/ws_ur_hv/install/workcell_support/share/workcell_support/local_setup.dsv
[1.013s] -- Installing: /home/stan/workspace/ws_ur_hv/install/workcell_support/share/workcell_support/package.dsv
[1.013s] -- Up-to-date: /home/stan/workspace/ws_ur_hv/install/workcell_support/share/ament_index/resource_index/packages/workcell_support
[1.013s] -- Up-to-date: /home/stan/workspace/ws_ur_hv/install/workcell_support/share/workcell_support/cmake/workcell_supportConfig.cmake
[1.013s] -- Up-to-date: /home/stan/workspace/ws_ur_hv/install/workcell_support/share/workcell_support/cmake/workcell_supportConfig-version.cmake
[1.013s] -- Up-to-date: /home/stan/workspace/ws_ur_hv/install/workcell_support/share/workcell_support/package.xml
[1.022s] Invoked command in '/home/stan/workspace/ws_ur_hv/build/workcell_support' returned '0': AMENT_PREFIX_PATH=/home/stan/workspace/ws_ur_hv/install/workcell_core:/home/stan/workspace/ws_ur_hv/install/fake_ar_publisher:${AMENT_PREFIX_PATH} CMAKE_PREFIX_PATH=/home/stan/workspace/ws_ur_hv/install/workcell_core:/home/stan/workspace/ws_ur_hv/install/fake_ar_publisher:/opt/ros/humble LD_LIBRARY_PATH=/home/stan/workspace/ws_ur_hv/install/workcell_core/lib:/home/stan/workspace/ws_ur_hv/install/fake_ar_publisher/lib:${LD_LIBRARY_PATH} PYTHONPATH=/home/stan/workspace/ws_ur_hv/install/workcell_core/local/lib/python3.10/dist-packages:/home/stan/workspace/ws_ur_hv/install/fake_ar_publisher/local/lib/python3.10/dist-packages:${PYTHONPATH} /home/stan/.local/bin/cmake --install /home/stan/workspace/ws_ur_hv/build/workcell_support
