[0.018s] Invoking command in '/home/stan/workspace/ws_ur_hv/build/ur_calibration': CMAKE_PREFIX_PATH=/home/stan/workspace/ws_ur_hv/install/ur_robot_driver:/home/stan/workspace/ws_ur_hv/install/ur_controllers:/home/stan/workspace/ws_ur_hv/install/ur_description:/home/stan/workspace/ws_ur_hv/install/ur_dashboard_msgs:/home/stan/workspace/ws_ur_hv/install/ur:/home/stan/workspace/ws_ur_hv/install/ur_calibration:/home/stan/workspace/ws_ur_hv/install/hello_moveit_ur:/home/stan/workspace/ws_ur_hv/install/ur_moveit_config:/home/stan/workspace/ws_ur_hv/install/ur_bringup:/opt/ros/humble /home/stan/.local/bin/cmake --build /home/stan/workspace/ws_ur_hv/build/ur_calibration -- -j12 -l12
[0.082s] [ 16%] Built target gmock_main
[0.084s] [ 41%] Built target gmock
[0.094s] [ 66%] Built target calibration
[0.114s] [ 83%] Built target calibration_test
[0.115s] [100%] Built target calibration_correction
[0.123s] Invoked command in '/home/stan/workspace/ws_ur_hv/build/ur_calibration' returned '0': CMAKE_PREFIX_PATH=/home/stan/workspace/ws_ur_hv/install/ur_robot_driver:/home/stan/workspace/ws_ur_hv/install/ur_controllers:/home/stan/workspace/ws_ur_hv/install/ur_description:/home/stan/workspace/ws_ur_hv/install/ur_dashboard_msgs:/home/stan/workspace/ws_ur_hv/install/ur:/home/stan/workspace/ws_ur_hv/install/ur_calibration:/home/stan/workspace/ws_ur_hv/install/hello_moveit_ur:/home/stan/workspace/ws_ur_hv/install/ur_moveit_config:/home/stan/workspace/ws_ur_hv/install/ur_bringup:/opt/ros/humble /home/stan/.local/bin/cmake --build /home/stan/workspace/ws_ur_hv/build/ur_calibration -- -j12 -l12
[0.180s] Invoking command in '/home/stan/workspace/ws_ur_hv/build/ur_calibration': CMAKE_PREFIX_PATH=/home/stan/workspace/ws_ur_hv/install/ur_robot_driver:/home/stan/workspace/ws_ur_hv/install/ur_controllers:/home/stan/workspace/ws_ur_hv/install/ur_description:/home/stan/workspace/ws_ur_hv/install/ur_dashboard_msgs:/home/stan/workspace/ws_ur_hv/install/ur:/home/stan/workspace/ws_ur_hv/install/ur_calibration:/home/stan/workspace/ws_ur_hv/install/hello_moveit_ur:/home/stan/workspace/ws_ur_hv/install/ur_moveit_config:/home/stan/workspace/ws_ur_hv/install/ur_bringup:/opt/ros/humble /home/stan/.local/bin/cmake --install /home/stan/workspace/ws_ur_hv/build/ur_calibration
[0.207s] -- Install configuration: "Release"
[0.207s] -- Up-to-date: /home/stan/workspace/ws_ur_hv/install/ur_calibration/lib/ur_calibration/calibration_correction
[0.207s] -- Up-to-date: /home/stan/workspace/ws_ur_hv/install/ur_calibration/include
[0.207s] -- Up-to-date: /home/stan/workspace/ws_ur_hv/install/ur_calibration/include/ur_calibration
[0.207s] -- Up-to-date: /home/stan/workspace/ws_ur_hv/install/ur_calibration/include/ur_calibration/calibration_consumer.hpp
[0.207s] -- Up-to-date: /home/stan/workspace/ws_ur_hv/install/ur_calibration/include/ur_calibration/calibration.hpp
[0.208s] -- Up-to-date: /home/stan/workspace/ws_ur_hv/install/ur_calibration/share/ur_calibration/launch
[0.208s] -- Up-to-date: /home/stan/workspace/ws_ur_hv/install/ur_calibration/share/ur_calibration/launch/calibration_correction.launch.py
[0.208s] -- Up-to-date: /home/stan/workspace/ws_ur_hv/install/ur_calibration/share/ament_index/resource_index/package_run_dependencies/ur_calibration
[0.208s] -- Up-to-date: /home/stan/workspace/ws_ur_hv/install/ur_calibration/share/ament_index/resource_index/parent_prefix_path/ur_calibration
[0.208s] -- Up-to-date: /home/stan/workspace/ws_ur_hv/install/ur_calibration/share/ur_calibration/environment/ament_prefix_path.sh
[0.208s] -- Up-to-date: /home/stan/workspace/ws_ur_hv/install/ur_calibration/share/ur_calibration/environment/ament_prefix_path.dsv
[0.208s] -- Up-to-date: /home/stan/workspace/ws_ur_hv/install/ur_calibration/share/ur_calibration/environment/path.sh
[0.208s] -- Up-to-date: /home/stan/workspace/ws_ur_hv/install/ur_calibration/share/ur_calibration/environment/path.dsv
[0.208s] -- Up-to-date: /home/stan/workspace/ws_ur_hv/install/ur_calibration/share/ur_calibration/local_setup.bash
[0.208s] -- Up-to-date: /home/stan/workspace/ws_ur_hv/install/ur_calibration/share/ur_calibration/local_setup.sh
[0.208s] -- Up-to-date: /home/stan/workspace/ws_ur_hv/install/ur_calibration/share/ur_calibration/local_setup.zsh
[0.208s] -- Up-to-date: /home/stan/workspace/ws_ur_hv/install/ur_calibration/share/ur_calibration/local_setup.dsv
[0.209s] -- Installing: /home/stan/workspace/ws_ur_hv/install/ur_calibration/share/ur_calibration/package.dsv
[0.209s] -- Up-to-date: /home/stan/workspace/ws_ur_hv/install/ur_calibration/share/ament_index/resource_index/packages/ur_calibration
[0.209s] -- Up-to-date: /home/stan/workspace/ws_ur_hv/install/ur_calibration/share/ur_calibration/cmake/ament_cmake_export_include_directories-extras.cmake
[0.209s] -- Up-to-date: /home/stan/workspace/ws_ur_hv/install/ur_calibration/share/ur_calibration/cmake/ament_cmake_export_dependencies-extras.cmake
[0.209s] -- Up-to-date: /home/stan/workspace/ws_ur_hv/install/ur_calibration/share/ur_calibration/cmake/ur_calibrationConfig.cmake
[0.209s] -- Up-to-date: /home/stan/workspace/ws_ur_hv/install/ur_calibration/share/ur_calibration/cmake/ur_calibrationConfig-version.cmake
[0.209s] -- Up-to-date: /home/stan/workspace/ws_ur_hv/install/ur_calibration/share/ur_calibration/package.xml
[0.215s] Invoked command in '/home/stan/workspace/ws_ur_hv/build/ur_calibration' returned '0': CMAKE_PREFIX_PATH=/home/stan/workspace/ws_ur_hv/install/ur_robot_driver:/home/stan/workspace/ws_ur_hv/install/ur_controllers:/home/stan/workspace/ws_ur_hv/install/ur_description:/home/stan/workspace/ws_ur_hv/install/ur_dashboard_msgs:/home/stan/workspace/ws_ur_hv/install/ur:/home/stan/workspace/ws_ur_hv/install/ur_calibration:/home/stan/workspace/ws_ur_hv/install/hello_moveit_ur:/home/stan/workspace/ws_ur_hv/install/ur_moveit_config:/home/stan/workspace/ws_ur_hv/install/ur_bringup:/opt/ros/humble /home/stan/.local/bin/cmake --install /home/stan/workspace/ws_ur_hv/build/ur_calibration
