[0.033s] Invoking command in '/home/stan/workspace/ws_ur_hv/build/serial': CMAKE_PREFIX_PATH=/opt/ros/humble /home/stan/.local/bin/cmake /home/stan/workspace/ws_ur_hv/src/serial -DCMAKE_INSTALL_PREFIX=/home/stan/workspace/ws_ur_hv/install/serial
[0.099s] -- Found ament_cmake: 1.3.5 (/opt/ros/humble/share/ament_cmake/cmake)
[0.314s] -- Configuring done (0.2s)
[0.325s] -- Generating done (0.0s)
[0.326s] -- Build files have been written to: /home/stan/workspace/ws_ur_hv/build/serial
[0.334s] Invoked command in '/home/stan/workspace/ws_ur_hv/build/serial' returned '0': CMAKE_PREFIX_PATH=/opt/ros/humble /home/stan/.local/bin/cmake /home/stan/workspace/ws_ur_hv/src/serial -DCMAKE_INSTALL_PREFIX=/home/stan/workspace/ws_ur_hv/install/serial
[0.336s] Invoking command in '/home/stan/workspace/ws_ur_hv/build/serial': CMAKE_PREFIX_PATH=/opt/ros/humble /home/stan/.local/bin/cmake --build /home/stan/workspace/ws_ur_hv/build/serial -- -j12 -l12
[0.393s] [100%] Built target serial
[0.402s] Invoked command in '/home/stan/workspace/ws_ur_hv/build/serial' returned '0': CMAKE_PREFIX_PATH=/opt/ros/humble /home/stan/.local/bin/cmake --build /home/stan/workspace/ws_ur_hv/build/serial -- -j12 -l12
[0.469s] Invoking command in '/home/stan/workspace/ws_ur_hv/build/serial': CMAKE_PREFIX_PATH=/opt/ros/humble /home/stan/.local/bin/cmake --install /home/stan/workspace/ws_ur_hv/build/serial
[0.495s] -- Install configuration: "Release"
[0.496s] -- Up-to-date: /home/stan/workspace/ws_ur_hv/install/serial/lib/libserial.a
[0.496s] -- Up-to-date: /home/stan/workspace/ws_ur_hv/install/serial/include
[0.496s] -- Up-to-date: /home/stan/workspace/ws_ur_hv/install/serial/include/serial
[0.496s] -- Up-to-date: /home/stan/workspace/ws_ur_hv/install/serial/include/serial/serial.h
[0.496s] -- Up-to-date: /home/stan/workspace/ws_ur_hv/install/serial/include/serial/impl
[0.497s] -- Up-to-date: /home/stan/workspace/ws_ur_hv/install/serial/include/serial/impl/win.h
[0.497s] -- Up-to-date: /home/stan/workspace/ws_ur_hv/install/serial/include/serial/impl/unix.h
[0.497s] -- Up-to-date: /home/stan/workspace/ws_ur_hv/install/serial/include/serial/v8stdint.h
[0.497s] -- Up-to-date: /home/stan/workspace/ws_ur_hv/install/serial/share/serial/environment/library_path.sh
[0.497s] -- Installing: /home/stan/workspace/ws_ur_hv/install/serial/share/serial/environment/library_path.dsv
[0.498s] -- Up-to-date: /home/stan/workspace/ws_ur_hv/install/serial/share/ament_index/resource_index/package_run_dependencies/serial
[0.498s] -- Installing: /home/stan/workspace/ws_ur_hv/install/serial/share/ament_index/resource_index/parent_prefix_path/serial
[0.498s] -- Up-to-date: /home/stan/workspace/ws_ur_hv/install/serial/share/serial/environment/ament_prefix_path.sh
[0.498s] -- Installing: /home/stan/workspace/ws_ur_hv/install/serial/share/serial/environment/ament_prefix_path.dsv
[0.498s] -- Up-to-date: /home/stan/workspace/ws_ur_hv/install/serial/share/serial/environment/path.sh
[0.498s] -- Installing: /home/stan/workspace/ws_ur_hv/install/serial/share/serial/environment/path.dsv
[0.499s] -- Up-to-date: /home/stan/workspace/ws_ur_hv/install/serial/share/serial/local_setup.bash
[0.499s] -- Up-to-date: /home/stan/workspace/ws_ur_hv/install/serial/share/serial/local_setup.sh
[0.499s] -- Up-to-date: /home/stan/workspace/ws_ur_hv/install/serial/share/serial/local_setup.zsh
[0.499s] -- Installing: /home/stan/workspace/ws_ur_hv/install/serial/share/serial/local_setup.dsv
[0.499s] -- Installing: /home/stan/workspace/ws_ur_hv/install/serial/share/serial/package.dsv
[0.499s] -- Up-to-date: /home/stan/workspace/ws_ur_hv/install/serial/share/ament_index/resource_index/packages/serial
[0.500s] -- Up-to-date: /home/stan/workspace/ws_ur_hv/install/serial/share/serial/cmake/export_serialExport.cmake
[0.500s] -- Up-to-date: /home/stan/workspace/ws_ur_hv/install/serial/share/serial/cmake/export_serialExport-release.cmake
[0.500s] -- Up-to-date: /home/stan/workspace/ws_ur_hv/install/serial/share/serial/cmake/ament_cmake_export_include_directories-extras.cmake
[0.500s] -- Up-to-date: /home/stan/workspace/ws_ur_hv/install/serial/share/serial/cmake/ament_cmake_export_libraries-extras.cmake
[0.500s] -- Up-to-date: /home/stan/workspace/ws_ur_hv/install/serial/share/serial/cmake/ament_cmake_export_targets-extras.cmake
[0.500s] -- Up-to-date: /home/stan/workspace/ws_ur_hv/install/serial/share/serial/cmake/serialConfig.cmake
[0.500s] -- Up-to-date: /home/stan/workspace/ws_ur_hv/install/serial/share/serial/cmake/serialConfig-version.cmake
[0.500s] -- Up-to-date: /home/stan/workspace/ws_ur_hv/install/serial/share/serial/package.xml
[0.514s] Invoked command in '/home/stan/workspace/ws_ur_hv/build/serial' returned '0': CMAKE_PREFIX_PATH=/opt/ros/humble /home/stan/.local/bin/cmake --install /home/stan/workspace/ws_ur_hv/build/serial
