[0.015s] Invoking command in '/home/stan/workspace/ws_ur_hv/build/ur_robot_driver': CMAKE_PREFIX_PATH=/home/stan/workspace/ws_ur_hv/install/ur_controllers:/home/stan/workspace/ws_ur_hv/install/ur_description:/home/stan/workspace/ws_ur_hv/install/ur_dashboard_msgs:/home/stan/workspace/ws_ur_hv/install/ur:/home/stan/workspace/ws_ur_hv/install/ur_calibration:/home/stan/workspace/ws_ur_hv/install/hello_moveit_ur:/home/stan/workspace/ws_ur_hv/install/ur_robot_driver:/home/stan/workspace/ws_ur_hv/install/ur_moveit_config:/home/stan/workspace/ws_ur_hv/install/ur_bringup:/opt/ros/humble LD_LIBRARY_PATH=/home/stan/workspace/ws_ur_hv/install/ur_controllers/lib:/home/stan/workspace/ws_ur_hv/install/ur_dashboard_msgs/lib:/home/stan/workspace/ws_ur_hv/install/ur_robot_driver/lib:/usr/lib/x86_64-linux-gnu/gazebo-11/plugins:/opt/ros/humble/opt/rviz_ogre_vendor/lib:/opt/ros/humble/lib/x86_64-linux-gnu:/opt/ros/humble/lib /home/stan/.local/bin/cmake --build /home/stan/workspace/ws_ur_hv/build/ur_robot_driver -- -j12 -l12
[0.072s] [  0%] Built target ament_cmake_python_copy_ur_robot_driver
[0.081s] [ 15%] Built target ur_ros2_control_node
[0.082s] [ 38%] Built target controller_stopper_node
[0.086s] [ 69%] Built target dashboard_client
[0.087s] [100%] Built target ur_robot_driver_plugin
[0.348s] running egg_info
[0.348s] writing ur_robot_driver.egg-info/PKG-INFO
[0.349s] writing dependency_links to ur_robot_driver.egg-info/dependency_links.txt
[0.349s] writing top-level names to ur_robot_driver.egg-info/top_level.txt
[0.351s] reading manifest file 'ur_robot_driver.egg-info/SOURCES.txt'
[0.352s] writing manifest file 'ur_robot_driver.egg-info/SOURCES.txt'
[0.372s] [100%] Built target ament_cmake_python_build_ur_robot_driver_egg
[0.383s] Invoked command in '/home/stan/workspace/ws_ur_hv/build/ur_robot_driver' returned '0': CMAKE_PREFIX_PATH=/home/stan/workspace/ws_ur_hv/install/ur_controllers:/home/stan/workspace/ws_ur_hv/install/ur_description:/home/stan/workspace/ws_ur_hv/install/ur_dashboard_msgs:/home/stan/workspace/ws_ur_hv/install/ur:/home/stan/workspace/ws_ur_hv/install/ur_calibration:/home/stan/workspace/ws_ur_hv/install/hello_moveit_ur:/home/stan/workspace/ws_ur_hv/install/ur_robot_driver:/home/stan/workspace/ws_ur_hv/install/ur_moveit_config:/home/stan/workspace/ws_ur_hv/install/ur_bringup:/opt/ros/humble LD_LIBRARY_PATH=/home/stan/workspace/ws_ur_hv/install/ur_controllers/lib:/home/stan/workspace/ws_ur_hv/install/ur_dashboard_msgs/lib:/home/stan/workspace/ws_ur_hv/install/ur_robot_driver/lib:/usr/lib/x86_64-linux-gnu/gazebo-11/plugins:/opt/ros/humble/opt/rviz_ogre_vendor/lib:/opt/ros/humble/lib/x86_64-linux-gnu:/opt/ros/humble/lib /home/stan/.local/bin/cmake --build /home/stan/workspace/ws_ur_hv/build/ur_robot_driver -- -j12 -l12
[0.457s] Invoking command in '/home/stan/workspace/ws_ur_hv/build/ur_robot_driver': CMAKE_PREFIX_PATH=/home/stan/workspace/ws_ur_hv/install/ur_controllers:/home/stan/workspace/ws_ur_hv/install/ur_description:/home/stan/workspace/ws_ur_hv/install/ur_dashboard_msgs:/home/stan/workspace/ws_ur_hv/install/ur:/home/stan/workspace/ws_ur_hv/install/ur_calibration:/home/stan/workspace/ws_ur_hv/install/hello_moveit_ur:/home/stan/workspace/ws_ur_hv/install/ur_robot_driver:/home/stan/workspace/ws_ur_hv/install/ur_moveit_config:/home/stan/workspace/ws_ur_hv/install/ur_bringup:/opt/ros/humble LD_LIBRARY_PATH=/home/stan/workspace/ws_ur_hv/install/ur_controllers/lib:/home/stan/workspace/ws_ur_hv/install/ur_dashboard_msgs/lib:/home/stan/workspace/ws_ur_hv/install/ur_robot_driver/lib:/usr/lib/x86_64-linux-gnu/gazebo-11/plugins:/opt/ros/humble/opt/rviz_ogre_vendor/lib:/opt/ros/humble/lib/x86_64-linux-gnu:/opt/ros/humble/lib /home/stan/.local/bin/cmake --install /home/stan/workspace/ws_ur_hv/build/ur_robot_driver
[0.487s] -- Install configuration: "Release"
[0.488s] -- Up-to-date: /home/stan/workspace/ws_ur_hv/install/ur_robot_driver/share/ur_robot_driver/hardware_interface_plugin.xml
[0.488s] -- Up-to-date: /home/stan/workspace/ws_ur_hv/install/ur_robot_driver/lib/ur_robot_driver/dashboard_client
[0.488s] -- Up-to-date: /home/stan/workspace/ws_ur_hv/install/ur_robot_driver/lib/ur_robot_driver/ur_ros2_control_node
[0.488s] -- Up-to-date: /home/stan/workspace/ws_ur_hv/install/ur_robot_driver/lib/ur_robot_driver/controller_stopper_node
[0.489s] -- Up-to-date: /home/stan/workspace/ws_ur_hv/install/ur_robot_driver/lib/libur_robot_driver_plugin.so
[0.489s] -- Up-to-date: /home/stan/workspace/ws_ur_hv/install/ur_robot_driver/include
[0.489s] -- Up-to-date: /home/stan/workspace/ws_ur_hv/install/ur_robot_driver/include/ur_robot_driver
[0.489s] -- Up-to-date: /home/stan/workspace/ws_ur_hv/install/ur_robot_driver/include/ur_robot_driver/hardware_interface.hpp
[0.490s] -- Up-to-date: /home/stan/workspace/ws_ur_hv/install/ur_robot_driver/include/ur_robot_driver/controller_stopper.hpp
[0.490s] -- Up-to-date: /home/stan/workspace/ws_ur_hv/install/ur_robot_driver/include/ur_robot_driver/urcl_log_handler.hpp
[0.490s] -- Up-to-date: /home/stan/workspace/ws_ur_hv/install/ur_robot_driver/include/ur_robot_driver/dashboard_client_ros.hpp
[0.490s] -- Up-to-date: /home/stan/workspace/ws_ur_hv/install/ur_robot_driver/share/ur_robot_driver/environment/library_path.sh
[0.490s] -- Up-to-date: /home/stan/workspace/ws_ur_hv/install/ur_robot_driver/share/ur_robot_driver/environment/library_path.dsv
[0.490s] -- Up-to-date: /home/stan/workspace/ws_ur_hv/install/ur_robot_driver/share/ur_robot_driver/resources
[0.490s] -- Up-to-date: /home/stan/workspace/ws_ur_hv/install/ur_robot_driver/share/ur_robot_driver/resources/rtde_output_recipe.txt
[0.490s] -- Up-to-date: /home/stan/workspace/ws_ur_hv/install/ur_robot_driver/share/ur_robot_driver/resources/rtde_input_recipe.txt
[0.490s] -- Up-to-date: /home/stan/workspace/ws_ur_hv/install/ur_robot_driver/share/ur_robot_driver/resources/rs485-1.0.urcap
[0.490s] -- Up-to-date: /home/stan/workspace/ws_ur_hv/install/ur_robot_driver/share/ur_robot_driver/resources/externalcontrol-1.0.5.urcap
[0.490s] -- Up-to-date: /home/stan/workspace/ws_ur_hv/install/ur_robot_driver/share/ur_robot_driver/resources/ros_control.urscript
[0.491s] -- Up-to-date: /home/stan/workspace/ws_ur_hv/install/ur_robot_driver/include
[0.491s] -- Up-to-date: /home/stan/workspace/ws_ur_hv/install/ur_robot_driver/include/ur_robot_driver
[0.491s] -- Up-to-date: /home/stan/workspace/ws_ur_hv/install/ur_robot_driver/include/ur_robot_driver/hardware_interface.hpp
[0.491s] -- Up-to-date: /home/stan/workspace/ws_ur_hv/install/ur_robot_driver/include/ur_robot_driver/controller_stopper.hpp
[0.491s] -- Up-to-date: /home/stan/workspace/ws_ur_hv/install/ur_robot_driver/include/ur_robot_driver/urcl_log_handler.hpp
[0.491s] -- Up-to-date: /home/stan/workspace/ws_ur_hv/install/ur_robot_driver/include/ur_robot_driver/dashboard_client_ros.hpp
[0.491s] -- Up-to-date: /home/stan/workspace/ws_ur_hv/install/ur_robot_driver/share/ur_robot_driver/environment/pythonpath.sh
[0.491s] -- Up-to-date: /home/stan/workspace/ws_ur_hv/install/ur_robot_driver/share/ur_robot_driver/environment/pythonpath.dsv
[0.491s] -- Up-to-date: /home/stan/workspace/ws_ur_hv/install/ur_robot_driver/local/lib/python3.10/dist-packages/ur_robot_driver-2.2.6-py3.10.egg-info
[0.491s] -- Installing: /home/stan/workspace/ws_ur_hv/install/ur_robot_driver/local/lib/python3.10/dist-packages/ur_robot_driver-2.2.6-py3.10.egg-info/PKG-INFO
[0.491s] -- Installing: /home/stan/workspace/ws_ur_hv/install/ur_robot_driver/local/lib/python3.10/dist-packages/ur_robot_driver-2.2.6-py3.10.egg-info/top_level.txt
[0.491s] -- Installing: /home/stan/workspace/ws_ur_hv/install/ur_robot_driver/local/lib/python3.10/dist-packages/ur_robot_driver-2.2.6-py3.10.egg-info/dependency_links.txt
[0.491s] -- Installing: /home/stan/workspace/ws_ur_hv/install/ur_robot_driver/local/lib/python3.10/dist-packages/ur_robot_driver-2.2.6-py3.10.egg-info/SOURCES.txt
[0.492s] -- Up-to-date: /home/stan/workspace/ws_ur_hv/install/ur_robot_driver/local/lib/python3.10/dist-packages/ur_robot_driver
[0.492s] -- Up-to-date: /home/stan/workspace/ws_ur_hv/install/ur_robot_driver/local/lib/python3.10/dist-packages/ur_robot_driver/__init__.py
[0.529s] Listing '/home/stan/workspace/ws_ur_hv/install/ur_robot_driver/local/lib/python3.10/dist-packages/ur_robot_driver'...
[0.533s] -- Up-to-date: /home/stan/workspace/ws_ur_hv/install/ur_robot_driver/lib/ur_robot_driver/tool_communication.py
[0.533s] -- Up-to-date: /home/stan/workspace/ws_ur_hv/install/ur_robot_driver/bin/wait_dashboard_server.sh
[0.533s] -- Up-to-date: /home/stan/workspace/ws_ur_hv/install/ur_robot_driver/lib/ur_robot_driver/start_ursim.sh
[0.533s] -- Up-to-date: /home/stan/workspace/ws_ur_hv/install/ur_robot_driver/share/ur_robot_driver/config
[0.533s] -- Up-to-date: /home/stan/workspace/ws_ur_hv/install/ur_robot_driver/share/ur_robot_driver/config/ur10_update_rate.yaml
[0.533s] -- Up-to-date: /home/stan/workspace/ws_ur_hv/install/ur_robot_driver/share/ur_robot_driver/config/ur3_update_rate.yaml
[0.533s] -- Up-to-date: /home/stan/workspace/ws_ur_hv/install/ur_robot_driver/share/ur_robot_driver/config/ur5e_update_rate.yaml
[0.533s] -- Up-to-date: /home/stan/workspace/ws_ur_hv/install/ur_robot_driver/share/ur_robot_driver/config/ur5_update_rate.yaml
[0.533s] -- Up-to-date: /home/stan/workspace/ws_ur_hv/install/ur_robot_driver/share/ur_robot_driver/config/ur3e_update_rate.yaml
[0.534s] -- Up-to-date: /home/stan/workspace/ws_ur_hv/install/ur_robot_driver/share/ur_robot_driver/config/ur16e_update_rate.yaml
[0.534s] -- Up-to-date: /home/stan/workspace/ws_ur_hv/install/ur_robot_driver/share/ur_robot_driver/config/test_goal_publishers_config.yaml
[0.534s] -- Up-to-date: /home/stan/workspace/ws_ur_hv/install/ur_robot_driver/share/ur_robot_driver/config/ur_controllers.yaml
[0.534s] -- Up-to-date: /home/stan/workspace/ws_ur_hv/install/ur_robot_driver/share/ur_robot_driver/config/test_velocity_goal_publishers_config.yaml
[0.534s] -- Up-to-date: /home/stan/workspace/ws_ur_hv/install/ur_robot_driver/share/ur_robot_driver/config/ur10e_update_rate.yaml
[0.534s] -- Up-to-date: /home/stan/workspace/ws_ur_hv/install/ur_robot_driver/share/ur_robot_driver/launch
[0.534s] -- Up-to-date: /home/stan/workspace/ws_ur_hv/install/ur_robot_driver/share/ur_robot_driver/launch/ur10e.launch.py
[0.534s] -- Up-to-date: /home/stan/workspace/ws_ur_hv/install/ur_robot_driver/share/ur_robot_driver/launch/ur3e.launch.py
[0.534s] -- Up-to-date: /home/stan/workspace/ws_ur_hv/install/ur_robot_driver/share/ur_robot_driver/launch/ur5.launch.py
[0.535s] -- Up-to-date: /home/stan/workspace/ws_ur_hv/install/ur_robot_driver/share/ur_robot_driver/launch/ur3.launch.py
[0.535s] -- Up-to-date: /home/stan/workspace/ws_ur_hv/install/ur_robot_driver/share/ur_robot_driver/launch/ur5e.launch.py
[0.535s] -- Up-to-date: /home/stan/workspace/ws_ur_hv/install/ur_robot_driver/share/ur_robot_driver/launch/ur10.launch.py
[0.535s] -- Up-to-date: /home/stan/workspace/ws_ur_hv/install/ur_robot_driver/share/ur_robot_driver/launch/test_scaled_joint_trajectory_controller.launch.py
[0.535s] -- Up-to-date: /home/stan/workspace/ws_ur_hv/install/ur_robot_driver/share/ur_robot_driver/launch/ur16e.launch.py
[0.535s] -- Up-to-date: /home/stan/workspace/ws_ur_hv/install/ur_robot_driver/share/ur_robot_driver/launch/ur_dashboard_client.launch.py
[0.535s] -- Up-to-date: /home/stan/workspace/ws_ur_hv/install/ur_robot_driver/share/ur_robot_driver/launch/test_forward_velocity_controller.launch.py
[0.535s] -- Up-to-date: /home/stan/workspace/ws_ur_hv/install/ur_robot_driver/share/ur_robot_driver/launch/ur_control.launch.py
[0.535s] -- Up-to-date: /home/stan/workspace/ws_ur_hv/install/ur_robot_driver/share/ur_robot_driver/launch/test_joint_trajectory_controller.launch.py
[0.535s] -- Up-to-date: /home/stan/workspace/ws_ur_hv/install/ur_robot_driver/share/ament_index/resource_index/package_run_dependencies/ur_robot_driver
[0.535s] -- Up-to-date: /home/stan/workspace/ws_ur_hv/install/ur_robot_driver/share/ament_index/resource_index/parent_prefix_path/ur_robot_driver
[0.536s] -- Up-to-date: /home/stan/workspace/ws_ur_hv/install/ur_robot_driver/share/ur_robot_driver/environment/ament_prefix_path.sh
[0.536s] -- Up-to-date: /home/stan/workspace/ws_ur_hv/install/ur_robot_driver/share/ur_robot_driver/environment/ament_prefix_path.dsv
[0.536s] -- Up-to-date: /home/stan/workspace/ws_ur_hv/install/ur_robot_driver/share/ur_robot_driver/environment/path.sh
[0.536s] -- Up-to-date: /home/stan/workspace/ws_ur_hv/install/ur_robot_driver/share/ur_robot_driver/environment/path.dsv
[0.536s] -- Up-to-date: /home/stan/workspace/ws_ur_hv/install/ur_robot_driver/share/ur_robot_driver/local_setup.bash
[0.536s] -- Up-to-date: /home/stan/workspace/ws_ur_hv/install/ur_robot_driver/share/ur_robot_driver/local_setup.sh
[0.536s] -- Up-to-date: /home/stan/workspace/ws_ur_hv/install/ur_robot_driver/share/ur_robot_driver/local_setup.zsh
[0.536s] -- Up-to-date: /home/stan/workspace/ws_ur_hv/install/ur_robot_driver/share/ur_robot_driver/local_setup.dsv
[0.536s] -- Installing: /home/stan/workspace/ws_ur_hv/install/ur_robot_driver/share/ur_robot_driver/package.dsv
[0.536s] -- Up-to-date: /home/stan/workspace/ws_ur_hv/install/ur_robot_driver/share/ament_index/resource_index/packages/ur_robot_driver
[0.536s] -- Up-to-date: /home/stan/workspace/ws_ur_hv/install/ur_robot_driver/share/ament_index/resource_index/hardware_interface__pluginlib__plugin/ur_robot_driver
[0.536s] -- Up-to-date: /home/stan/workspace/ws_ur_hv/install/ur_robot_driver/share/ur_robot_driver/cmake/ament_cmake_export_include_directories-extras.cmake
[0.536s] -- Up-to-date: /home/stan/workspace/ws_ur_hv/install/ur_robot_driver/share/ur_robot_driver/cmake/ament_cmake_export_libraries-extras.cmake
[0.536s] -- Up-to-date: /home/stan/workspace/ws_ur_hv/install/ur_robot_driver/share/ur_robot_driver/cmake/ament_cmake_export_dependencies-extras.cmake
[0.537s] -- Up-to-date: /home/stan/workspace/ws_ur_hv/install/ur_robot_driver/share/ur_robot_driver/cmake/ur_robot_driverConfig.cmake
[0.537s] -- Up-to-date: /home/stan/workspace/ws_ur_hv/install/ur_robot_driver/share/ur_robot_driver/cmake/ur_robot_driverConfig-version.cmake
[0.537s] -- Up-to-date: /home/stan/workspace/ws_ur_hv/install/ur_robot_driver/share/ur_robot_driver/package.xml
[0.546s] Invoked command in '/home/stan/workspace/ws_ur_hv/build/ur_robot_driver' returned '0': CMAKE_PREFIX_PATH=/home/stan/workspace/ws_ur_hv/install/ur_controllers:/home/stan/workspace/ws_ur_hv/install/ur_description:/home/stan/workspace/ws_ur_hv/install/ur_dashboard_msgs:/home/stan/workspace/ws_ur_hv/install/ur:/home/stan/workspace/ws_ur_hv/install/ur_calibration:/home/stan/workspace/ws_ur_hv/install/hello_moveit_ur:/home/stan/workspace/ws_ur_hv/install/ur_robot_driver:/home/stan/workspace/ws_ur_hv/install/ur_moveit_config:/home/stan/workspace/ws_ur_hv/install/ur_bringup:/opt/ros/humble LD_LIBRARY_PATH=/home/stan/workspace/ws_ur_hv/install/ur_controllers/lib:/home/stan/workspace/ws_ur_hv/install/ur_dashboard_msgs/lib:/home/stan/workspace/ws_ur_hv/install/ur_robot_driver/lib:/usr/lib/x86_64-linux-gnu/gazebo-11/plugins:/opt/ros/humble/opt/rviz_ogre_vendor/lib:/opt/ros/humble/lib/x86_64-linux-gnu:/opt/ros/humble/lib /home/stan/.local/bin/cmake --install /home/stan/workspace/ws_ur_hv/build/ur_robot_driver
