[0.044s] Invoking command in '/home/stan/workspace/ws_ur_hv/build/workcell_core': CMAKE_PREFIX_PATH=/opt/ros/humble /home/stan/.local/bin/cmake /home/stan/workspace/ws_ur_hv/src/workcell_core -DCMAKE_INSTALL_PREFIX=/home/stan/workspace/ws_ur_hv/install/workcell_core
[0.158s] -- The C compiler identification is GNU 11.3.0
[0.252s] -- The CXX compiler identification is GNU 11.3.0
[0.271s] -- Detecting C compiler ABI info
[0.403s] -- Detecting C compiler ABI info - done
[0.404s] -- Check for working C compiler: /usr/bin/cc - skipped
[0.404s] -- Detecting C compile features
[0.404s] -- Detecting C compile features - done
[0.405s] -- Detecting CXX compiler ABI info
[0.496s] -- Detecting CXX compiler ABI info - done
[0.526s] -- Check for working CXX compiler: /usr/bin/c++ - skipped
[0.526s] -- Detecting CXX compile features
[0.526s] -- Detecting CXX compile features - done
[0.527s] -- Found ament_cmake: 1.3.5 (/opt/ros/humble/share/ament_cmake/cmake)
[1.001s] -- Found Python3: /usr/bin/python3.10 (found version "3.10.6") found components: Interpreter 
[1.124s] -- Found rclcpp: 16.0.4 (/opt/ros/humble/share/rclcpp/cmake)
[1.214s] -- Found rosidl_generator_c: 3.1.4 (/opt/ros/humble/share/rosidl_generator_c/cmake)
[1.225s] -- Found rosidl_adapter: 3.1.4 (/opt/ros/humble/share/rosidl_adapter/cmake)
[1.241s] -- Found rosidl_generator_cpp: 3.1.4 (/opt/ros/humble/share/rosidl_generator_cpp/cmake)
[1.264s] -- Using all available rosidl_typesupport_c: rosidl_typesupport_fastrtps_c;rosidl_typesupport_introspection_c
[1.299s] -- Using all available rosidl_typesupport_cpp: rosidl_typesupport_fastrtps_cpp;rosidl_typesupport_introspection_cpp
[1.402s] -- Found rmw_implementation_cmake: 6.1.1 (/opt/ros/humble/share/rmw_implementation_cmake/cmake)
[1.405s] -- Found rmw_fastrtps_cpp: 6.2.2 (/opt/ros/humble/share/rmw_fastrtps_cpp/cmake)
[1.536s] -- Found OpenSSL: /usr/lib/x86_64-linux-gnu/libcrypto.so (found version "3.0.2")  
[1.573s] -- Found FastRTPS: /opt/ros/humble/include  
[1.638s] -- Using RMW implementation 'rmw_fastrtps_cpp' as default
[1.652s] -- Performing Test CMAKE_HAVE_LIBC_PTHREAD
[1.712s] -- Performing Test CMAKE_HAVE_LIBC_PTHREAD - Success
[1.716s] -- Found Threads: TRUE  
[2.122s] [31mCMake Error at CMakeLists.txt:11 (find_package):
[2.122s]   By not providing "Findfake_ar_publisher.cmake" in CMAKE_MODULE_PATH this
[2.122s]   project has asked CMake to find a package configuration file provided by
[2.122s]   "fake_ar_publisher", but CMake did not find one.
[2.122s] 
[2.122s]   Could not find a package configuration file provided by "fake_ar_publisher"
[2.122s]   with any of the following names:
[2.123s] 
[2.123s]     fake_ar_publisherConfig.cmake
[2.123s]     fake_ar_publisher-config.cmake
[2.123s] 
[2.123s]   Add the installation prefix of "fake_ar_publisher" to CMAKE_PREFIX_PATH or
[2.123s]   set "fake_ar_publisher_DIR" to a directory containing one of the above
[2.123s]   files.  If "fake_ar_publisher" provides a separate development package or
[2.123s]   SDK, be sure it has been installed.
[2.123s] 
[2.124s] [0m
[2.124s] -- Configuring incomplete, errors occurred!
[2.142s] Invoked command in '/home/stan/workspace/ws_ur_hv/build/workcell_core' returned '1': CMAKE_PREFIX_PATH=/opt/ros/humble /home/stan/.local/bin/cmake /home/stan/workspace/ws_ur_hv/src/workcell_core -DCMAKE_INSTALL_PREFIX=/home/stan/workspace/ws_ur_hv/install/workcell_core
