[0.030s] Invoking command in '/home/stan/workspace/ws_ur_hv/build/serial': CMAKE_PREFIX_PATH=/opt/ros/humble /home/stan/.local/bin/cmake --build /home/stan/workspace/ws_ur_hv/build/serial -- -j12 -l12
[0.090s] [100%] Built target serial
[0.103s] Invoked command in '/home/stan/workspace/ws_ur_hv/build/serial' returned '0': CMAKE_PREFIX_PATH=/opt/ros/humble /home/stan/.local/bin/cmake --build /home/stan/workspace/ws_ur_hv/build/serial -- -j12 -l12
[0.194s] Invoking command in '/home/stan/workspace/ws_ur_hv/build/serial': CMAKE_PREFIX_PATH=/opt/ros/humble /home/stan/.local/bin/cmake --install /home/stan/workspace/ws_ur_hv/build/serial
[0.254s] -- Install configuration: "Release"
[0.254s] -- Execute custom install script
[0.255s] -- Up-to-date symlink: /home/stan/workspace/ws_ur_hv/install/serial/include/serial/impl/unix.h
[0.256s] -- Up-to-date symlink: /home/stan/workspace/ws_ur_hv/install/serial/include/serial/impl/win.h
[0.259s] -- Up-to-date symlink: /home/stan/workspace/ws_ur_hv/install/serial/include/serial/serial.h
[0.259s] -- Up-to-date symlink: /home/stan/workspace/ws_ur_hv/install/serial/include/serial/v8stdint.h
[0.260s] -- Up-to-date symlink: /home/stan/workspace/ws_ur_hv/install/serial/share/serial/environment/library_path.sh
[0.260s] -- Up-to-date symlink: /home/stan/workspace/ws_ur_hv/install/serial/share/serial/environment/library_path.dsv
[0.260s] -- Up-to-date symlink: /home/stan/workspace/ws_ur_hv/install/serial/share/ament_index/resource_index/package_run_dependencies/serial
[0.261s] -- Up-to-date symlink: /home/stan/workspace/ws_ur_hv/install/serial/share/ament_index/resource_index/parent_prefix_path/serial
[0.261s] -- Up-to-date symlink: /home/stan/workspace/ws_ur_hv/install/serial/share/serial/environment/ament_prefix_path.sh
[0.262s] -- Up-to-date symlink: /home/stan/workspace/ws_ur_hv/install/serial/share/serial/environment/ament_prefix_path.dsv
[0.265s] -- Up-to-date symlink: /home/stan/workspace/ws_ur_hv/install/serial/share/serial/environment/path.sh
[0.265s] -- Up-to-date symlink: /home/stan/workspace/ws_ur_hv/install/serial/share/serial/environment/path.dsv
[0.265s] -- Up-to-date symlink: /home/stan/workspace/ws_ur_hv/install/serial/share/serial/local_setup.bash
[0.266s] -- Up-to-date symlink: /home/stan/workspace/ws_ur_hv/install/serial/share/serial/local_setup.sh
[0.266s] -- Up-to-date symlink: /home/stan/workspace/ws_ur_hv/install/serial/share/serial/local_setup.zsh
[0.266s] -- Up-to-date symlink: /home/stan/workspace/ws_ur_hv/install/serial/share/serial/local_setup.dsv
[0.267s] -- Up-to-date symlink: /home/stan/workspace/ws_ur_hv/install/serial/share/serial/package.dsv
[0.267s] -- Up-to-date symlink: /home/stan/workspace/ws_ur_hv/install/serial/share/ament_index/resource_index/packages/serial
[0.267s] -- Up-to-date symlink: /home/stan/workspace/ws_ur_hv/install/serial/share/serial/cmake/ament_cmake_export_include_directories-extras.cmake
[0.268s] -- Up-to-date symlink: /home/stan/workspace/ws_ur_hv/install/serial/share/serial/cmake/ament_cmake_export_libraries-extras.cmake
[0.268s] -- Up-to-date symlink: /home/stan/workspace/ws_ur_hv/install/serial/share/serial/cmake/ament_cmake_export_targets-extras.cmake
[0.268s] -- Up-to-date symlink: /home/stan/workspace/ws_ur_hv/install/serial/share/serial/cmake/serialConfig.cmake
[0.268s] -- Up-to-date symlink: /home/stan/workspace/ws_ur_hv/install/serial/share/serial/cmake/serialConfig-version.cmake
[0.269s] -- Up-to-date symlink: /home/stan/workspace/ws_ur_hv/install/serial/share/serial/package.xml
[0.269s] -- Up-to-date: /home/stan/workspace/ws_ur_hv/install/serial/lib/libserial.a
[0.269s] -- Up-to-date: /home/stan/workspace/ws_ur_hv/install/serial/share/serial/cmake/export_serialExport.cmake
[0.269s] -- Up-to-date: /home/stan/workspace/ws_ur_hv/install/serial/share/serial/cmake/export_serialExport-release.cmake
[0.281s] Invoked command in '/home/stan/workspace/ws_ur_hv/build/serial' returned '0': CMAKE_PREFIX_PATH=/opt/ros/humble /home/stan/.local/bin/cmake --install /home/stan/workspace/ws_ur_hv/build/serial
