-- Found ament_cmake: 1.3.5 (/opt/ros/humble/share/ament_cmake/cmake)
-- Found rclcpp: 16.0.4 (/opt/ros/humble/share/rclcpp/cmake)
-- Found rosidl_generator_c: 3.1.4 (/opt/ros/humble/share/rosidl_generator_c/cmake)
-- Found rosidl_adapter: 3.1.4 (/opt/ros/humble/share/rosidl_adapter/cmake)
-- Found rosidl_generator_cpp: 3.1.4 (/opt/ros/humble/share/rosidl_generator_cpp/cmake)
-- Using all available rosidl_typesupport_c: rosidl_typesupport_fastrtps_c;rosidl_typesupport_introspection_c
-- Using all available rosidl_typesupport_cpp: rosidl_typesupport_fastrtps_cpp;rosidl_typesupport_introspection_cpp
-- Found rmw_implementation_cmake: 6.1.1 (/opt/ros/humble/share/rmw_implementation_cmake/cmake)
-- Found rmw_fastrtps_cpp: 6.2.2 (/opt/ros/humble/share/rmw_fastrtps_cpp/cmake)
-- Using RMW implementation 'rmw_fastrtps_cpp' as default
-- Found tf2: 0.25.2 (/opt/ros/humble/share/tf2/cmake)
-- Found tf2_ros: 0.25.2 (/opt/ros/humble/share/tf2_ros/cmake)
-- Found tf2_geometry_msgs: 0.25.2 (/opt/ros/humble/share/tf2_geometry_msgs/cmake)
-- Found eigen3_cmake_module: 0.1.1 (/opt/ros/humble/share/eigen3_cmake_module/cmake)
-- Ensuring Eigen3 include directory is part of orocos-kdl CMake target
-- Found moveit_msgs: 2.2.1 (/opt/ros/humble/share/moveit_msgs/cmake)
-- Found moveit_ros_planning_interface: 2.5.4 (/opt/ros/humble/share/moveit_ros_planning_interface/cmake)
-- Found Boost: /usr/lib/x86_64-linux-gnu/cmake/Boost-1.74.0/BoostConfig.cmake (found version "1.74.0") found components: date_time filesystem program_options system thread 
-- Found Boost: /usr/lib/x86_64-linux-gnu/cmake/Boost-1.74.0/BoostConfig.cmake (found version "1.74.0") found components: chrono date_time filesystem iostreams program_options regex serialization system thread 
-- Found Boost: /usr/lib/x86_64-linux-gnu/cmake/Boost-1.74.0/BoostConfig.cmake (found version "1.74.0") found components: filesystem 
-- library: /usr/lib/x86_64-linux-gnu/libcurl.so
-- Found Boost: /usr/lib/x86_64-linux-gnu/cmake/Boost-1.74.0/BoostConfig.cmake (found version "1.74.0") found components: system filesystem date_time program_options thread chrono 
-- Found Boost: /usr/lib/x86_64-linux-gnu/cmake/Boost-1.74.0/BoostConfig.cmake (found version "1.74.0") found components: thread system filesystem regex date_time program_options 
-- Found Boost: /usr/lib/x86_64-linux-gnu/cmake/Boost-1.74.0/BoostConfig.cmake (found version "1.74.0") found components: system filesystem date_time program_options thread 
-- Found rosidl_default_generators: 1.2.0 (/opt/ros/humble/share/rosidl_default_generators/cmake)
-- Found ament_cmake_ros: 0.10.0 (/opt/ros/humble/share/ament_cmake_ros/cmake)
-- Using all available rosidl_typesupport_c: rosidl_typesupport_fastrtps_c;rosidl_typesupport_introspection_c
-- Using all available rosidl_typesupport_cpp: rosidl_typesupport_fastrtps_cpp;rosidl_typesupport_introspection_cpp
-- Found python_cmake_module: 0.10.0 (/opt/ros/humble/share/python_cmake_module/cmake)
-- Using PYTHON_EXECUTABLE: /usr/bin/python3
-- Using PYTHON_INCLUDE_DIRS: /usr/include/python3.10
-- Using PYTHON_LIBRARIES: /usr/lib/x86_64-linux-gnu/libpython3.10.so
-- Found ament_lint_auto: 0.12.6 (/opt/ros/humble/share/ament_lint_auto/cmake)
-- Added test 'cppcheck' to perform static code analysis on C / C++ code
-- Configured cppcheck include dirs: 
-- Configured cppcheck exclude dirs and/or files: 
-- Added test 'lint_cmake' to check CMake code style
-- Added test 'uncrustify' to check C / C++ code style
-- Configured uncrustify additional arguments: 
-- Added test 'xmllint' to check XML markup files
-- Configuring done (5.5s)
-- Generating done (0.1s)
-- Build files have been written to: /home/stan/workspace/ws_ur_hv/build/workcell_core
[  3%] [34m[1mGenerating C code for ROS interfaces[0m
[  6%] [34m[1mGenerating C++ code for ROS interfaces[0m
[  6%] Built target ament_cmake_python_copy_workcell_core
running egg_info
creating workcell_core.egg-info
writing workcell_core.egg-info/PKG-INFO
writing dependency_links to workcell_core.egg-info/dependency_links.txt
writing top-level names to workcell_core.egg-info/top_level.txt
writing manifest file 'workcell_core.egg-info/SOURCES.txt'
reading manifest file 'workcell_core.egg-info/SOURCES.txt'
writing manifest file 'workcell_core.egg-info/SOURCES.txt'
[  6%] Built target workcell_core__cpp
[  6%] Built target ament_cmake_python_build_workcell_core_egg
[ 12%] [34m[1mGenerating C++ introspection for ROS interfaces[0m
[ 12%] [34m[1mGenerating C++ type support dispatch for ROS interfaces[0m
[ 15%] [34m[1mGenerating C++ type support for eProsima Fast-RTPS[0m
[ 18%] [32mBuilding C object CMakeFiles/workcell_core__rosidl_generator_c.dir/rosidl_generator_c/workcell_core/srv/detail/localize_part__functions.c.o[0m
[ 21%] [32m[1mLinking C shared library libworkcell_core__rosidl_generator_c.so[0m
[ 21%] Built target workcell_core__rosidl_generator_c
[ 24%] [34m[1mGenerating C type support for eProsima Fast-RTPS[0m
[ 27%] [34m[1mGenerating C introspection for ROS interfaces[0m
[ 30%] [34m[1mGenerating C type support dispatch for ROS interfaces[0m
[ 33%] [32mBuilding CXX object CMakeFiles/workcell_core__rosidl_typesupport_introspection_cpp.dir/rosidl_typesupport_introspection_cpp/workcell_core/srv/detail/localize_part__type_support.cpp.o[0m
[ 36%] [32mBuilding CXX object CMakeFiles/workcell_core__rosidl_typesupport_fastrtps_cpp.dir/rosidl_typesupport_fastrtps_cpp/workcell_core/srv/detail/dds_fastrtps/localize_part__type_support.cpp.o[0m
[ 39%] [32mBuilding CXX object CMakeFiles/workcell_core__rosidl_typesupport_cpp.dir/rosidl_typesupport_cpp/workcell_core/srv/localize_part__type_support.cpp.o[0m
[ 42%] [32mBuilding CXX object CMakeFiles/workcell_core__rosidl_typesupport_fastrtps_c.dir/rosidl_typesupport_fastrtps_c/workcell_core/srv/detail/localize_part__type_support_c.cpp.o[0m
[ 45%] [32mBuilding CXX object CMakeFiles/workcell_core__rosidl_typesupport_c.dir/rosidl_typesupport_c/workcell_core/srv/localize_part__type_support.cpp.o[0m
[ 48%] [32m[1mLinking CXX shared library libworkcell_core__rosidl_typesupport_c.so[0m
[ 51%] [32mBuilding C object CMakeFiles/workcell_core__rosidl_typesupport_introspection_c.dir/rosidl_typesupport_introspection_c/workcell_core/srv/detail/localize_part__type_support.c.o[0m
[ 51%] Built target workcell_core__rosidl_typesupport_c
[ 54%] [32m[1mLinking C shared library libworkcell_core__rosidl_typesupport_introspection_c.so[0m
[ 54%] Built target workcell_core__rosidl_typesupport_introspection_c
[ 57%] [32m[1mLinking CXX shared library libworkcell_core__rosidl_typesupport_cpp.so[0m
[ 57%] Built target workcell_core__rosidl_typesupport_cpp
[ 60%] [32m[1mLinking CXX shared library libworkcell_core__rosidl_typesupport_introspection_cpp.so[0m
[ 63%] [32mBuilding CXX object CMakeFiles/vision_node.dir/src/vision_node.cpp.o[0m
[ 66%] [32m[1mLinking CXX executable vision_node[0m
[ 69%] [32m[1mLinking CXX shared library libworkcell_core__rosidl_typesupport_fastrtps_cpp.so[0m
[ 69%] Built target workcell_core__rosidl_typesupport_introspection_cpp
[ 72%] [32m[1mLinking CXX shared library libworkcell_core__rosidl_typesupport_fastrtps_c.so[0m
[ 72%] Built target workcell_core__rosidl_typesupport_fastrtps_cpp
[ 72%] Built target workcell_core__rosidl_typesupport_fastrtps_c
